<?xml version="1.0" encoding="UTF-8"?>
<coverage generated="1769504235545" clover="3.2.0">
  <project timestamp="1769504235545" name="All files">
    <metrics statements="1611" coveredstatements="1285" conditionals="1072" coveredconditionals="708" methods="142" coveredmethods="117" elements="2825" coveredelements="2110" complexity="0" loc="1611" ncloc="1611" packages="1" files="11" classes="11"/>
    <file name="calc.js" path="/Users/feivel/WebstormProjects/fp/src/calc.js">
      <metrics statements="292" coveredstatements="284" conditionals="259" coveredconditionals="212" methods="24" coveredmethods="24"/>
      <line num="7" count="105" type="stmt"/>
      <line num="11" count="5712" type="stmt"/>
      <line num="12" count="5712" type="cond" truecount="2" falsecount="0"/>
      <line num="16" count="21" type="cond" truecount="1" falsecount="1"/>
      <line num="17" count="0" type="stmt"/>
      <line num="18" count="0" type="stmt"/>
      <line num="20" count="21" type="stmt"/>
      <line num="24" count="65" type="stmt"/>
      <line num="28" count="159" type="stmt"/>
      <line num="31" count="2514" type="stmt"/>
      <line num="32" count="2514" type="stmt"/>
      <line num="34" count="159" type="stmt"/>
      <line num="35" count="159" type="stmt"/>
      <line num="36" count="159" type="stmt"/>
      <line num="37" count="159" type="stmt"/>
      <line num="39" count="159" type="stmt"/>
      <line num="40" count="785" type="stmt"/>
      <line num="41" count="785" type="stmt"/>
      <line num="42" count="785" type="cond" truecount="3" falsecount="1"/>
      <line num="43" count="785" type="stmt"/>
      <line num="44" count="785" type="stmt"/>
      <line num="45" count="785" type="stmt"/>
      <line num="46" count="785" type="stmt"/>
      <line num="48" count="159" type="cond" truecount="1" falsecount="1"/>
      <line num="49" count="159" type="stmt"/>
      <line num="56" count="159" type="stmt"/>
      <line num="57" count="159" type="stmt"/>
      <line num="59" count="159" type="stmt"/>
      <line num="60" count="944" type="cond" truecount="1" falsecount="1"/>
      <line num="61" count="944" type="stmt"/>
      <line num="62" count="944" type="stmt"/>
      <line num="66" count="1729" type="stmt"/>
      <line num="67" count="1729" type="stmt"/>
      <line num="69" count="944" type="cond" truecount="5" falsecount="0"/>
      <line num="70" count="785" type="stmt"/>
      <line num="74" count="159" type="cond" truecount="1" falsecount="1"/>
      <line num="77" count="159" type="stmt"/>
      <line num="78" count="159" type="stmt"/>
      <line num="79" count="159" type="cond" truecount="3" falsecount="1"/>
      <line num="80" count="0" type="stmt"/>
      <line num="83" count="159" type="stmt"/>
      <line num="90" count="159" type="stmt"/>
      <line num="91" count="159" type="cond" truecount="5" falsecount="1"/>
      <line num="92" count="0" type="stmt"/>
      <line num="95" count="159" type="stmt"/>
      <line num="96" count="159" type="stmt"/>
      <line num="97" count="159" type="cond" truecount="1" falsecount="1"/>
      <line num="98" count="159" type="cond" truecount="1" falsecount="1"/>
      <line num="99" count="159" type="cond" truecount="2" falsecount="0"/>
      <line num="101" count="159" type="stmt"/>
      <line num="116" count="21" type="stmt"/>
      <line num="117" count="21" type="stmt"/>
      <line num="118" count="21" type="stmt"/>
      <line num="119" count="21" type="stmt"/>
      <line num="121" count="21" type="stmt"/>
      <line num="122" count="21" type="stmt"/>
      <line num="123" count="483" type="cond" truecount="5" falsecount="0"/>
      <line num="124" count="149" type="stmt"/>
      <line num="128" count="21" type="stmt"/>
      <line num="129" count="149" type="stmt"/>
      <line num="130" count="149" type="cond" truecount="2" falsecount="0"/>
      <line num="132" count="123" type="stmt"/>
      <line num="133" count="123" type="cond" truecount="1" falsecount="1"/>
      <line num="135" count="123" type="stmt"/>
      <line num="136" count="673" type="stmt"/>
      <line num="137" count="673" type="cond" truecount="2" falsecount="0"/>
      <line num="139" count="659" type="stmt"/>
      <line num="140" count="659" type="cond" truecount="1" falsecount="1"/>
      <line num="143" count="659" type="cond" truecount="2" falsecount="0"/>
      <line num="146" count="673" type="cond" truecount="2" falsecount="0"/>
      <line num="148" count="225" type="stmt"/>
      <line num="149" count="225" type="cond" truecount="2" falsecount="0"/>
      <line num="151" count="673" type="cond" truecount="2" falsecount="0"/>
      <line num="152" count="26" type="stmt"/>
      <line num="153" count="26" type="stmt"/>
      <line num="154" count="26" type="stmt"/>
      <line num="159" count="21" type="stmt"/>
      <line num="167" count="21" type="stmt"/>
      <line num="168" count="21" type="stmt"/>
      <line num="170" count="21" type="stmt"/>
      <line num="171" count="483" type="cond" truecount="2" falsecount="0"/>
      <line num="173" count="457" type="stmt"/>
      <line num="174" count="457" type="cond" truecount="4" falsecount="0"/>
      <line num="175" count="26" type="stmt"/>
      <line num="176" count="26" type="stmt"/>
      <line num="177" count="26" type="stmt"/>
      <line num="178" count="26" type="stmt"/>
      <line num="180" count="431" type="stmt"/>
      <line num="181" count="431" type="stmt"/>
      <line num="185" count="21" type="stmt"/>
      <line num="189" count="28" type="stmt"/>
      <line num="190" count="28" type="stmt"/>
      <line num="191" count="28" type="cond" truecount="4" falsecount="0"/>
      <line num="192" count="24" type="stmt"/>
      <line num="201" count="14" type="stmt"/>
      <line num="202" count="14" type="stmt"/>
      <line num="203" count="14" type="stmt"/>
      <line num="204" count="14" type="stmt"/>
      <line num="205" count="14" type="stmt"/>
      <line num="207" count="14" type="cond" truecount="5" falsecount="1"/>
      <line num="208" count="14" type="cond" truecount="3" falsecount="1"/>
      <line num="210" count="14" type="stmt"/>
      <line num="212" count="14" type="stmt"/>
      <line num="213" count="14" type="cond" truecount="2" falsecount="0"/>
      <line num="214" count="14" type="stmt"/>
      <line num="215" count="14" type="cond" truecount="2" falsecount="0"/>
      <line num="217" count="14" type="stmt"/>
      <line num="218" count="14" type="cond" truecount="2" falsecount="0"/>
      <line num="219" count="14" type="stmt"/>
      <line num="220" count="14" type="cond" truecount="2" falsecount="0"/>
      <line num="222" count="14" type="stmt"/>
      <line num="231" count="997" type="stmt"/>
      <line num="232" count="997" type="stmt"/>
      <line num="233" count="997" type="stmt"/>
      <line num="234" count="997" type="stmt"/>
      <line num="235" count="997" type="stmt"/>
      <line num="237" count="997" type="cond" truecount="5" falsecount="1"/>
      <line num="239" count="997" type="cond" truecount="2" falsecount="0"/>
      <line num="240" count="73" type="cond" truecount="4" falsecount="0"/>
      <line num="242" count="67" type="cond" truecount="2" falsecount="0"/>
      <line num="243" count="65" type="cond" truecount="3" falsecount="1"/>
      <line num="245" count="65" type="stmt"/>
      <line num="252" count="21" type="stmt"/>
      <line num="253" count="21" type="stmt"/>
      <line num="256" count="101" type="stmt"/>
      <line num="257" count="101" type="stmt"/>
      <line num="260" count="101" type="cond" truecount="1" falsecount="1"/>
      <line num="261" count="101" type="stmt"/>
      <line num="262" count="101" type="stmt"/>
      <line num="263" count="101" type="cond" truecount="3" falsecount="1"/>
      <line num="264" count="101" type="stmt"/>
      <line num="265" count="101" type="stmt"/>
      <line num="266" count="101" type="stmt"/>
      <line num="270" count="126" type="stmt"/>
      <line num="271" count="126" type="stmt"/>
      <line num="272" count="126" type="stmt"/>
      <line num="274" count="126" type="cond" truecount="3" falsecount="1"/>
      <line num="276" count="126" type="stmt"/>
      <line num="278" count="126" type="stmt"/>
      <line num="279" count="507" type="stmt"/>
      <line num="282" count="507" type="cond" truecount="2" falsecount="0"/>
      <line num="283" count="30" type="stmt"/>
      <line num="284" count="30" type="cond" truecount="1" falsecount="1"/>
      <line num="285" count="30" type="stmt"/>
      <line num="287" count="30" type="cond" truecount="2" falsecount="0"/>
      <line num="288" count="17" type="cond" truecount="2" falsecount="2"/>
      <line num="289" count="17" type="cond" truecount="4" falsecount="0"/>
      <line num="290" count="13" type="cond" truecount="2" falsecount="0"/>
      <line num="294" count="506" type="cond" truecount="2" falsecount="0"/>
      <line num="295" count="490" type="cond" truecount="2" falsecount="0"/>
      <line num="296" count="35" type="stmt"/>
      <line num="297" count="35" type="cond" truecount="1" falsecount="1"/>
      <line num="298" count="35" type="stmt"/>
      <line num="300" count="35" type="cond" truecount="2" falsecount="0"/>
      <line num="301" count="24" type="cond" truecount="2" falsecount="2"/>
      <line num="302" count="24" type="cond" truecount="4" falsecount="0"/>
      <line num="303" count="23" type="cond" truecount="2" falsecount="0"/>
      <line num="308" count="124" type="cond" truecount="2" falsecount="0"/>
      <line num="309" count="22" type="stmt"/>
      <line num="313" count="24" type="stmt"/>
      <line num="315" count="24" type="cond" truecount="2" falsecount="0"/>
      <line num="316" count="24" type="cond" truecount="2" falsecount="0"/>
      <line num="318" count="24" type="stmt"/>
      <line num="319" count="24" type="cond" truecount="2" falsecount="0"/>
      <line num="320" count="12" type="stmt"/>
      <line num="321" count="12" type="stmt"/>
      <line num="322" count="20" type="stmt"/>
      <line num="323" count="20" type="cond" truecount="1" falsecount="1"/>
      <line num="327" count="24" type="stmt"/>
      <line num="334" count="77" type="stmt"/>
      <line num="339" count="23" type="stmt"/>
      <line num="340" count="23" type="cond" truecount="1" falsecount="1"/>
      <line num="341" count="0" type="stmt"/>
      <line num="344" count="23" type="stmt"/>
      <line num="345" count="23" type="stmt"/>
      <line num="346" count="23" type="cond" truecount="2" falsecount="0"/>
      <line num="348" count="23" type="cond" truecount="5" falsecount="0"/>
      <line num="349" count="2" type="stmt"/>
      <line num="353" count="21" type="stmt"/>
      <line num="354" count="23" type="stmt"/>
      <line num="355" count="23" type="stmt"/>
      <line num="358" count="23" type="stmt"/>
      <line num="359" count="23" type="cond" truecount="1" falsecount="1"/>
      <line num="362" count="21" type="stmt"/>
      <line num="363" count="21" type="cond" truecount="1" falsecount="1"/>
      <line num="365" count="21" type="cond" truecount="2" falsecount="0"/>
      <line num="366" count="23" type="stmt"/>
      <line num="368" count="23" type="stmt"/>
      <line num="369" count="23" type="stmt"/>
      <line num="370" count="23" type="stmt"/>
      <line num="372" count="23" type="stmt"/>
      <line num="374" count="23" type="stmt"/>
      <line num="375" count="23" type="stmt"/>
      <line num="376" count="23" type="stmt"/>
      <line num="378" count="23" type="stmt"/>
      <line num="379" count="23" type="stmt"/>
      <line num="380" count="483" type="stmt"/>
      <line num="381" count="483" type="cond" truecount="2" falsecount="0"/>
      <line num="382" count="159" type="stmt"/>
      <line num="386" count="21" type="stmt"/>
      <line num="387" count="21" type="stmt"/>
      <line num="389" count="21" type="stmt"/>
      <line num="391" count="21" type="stmt"/>
      <line num="392" count="483" type="stmt"/>
      <line num="393" count="483" type="stmt"/>
      <line num="395" count="483" type="cond" truecount="2" falsecount="0"/>
      <line num="396" count="324" type="stmt"/>
      <line num="397" count="324" type="stmt"/>
      <line num="398" count="324" type="stmt"/>
      <line num="399" count="324" type="stmt"/>
      <line num="402" count="159" type="stmt"/>
      <line num="403" count="159" type="cond" truecount="1" falsecount="1"/>
      <line num="404" count="483" type="cond" truecount="1" falsecount="1"/>
      <line num="405" count="483" type="stmt"/>
      <line num="407" count="483" type="cond" truecount="1" falsecount="1"/>
      <line num="408" count="483" type="stmt"/>
      <line num="410" count="483" type="cond" truecount="5" falsecount="0"/>
      <line num="411" count="10" type="stmt"/>
      <line num="412" count="10" type="stmt"/>
      <line num="415" count="149" type="stmt"/>
      <line num="417" count="149" type="cond" truecount="4" falsecount="1"/>
      <line num="419" count="149" type="cond" truecount="1" falsecount="1"/>
      <line num="420" count="483" type="cond" truecount="1" falsecount="1"/>
      <line num="421" count="483" type="cond" truecount="1" falsecount="3"/>
      <line num="422" count="483" type="cond" truecount="3" falsecount="0"/>
      <line num="424" count="483" type="stmt"/>
      <line num="425" count="483" type="cond" truecount="2" falsecount="0"/>
      <line num="427" count="483" type="stmt"/>
      <line num="428" count="483" type="stmt"/>
      <line num="430" count="483" type="cond" truecount="3" falsecount="1"/>
      <line num="431" count="0" type="stmt"/>
      <line num="432" count="0" type="stmt"/>
      <line num="433" count="0" type="stmt"/>
      <line num="436" count="149" type="cond" truecount="2" falsecount="0"/>
      <line num="437" count="26" type="stmt"/>
      <line num="438" count="26" type="cond" truecount="5" falsecount="0"/>
      <line num="439" count="23" type="stmt"/>
      <line num="440" count="23" type="cond" truecount="4" falsecount="1"/>
      <line num="441" count="23" type="stmt"/>
      <line num="442" count="23" type="stmt"/>
      <line num="450" count="23" type="stmt"/>
      <line num="455" count="126" type="stmt"/>
      <line num="462" count="483" type="cond" truecount="2" falsecount="0"/>
      <line num="463" count="24" type="stmt"/>
      <line num="464" count="24" type="stmt"/>
      <line num="472" count="24" type="stmt"/>
      <line num="475" count="102" type="stmt"/>
      <line num="477" count="102" type="cond" truecount="4" falsecount="0"/>
      <line num="478" count="23" type="stmt"/>
      <line num="479" count="23" type="stmt"/>
      <line num="480" count="23" type="stmt"/>
      <line num="481" count="79" type="cond" truecount="2" falsecount="0"/>
      <line num="482" count="12" type="stmt"/>
      <line num="483" count="12" type="stmt"/>
      <line num="484" count="12" type="stmt"/>
      <line num="485" count="12" type="cond" truecount="1" falsecount="1"/>
      <line num="486" count="67" type="cond" truecount="2" falsecount="0"/>
      <line num="487" count="2" type="stmt"/>
      <line num="488" count="2" type="stmt"/>
      <line num="489" count="4" type="stmt"/>
      <line num="490" count="4" type="cond" truecount="1" falsecount="1"/>
      <line num="493" count="65" type="stmt"/>
      <line num="494" count="65" type="cond" truecount="1" falsecount="1"/>
      <line num="495" count="65" type="stmt"/>
      <line num="496" count="65" type="stmt"/>
      <line num="497" count="65" type="stmt"/>
      <line num="498" count="65" type="stmt"/>
      <line num="499" count="65" type="cond" truecount="1" falsecount="1"/>
      <line num="503" count="102" type="stmt"/>
      <line num="507" count="21" type="cond" truecount="2" falsecount="0"/>
      <line num="512" count="23" type="stmt"/>
      <line num="513" count="23" type="stmt"/>
      <line num="514" count="23" type="stmt"/>
      <line num="517" count="23" type="stmt"/>
      <line num="518" count="23" type="stmt"/>
      <line num="520" count="23" type="stmt"/>
      <line num="521" count="23" type="stmt"/>
      <line num="523" count="23" type="stmt"/>
      <line num="524" count="23" type="stmt"/>
      <line num="525" count="23" type="cond" truecount="1" falsecount="1"/>
      <line num="528" count="23" type="cond" truecount="1" falsecount="1"/>
      <line num="529" count="23" type="stmt"/>
      <line num="532" count="23" type="stmt"/>
      <line num="533" count="23" type="cond" truecount="1" falsecount="1"/>
      <line num="536" count="23" type="stmt"/>
      <line num="537" count="23" type="stmt"/>
      <line num="538" count="23" type="stmt"/>
      <line num="541" count="23" type="cond" truecount="2" falsecount="0"/>
      <line num="542" count="23" type="cond" truecount="2" falsecount="0"/>
      <line num="544" count="23" type="stmt"/>
      <line num="545" count="23" type="cond" truecount="2" falsecount="0"/>
      <line num="547" count="23" type="stmt"/>
    </file>
    <file name="composite.js" path="/Users/feivel/WebstormProjects/fp/src/composite.js">
      <metrics statements="125" coveredstatements="118" conditionals="107" coveredconditionals="94" methods="13" coveredmethods="13"/>
      <line num="5" count="54" type="stmt"/>
      <line num="6" count="54" type="stmt"/>
      <line num="7" count="54" type="stmt"/>
      <line num="8" count="54" type="stmt"/>
      <line num="9" count="54" type="stmt"/>
      <line num="23" count="255" type="cond" truecount="2" falsecount="0"/>
      <line num="25" count="253" type="cond" truecount="5" falsecount="0"/>
      <line num="26" count="10" type="stmt"/>
      <line num="36" count="247" type="stmt"/>
      <line num="37" count="247" type="stmt"/>
      <line num="38" count="247" type="cond" truecount="4" falsecount="0"/>
      <line num="39" count="231" type="stmt"/>
      <line num="51" count="16" type="stmt"/>
      <line num="55" count="42" type="cond" truecount="4" falsecount="0"/>
      <line num="56" count="1" type="stmt"/>
      <line num="59" count="56" type="cond" truecount="2" falsecount="0"/>
      <line num="60" count="41" type="cond" truecount="2" falsecount="0"/>
      <line num="61" count="2" type="stmt"/>
      <line num="64" count="39" type="stmt"/>
      <line num="65" count="52" type="stmt"/>
      <line num="68" count="39" type="stmt"/>
      <line num="69" count="39" type="stmt"/>
      <line num="70" count="39" type="stmt"/>
      <line num="72" count="0" type="cond" truecount="0" falsecount="2"/>
      <line num="77" count="202" type="cond" truecount="4" falsecount="0"/>
      <line num="78" count="9" type="stmt"/>
      <line num="81" count="193" type="stmt"/>
      <line num="82" count="193" type="stmt"/>
      <line num="83" count="193" type="stmt"/>
      <line num="84" count="193" type="stmt"/>
      <line num="86" count="193" type="stmt"/>
      <line num="87" count="198" type="cond" truecount="4" falsecount="0"/>
      <line num="89" count="197" type="stmt"/>
      <line num="90" count="197" type="stmt"/>
      <line num="91" count="197" type="stmt"/>
      <line num="92" count="197" type="stmt"/>
      <line num="94" count="197" type="stmt"/>
      <line num="95" count="197" type="stmt"/>
      <line num="96" count="197" type="stmt"/>
      <line num="97" count="197" type="stmt"/>
      <line num="100" count="193" type="cond" truecount="1" falsecount="1"/>
      <line num="101" count="0" type="stmt"/>
      <line num="104" count="193" type="stmt"/>
      <line num="115" count="6" type="cond" truecount="4" falsecount="0"/>
      <line num="117" count="8" type="cond" truecount="2" falsecount="0"/>
      <line num="118" count="5" type="cond" truecount="2" falsecount="0"/>
      <line num="120" count="4" type="stmt"/>
      <line num="121" count="4" type="cond" truecount="3" falsecount="1"/>
      <line num="123" count="4" type="stmt"/>
      <line num="124" count="4" type="stmt"/>
      <line num="125" count="4" type="cond" truecount="1" falsecount="1"/>
      <line num="126" count="4" type="cond" truecount="1" falsecount="1"/>
      <line num="127" count="4" type="stmt"/>
      <line num="128" count="4" type="stmt"/>
      <line num="129" count="0" type="cond" truecount="0" falsecount="2"/>
      <line num="131" count="4" type="stmt"/>
      <line num="133" count="4" type="stmt"/>
      <line num="137" count="4" type="stmt"/>
      <line num="138" count="4" type="stmt"/>
      <line num="139" count="18" type="stmt"/>
      <line num="140" count="18" type="stmt"/>
      <line num="141" count="18" type="stmt"/>
      <line num="143" count="4" type="stmt"/>
      <line num="147" count="25" type="stmt"/>
      <line num="148" count="25" type="stmt"/>
      <line num="150" count="25" type="cond" truecount="4" falsecount="0"/>
      <line num="151" count="1" type="stmt"/>
      <line num="155" count="1" type="stmt"/>
      <line num="158" count="24" type="stmt"/>
      <line num="159" count="24" type="stmt"/>
      <line num="160" count="27" type="stmt"/>
      <line num="161" count="27" type="cond" truecount="2" falsecount="0"/>
      <line num="163" count="27" type="cond" truecount="2" falsecount="0"/>
      <line num="164" count="3" type="stmt"/>
      <line num="170" count="27" type="cond" truecount="2" falsecount="0"/>
      <line num="171" count="2" type="stmt"/>
      <line num="177" count="27" type="cond" truecount="4" falsecount="0"/>
      <line num="178" count="23" type="stmt"/>
      <line num="182" count="24" type="cond" truecount="2" falsecount="0"/>
      <line num="183" count="3" type="stmt"/>
      <line num="189" count="24" type="cond" truecount="2" falsecount="0"/>
      <line num="190" count="3" type="stmt"/>
      <line num="191" count="3" type="cond" truecount="4" falsecount="0"/>
      <line num="192" count="1" type="stmt"/>
      <line num="196" count="2" type="cond" truecount="2" falsecount="0"/>
      <line num="197" count="1" type="stmt"/>
      <line num="204" count="24" type="stmt"/>
      <line num="208" count="10" type="stmt"/>
      <line num="219" count="6" type="cond" truecount="4" falsecount="0"/>
      <line num="220" count="1" type="stmt"/>
      <line num="223" count="5" type="stmt"/>
      <line num="224" count="5" type="cond" truecount="1" falsecount="1"/>
      <line num="225" count="6" type="cond" truecount="1" falsecount="1"/>
      <line num="226" count="6" type="cond" truecount="2" falsecount="0"/>
      <line num="227" count="6" type="cond" truecount="2" falsecount="0"/>
      <line num="229" count="6" type="stmt"/>
      <line num="230" count="6" type="stmt"/>
      <line num="231" count="6" type="stmt"/>
      <line num="232" count="6" type="stmt"/>
      <line num="234" count="6" type="cond" truecount="4" falsecount="1"/>
      <line num="236" count="2" type="stmt"/>
      <line num="237" count="2" type="stmt"/>
      <line num="238" count="2" type="stmt"/>
      <line num="239" count="2" type="stmt"/>
      <line num="240" count="2" type="stmt"/>
      <line num="242" count="1" type="stmt"/>
      <line num="243" count="1" type="stmt"/>
      <line num="244" count="1" type="stmt"/>
      <line num="245" count="1" type="stmt"/>
      <line num="246" count="1" type="stmt"/>
      <line num="248" count="1" type="stmt"/>
      <line num="249" count="1" type="stmt"/>
      <line num="250" count="1" type="stmt"/>
      <line num="251" count="1" type="stmt"/>
      <line num="252" count="1" type="stmt"/>
      <line num="254" count="1" type="stmt"/>
      <line num="255" count="1" type="stmt"/>
      <line num="256" count="1" type="stmt"/>
      <line num="257" count="1" type="stmt"/>
      <line num="258" count="1" type="stmt"/>
      <line num="260" count="0" type="stmt"/>
      <line num="261" count="0" type="stmt"/>
      <line num="262" count="0" type="stmt"/>
      <line num="263" count="0" type="stmt"/>
      <line num="266" count="5" type="stmt"/>
    </file>
    <file name="constants.js" path="/Users/feivel/WebstormProjects/fp/src/constants.js">
      <metrics statements="14" coveredstatements="14" conditionals="0" coveredconditionals="0" methods="0" coveredmethods="0"/>
      <line num="1" count="7" type="stmt"/>
      <line num="3" count="7" type="stmt"/>
      <line num="5" count="7" type="stmt"/>
      <line num="7" count="7" type="stmt"/>
      <line num="9" count="7" type="stmt"/>
      <line num="10" count="7" type="stmt"/>
      <line num="12" count="7" type="stmt"/>
      <line num="13" count="7" type="stmt"/>
      <line num="15" count="7" type="stmt"/>
      <line num="17" count="7" type="stmt"/>
      <line num="18" count="7" type="stmt"/>
      <line num="19" count="7" type="stmt"/>
      <line num="21" count="7" type="stmt"/>
      <line num="44" count="7" type="stmt"/>
    </file>
    <file name="core.js" path="/Users/feivel/WebstormProjects/fp/src/core.js">
      <metrics statements="33" coveredstatements="33" conditionals="21" coveredconditionals="20" methods="14" coveredmethods="14"/>
      <line num="2" count="12" type="stmt"/>
      <line num="3" count="12" type="stmt"/>
      <line num="6" count="7" type="stmt"/>
      <line num="10" count="58" type="cond" truecount="2" falsecount="0"/>
      <line num="11" count="1" type="stmt"/>
      <line num="15" count="1" type="stmt"/>
      <line num="16" count="1" type="stmt"/>
      <line num="17" count="1" type="stmt"/>
      <line num="18" count="1" type="stmt"/>
      <line num="19" count="1" type="stmt"/>
      <line num="20" count="1" type="stmt"/>
      <line num="21" count="1" type="stmt"/>
      <line num="22" count="1" type="stmt"/>
      <line num="23" count="1" type="stmt"/>
      <line num="27" count="11" type="stmt"/>
      <line num="28" count="11" type="stmt"/>
      <line num="30" count="4" type="stmt"/>
      <line num="35" count="24" type="stmt"/>
      <line num="38" count="12" type="stmt"/>
      <line num="49" count="46" type="cond" truecount="2" falsecount="0"/>
      <line num="55" count="64" type="stmt"/>
      <line num="59" count="6" type="stmt"/>
      <line num="60" count="6" type="stmt"/>
      <line num="62" count="6" type="stmt"/>
      <line num="110" count="202" type="cond" truecount="5" falsecount="0"/>
      <line num="111" count="4" type="stmt"/>
      <line num="114" count="198" type="stmt"/>
      <line num="115" count="198" type="cond" truecount="4" falsecount="0"/>
      <line num="117" count="196" type="stmt"/>
      <line num="118" count="196" type="cond" truecount="1" falsecount="1"/>
      <line num="122" count="3" type="cond" truecount="4" falsecount="0"/>
      <line num="123" count="1" type="stmt"/>
      <line num="126" count="3" type="cond" truecount="2" falsecount="0"/>
    </file>
    <file name="drag.js" path="/Users/feivel/WebstormProjects/fp/src/drag.js">
      <metrics statements="87" coveredstatements="87" conditionals="36" coveredconditionals="26" methods="14" coveredmethods="14"/>
      <line num="5" count="27" type="stmt"/>
      <line num="6" count="27" type="stmt"/>
      <line num="7" count="27" type="stmt"/>
      <line num="8" count="27" type="stmt"/>
      <line num="9" count="27" type="cond" truecount="1" falsecount="1"/>
      <line num="10" count="27" type="stmt"/>
      <line num="11" count="27" type="stmt"/>
      <line num="12" count="27" type="stmt"/>
      <line num="19" count="30" type="stmt"/>
      <line num="42" count="14" type="stmt"/>
      <line num="43" count="14" type="stmt"/>
      <line num="44" count="14" type="stmt"/>
      <line num="45" count="14" type="stmt"/>
      <line num="48" count="15" type="cond" truecount="1" falsecount="1"/>
      <line num="50" count="15" type="stmt"/>
      <line num="51" count="15" type="stmt"/>
      <line num="52" count="15" type="stmt"/>
      <line num="53" count="15" type="stmt"/>
      <line num="56" count="15" type="stmt"/>
      <line num="57" count="15" type="stmt"/>
      <line num="60" count="15" type="stmt"/>
      <line num="61" count="15" type="stmt"/>
      <line num="62" count="16" type="stmt"/>
      <line num="67" count="15" type="stmt"/>
      <line num="68" count="15" type="cond" truecount="1" falsecount="1"/>
      <line num="69" count="15" type="stmt"/>
      <line num="70" count="15" type="stmt"/>
      <line num="71" count="15" type="stmt"/>
      <line num="72" count="15" type="stmt"/>
      <line num="73" count="15" type="stmt"/>
      <line num="74" count="15" type="cond" truecount="1" falsecount="1"/>
      <line num="79" count="15" type="cond" truecount="1" falsecount="1"/>
      <line num="80" count="15" type="stmt"/>
      <line num="84" count="6" type="stmt"/>
      <line num="85" count="6" type="stmt"/>
      <line num="87" count="6" type="cond" truecount="3" falsecount="1"/>
      <line num="89" count="6" type="cond" truecount="2" falsecount="0"/>
      <line num="90" count="6" type="cond" truecount="2" falsecount="0"/>
      <line num="91" count="6" type="cond" truecount="2" falsecount="0"/>
      <line num="93" count="6" type="cond" truecount="2" falsecount="0"/>
      <line num="95" count="3" type="stmt"/>
      <line num="96" count="3" type="stmt"/>
      <line num="97" count="3" type="stmt"/>
      <line num="99" count="3" type="cond" truecount="1" falsecount="1"/>
      <line num="100" count="3" type="cond" truecount="2" falsecount="0"/>
      <line num="101" count="1" type="stmt"/>
      <line num="102" count="1" type="stmt"/>
      <line num="103" count="2" type="cond" truecount="2" falsecount="0"/>
      <line num="104" count="1" type="stmt"/>
      <line num="105" count="1" type="stmt"/>
      <line num="106" count="1" type="cond" truecount="1" falsecount="1"/>
      <line num="107" count="1" type="stmt"/>
      <line num="108" count="1" type="stmt"/>
      <line num="109" count="1" type="stmt"/>
      <line num="110" count="1" type="stmt"/>
      <line num="111" count="1" type="stmt"/>
      <line num="112" count="1" type="stmt"/>
      <line num="117" count="3" type="stmt"/>
      <line num="120" count="3" type="stmt"/>
      <line num="121" count="3" type="stmt"/>
      <line num="123" count="3" type="stmt"/>
      <line num="126" count="6" type="stmt"/>
      <line num="127" count="6" type="stmt"/>
      <line num="131" count="13" type="stmt"/>
      <line num="132" count="13" type="stmt"/>
      <line num="134" count="13" type="stmt"/>
      <line num="135" count="13" type="cond" truecount="2" falsecount="0"/>
      <line num="138" count="12" type="cond" truecount="1" falsecount="1"/>
      <line num="139" count="12" type="stmt"/>
      <line num="143" count="12" type="stmt"/>
      <line num="144" count="12" type="stmt"/>
      <line num="145" count="9" type="stmt"/>
      <line num="146" count="9" type="stmt"/>
      <line num="147" count="9" type="stmt"/>
      <line num="151" count="12" type="stmt"/>
      <line num="152" count="12" type="stmt"/>
      <line num="153" count="12" type="stmt"/>
      <line num="154" count="13" type="cond" truecount="1" falsecount="1"/>
      <line num="156" count="12" type="stmt"/>
      <line num="157" count="12" type="stmt"/>
      <line num="159" count="12" type="stmt"/>
      <line num="160" count="12" type="stmt"/>
      <line num="162" count="12" type="stmt"/>
      <line num="170" count="12" type="stmt"/>
      <line num="171" count="12" type="stmt"/>
      <line num="172" count="12" type="stmt"/>
      <line num="175" count="14" type="stmt"/>
    </file>
    <file name="exclusions.js" path="/Users/feivel/WebstormProjects/fp/src/exclusions.js">
      <metrics statements="93" coveredstatements="93" conditionals="44" coveredconditionals="32" methods="11" coveredmethods="11"/>
      <line num="13" count="3" type="stmt"/>
      <line num="14" count="3" type="stmt"/>
      <line num="15" count="3" type="stmt"/>
      <line num="16" count="3" type="cond" truecount="1" falsecount="1"/>
      <line num="17" count="3" type="cond" truecount="2" falsecount="0"/>
      <line num="21" count="8" type="stmt"/>
      <line num="22" count="8" type="stmt"/>
      <line num="23" count="8" type="cond" truecount="1" falsecount="1"/>
      <line num="25" count="8" type="stmt"/>
      <line num="26" count="8" type="stmt"/>
      <line num="27" count="8" type="stmt"/>
      <line num="28" count="8" type="stmt"/>
      <line num="38" count="8" type="stmt"/>
      <line num="39" count="8" type="stmt"/>
      <line num="40" count="8" type="cond" truecount="1" falsecount="1"/>
      <line num="42" count="8" type="stmt"/>
      <line num="43" count="8" type="stmt"/>
      <line num="44" count="8" type="stmt"/>
      <line num="48" count="6" type="stmt"/>
      <line num="49" count="6" type="stmt"/>
      <line num="50" count="6" type="cond" truecount="1" falsecount="1"/>
      <line num="52" count="6" type="stmt"/>
      <line num="53" count="6" type="stmt"/>
      <line num="54" count="6" type="stmt"/>
      <line num="55" count="6" type="stmt"/>
      <line num="56" count="6" type="stmt"/>
      <line num="65" count="6" type="stmt"/>
      <line num="66" count="6" type="stmt"/>
      <line num="67" count="6" type="cond" truecount="1" falsecount="1"/>
      <line num="69" count="6" type="stmt"/>
      <line num="70" count="6" type="stmt"/>
      <line num="71" count="6" type="stmt"/>
      <line num="75" count="6" type="stmt"/>
      <line num="76" count="6" type="stmt"/>
      <line num="77" count="6" type="cond" truecount="1" falsecount="1"/>
      <line num="79" count="6" type="stmt"/>
      <line num="80" count="6" type="stmt"/>
      <line num="81" count="6" type="stmt"/>
      <line num="82" count="6" type="stmt"/>
      <line num="83" count="6" type="stmt"/>
      <line num="84" count="6" type="stmt"/>
      <line num="85" count="6" type="stmt"/>
      <line num="94" count="6" type="stmt"/>
      <line num="95" count="6" type="stmt"/>
      <line num="96" count="6" type="cond" truecount="1" falsecount="1"/>
      <line num="98" count="6" type="stmt"/>
      <line num="99" count="6" type="stmt"/>
      <line num="100" count="6" type="stmt"/>
      <line num="104" count="6" type="stmt"/>
      <line num="105" count="6" type="stmt"/>
      <line num="106" count="6" type="cond" truecount="2" falsecount="0"/>
      <line num="108" count="3" type="stmt"/>
      <line num="109" count="3" type="stmt"/>
      <line num="110" count="3" type="cond" truecount="1" falsecount="1"/>
      <line num="112" count="3" type="stmt"/>
      <line num="113" count="6" type="stmt"/>
      <line num="114" count="3" type="cond" truecount="1" falsecount="1"/>
      <line num="116" count="3" type="cond" truecount="2" falsecount="0"/>
      <line num="117" count="6" type="stmt"/>
      <line num="121" count="7" type="stmt"/>
      <line num="122" count="7" type="stmt"/>
      <line num="123" count="7" type="cond" truecount="2" falsecount="0"/>
      <line num="125" count="6" type="stmt"/>
      <line num="126" count="6" type="stmt"/>
      <line num="127" count="6" type="cond" truecount="1" falsecount="1"/>
      <line num="129" count="9" type="stmt"/>
      <line num="130" count="6" type="cond" truecount="2" falsecount="0"/>
      <line num="132" count="5" type="stmt"/>
      <line num="134" count="5" type="stmt"/>
      <line num="135" count="5" type="cond" truecount="3" falsecount="1"/>
      <line num="137" count="5" type="stmt"/>
      <line num="138" count="21" type="stmt"/>
      <line num="139" count="21" type="cond" truecount="2" falsecount="0"/>
      <line num="140" count="15" type="stmt"/>
      <line num="141" count="15" type="cond" truecount="2" falsecount="0"/>
      <line num="144" count="5" type="cond" truecount="2" falsecount="0"/>
      <line num="145" count="3" type="stmt"/>
      <line num="146" count="3" type="stmt"/>
      <line num="147" count="3" type="stmt"/>
      <line num="148" count="3" type="stmt"/>
      <line num="149" count="2" type="cond" truecount="2" falsecount="0"/>
      <line num="150" count="1" type="stmt"/>
      <line num="151" count="1" type="stmt"/>
      <line num="152" count="1" type="stmt"/>
      <line num="153" count="1" type="cond" truecount="1" falsecount="1"/>
      <line num="154" count="1" type="stmt"/>
      <line num="155" count="1" type="stmt"/>
      <line num="156" count="1" type="stmt"/>
      <line num="157" count="1" type="stmt"/>
      <line num="158" count="1" type="stmt"/>
      <line num="159" count="1" type="stmt"/>
      <line num="162" count="5" type="stmt"/>
      <line num="165" count="30" type="stmt"/>
    </file>
    <file name="geometry.js" path="/Users/feivel/WebstormProjects/fp/src/geometry.js">
      <metrics statements="504" coveredstatements="474" conditionals="245" coveredconditionals="189" methods="23" coveredmethods="22"/>
      <line num="17" count="0" type="stmt"/>
      <line num="18" count="0" type="stmt"/>
      <line num="19" count="0" type="stmt"/>
      <line num="23" count="27" type="stmt"/>
      <line num="24" count="27" type="cond" truecount="2" falsecount="0"/>
      <line num="25" count="1" type="stmt"/>
      <line num="28" count="26" type="stmt"/>
      <line num="29" count="26" type="cond" truecount="3" falsecount="1"/>
      <line num="30" count="0" type="cond" truecount="0" falsecount="2"/>
      <line num="31" count="0" type="cond" truecount="0" falsecount="2"/>
      <line num="32" count="0" type="stmt"/>
      <line num="35" count="26" type="stmt"/>
      <line num="39" count="171" type="stmt"/>
      <line num="40" count="171" type="cond" truecount="1" falsecount="1"/>
      <line num="41" count="0" type="stmt"/>
      <line num="43" count="171" type="stmt"/>
      <line num="47" count="5586" type="stmt"/>
      <line num="48" count="5586" type="stmt"/>
      <line num="49" count="5585" type="stmt"/>
      <line num="50" count="5585" type="cond" truecount="2" falsecount="0"/>
      <line num="51" count="5584" type="stmt"/>
      <line num="52" count="5584" type="stmt"/>
      <line num="53" count="22936" type="stmt"/>
      <line num="54" count="5584" type="stmt"/>
      <line num="57" count="5586" type="stmt"/>
      <line num="61" count="274636" type="stmt"/>
      <line num="62" count="274636" type="stmt"/>
      <line num="63" count="274636" type="stmt"/>
      <line num="64" count="274636" type="stmt"/>
      <line num="65" count="274636" type="stmt"/>
      <line num="69" count="66596" type="stmt"/>
      <line num="70" count="66596" type="stmt"/>
      <line num="71" count="66596" type="stmt"/>
      <line num="72" count="66596" type="stmt"/>
      <line num="73" count="66596" type="stmt"/>
      <line num="87" count="1334" type="stmt"/>
      <line num="88" count="1334" type="stmt"/>
      <line num="89" count="1334" type="stmt"/>
      <line num="90" count="1334" type="stmt"/>
      <line num="92" count="1334" type="stmt"/>
      <line num="101" count="1334" type="stmt"/>
      <line num="102" count="8004" type="stmt"/>
      <line num="103" count="8004" type="stmt"/>
      <line num="106" count="1334" type="stmt"/>
      <line num="107" count="1334" type="stmt"/>
      <line num="111" count="5915" type="stmt"/>
      <line num="112" count="5915" type="stmt"/>
      <line num="113" count="24415" type="stmt"/>
      <line num="114" count="24415" type="stmt"/>
      <line num="115" count="24415" type="stmt"/>
      <line num="117" count="5915" type="stmt"/>
      <line num="121" count="5841" type="cond" truecount="4" falsecount="0"/>
      <line num="122" count="5838" type="stmt"/>
      <line num="123" count="5838" type="stmt"/>
      <line num="124" count="5911" type="cond" truecount="1" falsecount="1"/>
      <line num="125" count="5911" type="cond" truecount="1" falsecount="1"/>
      <line num="126" count="5911" type="stmt"/>
      <line num="127" count="5911" type="stmt"/>
      <line num="128" count="1" type="cond" truecount="1" falsecount="1"/>
      <line num="129" count="5911" type="stmt"/>
      <line num="131" count="5838" type="stmt"/>
      <line num="135" count="10" type="cond" truecount="2" falsecount="0"/>
      <line num="136" count="7" type="stmt"/>
      <line num="137" count="7" type="stmt"/>
      <line num="138" count="7" type="stmt"/>
      <line num="139" count="7" type="stmt"/>
      <line num="140" count="7" type="stmt"/>
      <line num="152" count="3" type="cond" truecount="2" falsecount="0"/>
      <line num="153" count="1" type="stmt"/>
      <line num="154" count="1" type="stmt"/>
      <line num="155" count="1" type="stmt"/>
      <line num="156" count="49" type="stmt"/>
      <line num="157" count="49" type="stmt"/>
      <line num="159" count="1" type="stmt"/>
      <line num="161" count="2" type="cond" truecount="2" falsecount="0"/>
      <line num="162" count="1" type="stmt"/>
      <line num="168" count="1" type="stmt"/>
      <line num="170" count="1" type="stmt"/>
      <line num="174" count="29" type="cond" truecount="2" falsecount="0"/>
      <line num="176" count="5" type="stmt"/>
      <line num="177" count="5" type="stmt"/>
      <line num="178" count="6" type="stmt"/>
      <line num="179" count="6" type="cond" truecount="1" falsecount="1"/>
      <line num="181" count="5" type="cond" truecount="1" falsecount="1"/>
      <line num="183" count="5" type="stmt"/>
      <line num="184" count="5" type="stmt"/>
      <line num="186" count="0" type="cond" truecount="0" falsecount="2"/>
      <line num="191" count="25" type="stmt"/>
      <line num="192" count="25" type="stmt"/>
      <line num="193" count="25" type="cond" truecount="2" falsecount="0"/>
      <line num="195" count="3" type="stmt"/>
      <line num="196" count="3" type="stmt"/>
      <line num="198" count="0" type="cond" truecount="0" falsecount="2"/>
      <line num="203" count="69" type="stmt"/>
      <line num="204" count="69" type="stmt"/>
      <line num="205" count="69" type="stmt"/>
      <line num="206" count="69" type="stmt"/>
      <line num="207" count="69" type="stmt"/>
      <line num="209" count="69" type="cond" truecount="2" falsecount="0"/>
      <line num="210" count="69" type="cond" truecount="1" falsecount="1"/>
      <line num="212" count="69" type="cond" truecount="2" falsecount="0"/>
      <line num="213" count="12" type="cond" truecount="2" falsecount="0"/>
      <line num="214" count="10" type="cond" truecount="2" falsecount="0"/>
      <line num="215" count="8" type="cond" truecount="2" falsecount="0"/>
      <line num="216" count="6" type="cond" truecount="2" falsecount="0"/>
      <line num="219" count="3" type="cond" truecount="4" falsecount="0"/>
      <line num="224" count="70" type="cond" truecount="1" falsecount="1"/>
      <line num="225" count="70" type="stmt"/>
      <line num="230" count="61" type="stmt"/>
      <line num="231" count="61" type="stmt"/>
      <line num="237" count="61" type="stmt"/>
      <line num="238" count="61" type="stmt"/>
      <line num="239" count="61" type="stmt"/>
      <line num="240" count="61" type="stmt"/>
      <line num="241" count="61" type="stmt"/>
      <line num="242" count="244" type="stmt"/>
      <line num="243" count="244" type="stmt"/>
      <line num="244" count="244" type="stmt"/>
      <line num="245" count="244" type="stmt"/>
      <line num="247" count="61" type="stmt"/>
      <line num="251" count="3" type="stmt"/>
      <line num="252" count="3" type="cond" truecount="3" falsecount="1"/>
      <line num="253" count="3" type="stmt"/>
      <line num="254" count="3" type="stmt"/>
      <line num="255" count="3" type="cond" truecount="4" falsecount="1"/>
      <line num="257" count="3" type="stmt"/>
      <line num="258" count="0" type="stmt"/>
      <line num="262" count="51" type="stmt"/>
      <line num="263" count="51" type="cond" truecount="2" falsecount="0"/>
      <line num="264" count="1" type="stmt"/>
      <line num="267" count="50" type="stmt"/>
      <line num="268" count="51" type="stmt"/>
      <line num="269" count="51" type="cond" truecount="2" falsecount="0"/>
      <line num="270" count="51" type="cond" truecount="2" falsecount="0"/>
      <line num="271" count="51" type="cond" truecount="5" falsecount="0"/>
      <line num="272" count="1" type="stmt"/>
      <line num="275" count="49" type="cond" truecount="2" falsecount="0"/>
      <line num="276" count="3" type="stmt"/>
      <line num="279" count="46" type="cond" truecount="1" falsecount="1"/>
      <line num="281" count="51" type="cond" truecount="2" falsecount="0"/>
      <line num="282" count="3" type="stmt"/>
      <line num="285" count="43" type="cond" truecount="2" falsecount="0"/>
      <line num="286" count="4" type="stmt"/>
      <line num="289" count="39" type="cond" truecount="2" falsecount="0"/>
      <line num="290" count="4" type="stmt"/>
      <line num="293" count="35" type="cond" truecount="2" falsecount="0"/>
      <line num="294" count="3" type="stmt"/>
      <line num="297" count="32" type="stmt"/>
      <line num="298" count="32" type="stmt"/>
      <line num="300" count="32" type="cond" truecount="2" falsecount="0"/>
      <line num="301" count="51" type="stmt"/>
      <line num="303" count="51" type="cond" truecount="2" falsecount="0"/>
      <line num="304" count="51" type="cond" truecount="2" falsecount="0"/>
      <line num="306" count="51" type="stmt"/>
      <line num="307" count="51" type="cond" truecount="2" falsecount="0"/>
      <line num="309" count="51" type="cond" truecount="2" falsecount="0"/>
      <line num="310" count="51" type="cond" truecount="2" falsecount="0"/>
      <line num="311" count="51" type="cond" truecount="2" falsecount="0"/>
      <line num="313" count="51" type="stmt"/>
      <line num="314" count="51" type="stmt"/>
      <line num="315" count="51" type="stmt"/>
      <line num="317" count="51" type="stmt"/>
      <line num="319" count="51" type="stmt"/>
      <line num="320" count="51" type="stmt"/>
      <line num="322" count="51" type="stmt"/>
      <line num="323" count="51" type="stmt"/>
      <line num="324" count="51" type="stmt"/>
      <line num="325" count="51" type="stmt"/>
      <line num="329" count="51" type="stmt"/>
      <line num="330" count="51" type="stmt"/>
      <line num="331" count="51" type="cond" truecount="2" falsecount="0"/>
      <line num="332" count="1" type="stmt"/>
      <line num="333" count="1" type="stmt"/>
      <line num="336" count="32" type="stmt"/>
      <line num="337" count="32" type="stmt"/>
      <line num="339" count="32" type="stmt"/>
      <line num="340" count="32" type="stmt"/>
      <line num="342" count="32" type="stmt"/>
      <line num="343" count="32" type="cond" truecount="2" falsecount="0"/>
      <line num="344" count="1" type="stmt"/>
      <line num="347" count="31" type="stmt"/>
      <line num="349" count="31" type="stmt"/>
      <line num="350" count="481" type="stmt"/>
      <line num="353" count="481" type="stmt"/>
      <line num="354" count="481" type="cond" truecount="2" falsecount="0"/>
      <line num="355" count="52" type="cond" truecount="1" falsecount="1"/>
      <line num="356" count="0" type="stmt"/>
      <line num="359" count="481" type="stmt"/>
      <line num="360" count="6104" type="stmt"/>
      <line num="362" count="6104" type="stmt"/>
      <line num="365" count="6104" type="stmt"/>
      <line num="366" count="6104" type="stmt"/>
      <line num="368" count="0" type="cond" truecount="0" falsecount="2"/>
      <line num="370" count="6104" type="cond" truecount="4" falsecount="0"/>
      <line num="372" count="1534" type="stmt"/>
      <line num="373" count="1534" type="cond" truecount="1" falsecount="1"/>
      <line num="375" count="1534" type="stmt"/>
      <line num="376" count="1534" type="stmt"/>
      <line num="377" count="1534" type="stmt"/>
      <line num="379" count="1534" type="stmt"/>
      <line num="383" count="31" type="stmt"/>
      <line num="387" count="3" type="stmt"/>
      <line num="388" count="3" type="cond" truecount="2" falsecount="0"/>
      <line num="389" count="3" type="stmt"/>
      <line num="391" count="3" type="cond" truecount="2" falsecount="0"/>
      <line num="392" count="3" type="cond" truecount="2" falsecount="0"/>
      <line num="394" count="3" type="stmt"/>
      <line num="395" count="3" type="cond" truecount="1" falsecount="1"/>
      <line num="397" count="3" type="stmt"/>
      <line num="398" count="3" type="stmt"/>
      <line num="399" count="3" type="stmt"/>
      <line num="401" count="3" type="stmt"/>
      <line num="402" count="3" type="stmt"/>
      <line num="404" count="3" type="stmt"/>
      <line num="405" count="3" type="stmt"/>
      <line num="406" count="3" type="stmt"/>
      <line num="408" count="3" type="stmt"/>
      <line num="410" count="3" type="stmt"/>
      <line num="411" count="3" type="stmt"/>
      <line num="413" count="3" type="stmt"/>
      <line num="414" count="3" type="stmt"/>
      <line num="415" count="3" type="stmt"/>
      <line num="416" count="3" type="stmt"/>
      <line num="418" count="3" type="stmt"/>
      <line num="419" count="3" type="stmt"/>
      <line num="420" count="3" type="cond" truecount="2" falsecount="0"/>
      <line num="421" count="1" type="stmt"/>
      <line num="422" count="1" type="stmt"/>
      <line num="425" count="3" type="stmt"/>
      <line num="426" count="3" type="stmt"/>
      <line num="428" count="3" type="stmt"/>
      <line num="429" count="3" type="stmt"/>
      <line num="431" count="3" type="stmt"/>
      <line num="432" count="3" type="cond" truecount="1" falsecount="1"/>
      <line num="433" count="0" type="stmt"/>
      <line num="436" count="3" type="stmt"/>
      <line num="437" count="3" type="stmt"/>
      <line num="439" count="3" type="stmt"/>
      <line num="440" count="66" type="stmt"/>
      <line num="441" count="66" type="stmt"/>
      <line num="443" count="66" type="stmt"/>
      <line num="444" count="1334" type="stmt"/>
      <line num="446" count="1334" type="stmt"/>
      <line num="449" count="1334" type="stmt"/>
      <line num="450" count="1334" type="stmt"/>
      <line num="452" count="0" type="cond" truecount="0" falsecount="2"/>
      <line num="454" count="1334" type="cond" truecount="4" falsecount="0"/>
      <line num="456" count="411" type="stmt"/>
      <line num="457" count="411" type="cond" truecount="1" falsecount="1"/>
      <line num="459" count="411" type="stmt"/>
      <line num="460" count="411" type="stmt"/>
      <line num="462" count="411" type="stmt"/>
      <line num="466" count="3" type="stmt"/>
      <line num="470" count="15" type="stmt"/>
      <line num="471" count="15" type="cond" truecount="2" falsecount="0"/>
      <line num="472" count="15" type="stmt"/>
      <line num="474" count="15" type="cond" truecount="2" falsecount="0"/>
      <line num="475" count="15" type="cond" truecount="2" falsecount="0"/>
      <line num="477" count="15" type="stmt"/>
      <line num="478" count="15" type="cond" truecount="1" falsecount="1"/>
      <line num="480" count="15" type="stmt"/>
      <line num="481" count="15" type="stmt"/>
      <line num="482" count="15" type="stmt"/>
      <line num="483" count="15" type="stmt"/>
      <line num="484" count="15" type="stmt"/>
      <line num="486" count="15" type="stmt"/>
      <line num="487" count="15" type="stmt"/>
      <line num="488" count="15" type="stmt"/>
      <line num="490" count="15" type="stmt"/>
      <line num="492" count="15" type="stmt"/>
      <line num="493" count="15" type="stmt"/>
      <line num="494" count="15" type="stmt"/>
      <line num="495" count="15" type="stmt"/>
      <line num="496" count="15" type="stmt"/>
      <line num="498" count="15" type="stmt"/>
      <line num="499" count="15" type="stmt"/>
      <line num="500" count="15" type="cond" truecount="1" falsecount="1"/>
      <line num="501" count="0" type="stmt"/>
      <line num="502" count="0" type="stmt"/>
      <line num="505" count="15" type="stmt"/>
      <line num="506" count="15" type="stmt"/>
      <line num="508" count="15" type="stmt"/>
      <line num="509" count="15" type="stmt"/>
      <line num="511" count="15" type="stmt"/>
      <line num="512" count="15" type="stmt"/>
      <line num="514" count="15" type="stmt"/>
      <line num="515" count="15" type="stmt"/>
      <line num="516" count="15" type="stmt"/>
      <line num="517" count="15" type="stmt"/>
      <line num="518" count="15" type="stmt"/>
      <line num="522" count="15" type="cond" truecount="2" falsecount="0"/>
      <line num="523" count="1" type="stmt"/>
      <line num="526" count="14" type="stmt"/>
      <line num="527" count="14" type="stmt"/>
      <line num="529" count="14" type="stmt"/>
      <line num="530" count="724" type="stmt"/>
      <line num="531" count="724" type="stmt"/>
      <line num="532" count="45990" type="stmt"/>
      <line num="533" count="45990" type="stmt"/>
      <line num="535" count="45990" type="cond" truecount="2" falsecount="0"/>
      <line num="536" count="45990" type="cond" truecount="2" falsecount="0"/>
      <line num="537" count="45990" type="cond" truecount="2" falsecount="0"/>
      <line num="538" count="45990" type="cond" truecount="2" falsecount="0"/>
      <line num="540" count="45990" type="stmt"/>
      <line num="543" count="45990" type="stmt"/>
      <line num="544" count="45990" type="stmt"/>
      <line num="546" count="0" type="cond" truecount="0" falsecount="2"/>
      <line num="548" count="45990" type="cond" truecount="4" falsecount="0"/>
      <line num="550" count="2551" type="stmt"/>
      <line num="551" count="2551" type="cond" truecount="1" falsecount="1"/>
      <line num="553" count="2551" type="stmt"/>
      <line num="554" count="2551" type="stmt"/>
      <line num="555" count="2551" type="stmt"/>
      <line num="559" count="14" type="stmt"/>
      <line num="566" count="4" type="stmt"/>
      <line num="567" count="4" type="cond" truecount="2" falsecount="0"/>
      <line num="568" count="4" type="stmt"/>
      <line num="570" count="4" type="cond" truecount="2" falsecount="0"/>
      <line num="571" count="4" type="cond" truecount="2" falsecount="0"/>
      <line num="573" count="4" type="stmt"/>
      <line num="574" count="4" type="cond" truecount="1" falsecount="1"/>
      <line num="576" count="4" type="stmt"/>
      <line num="577" count="4" type="stmt"/>
      <line num="578" count="4" type="stmt"/>
      <line num="580" count="4" type="stmt"/>
      <line num="581" count="4" type="stmt"/>
      <line num="582" count="4" type="stmt"/>
      <line num="584" count="4" type="stmt"/>
      <line num="585" count="4" type="stmt"/>
      <line num="586" count="4" type="stmt"/>
      <line num="588" count="4" type="stmt"/>
      <line num="590" count="4" type="stmt"/>
      <line num="591" count="4" type="stmt"/>
      <line num="592" count="4" type="stmt"/>
      <line num="593" count="4" type="stmt"/>
      <line num="594" count="4" type="stmt"/>
      <line num="596" count="4" type="stmt"/>
      <line num="597" count="4" type="stmt"/>
      <line num="598" count="4" type="cond" truecount="1" falsecount="1"/>
      <line num="599" count="0" type="stmt"/>
      <line num="600" count="0" type="stmt"/>
      <line num="603" count="4" type="stmt"/>
      <line num="604" count="4" type="stmt"/>
      <line num="606" count="4" type="stmt"/>
      <line num="607" count="4" type="stmt"/>
      <line num="609" count="4" type="stmt"/>
      <line num="610" count="4" type="stmt"/>
      <line num="612" count="4" type="stmt"/>
      <line num="613" count="4" type="stmt"/>
      <line num="614" count="4" type="stmt"/>
      <line num="615" count="4" type="cond" truecount="1" falsecount="1"/>
      <line num="616" count="0" type="stmt"/>
      <line num="619" count="4" type="stmt"/>
      <line num="620" count="4" type="stmt"/>
      <line num="622" count="4" type="stmt"/>
      <line num="623" count="119" type="stmt"/>
      <line num="624" count="119" type="stmt"/>
      <line num="625" count="3782" type="stmt"/>
      <line num="626" count="3782" type="stmt"/>
      <line num="628" count="3782" type="cond" truecount="2" falsecount="0"/>
      <line num="629" count="1890" type="stmt"/>
      <line num="630" count="1890" type="stmt"/>
      <line num="631" count="1890" type="stmt"/>
      <line num="635" count="1890" type="stmt"/>
      <line num="636" count="3780" type="stmt"/>
      <line num="638" count="3780" type="stmt"/>
      <line num="639" count="3780" type="stmt"/>
      <line num="641" count="0" type="cond" truecount="0" falsecount="2"/>
      <line num="643" count="3780" type="cond" truecount="4" falsecount="0"/>
      <line num="644" count="211" type="stmt"/>
      <line num="645" count="211" type="cond" truecount="1" falsecount="1"/>
      <line num="646" count="211" type="stmt"/>
      <line num="647" count="211" type="stmt"/>
      <line num="648" count="211" type="stmt"/>
      <line num="651" count="1892" type="stmt"/>
      <line num="652" count="1892" type="stmt"/>
      <line num="653" count="1892" type="stmt"/>
      <line num="657" count="1892" type="stmt"/>
      <line num="658" count="3784" type="stmt"/>
      <line num="660" count="3784" type="stmt"/>
      <line num="661" count="3784" type="stmt"/>
      <line num="663" count="0" type="cond" truecount="0" falsecount="2"/>
      <line num="665" count="3784" type="cond" truecount="4" falsecount="0"/>
      <line num="666" count="210" type="stmt"/>
      <line num="667" count="210" type="cond" truecount="1" falsecount="1"/>
      <line num="668" count="210" type="stmt"/>
      <line num="669" count="210" type="stmt"/>
      <line num="670" count="210" type="stmt"/>
      <line num="676" count="4" type="stmt"/>
      <line num="680" count="3" type="stmt"/>
      <line num="681" count="3" type="cond" truecount="2" falsecount="0"/>
      <line num="682" count="3" type="stmt"/>
      <line num="684" count="3" type="cond" truecount="2" falsecount="0"/>
      <line num="685" count="3" type="cond" truecount="2" falsecount="0"/>
      <line num="687" count="3" type="stmt"/>
      <line num="688" count="3" type="cond" truecount="1" falsecount="1"/>
      <line num="690" count="3" type="stmt"/>
      <line num="691" count="3" type="stmt"/>
      <line num="692" count="3" type="stmt"/>
      <line num="693" count="3" type="stmt"/>
      <line num="695" count="3" type="stmt"/>
      <line num="696" count="3" type="stmt"/>
      <line num="697" count="3" type="stmt"/>
      <line num="699" count="3" type="stmt"/>
      <line num="701" count="3" type="stmt"/>
      <line num="702" count="3" type="stmt"/>
      <line num="704" count="3" type="stmt"/>
      <line num="705" count="3" type="stmt"/>
      <line num="706" count="3" type="stmt"/>
      <line num="707" count="3" type="stmt"/>
      <line num="709" count="3" type="stmt"/>
      <line num="710" count="3" type="stmt"/>
      <line num="711" count="3" type="cond" truecount="1" falsecount="1"/>
      <line num="712" count="0" type="stmt"/>
      <line num="713" count="0" type="stmt"/>
      <line num="716" count="3" type="stmt"/>
      <line num="717" count="3" type="stmt"/>
      <line num="719" count="3" type="stmt"/>
      <line num="720" count="3" type="stmt"/>
      <line num="722" count="3" type="stmt"/>
      <line num="723" count="3" type="stmt"/>
      <line num="724" count="3" type="stmt"/>
      <line num="725" count="3" type="cond" truecount="1" falsecount="1"/>
      <line num="726" count="0" type="stmt"/>
      <line num="729" count="3" type="stmt"/>
      <line num="730" count="3" type="stmt"/>
      <line num="731" count="3" type="stmt"/>
      <line num="733" count="3" type="stmt"/>
      <line num="734" count="77" type="stmt"/>
      <line num="735" count="77" type="stmt"/>
      <line num="736" count="77" type="stmt"/>
      <line num="737" count="1248" type="stmt"/>
      <line num="738" count="1248" type="stmt"/>
      <line num="741" count="1248" type="stmt"/>
      <line num="742" count="1248" type="stmt"/>
      <line num="744" count="0" type="cond" truecount="0" falsecount="2"/>
      <line num="746" count="1248" type="cond" truecount="4" falsecount="0"/>
      <line num="748" count="258" type="stmt"/>
      <line num="749" count="258" type="cond" truecount="1" falsecount="1"/>
      <line num="751" count="258" type="stmt"/>
      <line num="752" count="258" type="stmt"/>
      <line num="753" count="258" type="stmt"/>
      <line num="757" count="3" type="stmt"/>
      <line num="761" count="4" type="stmt"/>
      <line num="762" count="4" type="cond" truecount="2" falsecount="0"/>
      <line num="763" count="4" type="stmt"/>
      <line num="765" count="4" type="cond" truecount="2" falsecount="0"/>
      <line num="766" count="4" type="cond" truecount="2" falsecount="0"/>
      <line num="768" count="4" type="stmt"/>
      <line num="769" count="4" type="cond" truecount="1" falsecount="1"/>
      <line num="771" count="4" type="stmt"/>
      <line num="772" count="4" type="stmt"/>
      <line num="773" count="4" type="stmt"/>
      <line num="774" count="4" type="stmt"/>
      <line num="775" count="4" type="stmt"/>
      <line num="777" count="4" type="stmt"/>
      <line num="778" count="4" type="stmt"/>
      <line num="779" count="4" type="stmt"/>
      <line num="781" count="4" type="stmt"/>
      <line num="783" count="4" type="stmt"/>
      <line num="784" count="4" type="stmt"/>
      <line num="786" count="4" type="stmt"/>
      <line num="787" count="4" type="stmt"/>
      <line num="788" count="4" type="stmt"/>
      <line num="789" count="4" type="stmt"/>
      <line num="791" count="4" type="stmt"/>
      <line num="792" count="4" type="stmt"/>
      <line num="793" count="4" type="cond" truecount="1" falsecount="1"/>
      <line num="794" count="0" type="stmt"/>
      <line num="795" count="0" type="stmt"/>
      <line num="798" count="4" type="stmt"/>
      <line num="799" count="4" type="stmt"/>
      <line num="800" count="4" type="stmt"/>
      <line num="801" count="4" type="stmt"/>
      <line num="803" count="4" type="stmt"/>
      <line num="804" count="4" type="stmt"/>
      <line num="806" count="4" type="stmt"/>
      <line num="807" count="4" type="cond" truecount="1" falsecount="1"/>
      <line num="808" count="0" type="stmt"/>
      <line num="811" count="4" type="stmt"/>
      <line num="812" count="4" type="stmt"/>
      <line num="814" count="4" type="stmt"/>
      <line num="815" count="66" type="cond" truecount="2" falsecount="0"/>
      <line num="816" count="66" type="stmt"/>
      <line num="817" count="66" type="stmt"/>
      <line num="818" count="948" type="stmt"/>
      <line num="820" count="948" type="stmt"/>
      <line num="821" count="2844" type="stmt"/>
      <line num="822" count="2844" type="stmt"/>
      <line num="823" count="2844" type="stmt"/>
      <line num="824" count="2844" type="stmt"/>
      <line num="826" count="2844" type="stmt"/>
      <line num="831" count="2844" type="stmt"/>
      <line num="832" count="5688" type="stmt"/>
      <line num="835" count="5688" type="stmt"/>
      <line num="836" count="5688" type="stmt"/>
      <line num="838" count="0" type="cond" truecount="0" falsecount="2"/>
      <line num="840" count="5688" type="cond" truecount="4" falsecount="0"/>
      <line num="842" count="408" type="stmt"/>
      <line num="843" count="408" type="cond" truecount="1" falsecount="1"/>
      <line num="845" count="408" type="stmt"/>
      <line num="846" count="408" type="stmt"/>
      <line num="848" count="408" type="stmt"/>
      <line num="854" count="4" type="stmt"/>
    </file>
    <file name="i18n.js" path="/Users/feivel/WebstormProjects/fp/src/i18n.js">
      <metrics statements="19" coveredstatements="12" conditionals="14" coveredconditionals="6" methods="3" coveredmethods="1"/>
      <line num="1" count="5" type="stmt"/>
      <line num="510" count="5" type="stmt"/>
      <line num="512" count="5" type="stmt"/>
      <line num="513" count="5" type="cond" truecount="1" falsecount="1"/>
      <line num="514" count="5" type="cond" truecount="1" falsecount="1"/>
      <line num="517" count="5" type="stmt"/>
      <line num="521" count="0" type="cond" truecount="0" falsecount="2"/>
      <line num="522" count="0" type="stmt"/>
      <line num="523" count="0" type="stmt"/>
      <line num="524" count="0" type="cond" truecount="0" falsecount="2"/>
      <line num="525" count="0" type="stmt"/>
      <line num="534" count="0" type="stmt"/>
      <line num="538" count="129" type="stmt"/>
      <line num="539" count="129" type="stmt"/>
      <line num="541" count="129" type="stmt"/>
      <line num="542" count="258" type="cond" truecount="3" falsecount="1"/>
      <line num="543" count="258" type="stmt"/>
      <line num="545" count="0" type="stmt"/>
      <line num="549" count="129" type="cond" truecount="1" falsecount="1"/>
    </file>
    <file name="render.js" path="/Users/feivel/WebstormProjects/fp/src/render.js">
      <metrics statements="351" coveredstatements="78" conditionals="238" coveredconditionals="27" methods="30" coveredmethods="8"/>
      <line num="19" count="16" type="stmt"/>
      <line num="20" count="16" type="cond" truecount="2" falsecount="0"/>
      <line num="28" count="1" type="stmt"/>
      <line num="29" count="1" type="stmt"/>
      <line num="30" count="1" type="cond" truecount="1" falsecount="1"/>
      <line num="32" count="1" type="stmt"/>
      <line num="34" count="1" type="stmt"/>
      <line num="35" count="0" type="stmt"/>
      <line num="36" count="0" type="stmt"/>
      <line num="39" count="1" type="stmt"/>
      <line num="40" count="1" type="cond" truecount="1" falsecount="1"/>
      <line num="42" count="1" type="cond" truecount="1" falsecount="1"/>
      <line num="43" count="1" type="stmt"/>
      <line num="44" count="1" type="stmt"/>
      <line num="45" count="1" type="stmt"/>
      <line num="46" count="1" type="stmt"/>
      <line num="47" count="1" type="stmt"/>
      <line num="50" count="0" type="stmt"/>
      <line num="51" count="0" type="stmt"/>
      <line num="52" count="0" type="stmt"/>
      <line num="53" count="0" type="stmt"/>
      <line num="56" count="0" type="stmt"/>
      <line num="61" count="1" type="stmt"/>
      <line num="62" count="1" type="stmt"/>
      <line num="63" count="1" type="stmt"/>
      <line num="64" count="1" type="stmt"/>
      <line num="65" count="1" type="stmt"/>
      <line num="66" count="1" type="stmt"/>
      <line num="68" count="1" type="cond" truecount="5" falsecount="1"/>
      <line num="70" count="1" type="stmt"/>
      <line num="71" count="1" type="cond" truecount="1" falsecount="1"/>
      <line num="72" count="0" type="stmt"/>
      <line num="73" count="0" type="stmt"/>
      <line num="74" count="0" type="stmt"/>
      <line num="75" count="0" type="stmt"/>
      <line num="76" count="0" type="cond" truecount="0" falsecount="2"/>
      <line num="77" count="0" type="cond" truecount="0" falsecount="2"/>
      <line num="78" count="0" type="stmt"/>
      <line num="81" count="1" type="stmt"/>
      <line num="82" count="4" type="cond" truecount="1" falsecount="1"/>
      <line num="83" count="2" type="cond" truecount="1" falsecount="1"/>
      <line num="85" count="1" type="stmt"/>
      <line num="86" count="1" type="stmt"/>
      <line num="88" count="1" type="stmt"/>
      <line num="89" count="1" type="cond" truecount="3" falsecount="1"/>
      <line num="90" count="1" type="stmt"/>
      <line num="92" count="0" type="stmt"/>
      <line num="95" count="1" type="stmt"/>
      <line num="97" count="1" type="cond" truecount="1" falsecount="1"/>
      <line num="98" count="1" type="stmt"/>
      <line num="101" count="1" type="cond" truecount="1" falsecount="1"/>
      <line num="102" count="1" type="stmt"/>
      <line num="107" count="1" type="stmt"/>
      <line num="108" count="1" type="cond" truecount="1" falsecount="1"/>
      <line num="109" count="1" type="stmt"/>
      <line num="113" count="0" type="stmt"/>
      <line num="114" count="0" type="stmt"/>
      <line num="115" count="0" type="stmt"/>
      <line num="116" count="0" type="stmt"/>
      <line num="117" count="0" type="stmt"/>
      <line num="118" count="0" type="stmt"/>
      <line num="120" count="0" type="cond" truecount="0" falsecount="2"/>
      <line num="121" count="0" type="cond" truecount="0" falsecount="2"/>
      <line num="122" count="0" type="cond" truecount="0" falsecount="5"/>
      <line num="123" count="0" type="cond" truecount="0" falsecount="2"/>
      <line num="125" count="0" type="cond" truecount="0" falsecount="2"/>
      <line num="126" count="0" type="cond" truecount="0" falsecount="2"/>
      <line num="130" count="0" type="stmt"/>
      <line num="131" count="0" type="cond" truecount="0" falsecount="2"/>
      <line num="132" count="0" type="cond" truecount="0" falsecount="2"/>
      <line num="133" count="0" type="cond" truecount="0" falsecount="2"/>
      <line num="134" count="0" type="stmt"/>
      <line num="138" count="0" type="stmt"/>
      <line num="139" count="0" type="cond" truecount="0" falsecount="2"/>
      <line num="141" count="0" type="stmt"/>
      <line num="142" count="0" type="stmt"/>
      <line num="143" count="0" type="stmt"/>
      <line num="145" count="0" type="cond" truecount="0" falsecount="2"/>
      <line num="146" count="0" type="stmt"/>
      <line num="147" count="0" type="stmt"/>
      <line num="148" count="0" type="stmt"/>
      <line num="149" count="0" type="stmt"/>
      <line num="150" count="0" type="stmt"/>
      <line num="151" count="0" type="stmt"/>
      <line num="154" count="0" type="stmt"/>
      <line num="155" count="0" type="stmt"/>
      <line num="156" count="0" type="stmt"/>
      <line num="157" count="0" type="stmt"/>
      <line num="158" count="0" type="cond" truecount="0" falsecount="2"/>
      <line num="159" count="0" type="stmt"/>
      <line num="160" count="0" type="cond" truecount="0" falsecount="2"/>
      <line num="161" count="0" type="stmt"/>
      <line num="171" count="0" type="stmt"/>
      <line num="172" count="0" type="cond" truecount="0" falsecount="2"/>
      <line num="174" count="0" type="stmt"/>
      <line num="175" count="0" type="stmt"/>
      <line num="177" count="0" type="cond" truecount="0" falsecount="2"/>
      <line num="178" count="0" type="stmt"/>
      <line num="179" count="0" type="stmt"/>
      <line num="180" count="0" type="stmt"/>
      <line num="181" count="0" type="stmt"/>
      <line num="182" count="0" type="stmt"/>
      <line num="185" count="0" type="cond" truecount="0" falsecount="1"/>
      <line num="186" count="0" type="stmt"/>
      <line num="187" count="0" type="stmt"/>
      <line num="188" count="0" type="stmt"/>
      <line num="191" count="0" type="stmt"/>
      <line num="192" count="0" type="stmt"/>
      <line num="193" count="0" type="stmt"/>
      <line num="194" count="0" type="stmt"/>
      <line num="195" count="0" type="stmt"/>
      <line num="196" count="0" type="cond" truecount="0" falsecount="2"/>
      <line num="197" count="0" type="stmt"/>
      <line num="198" count="0" type="stmt"/>
      <line num="201" count="0" type="stmt"/>
      <line num="204" count="0" type="stmt"/>
      <line num="205" count="0" type="stmt"/>
      <line num="206" count="0" type="stmt"/>
      <line num="207" count="0" type="stmt"/>
      <line num="208" count="0" type="stmt"/>
      <line num="209" count="0" type="cond" truecount="0" falsecount="2"/>
      <line num="210" count="0" type="stmt"/>
      <line num="211" count="0" type="stmt"/>
      <line num="212" count="0" type="cond" truecount="0" falsecount="2"/>
      <line num="213" count="0" type="stmt"/>
      <line num="214" count="0" type="stmt"/>
      <line num="218" count="0" type="stmt"/>
      <line num="219" count="0" type="stmt"/>
      <line num="220" count="0" type="stmt"/>
      <line num="221" count="0" type="stmt"/>
      <line num="225" count="0" type="stmt"/>
      <line num="227" count="0" type="cond" truecount="0" falsecount="2"/>
      <line num="228" count="0" type="cond" truecount="0" falsecount="2"/>
      <line num="229" count="0" type="cond" truecount="0" falsecount="2"/>
      <line num="230" count="0" type="cond" truecount="0" falsecount="2"/>
      <line num="231" count="0" type="cond" truecount="0" falsecount="2"/>
      <line num="232" count="0" type="stmt"/>
      <line num="235" count="0" type="stmt"/>
      <line num="236" count="0" type="cond" truecount="0" falsecount="2"/>
      <line num="237" count="0" type="stmt"/>
      <line num="239" count="0" type="stmt"/>
      <line num="243" count="0" type="cond" truecount="0" falsecount="2"/>
      <line num="244" count="0" type="stmt"/>
      <line num="247" count="0" type="stmt"/>
      <line num="250" count="0" type="cond" truecount="0" falsecount="2"/>
      <line num="251" count="0" type="cond" truecount="0" falsecount="2"/>
      <line num="253" count="0" type="stmt"/>
      <line num="255" count="0" type="cond" truecount="0" falsecount="2"/>
      <line num="256" count="0" type="cond" truecount="0" falsecount="2"/>
      <line num="258" count="0" type="stmt"/>
      <line num="259" count="0" type="stmt"/>
      <line num="261" count="0" type="cond" truecount="0" falsecount="2"/>
      <line num="262" count="0" type="stmt"/>
      <line num="263" count="0" type="stmt"/>
      <line num="265" count="0" type="cond" truecount="0" falsecount="2"/>
      <line num="266" count="0" type="cond" truecount="0" falsecount="2"/>
      <line num="267" count="0" type="cond" truecount="0" falsecount="2"/>
      <line num="269" count="0" type="cond" truecount="0" falsecount="2"/>
      <line num="270" count="0" type="cond" truecount="0" falsecount="2"/>
      <line num="274" count="0" type="stmt"/>
      <line num="275" count="0" type="stmt"/>
      <line num="276" count="0" type="stmt"/>
      <line num="277" count="0" type="cond" truecount="0" falsecount="4"/>
      <line num="278" count="0" type="cond" truecount="0" falsecount="4"/>
      <line num="279" count="0" type="cond" truecount="0" falsecount="4"/>
      <line num="282" count="0" type="stmt"/>
      <line num="283" count="0" type="cond" truecount="0" falsecount="2"/>
      <line num="285" count="0" type="stmt"/>
      <line num="286" count="0" type="cond" truecount="0" falsecount="2"/>
      <line num="289" count="0" type="stmt"/>
      <line num="290" count="0" type="cond" truecount="0" falsecount="2"/>
      <line num="293" count="0" type="stmt"/>
      <line num="294" count="0" type="cond" truecount="0" falsecount="4"/>
      <line num="298" count="0" type="stmt"/>
      <line num="299" count="0" type="stmt"/>
      <line num="300" count="0" type="stmt"/>
      <line num="301" count="0" type="cond" truecount="0" falsecount="2"/>
      <line num="302" count="0" type="cond" truecount="0" falsecount="2"/>
      <line num="303" count="0" type="stmt"/>
      <line num="304" count="0" type="stmt"/>
      <line num="305" count="0" type="stmt"/>
      <line num="306" count="0" type="stmt"/>
      <line num="307" count="0" type="stmt"/>
      <line num="308" count="0" type="stmt"/>
      <line num="310" count="0" type="stmt"/>
      <line num="311" count="0" type="stmt"/>
      <line num="312" count="0" type="stmt"/>
      <line num="313" count="0" type="stmt"/>
      <line num="314" count="0" type="cond" truecount="0" falsecount="2"/>
      <line num="315" count="0" type="cond" truecount="0" falsecount="2"/>
      <line num="316" count="0" type="stmt"/>
      <line num="326" count="3" type="stmt"/>
      <line num="327" count="3" type="stmt"/>
      <line num="328" count="3" type="stmt"/>
      <line num="330" count="3" type="cond" truecount="1" falsecount="1"/>
      <line num="331" count="0" type="stmt"/>
      <line num="332" count="0" type="stmt"/>
      <line num="333" count="0" type="stmt"/>
      <line num="334" count="0" type="stmt"/>
      <line num="335" count="0" type="stmt"/>
      <line num="338" count="3" type="cond" truecount="1" falsecount="0"/>
      <line num="339" count="13" type="stmt"/>
      <line num="340" count="13" type="stmt"/>
      <line num="341" count="13" type="stmt"/>
      <line num="344" count="13" type="stmt"/>
      <line num="345" count="13" type="stmt"/>
      <line num="346" count="13" type="stmt"/>
      <line num="347" count="13" type="stmt"/>
      <line num="348" count="13" type="stmt"/>
      <line num="349" count="0" type="cond" truecount="0" falsecount="2"/>
      <line num="350" count="0" type="stmt"/>
      <line num="351" count="0" type="stmt"/>
      <line num="354" count="13" type="stmt"/>
      <line num="357" count="3" type="stmt"/>
      <line num="358" count="3" type="stmt"/>
      <line num="359" count="3" type="stmt"/>
      <line num="360" count="3" type="stmt"/>
      <line num="361" count="3" type="stmt"/>
      <line num="362" count="3" type="cond" truecount="1" falsecount="1"/>
      <line num="363" count="3" type="stmt"/>
      <line num="364" count="3" type="stmt"/>
      <line num="365" count="0" type="cond" truecount="0" falsecount="2"/>
      <line num="366" count="0" type="stmt"/>
      <line num="367" count="0" type="stmt"/>
      <line num="371" count="3" type="cond" truecount="2" falsecount="0"/>
      <line num="372" count="1" type="stmt"/>
      <line num="373" count="1" type="stmt"/>
      <line num="374" count="1" type="stmt"/>
      <line num="375" count="1" type="stmt"/>
      <line num="376" count="2" type="cond" truecount="2" falsecount="0"/>
      <line num="377" count="1" type="stmt"/>
      <line num="378" count="1" type="stmt"/>
      <line num="379" count="1" type="stmt"/>
      <line num="380" count="1" type="cond" truecount="1" falsecount="1"/>
      <line num="381" count="1" type="stmt"/>
      <line num="382" count="1" type="stmt"/>
      <line num="383" count="1" type="stmt"/>
      <line num="384" count="1" type="stmt"/>
      <line num="385" count="1" type="stmt"/>
      <line num="386" count="1" type="stmt"/>
      <line num="401" count="0" type="stmt"/>
      <line num="402" count="0" type="stmt"/>
      <line num="404" count="0" type="cond" truecount="0" falsecount="2"/>
      <line num="405" count="0" type="stmt"/>
      <line num="406" count="0" type="stmt"/>
      <line num="407" count="0" type="stmt"/>
      <line num="410" count="0" type="stmt"/>
      <line num="411" count="0" type="stmt"/>
      <line num="412" count="0" type="stmt"/>
      <line num="413" count="0" type="stmt"/>
      <line num="414" count="0" type="stmt"/>
      <line num="415" count="0" type="stmt"/>
      <line num="416" count="0" type="stmt"/>
      <line num="417" count="0" type="cond" truecount="0" falsecount="2"/>
      <line num="418" count="0" type="stmt"/>
      <line num="420" count="0" type="stmt"/>
      <line num="422" count="0" type="stmt"/>
      <line num="423" count="0" type="stmt"/>
      <line num="424" count="0" type="stmt"/>
      <line num="426" count="0" type="stmt"/>
      <line num="435" count="0" type="cond" truecount="0" falsecount="2"/>
      <line num="436" count="0" type="stmt"/>
      <line num="437" count="0" type="stmt"/>
      <line num="438" count="0" type="stmt"/>
      <line num="439" count="0" type="stmt"/>
      <line num="440" count="0" type="stmt"/>
      <line num="446" count="0" type="stmt"/>
      <line num="447" count="0" type="stmt"/>
      <line num="448" count="0" type="stmt"/>
      <line num="454" count="0" type="stmt"/>
      <line num="458" count="0" type="stmt"/>
      <line num="459" count="0" type="cond" truecount="0" falsecount="4"/>
      <line num="461" count="0" type="stmt"/>
      <line num="471" count="0" type="cond" truecount="0" falsecount="4"/>
      <line num="472" count="0" type="stmt"/>
      <line num="479" count="0" type="stmt"/>
      <line num="480" count="0" type="stmt"/>
      <line num="484" count="0" type="stmt"/>
      <line num="491" count="0" type="stmt"/>
      <line num="492" count="0" type="cond" truecount="0" falsecount="2"/>
      <line num="493" count="0" type="stmt"/>
      <line num="494" count="0" type="stmt"/>
      <line num="497" count="0" type="stmt"/>
      <line num="498" count="0" type="cond" truecount="0" falsecount="2"/>
      <line num="499" count="0" type="stmt"/>
      <line num="501" count="0" type="stmt"/>
      <line num="502" count="0" type="cond" truecount="0" falsecount="2"/>
      <line num="503" count="0" type="stmt"/>
      <line num="504" count="0" type="cond" truecount="0" falsecount="2"/>
      <line num="505" count="0" type="stmt"/>
      <line num="507" count="0" type="stmt"/>
      <line num="509" count="0" type="stmt"/>
      <line num="510" count="0" type="stmt"/>
      <line num="513" count="0" type="cond" truecount="0" falsecount="2"/>
      <line num="514" count="0" type="cond" truecount="0" falsecount="4"/>
      <line num="515" count="0" type="stmt"/>
      <line num="517" count="0" type="stmt"/>
      <line num="518" count="0" type="stmt"/>
      <line num="531" count="0" type="stmt"/>
      <line num="532" count="0" type="cond" truecount="0" falsecount="4"/>
      <line num="534" count="0" type="cond" truecount="0" falsecount="5"/>
      <line num="535" count="0" type="stmt"/>
      <line num="536" count="0" type="stmt"/>
      <line num="538" count="0" type="stmt"/>
      <line num="541" count="0" type="stmt"/>
      <line num="543" count="0" type="stmt"/>
      <line num="544" count="0" type="stmt"/>
      <line num="545" count="0" type="stmt"/>
      <line num="546" count="0" type="cond" truecount="0" falsecount="4"/>
      <line num="548" count="0" type="stmt"/>
      <line num="550" count="0" type="stmt"/>
      <line num="563" count="0" type="stmt"/>
      <line num="564" count="0" type="cond" truecount="0" falsecount="2"/>
      <line num="565" count="0" type="stmt"/>
      <line num="567" count="0" type="cond" truecount="0" falsecount="2"/>
      <line num="568" count="0" type="stmt"/>
      <line num="569" count="0" type="stmt"/>
      <line num="578" count="0" type="stmt"/>
      <line num="579" count="0" type="stmt"/>
      <line num="580" count="0" type="stmt"/>
      <line num="581" count="0" type="stmt"/>
      <line num="590" count="0" type="cond" truecount="0" falsecount="2"/>
      <line num="591" count="0" type="stmt"/>
      <line num="592" count="0" type="cond" truecount="0" falsecount="2"/>
      <line num="593" count="0" type="stmt"/>
      <line num="595" count="0" type="stmt"/>
      <line num="596" count="0" type="stmt"/>
      <line num="599" count="0" type="stmt"/>
      <line num="600" count="0" type="stmt"/>
      <line num="601" count="0" type="stmt"/>
      <line num="602" count="0" type="stmt"/>
      <line num="604" count="0" type="stmt"/>
      <line num="606" count="0" type="stmt"/>
      <line num="607" count="0" type="stmt"/>
      <line num="610" count="0" type="cond" truecount="0" falsecount="2"/>
      <line num="611" count="0" type="stmt"/>
      <line num="617" count="0" type="stmt"/>
      <line num="618" count="0" type="stmt"/>
      <line num="620" count="0" type="cond" truecount="0" falsecount="2"/>
      <line num="621" count="0" type="stmt"/>
      <line num="627" count="0" type="stmt"/>
      <line num="628" count="0" type="stmt"/>
      <line num="631" count="0" type="stmt"/>
      <line num="632" count="0" type="cond" truecount="0" falsecount="2"/>
      <line num="633" count="0" type="stmt"/>
      <line num="634" count="0" type="stmt"/>
      <line num="635" count="0" type="stmt"/>
      <line num="637" count="0" type="cond" truecount="0" falsecount="2"/>
      <line num="638" count="0" type="stmt"/>
      <line num="639" count="0" type="stmt"/>
      <line num="640" count="0" type="stmt"/>
    </file>
    <file name="sanitize.js" path="/Users/feivel/WebstormProjects/fp/src/sanitize.js">
      <metrics statements="25" coveredstatements="25" conditionals="31" coveredconditionals="31" methods="7" coveredmethods="7"/>
      <line num="9" count="66" type="stmt"/>
      <line num="10" count="66" type="cond" truecount="2" falsecount="0"/>
      <line num="11" count="52" type="stmt"/>
      <line num="21" count="27" type="stmt"/>
      <line num="22" count="27" type="cond" truecount="4" falsecount="0"/>
      <line num="23" count="17" type="stmt"/>
      <line num="32" count="9" type="cond" truecount="2" falsecount="0"/>
      <line num="33" count="9" type="stmt"/>
      <line num="44" count="14" type="stmt"/>
      <line num="45" count="14" type="stmt"/>
      <line num="46" count="14" type="cond" truecount="2" falsecount="0"/>
      <line num="47" count="14" type="stmt"/>
      <line num="55" count="11" type="cond" truecount="4" falsecount="0"/>
      <line num="56" count="7" type="stmt"/>
      <line num="57" count="7" type="stmt"/>
      <line num="58" count="7" type="stmt"/>
      <line num="59" count="7" type="stmt"/>
      <line num="60" count="7" type="stmt"/>
      <line num="68" count="8" type="cond" truecount="4" falsecount="0"/>
      <line num="69" count="6" type="stmt"/>
      <line num="70" count="6" type="stmt"/>
      <line num="71" count="6" type="stmt"/>
      <line num="72" count="6" type="stmt"/>
      <line num="80" count="8" type="cond" truecount="4" falsecount="0"/>
      <line num="81" count="6" type="stmt"/>
    </file>
    <file name="validation.js" path="/Users/feivel/WebstormProjects/fp/src/validation.js">
      <metrics statements="68" coveredstatements="67" conditionals="77" coveredconditionals="71" methods="3" coveredmethods="3"/>
      <line num="16" count="4" type="cond" truecount="1" falsecount="1"/>
      <line num="17" count="4" type="cond" truecount="2" falsecount="0"/>
      <line num="18" count="2" type="stmt"/>
      <line num="19" count="2" type="cond" truecount="2" falsecount="0"/>
      <line num="20" count="2" type="stmt"/>
      <line num="26" count="1" type="cond" truecount="1" falsecount="1"/>
      <line num="27" count="1" type="stmt"/>
      <line num="28" count="1" type="stmt"/>
      <line num="29" count="1" type="stmt"/>
      <line num="36" count="0" type="stmt"/>
      <line num="45" count="26" type="stmt"/>
      <line num="46" count="26" type="stmt"/>
      <line num="47" count="134" type="cond" truecount="2" falsecount="0"/>
      <line num="49" count="26" type="stmt"/>
      <line num="51" count="26" type="cond" truecount="2" falsecount="0"/>
      <line num="52" count="1" type="stmt"/>
      <line num="57" count="25" type="stmt"/>
      <line num="58" count="25" type="cond" truecount="2" falsecount="0"/>
      <line num="59" count="18" type="stmt"/>
      <line num="60" count="18" type="stmt"/>
      <line num="61" count="18" type="stmt"/>
      <line num="63" count="7" type="stmt"/>
      <line num="64" count="7" type="stmt"/>
      <line num="66" count="7" type="cond" truecount="4" falsecount="0"/>
      <line num="67" count="6" type="stmt"/>
      <line num="72" count="7" type="cond" truecount="4" falsecount="0"/>
      <line num="73" count="3" type="stmt"/>
      <line num="81" count="26" type="stmt"/>
      <line num="82" count="26" type="stmt"/>
      <line num="83" count="26" type="stmt"/>
      <line num="84" count="26" type="stmt"/>
      <line num="86" count="26" type="stmt"/>
      <line num="87" count="26" type="stmt"/>
      <line num="88" count="26" type="stmt"/>
      <line num="89" count="26" type="cond" truecount="4" falsecount="0"/>
      <line num="90" count="3" type="stmt"/>
      <line num="94" count="26" type="cond" truecount="4" falsecount="0"/>
      <line num="95" count="3" type="stmt"/>
      <line num="99" count="26" type="cond" truecount="4" falsecount="0"/>
      <line num="100" count="3" type="stmt"/>
      <line num="105" count="26" type="stmt"/>
      <line num="106" count="26" type="cond" truecount="4" falsecount="0"/>
      <line num="107" count="4" type="cond" truecount="5" falsecount="1"/>
      <line num="108" count="4" type="stmt"/>
      <line num="109" count="4" type="stmt"/>
      <line num="110" count="4" type="stmt"/>
      <line num="111" count="4" type="stmt"/>
      <line num="112" count="4" type="stmt"/>
      <line num="114" count="4" type="cond" truecount="2" falsecount="0"/>
      <line num="115" count="2" type="stmt"/>
      <line num="116" count="2" type="stmt"/>
      <line num="117" count="2" type="cond" truecount="2" falsecount="0"/>
      <line num="118" count="1" type="stmt"/>
      <line num="119" count="1" type="stmt"/>
      <line num="124" count="2" type="cond" truecount="2" falsecount="0"/>
      <line num="125" count="1" type="stmt"/>
      <line num="126" count="1" type="stmt"/>
      <line num="134" count="26" type="stmt"/>
      <line num="135" count="26" type="cond" truecount="6" falsecount="0"/>
      <line num="136" count="1" type="stmt"/>
      <line num="142" count="26" type="cond" truecount="4" falsecount="0"/>
      <line num="143" count="23" type="stmt"/>
      <line num="144" count="4" type="cond" truecount="3" falsecount="1"/>
      <line num="145" count="4" type="stmt"/>
      <line num="146" count="4" type="cond" truecount="4" falsecount="1"/>
      <line num="147" count="4" type="cond" truecount="2" falsecount="0"/>
      <line num="153" count="3" type="stmt"/>
      <line num="162" count="26" type="stmt"/>
    </file>
  </project>
</coverage>
