<?xml version="1.0" encoding="UTF-8"?>
<coverage generated="1769529507503" clover="3.2.0">
  <project timestamp="1769529507503" name="All files">
    <metrics statements="2266" coveredstatements="1619" conditionals="1521" coveredconditionals="890" methods="218" coveredmethods="139" elements="4005" coveredelements="2648" complexity="0" loc="2266" ncloc="2266" packages="1" files="12" classes="12"/>
    <file name="calc.js" path="/Users/feivel/WebstormProjects/fp/src/calc.js">
      <metrics statements="321" coveredstatements="309" conditionals="289" coveredconditionals="231" methods="25" coveredmethods="25"/>
      <line num="9" count="3" type="stmt"/>
      <line num="10" count="3" type="cond" truecount="1" falsecount="1"/>
      <line num="11" count="0" type="stmt"/>
      <line num="21" count="3" type="cond" truecount="1" falsecount="1"/>
      <line num="22" count="3" type="stmt"/>
      <line num="24" count="3" type="cond" truecount="1" falsecount="1"/>
      <line num="25" count="0" type="stmt"/>
      <line num="36" count="3" type="cond" truecount="2" falsecount="0"/>
      <line num="37" count="1" type="cond" truecount="1" falsecount="1"/>
      <line num="38" count="1" type="stmt"/>
      <line num="39" count="1" type="cond" truecount="1" falsecount="1"/>
      <line num="41" count="1" type="stmt"/>
      <line num="56" count="2" type="cond" truecount="1" falsecount="1"/>
      <line num="57" count="3" type="cond" truecount="1" falsecount="1"/>
      <line num="58" count="3" type="cond" truecount="1" falsecount="1"/>
      <line num="69" count="3" type="stmt"/>
      <line num="70" count="3" type="cond" truecount="2" falsecount="0"/>
      <line num="71" count="1" type="stmt"/>
      <line num="74" count="2" type="cond" truecount="2" falsecount="0"/>
      <line num="75" count="3" type="cond" truecount="2" falsecount="0"/>
      <line num="78" count="3" type="cond" truecount="1" falsecount="1"/>
      <line num="79" count="3" type="stmt"/>
      <line num="80" count="3" type="stmt"/>
      <line num="81" count="3" type="stmt"/>
      <line num="83" count="3" type="stmt"/>
      <line num="96" count="100" type="stmt"/>
      <line num="100" count="4431" type="stmt"/>
      <line num="101" count="4431" type="cond" truecount="2" falsecount="0"/>
      <line num="105" count="20" type="cond" truecount="1" falsecount="1"/>
      <line num="106" count="0" type="stmt"/>
      <line num="107" count="0" type="stmt"/>
      <line num="109" count="20" type="cond" truecount="1" falsecount="1"/>
      <line num="110" count="0" type="stmt"/>
      <line num="112" count="20" type="cond" truecount="1" falsecount="1"/>
      <line num="113" count="0" type="stmt"/>
      <line num="115" count="20" type="stmt"/>
      <line num="119" count="65" type="stmt"/>
      <line num="123" count="143" type="stmt"/>
      <line num="126" count="2258" type="stmt"/>
      <line num="127" count="2258" type="stmt"/>
      <line num="129" count="143" type="stmt"/>
      <line num="130" count="143" type="stmt"/>
      <line num="131" count="143" type="stmt"/>
      <line num="132" count="143" type="stmt"/>
      <line num="134" count="143" type="stmt"/>
      <line num="135" count="705" type="stmt"/>
      <line num="136" count="705" type="stmt"/>
      <line num="137" count="705" type="cond" truecount="3" falsecount="1"/>
      <line num="138" count="705" type="stmt"/>
      <line num="139" count="705" type="stmt"/>
      <line num="140" count="705" type="stmt"/>
      <line num="141" count="705" type="stmt"/>
      <line num="143" count="143" type="cond" truecount="1" falsecount="1"/>
      <line num="144" count="143" type="stmt"/>
      <line num="151" count="143" type="stmt"/>
      <line num="152" count="143" type="stmt"/>
      <line num="154" count="143" type="stmt"/>
      <line num="155" count="848" type="cond" truecount="1" falsecount="1"/>
      <line num="156" count="848" type="stmt"/>
      <line num="157" count="848" type="stmt"/>
      <line num="161" count="1553" type="stmt"/>
      <line num="162" count="1553" type="stmt"/>
      <line num="164" count="848" type="cond" truecount="5" falsecount="0"/>
      <line num="165" count="705" type="stmt"/>
      <line num="169" count="143" type="cond" truecount="1" falsecount="1"/>
      <line num="172" count="143" type="stmt"/>
      <line num="173" count="143" type="stmt"/>
      <line num="174" count="143" type="cond" truecount="3" falsecount="1"/>
      <line num="175" count="0" type="stmt"/>
      <line num="178" count="143" type="stmt"/>
      <line num="185" count="143" type="stmt"/>
      <line num="186" count="143" type="cond" truecount="5" falsecount="1"/>
      <line num="187" count="0" type="stmt"/>
      <line num="190" count="143" type="stmt"/>
      <line num="191" count="143" type="stmt"/>
      <line num="192" count="143" type="cond" truecount="1" falsecount="1"/>
      <line num="193" count="143" type="cond" truecount="1" falsecount="1"/>
      <line num="194" count="143" type="cond" truecount="2" falsecount="0"/>
      <line num="196" count="143" type="stmt"/>
      <line num="211" count="20" type="stmt"/>
      <line num="212" count="20" type="stmt"/>
      <line num="213" count="20" type="stmt"/>
      <line num="214" count="20" type="stmt"/>
      <line num="216" count="20" type="stmt"/>
      <line num="217" count="20" type="stmt"/>
      <line num="218" count="413" type="cond" truecount="5" falsecount="0"/>
      <line num="219" count="133" type="stmt"/>
      <line num="223" count="20" type="stmt"/>
      <line num="224" count="133" type="stmt"/>
      <line num="225" count="133" type="cond" truecount="2" falsecount="0"/>
      <line num="227" count="107" type="stmt"/>
      <line num="228" count="107" type="cond" truecount="1" falsecount="1"/>
      <line num="230" count="107" type="stmt"/>
      <line num="231" count="553" type="stmt"/>
      <line num="232" count="553" type="cond" truecount="2" falsecount="0"/>
      <line num="234" count="539" type="stmt"/>
      <line num="235" count="539" type="cond" truecount="1" falsecount="1"/>
      <line num="238" count="539" type="cond" truecount="2" falsecount="0"/>
      <line num="241" count="553" type="cond" truecount="2" falsecount="0"/>
      <line num="243" count="174" type="stmt"/>
      <line num="244" count="174" type="cond" truecount="2" falsecount="0"/>
      <line num="246" count="553" type="cond" truecount="2" falsecount="0"/>
      <line num="247" count="26" type="stmt"/>
      <line num="248" count="26" type="stmt"/>
      <line num="249" count="26" type="stmt"/>
      <line num="254" count="20" type="stmt"/>
      <line num="262" count="20" type="stmt"/>
      <line num="263" count="20" type="stmt"/>
      <line num="265" count="20" type="stmt"/>
      <line num="266" count="413" type="cond" truecount="2" falsecount="0"/>
      <line num="268" count="387" type="stmt"/>
      <line num="269" count="387" type="cond" truecount="4" falsecount="0"/>
      <line num="270" count="26" type="stmt"/>
      <line num="271" count="26" type="stmt"/>
      <line num="272" count="26" type="stmt"/>
      <line num="273" count="26" type="stmt"/>
      <line num="275" count="361" type="stmt"/>
      <line num="276" count="361" type="stmt"/>
      <line num="280" count="20" type="stmt"/>
      <line num="284" count="28" type="stmt"/>
      <line num="285" count="28" type="stmt"/>
      <line num="286" count="28" type="cond" truecount="4" falsecount="0"/>
      <line num="287" count="24" type="stmt"/>
      <line num="296" count="14" type="stmt"/>
      <line num="297" count="14" type="stmt"/>
      <line num="298" count="14" type="stmt"/>
      <line num="299" count="14" type="stmt"/>
      <line num="300" count="14" type="stmt"/>
      <line num="302" count="14" type="cond" truecount="5" falsecount="1"/>
      <line num="303" count="14" type="cond" truecount="3" falsecount="1"/>
      <line num="305" count="14" type="stmt"/>
      <line num="307" count="14" type="stmt"/>
      <line num="308" count="14" type="cond" truecount="2" falsecount="0"/>
      <line num="309" count="14" type="stmt"/>
      <line num="310" count="14" type="cond" truecount="2" falsecount="0"/>
      <line num="312" count="14" type="stmt"/>
      <line num="313" count="14" type="cond" truecount="2" falsecount="0"/>
      <line num="314" count="14" type="stmt"/>
      <line num="315" count="14" type="cond" truecount="2" falsecount="0"/>
      <line num="317" count="14" type="stmt"/>
      <line num="326" count="757" type="stmt"/>
      <line num="327" count="757" type="stmt"/>
      <line num="328" count="757" type="stmt"/>
      <line num="329" count="757" type="stmt"/>
      <line num="330" count="757" type="stmt"/>
      <line num="332" count="757" type="cond" truecount="5" falsecount="1"/>
      <line num="334" count="757" type="cond" truecount="2" falsecount="0"/>
      <line num="335" count="73" type="cond" truecount="4" falsecount="0"/>
      <line num="337" count="67" type="cond" truecount="2" falsecount="0"/>
      <line num="338" count="65" type="cond" truecount="3" falsecount="1"/>
      <line num="340" count="65" type="stmt"/>
      <line num="347" count="20" type="stmt"/>
      <line num="348" count="20" type="stmt"/>
      <line num="351" count="85" type="stmt"/>
      <line num="352" count="85" type="stmt"/>
      <line num="355" count="85" type="cond" truecount="1" falsecount="1"/>
      <line num="356" count="85" type="stmt"/>
      <line num="357" count="85" type="stmt"/>
      <line num="358" count="85" type="cond" truecount="3" falsecount="1"/>
      <line num="359" count="85" type="stmt"/>
      <line num="360" count="85" type="stmt"/>
      <line num="361" count="85" type="stmt"/>
      <line num="365" count="110" type="stmt"/>
      <line num="366" count="110" type="stmt"/>
      <line num="367" count="110" type="stmt"/>
      <line num="369" count="110" type="cond" truecount="3" falsecount="1"/>
      <line num="371" count="110" type="stmt"/>
      <line num="373" count="110" type="stmt"/>
      <line num="374" count="387" type="stmt"/>
      <line num="377" count="387" type="cond" truecount="2" falsecount="0"/>
      <line num="378" count="30" type="stmt"/>
      <line num="379" count="30" type="cond" truecount="1" falsecount="1"/>
      <line num="380" count="30" type="stmt"/>
      <line num="382" count="30" type="cond" truecount="2" falsecount="0"/>
      <line num="383" count="17" type="cond" truecount="2" falsecount="2"/>
      <line num="384" count="17" type="cond" truecount="4" falsecount="0"/>
      <line num="385" count="13" type="cond" truecount="2" falsecount="0"/>
      <line num="389" count="386" type="cond" truecount="2" falsecount="0"/>
      <line num="390" count="370" type="cond" truecount="2" falsecount="0"/>
      <line num="391" count="35" type="stmt"/>
      <line num="392" count="35" type="cond" truecount="1" falsecount="1"/>
      <line num="393" count="35" type="stmt"/>
      <line num="395" count="35" type="cond" truecount="2" falsecount="0"/>
      <line num="396" count="24" type="cond" truecount="2" falsecount="2"/>
      <line num="397" count="24" type="cond" truecount="4" falsecount="0"/>
      <line num="398" count="23" type="cond" truecount="2" falsecount="0"/>
      <line num="403" count="108" type="cond" truecount="2" falsecount="0"/>
      <line num="404" count="22" type="stmt"/>
      <line num="408" count="24" type="stmt"/>
      <line num="410" count="24" type="cond" truecount="2" falsecount="0"/>
      <line num="411" count="24" type="cond" truecount="2" falsecount="0"/>
      <line num="413" count="24" type="stmt"/>
      <line num="414" count="24" type="cond" truecount="2" falsecount="0"/>
      <line num="415" count="12" type="stmt"/>
      <line num="416" count="12" type="stmt"/>
      <line num="417" count="20" type="stmt"/>
      <line num="418" count="20" type="cond" truecount="1" falsecount="1"/>
      <line num="422" count="24" type="stmt"/>
      <line num="429" count="61" type="stmt"/>
      <line num="434" count="22" type="stmt"/>
      <line num="435" count="22" type="cond" truecount="1" falsecount="1"/>
      <line num="436" count="0" type="stmt"/>
      <line num="439" count="22" type="stmt"/>
      <line num="440" count="22" type="stmt"/>
      <line num="441" count="22" type="cond" truecount="2" falsecount="0"/>
      <line num="443" count="22" type="cond" truecount="5" falsecount="0"/>
      <line num="444" count="2" type="stmt"/>
      <line num="448" count="20" type="stmt"/>
      <line num="449" count="22" type="stmt"/>
      <line num="450" count="22" type="stmt"/>
      <line num="453" count="22" type="stmt"/>
      <line num="454" count="22" type="cond" truecount="1" falsecount="1"/>
      <line num="457" count="20" type="stmt"/>
      <line num="458" count="20" type="cond" truecount="1" falsecount="1"/>
      <line num="460" count="20" type="cond" truecount="2" falsecount="0"/>
      <line num="461" count="22" type="stmt"/>
      <line num="463" count="22" type="stmt"/>
      <line num="464" count="22" type="stmt"/>
      <line num="465" count="22" type="stmt"/>
      <line num="467" count="22" type="stmt"/>
      <line num="469" count="22" type="stmt"/>
      <line num="470" count="22" type="stmt"/>
      <line num="471" count="22" type="stmt"/>
      <line num="473" count="22" type="stmt"/>
      <line num="474" count="22" type="stmt"/>
      <line num="475" count="413" type="stmt"/>
      <line num="476" count="413" type="cond" truecount="2" falsecount="0"/>
      <line num="477" count="143" type="stmt"/>
      <line num="481" count="20" type="stmt"/>
      <line num="482" count="20" type="stmt"/>
      <line num="484" count="20" type="stmt"/>
      <line num="486" count="20" type="stmt"/>
      <line num="487" count="413" type="stmt"/>
      <line num="488" count="413" type="stmt"/>
      <line num="490" count="413" type="cond" truecount="2" falsecount="0"/>
      <line num="491" count="270" type="stmt"/>
      <line num="492" count="270" type="stmt"/>
      <line num="493" count="270" type="stmt"/>
      <line num="494" count="270" type="stmt"/>
      <line num="497" count="143" type="stmt"/>
      <line num="498" count="143" type="cond" truecount="1" falsecount="1"/>
      <line num="499" count="413" type="cond" truecount="1" falsecount="1"/>
      <line num="500" count="413" type="stmt"/>
      <line num="502" count="413" type="cond" truecount="1" falsecount="1"/>
      <line num="503" count="413" type="stmt"/>
      <line num="505" count="413" type="cond" truecount="5" falsecount="0"/>
      <line num="506" count="10" type="stmt"/>
      <line num="507" count="10" type="stmt"/>
      <line num="510" count="133" type="stmt"/>
      <line num="512" count="133" type="cond" truecount="4" falsecount="1"/>
      <line num="514" count="133" type="cond" truecount="1" falsecount="1"/>
      <line num="515" count="413" type="cond" truecount="1" falsecount="1"/>
      <line num="516" count="413" type="cond" truecount="1" falsecount="3"/>
      <line num="517" count="413" type="cond" truecount="3" falsecount="0"/>
      <line num="519" count="413" type="stmt"/>
      <line num="520" count="413" type="cond" truecount="2" falsecount="0"/>
      <line num="522" count="413" type="stmt"/>
      <line num="523" count="413" type="stmt"/>
      <line num="525" count="413" type="cond" truecount="3" falsecount="1"/>
      <line num="526" count="0" type="stmt"/>
      <line num="527" count="0" type="stmt"/>
      <line num="528" count="0" type="stmt"/>
      <line num="531" count="133" type="cond" truecount="2" falsecount="0"/>
      <line num="532" count="26" type="stmt"/>
      <line num="533" count="26" type="cond" truecount="5" falsecount="0"/>
      <line num="534" count="23" type="stmt"/>
      <line num="535" count="23" type="cond" truecount="4" falsecount="1"/>
      <line num="536" count="23" type="stmt"/>
      <line num="537" count="23" type="stmt"/>
      <line num="545" count="23" type="stmt"/>
      <line num="550" count="110" type="stmt"/>
      <line num="557" count="413" type="cond" truecount="2" falsecount="0"/>
      <line num="558" count="24" type="stmt"/>
      <line num="559" count="24" type="stmt"/>
      <line num="567" count="24" type="stmt"/>
      <line num="570" count="86" type="stmt"/>
      <line num="572" count="86" type="cond" truecount="4" falsecount="0"/>
      <line num="573" count="23" type="stmt"/>
      <line num="574" count="23" type="stmt"/>
      <line num="575" count="23" type="stmt"/>
      <line num="576" count="63" type="cond" truecount="2" falsecount="0"/>
      <line num="577" count="12" type="stmt"/>
      <line num="578" count="12" type="stmt"/>
      <line num="579" count="12" type="stmt"/>
      <line num="580" count="12" type="cond" truecount="1" falsecount="1"/>
      <line num="581" count="51" type="cond" truecount="2" falsecount="0"/>
      <line num="582" count="2" type="stmt"/>
      <line num="583" count="2" type="stmt"/>
      <line num="584" count="4" type="stmt"/>
      <line num="585" count="4" type="cond" truecount="1" falsecount="1"/>
      <line num="588" count="49" type="stmt"/>
      <line num="589" count="49" type="cond" truecount="1" falsecount="1"/>
      <line num="590" count="49" type="stmt"/>
      <line num="591" count="49" type="stmt"/>
      <line num="592" count="49" type="stmt"/>
      <line num="593" count="49" type="stmt"/>
      <line num="594" count="49" type="cond" truecount="1" falsecount="1"/>
      <line num="598" count="86" type="stmt"/>
      <line num="602" count="20" type="cond" truecount="2" falsecount="0"/>
      <line num="607" count="22" type="stmt"/>
      <line num="608" count="22" type="stmt"/>
      <line num="609" count="22" type="stmt"/>
      <line num="612" count="22" type="stmt"/>
      <line num="613" count="22" type="stmt"/>
      <line num="615" count="22" type="stmt"/>
      <line num="616" count="22" type="stmt"/>
      <line num="618" count="22" type="stmt"/>
      <line num="619" count="22" type="stmt"/>
      <line num="620" count="22" type="cond" truecount="1" falsecount="1"/>
      <line num="623" count="22" type="cond" truecount="1" falsecount="1"/>
      <line num="624" count="22" type="stmt"/>
      <line num="627" count="22" type="stmt"/>
      <line num="628" count="22" type="cond" truecount="1" falsecount="1"/>
      <line num="631" count="22" type="stmt"/>
      <line num="632" count="22" type="stmt"/>
      <line num="633" count="22" type="stmt"/>
      <line num="636" count="22" type="cond" truecount="2" falsecount="0"/>
      <line num="637" count="22" type="cond" truecount="2" falsecount="0"/>
      <line num="639" count="22" type="stmt"/>
      <line num="640" count="22" type="cond" truecount="2" falsecount="0"/>
      <line num="642" count="22" type="stmt"/>
    </file>
    <file name="composite.js" path="/Users/feivel/WebstormProjects/fp/src/composite.js">
      <metrics statements="125" coveredstatements="118" conditionals="107" coveredconditionals="94" methods="13" coveredmethods="13"/>
      <line num="5" count="76" type="stmt"/>
      <line num="6" count="76" type="stmt"/>
      <line num="7" count="76" type="stmt"/>
      <line num="8" count="76" type="stmt"/>
      <line num="9" count="76" type="stmt"/>
      <line num="23" count="284" type="cond" truecount="2" falsecount="0"/>
      <line num="25" count="282" type="cond" truecount="5" falsecount="0"/>
      <line num="27" count="14" type="stmt"/>
      <line num="38" count="274" type="stmt"/>
      <line num="39" count="274" type="stmt"/>
      <line num="40" count="274" type="cond" truecount="4" falsecount="0"/>
      <line num="41" count="258" type="stmt"/>
      <line num="54" count="16" type="stmt"/>
      <line num="58" count="62" type="cond" truecount="4" falsecount="0"/>
      <line num="59" count="2" type="stmt"/>
      <line num="62" count="78" type="cond" truecount="2" falsecount="0"/>
      <line num="63" count="60" type="cond" truecount="2" falsecount="0"/>
      <line num="64" count="2" type="stmt"/>
      <line num="67" count="58" type="stmt"/>
      <line num="68" count="74" type="stmt"/>
      <line num="71" count="58" type="stmt"/>
      <line num="72" count="58" type="stmt"/>
      <line num="73" count="58" type="stmt"/>
      <line num="75" count="0" type="cond" truecount="0" falsecount="2"/>
      <line num="80" count="210" type="cond" truecount="4" falsecount="0"/>
      <line num="81" count="9" type="stmt"/>
      <line num="84" count="201" type="stmt"/>
      <line num="85" count="201" type="stmt"/>
      <line num="86" count="201" type="stmt"/>
      <line num="87" count="201" type="stmt"/>
      <line num="89" count="201" type="stmt"/>
      <line num="90" count="206" type="cond" truecount="4" falsecount="0"/>
      <line num="92" count="205" type="stmt"/>
      <line num="93" count="205" type="stmt"/>
      <line num="94" count="205" type="stmt"/>
      <line num="95" count="205" type="stmt"/>
      <line num="97" count="205" type="stmt"/>
      <line num="98" count="205" type="stmt"/>
      <line num="99" count="205" type="stmt"/>
      <line num="100" count="205" type="stmt"/>
      <line num="103" count="201" type="cond" truecount="1" falsecount="1"/>
      <line num="104" count="0" type="stmt"/>
      <line num="107" count="201" type="stmt"/>
      <line num="118" count="6" type="cond" truecount="4" falsecount="0"/>
      <line num="120" count="8" type="cond" truecount="2" falsecount="0"/>
      <line num="121" count="5" type="cond" truecount="2" falsecount="0"/>
      <line num="123" count="4" type="stmt"/>
      <line num="124" count="4" type="cond" truecount="3" falsecount="1"/>
      <line num="126" count="4" type="stmt"/>
      <line num="127" count="4" type="stmt"/>
      <line num="128" count="4" type="cond" truecount="1" falsecount="1"/>
      <line num="129" count="4" type="cond" truecount="1" falsecount="1"/>
      <line num="130" count="4" type="stmt"/>
      <line num="131" count="4" type="stmt"/>
      <line num="132" count="0" type="cond" truecount="0" falsecount="2"/>
      <line num="134" count="4" type="stmt"/>
      <line num="136" count="4" type="stmt"/>
      <line num="140" count="4" type="stmt"/>
      <line num="141" count="4" type="stmt"/>
      <line num="142" count="18" type="stmt"/>
      <line num="143" count="18" type="stmt"/>
      <line num="144" count="18" type="stmt"/>
      <line num="146" count="4" type="stmt"/>
      <line num="150" count="32" type="stmt"/>
      <line num="151" count="32" type="stmt"/>
      <line num="153" count="32" type="cond" truecount="4" falsecount="0"/>
      <line num="154" count="1" type="stmt"/>
      <line num="158" count="1" type="stmt"/>
      <line num="161" count="31" type="stmt"/>
      <line num="162" count="31" type="stmt"/>
      <line num="163" count="34" type="stmt"/>
      <line num="164" count="34" type="cond" truecount="2" falsecount="0"/>
      <line num="166" count="34" type="cond" truecount="2" falsecount="0"/>
      <line num="167" count="3" type="stmt"/>
      <line num="173" count="34" type="cond" truecount="2" falsecount="0"/>
      <line num="174" count="2" type="stmt"/>
      <line num="180" count="34" type="cond" truecount="4" falsecount="0"/>
      <line num="181" count="30" type="stmt"/>
      <line num="185" count="31" type="cond" truecount="2" falsecount="0"/>
      <line num="186" count="3" type="stmt"/>
      <line num="192" count="31" type="cond" truecount="2" falsecount="0"/>
      <line num="193" count="3" type="stmt"/>
      <line num="194" count="3" type="cond" truecount="4" falsecount="0"/>
      <line num="195" count="1" type="stmt"/>
      <line num="199" count="2" type="cond" truecount="2" falsecount="0"/>
      <line num="200" count="1" type="stmt"/>
      <line num="207" count="31" type="stmt"/>
      <line num="211" count="10" type="stmt"/>
      <line num="222" count="6" type="cond" truecount="4" falsecount="0"/>
      <line num="223" count="1" type="stmt"/>
      <line num="226" count="5" type="stmt"/>
      <line num="227" count="5" type="cond" truecount="1" falsecount="1"/>
      <line num="228" count="6" type="cond" truecount="1" falsecount="1"/>
      <line num="229" count="6" type="cond" truecount="2" falsecount="0"/>
      <line num="230" count="6" type="cond" truecount="2" falsecount="0"/>
      <line num="232" count="6" type="stmt"/>
      <line num="233" count="6" type="stmt"/>
      <line num="234" count="6" type="stmt"/>
      <line num="235" count="6" type="stmt"/>
      <line num="237" count="6" type="cond" truecount="4" falsecount="1"/>
      <line num="239" count="2" type="stmt"/>
      <line num="240" count="2" type="stmt"/>
      <line num="241" count="2" type="stmt"/>
      <line num="242" count="2" type="stmt"/>
      <line num="243" count="2" type="stmt"/>
      <line num="245" count="1" type="stmt"/>
      <line num="246" count="1" type="stmt"/>
      <line num="247" count="1" type="stmt"/>
      <line num="248" count="1" type="stmt"/>
      <line num="249" count="1" type="stmt"/>
      <line num="251" count="1" type="stmt"/>
      <line num="252" count="1" type="stmt"/>
      <line num="253" count="1" type="stmt"/>
      <line num="254" count="1" type="stmt"/>
      <line num="255" count="1" type="stmt"/>
      <line num="257" count="1" type="stmt"/>
      <line num="258" count="1" type="stmt"/>
      <line num="259" count="1" type="stmt"/>
      <line num="260" count="1" type="stmt"/>
      <line num="261" count="1" type="stmt"/>
      <line num="263" count="0" type="stmt"/>
      <line num="264" count="0" type="stmt"/>
      <line num="265" count="0" type="stmt"/>
      <line num="266" count="0" type="stmt"/>
      <line num="269" count="5" type="stmt"/>
    </file>
    <file name="constants.js" path="/Users/feivel/WebstormProjects/fp/src/constants.js">
      <metrics statements="14" coveredstatements="14" conditionals="0" coveredconditionals="0" methods="0" coveredmethods="0"/>
      <line num="1" count="10" type="stmt"/>
      <line num="3" count="10" type="stmt"/>
      <line num="5" count="10" type="stmt"/>
      <line num="7" count="10" type="stmt"/>
      <line num="9" count="10" type="stmt"/>
      <line num="10" count="10" type="stmt"/>
      <line num="12" count="10" type="stmt"/>
      <line num="13" count="10" type="stmt"/>
      <line num="15" count="10" type="stmt"/>
      <line num="17" count="10" type="stmt"/>
      <line num="18" count="10" type="stmt"/>
      <line num="19" count="10" type="stmt"/>
      <line num="21" count="10" type="stmt"/>
      <line num="44" count="10" type="stmt"/>
    </file>
    <file name="core.js" path="/Users/feivel/WebstormProjects/fp/src/core.js">
      <metrics statements="33" coveredstatements="33" conditionals="21" coveredconditionals="20" methods="14" coveredmethods="14"/>
      <line num="2" count="16" type="stmt"/>
      <line num="3" count="16" type="stmt"/>
      <line num="6" count="9" type="stmt"/>
      <line num="10" count="58" type="cond" truecount="2" falsecount="0"/>
      <line num="11" count="1" type="stmt"/>
      <line num="15" count="1" type="stmt"/>
      <line num="16" count="1" type="stmt"/>
      <line num="17" count="1" type="stmt"/>
      <line num="18" count="1" type="stmt"/>
      <line num="19" count="1" type="stmt"/>
      <line num="20" count="1" type="stmt"/>
      <line num="21" count="1" type="stmt"/>
      <line num="22" count="1" type="stmt"/>
      <line num="23" count="1" type="stmt"/>
      <line num="27" count="11" type="stmt"/>
      <line num="28" count="11" type="stmt"/>
      <line num="30" count="4" type="stmt"/>
      <line num="35" count="27" type="stmt"/>
      <line num="38" count="12" type="stmt"/>
      <line num="49" count="52" type="cond" truecount="2" falsecount="0"/>
      <line num="55" count="64" type="stmt"/>
      <line num="59" count="8" type="stmt"/>
      <line num="60" count="8" type="stmt"/>
      <line num="62" count="8" type="stmt"/>
      <line num="118" count="220" type="cond" truecount="5" falsecount="0"/>
      <line num="119" count="4" type="stmt"/>
      <line num="122" count="216" type="stmt"/>
      <line num="123" count="216" type="cond" truecount="4" falsecount="0"/>
      <line num="125" count="214" type="stmt"/>
      <line num="126" count="214" type="cond" truecount="1" falsecount="1"/>
      <line num="130" count="3" type="cond" truecount="4" falsecount="0"/>
      <line num="131" count="1" type="stmt"/>
      <line num="134" count="3" type="cond" truecount="2" falsecount="0"/>
    </file>
    <file name="drag.js" path="/Users/feivel/WebstormProjects/fp/src/drag.js">
      <metrics statements="89" coveredstatements="89" conditionals="38" coveredconditionals="27" methods="14" coveredmethods="14"/>
      <line num="5" count="27" type="stmt"/>
      <line num="6" count="27" type="stmt"/>
      <line num="7" count="27" type="stmt"/>
      <line num="8" count="27" type="stmt"/>
      <line num="9" count="27" type="cond" truecount="1" falsecount="1"/>
      <line num="10" count="27" type="stmt"/>
      <line num="11" count="27" type="stmt"/>
      <line num="12" count="27" type="stmt"/>
      <line num="19" count="30" type="stmt"/>
      <line num="42" count="14" type="stmt"/>
      <line num="43" count="14" type="stmt"/>
      <line num="44" count="14" type="stmt"/>
      <line num="45" count="14" type="stmt"/>
      <line num="48" count="15" type="cond" truecount="1" falsecount="1"/>
      <line num="50" count="15" type="stmt"/>
      <line num="51" count="15" type="stmt"/>
      <line num="52" count="15" type="stmt"/>
      <line num="53" count="15" type="stmt"/>
      <line num="56" count="15" type="stmt"/>
      <line num="57" count="15" type="stmt"/>
      <line num="60" count="15" type="stmt"/>
      <line num="61" count="15" type="stmt"/>
      <line num="62" count="16" type="stmt"/>
      <line num="67" count="15" type="stmt"/>
      <line num="68" count="15" type="cond" truecount="1" falsecount="1"/>
      <line num="69" count="15" type="stmt"/>
      <line num="70" count="15" type="stmt"/>
      <line num="71" count="15" type="stmt"/>
      <line num="72" count="15" type="stmt"/>
      <line num="73" count="15" type="stmt"/>
      <line num="74" count="15" type="cond" truecount="1" falsecount="1"/>
      <line num="79" count="15" type="cond" truecount="1" falsecount="1"/>
      <line num="80" count="15" type="stmt"/>
      <line num="84" count="6" type="stmt"/>
      <line num="85" count="6" type="stmt"/>
      <line num="87" count="6" type="cond" truecount="3" falsecount="1"/>
      <line num="89" count="6" type="cond" truecount="2" falsecount="0"/>
      <line num="90" count="6" type="cond" truecount="2" falsecount="0"/>
      <line num="91" count="6" type="cond" truecount="2" falsecount="0"/>
      <line num="93" count="6" type="cond" truecount="2" falsecount="0"/>
      <line num="95" count="3" type="stmt"/>
      <line num="96" count="3" type="stmt"/>
      <line num="97" count="3" type="stmt"/>
      <line num="99" count="3" type="cond" truecount="1" falsecount="1"/>
      <line num="100" count="3" type="cond" truecount="2" falsecount="0"/>
      <line num="101" count="1" type="stmt"/>
      <line num="102" count="1" type="stmt"/>
      <line num="103" count="2" type="cond" truecount="2" falsecount="0"/>
      <line num="104" count="1" type="stmt"/>
      <line num="105" count="1" type="stmt"/>
      <line num="106" count="1" type="cond" truecount="1" falsecount="1"/>
      <line num="107" count="1" type="stmt"/>
      <line num="108" count="1" type="stmt"/>
      <line num="109" count="1" type="stmt"/>
      <line num="110" count="1" type="stmt"/>
      <line num="111" count="1" type="stmt"/>
      <line num="112" count="1" type="stmt"/>
      <line num="117" count="3" type="stmt"/>
      <line num="120" count="3" type="stmt"/>
      <line num="121" count="3" type="stmt"/>
      <line num="123" count="3" type="stmt"/>
      <line num="126" count="6" type="stmt"/>
      <line num="127" count="6" type="stmt"/>
      <line num="131" count="13" type="stmt"/>
      <line num="132" count="13" type="stmt"/>
      <line num="134" count="13" type="stmt"/>
      <line num="135" count="13" type="cond" truecount="2" falsecount="0"/>
      <line num="138" count="12" type="cond" truecount="1" falsecount="1"/>
      <line num="139" count="12" type="stmt"/>
      <line num="143" count="12" type="stmt"/>
      <line num="144" count="12" type="stmt"/>
      <line num="145" count="9" type="stmt"/>
      <line num="146" count="9" type="stmt"/>
      <line num="147" count="9" type="stmt"/>
      <line num="151" count="12" type="cond" truecount="1" falsecount="1"/>
      <line num="152" count="12" type="stmt"/>
      <line num="156" count="12" type="stmt"/>
      <line num="157" count="12" type="stmt"/>
      <line num="158" count="12" type="stmt"/>
      <line num="159" count="13" type="cond" truecount="1" falsecount="1"/>
      <line num="161" count="12" type="stmt"/>
      <line num="162" count="12" type="stmt"/>
      <line num="164" count="12" type="stmt"/>
      <line num="165" count="12" type="stmt"/>
      <line num="167" count="12" type="stmt"/>
      <line num="175" count="12" type="stmt"/>
      <line num="176" count="12" type="stmt"/>
      <line num="177" count="12" type="stmt"/>
      <line num="180" count="14" type="stmt"/>
    </file>
    <file name="exclusions.js" path="/Users/feivel/WebstormProjects/fp/src/exclusions.js">
      <metrics statements="95" coveredstatements="95" conditionals="46" coveredconditionals="33" methods="11" coveredmethods="11"/>
      <line num="13" count="3" type="stmt"/>
      <line num="14" count="3" type="stmt"/>
      <line num="15" count="3" type="stmt"/>
      <line num="16" count="3" type="cond" truecount="1" falsecount="1"/>
      <line num="17" count="3" type="cond" truecount="2" falsecount="0"/>
      <line num="21" count="8" type="stmt"/>
      <line num="22" count="8" type="stmt"/>
      <line num="23" count="8" type="cond" truecount="1" falsecount="1"/>
      <line num="25" count="8" type="stmt"/>
      <line num="26" count="8" type="stmt"/>
      <line num="27" count="8" type="stmt"/>
      <line num="28" count="8" type="stmt"/>
      <line num="38" count="8" type="stmt"/>
      <line num="39" count="8" type="stmt"/>
      <line num="40" count="8" type="cond" truecount="1" falsecount="1"/>
      <line num="42" count="8" type="stmt"/>
      <line num="43" count="8" type="stmt"/>
      <line num="44" count="8" type="stmt"/>
      <line num="48" count="6" type="stmt"/>
      <line num="49" count="6" type="stmt"/>
      <line num="50" count="6" type="cond" truecount="1" falsecount="1"/>
      <line num="52" count="6" type="stmt"/>
      <line num="53" count="6" type="stmt"/>
      <line num="54" count="6" type="stmt"/>
      <line num="55" count="6" type="stmt"/>
      <line num="56" count="6" type="stmt"/>
      <line num="65" count="6" type="stmt"/>
      <line num="66" count="6" type="stmt"/>
      <line num="67" count="6" type="cond" truecount="1" falsecount="1"/>
      <line num="69" count="6" type="stmt"/>
      <line num="70" count="6" type="stmt"/>
      <line num="71" count="6" type="stmt"/>
      <line num="75" count="6" type="stmt"/>
      <line num="76" count="6" type="stmt"/>
      <line num="77" count="6" type="cond" truecount="1" falsecount="1"/>
      <line num="79" count="6" type="stmt"/>
      <line num="80" count="6" type="stmt"/>
      <line num="81" count="6" type="stmt"/>
      <line num="82" count="6" type="stmt"/>
      <line num="83" count="6" type="stmt"/>
      <line num="84" count="6" type="stmt"/>
      <line num="85" count="6" type="stmt"/>
      <line num="94" count="6" type="stmt"/>
      <line num="95" count="6" type="stmt"/>
      <line num="96" count="6" type="cond" truecount="1" falsecount="1"/>
      <line num="98" count="6" type="stmt"/>
      <line num="99" count="6" type="stmt"/>
      <line num="100" count="6" type="stmt"/>
      <line num="104" count="6" type="stmt"/>
      <line num="105" count="6" type="stmt"/>
      <line num="106" count="6" type="cond" truecount="2" falsecount="0"/>
      <line num="108" count="3" type="stmt"/>
      <line num="109" count="3" type="stmt"/>
      <line num="110" count="3" type="cond" truecount="1" falsecount="1"/>
      <line num="112" count="3" type="stmt"/>
      <line num="113" count="6" type="stmt"/>
      <line num="114" count="3" type="cond" truecount="1" falsecount="1"/>
      <line num="116" count="3" type="cond" truecount="2" falsecount="0"/>
      <line num="117" count="6" type="stmt"/>
      <line num="121" count="7" type="stmt"/>
      <line num="122" count="7" type="stmt"/>
      <line num="123" count="7" type="cond" truecount="2" falsecount="0"/>
      <line num="125" count="6" type="stmt"/>
      <line num="126" count="6" type="stmt"/>
      <line num="127" count="6" type="cond" truecount="1" falsecount="1"/>
      <line num="129" count="9" type="stmt"/>
      <line num="130" count="6" type="cond" truecount="2" falsecount="0"/>
      <line num="132" count="5" type="stmt"/>
      <line num="134" count="5" type="stmt"/>
      <line num="135" count="5" type="cond" truecount="3" falsecount="1"/>
      <line num="137" count="5" type="stmt"/>
      <line num="138" count="21" type="stmt"/>
      <line num="139" count="21" type="cond" truecount="2" falsecount="0"/>
      <line num="140" count="15" type="stmt"/>
      <line num="141" count="15" type="cond" truecount="2" falsecount="0"/>
      <line num="144" count="5" type="cond" truecount="2" falsecount="0"/>
      <line num="145" count="3" type="stmt"/>
      <line num="146" count="3" type="stmt"/>
      <line num="147" count="3" type="stmt"/>
      <line num="148" count="3" type="stmt"/>
      <line num="149" count="2" type="cond" truecount="2" falsecount="0"/>
      <line num="150" count="1" type="stmt"/>
      <line num="151" count="1" type="stmt"/>
      <line num="152" count="1" type="stmt"/>
      <line num="153" count="1" type="cond" truecount="1" falsecount="1"/>
      <line num="154" count="1" type="stmt"/>
      <line num="155" count="1" type="stmt"/>
      <line num="156" count="1" type="stmt"/>
      <line num="157" count="1" type="stmt"/>
      <line num="158" count="1" type="stmt"/>
      <line num="159" count="1" type="stmt"/>
      <line num="162" count="5" type="stmt"/>
      <line num="163" count="5" type="cond" truecount="1" falsecount="1"/>
      <line num="165" count="5" type="stmt"/>
      <line num="168" count="30" type="stmt"/>
    </file>
    <file name="geometry.js" path="/Users/feivel/WebstormProjects/fp/src/geometry.js">
      <metrics statements="657" coveredstatements="514" conditionals="331" coveredconditionals="212" methods="32" coveredmethods="28"/>
      <line num="22" count="520" type="stmt"/>
      <line num="23" count="2480" type="stmt"/>
      <line num="24" count="520" type="stmt"/>
      <line num="28" count="27" type="stmt"/>
      <line num="29" count="27" type="cond" truecount="2" falsecount="0"/>
      <line num="30" count="1" type="stmt"/>
      <line num="33" count="26" type="stmt"/>
      <line num="34" count="26" type="cond" truecount="3" falsecount="1"/>
      <line num="35" count="0" type="cond" truecount="0" falsecount="2"/>
      <line num="36" count="0" type="cond" truecount="0" falsecount="2"/>
      <line num="37" count="0" type="stmt"/>
      <line num="40" count="26" type="stmt"/>
      <line num="44" count="172" type="stmt"/>
      <line num="45" count="172" type="cond" truecount="1" falsecount="1"/>
      <line num="46" count="0" type="stmt"/>
      <line num="48" count="172" type="stmt"/>
      <line num="52" count="5816" type="stmt"/>
      <line num="53" count="5816" type="stmt"/>
      <line num="54" count="5815" type="stmt"/>
      <line num="55" count="5815" type="cond" truecount="2" falsecount="0"/>
      <line num="56" count="5814" type="stmt"/>
      <line num="57" count="5814" type="stmt"/>
      <line num="58" count="23856" type="stmt"/>
      <line num="59" count="5814" type="stmt"/>
      <line num="62" count="5816" type="stmt"/>
      <line num="70" count="10" type="cond" truecount="3" falsecount="1"/>
      <line num="71" count="10" type="stmt"/>
      <line num="72" count="10" type="stmt"/>
      <line num="73" count="10" type="stmt"/>
      <line num="74" count="11" type="cond" truecount="1" falsecount="1"/>
      <line num="75" count="11" type="stmt"/>
      <line num="76" count="50" type="stmt"/>
      <line num="77" count="50" type="stmt"/>
      <line num="78" count="50" type="stmt"/>
      <line num="79" count="50" type="stmt"/>
      <line num="80" count="50" type="stmt"/>
      <line num="84" count="10" type="stmt"/>
      <line num="88" count="12" type="cond" truecount="1" falsecount="1"/>
      <line num="90" count="12" type="stmt"/>
      <line num="91" count="14" type="stmt"/>
      <line num="92" count="12" type="cond" truecount="2" falsecount="0"/>
      <line num="94" count="12" type="cond" truecount="4" falsecount="0"/>
      <line num="95" count="2" type="stmt"/>
      <line num="98" count="10" type="stmt"/>
      <line num="99" count="10" type="stmt"/>
      <line num="100" count="10" type="stmt"/>
      <line num="102" count="10" type="stmt"/>
      <line num="104" count="10" type="cond" truecount="2" falsecount="0"/>
      <line num="105" count="1" type="stmt"/>
      <line num="106" count="9" type="cond" truecount="2" falsecount="0"/>
      <line num="107" count="7" type="stmt"/>
      <line num="110" count="2" type="stmt"/>
      <line num="113" count="10" type="cond" truecount="1" falsecount="1"/>
      <line num="116" count="10" type="cond" truecount="1" falsecount="1"/>
      <line num="117" count="10" type="stmt"/>
      <line num="120" count="10" type="stmt"/>
      <line num="122" count="0" type="cond" truecount="0" falsecount="4"/>
      <line num="130" count="11" type="cond" truecount="2" falsecount="0"/>
      <line num="131" count="10" type="stmt"/>
      <line num="132" count="10" type="cond" truecount="1" falsecount="1"/>
      <line num="133" count="10" type="stmt"/>
      <line num="137" count="275932" type="stmt"/>
      <line num="138" count="275932" type="stmt"/>
      <line num="139" count="275932" type="stmt"/>
      <line num="140" count="275932" type="stmt"/>
      <line num="141" count="275932" type="stmt"/>
      <line num="145" count="66920" type="stmt"/>
      <line num="146" count="66920" type="stmt"/>
      <line num="147" count="66920" type="stmt"/>
      <line num="148" count="66920" type="stmt"/>
      <line num="149" count="66920" type="stmt"/>
      <line num="163" count="1334" type="stmt"/>
      <line num="164" count="1334" type="stmt"/>
      <line num="165" count="1334" type="stmt"/>
      <line num="166" count="1334" type="stmt"/>
      <line num="168" count="1334" type="stmt"/>
      <line num="177" count="1334" type="stmt"/>
      <line num="178" count="8004" type="stmt"/>
      <line num="179" count="8004" type="stmt"/>
      <line num="182" count="1334" type="stmt"/>
      <line num="183" count="1334" type="stmt"/>
      <line num="187" count="0" type="stmt"/>
      <line num="188" count="0" type="stmt"/>
      <line num="190" count="0" type="stmt"/>
      <line num="197" count="0" type="stmt"/>
      <line num="198" count="0" type="stmt"/>
      <line num="199" count="0" type="stmt"/>
      <line num="202" count="0" type="stmt"/>
      <line num="203" count="0" type="stmt"/>
      <line num="207" count="6128" type="stmt"/>
      <line num="208" count="6128" type="stmt"/>
      <line num="209" count="25267" type="stmt"/>
      <line num="210" count="25267" type="stmt"/>
      <line num="211" count="25267" type="stmt"/>
      <line num="213" count="6128" type="stmt"/>
      <line num="217" count="6054" type="cond" truecount="4" falsecount="0"/>
      <line num="218" count="6051" type="stmt"/>
      <line num="219" count="6051" type="stmt"/>
      <line num="220" count="6124" type="cond" truecount="1" falsecount="1"/>
      <line num="221" count="6124" type="cond" truecount="1" falsecount="1"/>
      <line num="222" count="6124" type="stmt"/>
      <line num="223" count="6124" type="stmt"/>
      <line num="224" count="1" type="cond" truecount="1" falsecount="1"/>
      <line num="225" count="6124" type="stmt"/>
      <line num="227" count="6051" type="stmt"/>
      <line num="231" count="13" type="cond" truecount="2" falsecount="0"/>
      <line num="232" count="10" type="stmt"/>
      <line num="233" count="10" type="stmt"/>
      <line num="234" count="10" type="stmt"/>
      <line num="235" count="10" type="stmt"/>
      <line num="236" count="10" type="stmt"/>
      <line num="248" count="3" type="cond" truecount="2" falsecount="0"/>
      <line num="249" count="1" type="stmt"/>
      <line num="250" count="1" type="stmt"/>
      <line num="251" count="1" type="stmt"/>
      <line num="252" count="49" type="stmt"/>
      <line num="253" count="49" type="stmt"/>
      <line num="255" count="1" type="stmt"/>
      <line num="257" count="2" type="cond" truecount="2" falsecount="0"/>
      <line num="258" count="1" type="stmt"/>
      <line num="264" count="1" type="stmt"/>
      <line num="266" count="1" type="stmt"/>
      <line num="270" count="41" type="cond" truecount="2" falsecount="0"/>
      <line num="272" count="8" type="stmt"/>
      <line num="273" count="8" type="stmt"/>
      <line num="274" count="9" type="stmt"/>
      <line num="275" count="9" type="cond" truecount="1" falsecount="1"/>
      <line num="277" count="8" type="cond" truecount="1" falsecount="1"/>
      <line num="279" count="8" type="stmt"/>
      <line num="280" count="8" type="stmt"/>
      <line num="282" count="0" type="cond" truecount="0" falsecount="2"/>
      <line num="287" count="25" type="stmt"/>
      <line num="288" count="25" type="stmt"/>
      <line num="289" count="25" type="cond" truecount="2" falsecount="0"/>
      <line num="291" count="3" type="stmt"/>
      <line num="292" count="3" type="stmt"/>
      <line num="294" count="0" type="cond" truecount="0" falsecount="2"/>
      <line num="299" count="69" type="stmt"/>
      <line num="300" count="69" type="stmt"/>
      <line num="301" count="69" type="stmt"/>
      <line num="302" count="69" type="stmt"/>
      <line num="303" count="69" type="stmt"/>
      <line num="305" count="69" type="cond" truecount="2" falsecount="0"/>
      <line num="306" count="69" type="cond" truecount="1" falsecount="1"/>
      <line num="308" count="69" type="cond" truecount="2" falsecount="0"/>
      <line num="309" count="12" type="cond" truecount="2" falsecount="0"/>
      <line num="310" count="10" type="cond" truecount="2" falsecount="0"/>
      <line num="311" count="8" type="cond" truecount="2" falsecount="0"/>
      <line num="312" count="6" type="cond" truecount="2" falsecount="0"/>
      <line num="315" count="3" type="cond" truecount="4" falsecount="0"/>
      <line num="320" count="70" type="cond" truecount="1" falsecount="1"/>
      <line num="321" count="70" type="stmt"/>
      <line num="326" count="61" type="stmt"/>
      <line num="327" count="61" type="stmt"/>
      <line num="333" count="61" type="stmt"/>
      <line num="334" count="61" type="stmt"/>
      <line num="335" count="61" type="stmt"/>
      <line num="336" count="61" type="stmt"/>
      <line num="337" count="61" type="stmt"/>
      <line num="338" count="244" type="stmt"/>
      <line num="339" count="244" type="stmt"/>
      <line num="340" count="244" type="stmt"/>
      <line num="341" count="244" type="stmt"/>
      <line num="343" count="61" type="stmt"/>
      <line num="347" count="3" type="stmt"/>
      <line num="348" count="3" type="cond" truecount="3" falsecount="1"/>
      <line num="349" count="3" type="stmt"/>
      <line num="350" count="3" type="stmt"/>
      <line num="351" count="3" type="cond" truecount="4" falsecount="1"/>
      <line num="353" count="3" type="stmt"/>
      <line num="354" count="0" type="stmt"/>
      <line num="358" count="51" type="stmt"/>
      <line num="359" count="51" type="cond" truecount="2" falsecount="0"/>
      <line num="360" count="1" type="stmt"/>
      <line num="363" count="50" type="stmt"/>
      <line num="364" count="51" type="stmt"/>
      <line num="365" count="51" type="cond" truecount="2" falsecount="0"/>
      <line num="366" count="51" type="cond" truecount="2" falsecount="0"/>
      <line num="367" count="51" type="cond" truecount="5" falsecount="0"/>
      <line num="368" count="1" type="stmt"/>
      <line num="371" count="49" type="cond" truecount="2" falsecount="0"/>
      <line num="372" count="3" type="stmt"/>
      <line num="375" count="46" type="cond" truecount="1" falsecount="1"/>
      <line num="376" count="0" type="stmt"/>
      <line num="379" count="46" type="cond" truecount="1" falsecount="1"/>
      <line num="381" count="0" type="stmt"/>
      <line num="384" count="46" type="cond" truecount="1" falsecount="1"/>
      <line num="386" count="51" type="cond" truecount="2" falsecount="0"/>
      <line num="387" count="3" type="stmt"/>
      <line num="390" count="43" type="cond" truecount="2" falsecount="0"/>
      <line num="391" count="4" type="stmt"/>
      <line num="394" count="39" type="cond" truecount="2" falsecount="0"/>
      <line num="395" count="4" type="stmt"/>
      <line num="398" count="35" type="cond" truecount="2" falsecount="0"/>
      <line num="399" count="3" type="stmt"/>
      <line num="402" count="32" type="stmt"/>
      <line num="403" count="32" type="stmt"/>
      <line num="405" count="32" type="cond" truecount="2" falsecount="0"/>
      <line num="406" count="51" type="stmt"/>
      <line num="408" count="51" type="cond" truecount="2" falsecount="0"/>
      <line num="409" count="51" type="cond" truecount="2" falsecount="0"/>
      <line num="411" count="51" type="stmt"/>
      <line num="412" count="51" type="cond" truecount="2" falsecount="0"/>
      <line num="414" count="51" type="cond" truecount="2" falsecount="0"/>
      <line num="415" count="51" type="cond" truecount="2" falsecount="0"/>
      <line num="416" count="51" type="cond" truecount="2" falsecount="0"/>
      <line num="418" count="51" type="stmt"/>
      <line num="419" count="51" type="stmt"/>
      <line num="420" count="51" type="stmt"/>
      <line num="422" count="51" type="stmt"/>
      <line num="424" count="51" type="stmt"/>
      <line num="425" count="51" type="stmt"/>
      <line num="427" count="51" type="stmt"/>
      <line num="428" count="51" type="stmt"/>
      <line num="429" count="51" type="stmt"/>
      <line num="430" count="51" type="stmt"/>
      <line num="434" count="51" type="stmt"/>
      <line num="435" count="51" type="stmt"/>
      <line num="436" count="51" type="cond" truecount="2" falsecount="0"/>
      <line num="437" count="1" type="stmt"/>
      <line num="438" count="1" type="stmt"/>
      <line num="441" count="32" type="stmt"/>
      <line num="442" count="32" type="stmt"/>
      <line num="444" count="32" type="stmt"/>
      <line num="445" count="32" type="stmt"/>
      <line num="447" count="32" type="stmt"/>
      <line num="448" count="32" type="cond" truecount="2" falsecount="0"/>
      <line num="449" count="1" type="stmt"/>
      <line num="452" count="31" type="stmt"/>
      <line num="454" count="31" type="stmt"/>
      <line num="455" count="493" type="stmt"/>
      <line num="458" count="493" type="stmt"/>
      <line num="459" count="493" type="cond" truecount="2" falsecount="0"/>
      <line num="460" count="52" type="cond" truecount="1" falsecount="1"/>
      <line num="461" count="0" type="stmt"/>
      <line num="464" count="493" type="stmt"/>
      <line num="465" count="6428" type="stmt"/>
      <line num="467" count="6428" type="stmt"/>
      <line num="470" count="6428" type="stmt"/>
      <line num="471" count="6428" type="stmt"/>
      <line num="473" count="0" type="cond" truecount="0" falsecount="2"/>
      <line num="475" count="6428" type="cond" truecount="4" falsecount="0"/>
      <line num="477" count="1764" type="stmt"/>
      <line num="478" count="1764" type="cond" truecount="1" falsecount="1"/>
      <line num="480" count="1764" type="stmt"/>
      <line num="481" count="1764" type="stmt"/>
      <line num="482" count="1764" type="stmt"/>
      <line num="484" count="1764" type="stmt"/>
      <line num="488" count="31" type="stmt"/>
      <line num="492" count="3" type="stmt"/>
      <line num="493" count="3" type="cond" truecount="2" falsecount="0"/>
      <line num="494" count="3" type="stmt"/>
      <line num="496" count="3" type="cond" truecount="2" falsecount="0"/>
      <line num="497" count="3" type="cond" truecount="2" falsecount="0"/>
      <line num="499" count="3" type="stmt"/>
      <line num="500" count="3" type="cond" truecount="1" falsecount="1"/>
      <line num="502" count="3" type="stmt"/>
      <line num="503" count="3" type="stmt"/>
      <line num="504" count="3" type="stmt"/>
      <line num="506" count="3" type="stmt"/>
      <line num="507" count="3" type="stmt"/>
      <line num="509" count="3" type="stmt"/>
      <line num="510" count="3" type="stmt"/>
      <line num="511" count="3" type="stmt"/>
      <line num="513" count="3" type="stmt"/>
      <line num="515" count="3" type="stmt"/>
      <line num="516" count="3" type="stmt"/>
      <line num="518" count="3" type="stmt"/>
      <line num="519" count="3" type="stmt"/>
      <line num="520" count="3" type="stmt"/>
      <line num="521" count="3" type="stmt"/>
      <line num="523" count="3" type="stmt"/>
      <line num="524" count="3" type="stmt"/>
      <line num="525" count="3" type="cond" truecount="2" falsecount="0"/>
      <line num="526" count="1" type="stmt"/>
      <line num="527" count="1" type="stmt"/>
      <line num="530" count="3" type="stmt"/>
      <line num="531" count="3" type="stmt"/>
      <line num="533" count="3" type="stmt"/>
      <line num="534" count="3" type="stmt"/>
      <line num="536" count="3" type="stmt"/>
      <line num="537" count="3" type="cond" truecount="1" falsecount="1"/>
      <line num="538" count="0" type="stmt"/>
      <line num="541" count="3" type="stmt"/>
      <line num="542" count="3" type="stmt"/>
      <line num="544" count="3" type="stmt"/>
      <line num="545" count="66" type="stmt"/>
      <line num="546" count="66" type="stmt"/>
      <line num="548" count="66" type="stmt"/>
      <line num="549" count="1334" type="stmt"/>
      <line num="551" count="1334" type="stmt"/>
      <line num="554" count="1334" type="stmt"/>
      <line num="555" count="1334" type="stmt"/>
      <line num="557" count="0" type="cond" truecount="0" falsecount="2"/>
      <line num="559" count="1334" type="cond" truecount="4" falsecount="0"/>
      <line num="561" count="411" type="stmt"/>
      <line num="562" count="411" type="cond" truecount="1" falsecount="1"/>
      <line num="564" count="411" type="stmt"/>
      <line num="565" count="411" type="stmt"/>
      <line num="567" count="411" type="stmt"/>
      <line num="571" count="3" type="stmt"/>
      <line num="575" count="0" type="stmt"/>
      <line num="576" count="0" type="cond" truecount="0" falsecount="2"/>
      <line num="577" count="0" type="stmt"/>
      <line num="579" count="0" type="cond" truecount="0" falsecount="2"/>
      <line num="580" count="0" type="cond" truecount="0" falsecount="2"/>
      <line num="582" count="0" type="stmt"/>
      <line num="583" count="0" type="cond" truecount="0" falsecount="2"/>
      <line num="585" count="0" type="cond" truecount="0" falsecount="2"/>
      <line num="586" count="0" type="cond" truecount="0" falsecount="2"/>
      <line num="587" count="0" type="cond" truecount="0" falsecount="2"/>
      <line num="588" count="0" type="cond" truecount="0" falsecount="2"/>
      <line num="590" count="0" type="stmt"/>
      <line num="591" count="0" type="stmt"/>
      <line num="593" count="0" type="stmt"/>
      <line num="594" count="0" type="stmt"/>
      <line num="595" count="0" type="stmt"/>
      <line num="597" count="0" type="stmt"/>
      <line num="599" count="0" type="stmt"/>
      <line num="600" count="0" type="stmt"/>
      <line num="602" count="0" type="stmt"/>
      <line num="603" count="0" type="stmt"/>
      <line num="604" count="0" type="stmt"/>
      <line num="605" count="0" type="stmt"/>
      <line num="607" count="0" type="stmt"/>
      <line num="608" count="0" type="stmt"/>
      <line num="609" count="0" type="cond" truecount="0" falsecount="2"/>
      <line num="610" count="0" type="stmt"/>
      <line num="611" count="0" type="stmt"/>
      <line num="614" count="0" type="stmt"/>
      <line num="615" count="0" type="stmt"/>
      <line num="617" count="0" type="stmt"/>
      <line num="618" count="0" type="stmt"/>
      <line num="620" count="0" type="stmt"/>
      <line num="621" count="0" type="cond" truecount="0" falsecount="2"/>
      <line num="622" count="0" type="stmt"/>
      <line num="625" count="0" type="stmt"/>
      <line num="626" count="0" type="stmt"/>
      <line num="628" count="0" type="stmt"/>
      <line num="629" count="0" type="stmt"/>
      <line num="631" count="0" type="stmt"/>
      <line num="632" count="0" type="cond" truecount="0" falsecount="2"/>
      <line num="633" count="0" type="cond" truecount="0" falsecount="2"/>
      <line num="634" count="0" type="stmt"/>
      <line num="637" count="0" type="stmt"/>
      <line num="638" count="0" type="stmt"/>
      <line num="639" count="0" type="stmt"/>
      <line num="642" count="0" type="stmt"/>
      <line num="643" count="0" type="stmt"/>
      <line num="645" count="0" type="cond" truecount="0" falsecount="2"/>
      <line num="647" count="0" type="cond" truecount="0" falsecount="4"/>
      <line num="649" count="0" type="stmt"/>
      <line num="650" count="0" type="cond" truecount="0" falsecount="2"/>
      <line num="652" count="0" type="stmt"/>
      <line num="653" count="0" type="stmt"/>
      <line num="655" count="0" type="stmt"/>
      <line num="659" count="0" type="stmt"/>
      <line num="663" count="0" type="stmt"/>
      <line num="664" count="0" type="cond" truecount="0" falsecount="2"/>
      <line num="665" count="0" type="stmt"/>
      <line num="667" count="0" type="cond" truecount="0" falsecount="2"/>
      <line num="668" count="0" type="cond" truecount="0" falsecount="2"/>
      <line num="670" count="0" type="stmt"/>
      <line num="671" count="0" type="cond" truecount="0" falsecount="2"/>
      <line num="673" count="0" type="stmt"/>
      <line num="674" count="0" type="stmt"/>
      <line num="676" count="0" type="stmt"/>
      <line num="677" count="0" type="stmt"/>
      <line num="678" count="0" type="stmt"/>
      <line num="680" count="0" type="stmt"/>
      <line num="682" count="0" type="stmt"/>
      <line num="683" count="0" type="stmt"/>
      <line num="685" count="0" type="stmt"/>
      <line num="686" count="0" type="stmt"/>
      <line num="687" count="0" type="stmt"/>
      <line num="688" count="0" type="stmt"/>
      <line num="690" count="0" type="stmt"/>
      <line num="691" count="0" type="stmt"/>
      <line num="692" count="0" type="cond" truecount="0" falsecount="2"/>
      <line num="693" count="0" type="stmt"/>
      <line num="694" count="0" type="stmt"/>
      <line num="697" count="0" type="stmt"/>
      <line num="698" count="0" type="stmt"/>
      <line num="700" count="0" type="stmt"/>
      <line num="701" count="0" type="stmt"/>
      <line num="703" count="0" type="stmt"/>
      <line num="704" count="0" type="cond" truecount="0" falsecount="2"/>
      <line num="705" count="0" type="stmt"/>
      <line num="708" count="0" type="stmt"/>
      <line num="709" count="0" type="stmt"/>
      <line num="711" count="0" type="stmt"/>
      <line num="712" count="0" type="stmt"/>
      <line num="713" count="0" type="stmt"/>
      <line num="715" count="0" type="stmt"/>
      <line num="716" count="0" type="stmt"/>
      <line num="718" count="0" type="stmt"/>
      <line num="721" count="0" type="stmt"/>
      <line num="722" count="0" type="stmt"/>
      <line num="724" count="0" type="cond" truecount="0" falsecount="2"/>
      <line num="726" count="0" type="cond" truecount="0" falsecount="4"/>
      <line num="728" count="0" type="stmt"/>
      <line num="729" count="0" type="cond" truecount="0" falsecount="2"/>
      <line num="731" count="0" type="stmt"/>
      <line num="732" count="0" type="stmt"/>
      <line num="734" count="0" type="stmt"/>
      <line num="738" count="0" type="stmt"/>
      <line num="742" count="15" type="stmt"/>
      <line num="743" count="15" type="cond" truecount="2" falsecount="0"/>
      <line num="744" count="15" type="stmt"/>
      <line num="746" count="15" type="cond" truecount="2" falsecount="0"/>
      <line num="747" count="15" type="cond" truecount="2" falsecount="0"/>
      <line num="749" count="15" type="stmt"/>
      <line num="750" count="15" type="cond" truecount="1" falsecount="1"/>
      <line num="752" count="15" type="stmt"/>
      <line num="753" count="15" type="stmt"/>
      <line num="754" count="15" type="stmt"/>
      <line num="755" count="15" type="stmt"/>
      <line num="756" count="15" type="stmt"/>
      <line num="758" count="15" type="stmt"/>
      <line num="759" count="15" type="stmt"/>
      <line num="760" count="15" type="stmt"/>
      <line num="762" count="15" type="stmt"/>
      <line num="764" count="15" type="stmt"/>
      <line num="765" count="15" type="stmt"/>
      <line num="766" count="15" type="stmt"/>
      <line num="767" count="15" type="stmt"/>
      <line num="768" count="15" type="stmt"/>
      <line num="770" count="15" type="stmt"/>
      <line num="771" count="15" type="stmt"/>
      <line num="772" count="15" type="cond" truecount="1" falsecount="1"/>
      <line num="773" count="0" type="stmt"/>
      <line num="774" count="0" type="stmt"/>
      <line num="777" count="15" type="stmt"/>
      <line num="778" count="15" type="stmt"/>
      <line num="780" count="15" type="stmt"/>
      <line num="781" count="15" type="stmt"/>
      <line num="783" count="15" type="stmt"/>
      <line num="784" count="15" type="stmt"/>
      <line num="786" count="15" type="stmt"/>
      <line num="787" count="15" type="stmt"/>
      <line num="788" count="15" type="stmt"/>
      <line num="789" count="15" type="stmt"/>
      <line num="790" count="15" type="stmt"/>
      <line num="794" count="15" type="cond" truecount="2" falsecount="0"/>
      <line num="795" count="1" type="stmt"/>
      <line num="798" count="14" type="stmt"/>
      <line num="799" count="14" type="stmt"/>
      <line num="801" count="14" type="stmt"/>
      <line num="802" count="724" type="stmt"/>
      <line num="803" count="724" type="stmt"/>
      <line num="804" count="45990" type="stmt"/>
      <line num="805" count="45990" type="stmt"/>
      <line num="807" count="45990" type="cond" truecount="2" falsecount="0"/>
      <line num="808" count="45990" type="cond" truecount="2" falsecount="0"/>
      <line num="809" count="45990" type="cond" truecount="2" falsecount="0"/>
      <line num="810" count="45990" type="cond" truecount="2" falsecount="0"/>
      <line num="812" count="45990" type="stmt"/>
      <line num="815" count="45990" type="stmt"/>
      <line num="816" count="45990" type="stmt"/>
      <line num="818" count="0" type="cond" truecount="0" falsecount="2"/>
      <line num="820" count="45990" type="cond" truecount="4" falsecount="0"/>
      <line num="822" count="2551" type="stmt"/>
      <line num="823" count="2551" type="cond" truecount="1" falsecount="1"/>
      <line num="825" count="2551" type="stmt"/>
      <line num="826" count="2551" type="stmt"/>
      <line num="827" count="2551" type="stmt"/>
      <line num="831" count="14" type="stmt"/>
      <line num="838" count="4" type="stmt"/>
      <line num="839" count="4" type="cond" truecount="2" falsecount="0"/>
      <line num="840" count="4" type="stmt"/>
      <line num="842" count="4" type="cond" truecount="2" falsecount="0"/>
      <line num="843" count="4" type="cond" truecount="2" falsecount="0"/>
      <line num="845" count="4" type="stmt"/>
      <line num="846" count="4" type="cond" truecount="1" falsecount="1"/>
      <line num="848" count="4" type="stmt"/>
      <line num="849" count="4" type="stmt"/>
      <line num="850" count="4" type="stmt"/>
      <line num="852" count="4" type="stmt"/>
      <line num="853" count="4" type="stmt"/>
      <line num="854" count="4" type="stmt"/>
      <line num="856" count="4" type="stmt"/>
      <line num="857" count="4" type="stmt"/>
      <line num="858" count="4" type="stmt"/>
      <line num="860" count="4" type="stmt"/>
      <line num="862" count="4" type="stmt"/>
      <line num="863" count="4" type="stmt"/>
      <line num="864" count="4" type="stmt"/>
      <line num="865" count="4" type="stmt"/>
      <line num="866" count="4" type="stmt"/>
      <line num="868" count="4" type="stmt"/>
      <line num="869" count="4" type="stmt"/>
      <line num="870" count="4" type="cond" truecount="1" falsecount="1"/>
      <line num="871" count="0" type="stmt"/>
      <line num="872" count="0" type="stmt"/>
      <line num="875" count="4" type="stmt"/>
      <line num="876" count="4" type="stmt"/>
      <line num="878" count="4" type="stmt"/>
      <line num="879" count="4" type="stmt"/>
      <line num="881" count="4" type="stmt"/>
      <line num="882" count="4" type="stmt"/>
      <line num="884" count="4" type="stmt"/>
      <line num="885" count="4" type="stmt"/>
      <line num="886" count="4" type="stmt"/>
      <line num="887" count="4" type="cond" truecount="1" falsecount="1"/>
      <line num="888" count="0" type="stmt"/>
      <line num="891" count="4" type="stmt"/>
      <line num="892" count="4" type="stmt"/>
      <line num="894" count="4" type="stmt"/>
      <line num="895" count="119" type="stmt"/>
      <line num="896" count="119" type="stmt"/>
      <line num="897" count="3782" type="stmt"/>
      <line num="898" count="3782" type="stmt"/>
      <line num="900" count="3782" type="cond" truecount="2" falsecount="0"/>
      <line num="901" count="1890" type="stmt"/>
      <line num="902" count="1890" type="stmt"/>
      <line num="903" count="1890" type="stmt"/>
      <line num="907" count="1890" type="stmt"/>
      <line num="908" count="3780" type="stmt"/>
      <line num="910" count="3780" type="stmt"/>
      <line num="911" count="3780" type="stmt"/>
      <line num="913" count="0" type="cond" truecount="0" falsecount="2"/>
      <line num="915" count="3780" type="cond" truecount="4" falsecount="0"/>
      <line num="916" count="211" type="stmt"/>
      <line num="917" count="211" type="cond" truecount="1" falsecount="1"/>
      <line num="918" count="211" type="stmt"/>
      <line num="919" count="211" type="stmt"/>
      <line num="920" count="211" type="stmt"/>
      <line num="923" count="1892" type="stmt"/>
      <line num="924" count="1892" type="stmt"/>
      <line num="925" count="1892" type="stmt"/>
      <line num="929" count="1892" type="stmt"/>
      <line num="930" count="3784" type="stmt"/>
      <line num="932" count="3784" type="stmt"/>
      <line num="933" count="3784" type="stmt"/>
      <line num="935" count="0" type="cond" truecount="0" falsecount="2"/>
      <line num="937" count="3784" type="cond" truecount="4" falsecount="0"/>
      <line num="938" count="210" type="stmt"/>
      <line num="939" count="210" type="cond" truecount="1" falsecount="1"/>
      <line num="940" count="210" type="stmt"/>
      <line num="941" count="210" type="stmt"/>
      <line num="942" count="210" type="stmt"/>
      <line num="948" count="4" type="stmt"/>
      <line num="952" count="3" type="stmt"/>
      <line num="953" count="3" type="cond" truecount="2" falsecount="0"/>
      <line num="954" count="3" type="stmt"/>
      <line num="956" count="3" type="cond" truecount="2" falsecount="0"/>
      <line num="957" count="3" type="cond" truecount="2" falsecount="0"/>
      <line num="959" count="3" type="stmt"/>
      <line num="960" count="3" type="cond" truecount="1" falsecount="1"/>
      <line num="962" count="3" type="stmt"/>
      <line num="963" count="3" type="stmt"/>
      <line num="964" count="3" type="stmt"/>
      <line num="965" count="3" type="stmt"/>
      <line num="967" count="3" type="stmt"/>
      <line num="968" count="3" type="stmt"/>
      <line num="969" count="3" type="stmt"/>
      <line num="971" count="3" type="stmt"/>
      <line num="973" count="3" type="stmt"/>
      <line num="974" count="3" type="stmt"/>
      <line num="976" count="3" type="stmt"/>
      <line num="977" count="3" type="stmt"/>
      <line num="978" count="3" type="stmt"/>
      <line num="979" count="3" type="stmt"/>
      <line num="981" count="3" type="stmt"/>
      <line num="982" count="3" type="stmt"/>
      <line num="983" count="3" type="cond" truecount="1" falsecount="1"/>
      <line num="984" count="0" type="stmt"/>
      <line num="985" count="0" type="stmt"/>
      <line num="988" count="3" type="stmt"/>
      <line num="989" count="3" type="stmt"/>
      <line num="991" count="3" type="stmt"/>
      <line num="992" count="3" type="stmt"/>
      <line num="994" count="3" type="stmt"/>
      <line num="995" count="3" type="stmt"/>
      <line num="996" count="3" type="stmt"/>
      <line num="997" count="3" type="cond" truecount="1" falsecount="1"/>
      <line num="998" count="0" type="stmt"/>
      <line num="1001" count="3" type="stmt"/>
      <line num="1002" count="3" type="stmt"/>
      <line num="1003" count="3" type="stmt"/>
      <line num="1005" count="3" type="stmt"/>
      <line num="1006" count="77" type="stmt"/>
      <line num="1007" count="77" type="stmt"/>
      <line num="1008" count="77" type="stmt"/>
      <line num="1009" count="1248" type="stmt"/>
      <line num="1010" count="1248" type="stmt"/>
      <line num="1013" count="1248" type="stmt"/>
      <line num="1014" count="1248" type="stmt"/>
      <line num="1016" count="0" type="cond" truecount="0" falsecount="2"/>
      <line num="1018" count="1248" type="cond" truecount="4" falsecount="0"/>
      <line num="1020" count="258" type="stmt"/>
      <line num="1021" count="258" type="cond" truecount="1" falsecount="1"/>
      <line num="1023" count="258" type="stmt"/>
      <line num="1024" count="258" type="stmt"/>
      <line num="1025" count="258" type="stmt"/>
      <line num="1029" count="3" type="stmt"/>
      <line num="1033" count="4" type="stmt"/>
      <line num="1034" count="4" type="cond" truecount="2" falsecount="0"/>
      <line num="1035" count="4" type="stmt"/>
      <line num="1037" count="4" type="cond" truecount="2" falsecount="0"/>
      <line num="1038" count="4" type="cond" truecount="2" falsecount="0"/>
      <line num="1040" count="4" type="stmt"/>
      <line num="1041" count="4" type="cond" truecount="1" falsecount="1"/>
      <line num="1043" count="4" type="stmt"/>
      <line num="1044" count="4" type="stmt"/>
      <line num="1045" count="4" type="stmt"/>
      <line num="1046" count="4" type="stmt"/>
      <line num="1047" count="4" type="stmt"/>
      <line num="1049" count="4" type="stmt"/>
      <line num="1050" count="4" type="stmt"/>
      <line num="1051" count="4" type="stmt"/>
      <line num="1053" count="4" type="stmt"/>
      <line num="1055" count="4" type="stmt"/>
      <line num="1056" count="4" type="stmt"/>
      <line num="1058" count="4" type="stmt"/>
      <line num="1059" count="4" type="stmt"/>
      <line num="1060" count="4" type="stmt"/>
      <line num="1061" count="4" type="stmt"/>
      <line num="1063" count="4" type="stmt"/>
      <line num="1064" count="4" type="stmt"/>
      <line num="1065" count="4" type="cond" truecount="1" falsecount="1"/>
      <line num="1066" count="0" type="stmt"/>
      <line num="1067" count="0" type="stmt"/>
      <line num="1070" count="4" type="stmt"/>
      <line num="1071" count="4" type="stmt"/>
      <line num="1072" count="4" type="stmt"/>
      <line num="1073" count="4" type="stmt"/>
      <line num="1075" count="4" type="stmt"/>
      <line num="1076" count="4" type="stmt"/>
      <line num="1078" count="4" type="stmt"/>
      <line num="1079" count="4" type="cond" truecount="1" falsecount="1"/>
      <line num="1080" count="0" type="stmt"/>
      <line num="1083" count="4" type="stmt"/>
      <line num="1084" count="4" type="stmt"/>
      <line num="1086" count="4" type="stmt"/>
      <line num="1087" count="66" type="cond" truecount="2" falsecount="0"/>
      <line num="1088" count="66" type="stmt"/>
      <line num="1089" count="66" type="stmt"/>
      <line num="1090" count="948" type="stmt"/>
      <line num="1092" count="948" type="stmt"/>
      <line num="1093" count="2844" type="stmt"/>
      <line num="1094" count="2844" type="stmt"/>
      <line num="1095" count="2844" type="stmt"/>
      <line num="1096" count="2844" type="stmt"/>
      <line num="1098" count="2844" type="stmt"/>
      <line num="1103" count="2844" type="stmt"/>
      <line num="1104" count="5688" type="stmt"/>
      <line num="1107" count="5688" type="stmt"/>
      <line num="1108" count="5688" type="stmt"/>
      <line num="1110" count="0" type="cond" truecount="0" falsecount="2"/>
      <line num="1112" count="5688" type="cond" truecount="4" falsecount="0"/>
      <line num="1114" count="408" type="stmt"/>
      <line num="1115" count="408" type="cond" truecount="1" falsecount="1"/>
      <line num="1117" count="408" type="stmt"/>
      <line num="1118" count="408" type="stmt"/>
      <line num="1120" count="408" type="stmt"/>
      <line num="1126" count="4" type="stmt"/>
    </file>
    <file name="i18n.js" path="/Users/feivel/WebstormProjects/fp/src/i18n.js">
      <metrics statements="19" coveredstatements="12" conditionals="14" coveredconditionals="6" methods="3" coveredmethods="1"/>
      <line num="1" count="7" type="stmt"/>
      <line num="552" count="7" type="stmt"/>
      <line num="554" count="7" type="stmt"/>
      <line num="555" count="7" type="cond" truecount="1" falsecount="1"/>
      <line num="556" count="7" type="cond" truecount="1" falsecount="1"/>
      <line num="559" count="7" type="stmt"/>
      <line num="563" count="0" type="cond" truecount="0" falsecount="2"/>
      <line num="564" count="0" type="stmt"/>
      <line num="565" count="0" type="stmt"/>
      <line num="566" count="0" type="cond" truecount="0" falsecount="2"/>
      <line num="567" count="0" type="stmt"/>
      <line num="576" count="0" type="stmt"/>
      <line num="580" count="219" type="stmt"/>
      <line num="581" count="219" type="stmt"/>
      <line num="583" count="219" type="stmt"/>
      <line num="584" count="438" type="cond" truecount="3" falsecount="1"/>
      <line num="585" count="438" type="stmt"/>
      <line num="587" count="0" type="stmt"/>
      <line num="591" count="219" type="cond" truecount="1" falsecount="1"/>
    </file>
    <file name="render.js" path="/Users/feivel/WebstormProjects/fp/src/render.js">
      <metrics statements="533" coveredstatements="190" conditionals="377" coveredconditionals="89" methods="40" coveredmethods="10"/>
      <line num="23" count="17" type="stmt"/>
      <line num="24" count="17" type="cond" truecount="2" falsecount="0"/>
      <line num="32" count="2" type="stmt"/>
      <line num="33" count="2" type="stmt"/>
      <line num="34" count="2" type="cond" truecount="1" falsecount="1"/>
      <line num="36" count="2" type="stmt"/>
      <line num="38" count="2" type="stmt"/>
      <line num="39" count="2" type="stmt"/>
      <line num="40" count="2" type="cond" truecount="3" falsecount="0"/>
      <line num="43" count="2" type="stmt"/>
      <line num="44" count="1" type="cond" truecount="3" falsecount="0"/>
      <line num="50" count="2" type="stmt"/>
      <line num="51" count="1" type="stmt"/>
      <line num="52" count="0" type="stmt"/>
      <line num="55" count="2" type="stmt"/>
      <line num="56" count="2" type="cond" truecount="1" falsecount="1"/>
      <line num="57" count="2" type="stmt"/>
      <line num="58" count="2" type="cond" truecount="1" falsecount="1"/>
      <line num="59" count="2" type="stmt"/>
      <line num="63" count="2" type="cond" truecount="2" falsecount="0"/>
      <line num="64" count="1" type="stmt"/>
      <line num="65" count="1" type="cond" truecount="1" falsecount="1"/>
      <line num="66" count="1" type="cond" truecount="1" falsecount="1"/>
      <line num="67" count="1" type="cond" truecount="1" falsecount="1"/>
      <line num="69" count="1" type="stmt"/>
      <line num="70" count="1" type="cond" truecount="1" falsecount="1"/>
      <line num="71" count="0" type="stmt"/>
      <line num="72" count="0" type="stmt"/>
      <line num="73" count="0" type="stmt"/>
      <line num="74" count="0" type="stmt"/>
      <line num="76" count="1" type="stmt"/>
      <line num="77" count="1" type="stmt"/>
      <line num="79" count="1" type="stmt"/>
      <line num="82" count="2" type="cond" truecount="4" falsecount="0"/>
      <line num="83" count="1" type="stmt"/>
      <line num="84" count="1" type="stmt"/>
      <line num="85" count="1" type="stmt"/>
      <line num="86" count="1" type="stmt"/>
      <line num="87" count="1" type="stmt"/>
      <line num="90" count="1" type="stmt"/>
      <line num="91" count="1" type="stmt"/>
      <line num="92" count="1" type="stmt"/>
      <line num="93" count="1" type="stmt"/>
      <line num="96" count="1" type="stmt"/>
      <line num="101" count="0" type="stmt"/>
      <line num="102" count="0" type="stmt"/>
      <line num="103" count="0" type="stmt"/>
      <line num="104" count="0" type="stmt"/>
      <line num="105" count="0" type="stmt"/>
      <line num="106" count="0" type="stmt"/>
      <line num="108" count="0" type="cond" truecount="0" falsecount="6"/>
      <line num="110" count="0" type="stmt"/>
      <line num="111" count="0" type="stmt"/>
      <line num="112" count="0" type="cond" truecount="0" falsecount="3"/>
      <line num="117" count="0" type="stmt"/>
      <line num="118" count="0" type="cond" truecount="0" falsecount="4"/>
      <line num="119" count="0" type="stmt"/>
      <line num="120" count="0" type="stmt"/>
      <line num="121" count="0" type="stmt"/>
      <line num="122" count="0" type="cond" truecount="0" falsecount="2"/>
      <line num="123" count="0" type="cond" truecount="0" falsecount="2"/>
      <line num="124" count="0" type="cond" truecount="0" falsecount="2"/>
      <line num="125" count="0" type="stmt"/>
      <line num="128" count="0" type="stmt"/>
      <line num="129" count="0" type="cond" truecount="0" falsecount="2"/>
      <line num="130" count="0" type="cond" truecount="0" falsecount="2"/>
      <line num="132" count="0" type="stmt"/>
      <line num="133" count="0" type="stmt"/>
      <line num="135" count="0" type="stmt"/>
      <line num="136" count="0" type="cond" truecount="0" falsecount="4"/>
      <line num="137" count="0" type="stmt"/>
      <line num="139" count="0" type="stmt"/>
      <line num="142" count="0" type="stmt"/>
      <line num="144" count="0" type="cond" truecount="0" falsecount="2"/>
      <line num="145" count="0" type="stmt"/>
      <line num="148" count="0" type="cond" truecount="0" falsecount="2"/>
      <line num="149" count="0" type="stmt"/>
      <line num="153" count="0" type="stmt"/>
      <line num="154" count="0" type="stmt"/>
      <line num="155" count="0" type="cond" truecount="0" falsecount="2"/>
      <line num="156" count="0" type="cond" truecount="0" falsecount="2"/>
      <line num="157" count="0" type="stmt"/>
[...]
      <line num="71" count="6" type="stmt"/>
      <line num="72" count="6" type="stmt"/>
      <line num="80" count="8" type="cond" truecount="4" falsecount="0"/>
      <line num="81" count="6" type="stmt"/>
    </file>
    <file name="ui.js" path="/Users/feivel/WebstormProjects/fp/src/ui.js">
      <metrics statements="276" coveredstatements="142" conditionals="173" coveredconditionals="60" methods="56" coveredmethods="13"/>
      <line num="7" count="64" type="cond" truecount="2" falsecount="0"/>
      <line num="8" count="52" type="stmt"/>
      <line num="9" count="52" type="stmt"/>
      <line num="10" count="52" type="stmt"/>
      <line num="11" count="0" type="cond" truecount="0" falsecount="2"/>
      <line num="12" count="0" type="stmt"/>
      <line num="13" count="0" type="stmt"/>
      <line num="19" count="0" type="stmt"/>
      <line num="20" count="0" type="stmt"/>
      <line num="21" count="0" type="cond" truecount="0" falsecount="2"/>
      <line num="22" count="0" type="stmt"/>
      <line num="23" count="0" type="stmt"/>
      <line num="25" count="0" type="stmt"/>
      <line num="26" count="0" type="stmt"/>
      <line num="27" count="0" type="cond" truecount="0" falsecount="2"/>
      <line num="28" count="0" type="stmt"/>
      <line num="29" count="0" type="stmt"/>
      <line num="31" count="0" type="stmt"/>
      <line num="33" count="0" type="stmt"/>
      <line num="50" count="0" type="stmt"/>
      <line num="51" count="0" type="stmt"/>
      <line num="53" count="0" type="cond" truecount="0" falsecount="2"/>
      <line num="54" count="0" type="stmt"/>
      <line num="55" count="0" type="stmt"/>
      <line num="57" count="0" type="stmt"/>
      <line num="58" count="0" type="cond" truecount="0" falsecount="2"/>
      <line num="59" count="0" type="cond" truecount="0" falsecount="2"/>
      <line num="60" count="0" type="stmt"/>
      <line num="61" count="0" type="stmt"/>
      <line num="63" count="0" type="cond" truecount="0" falsecount="2"/>
      <line num="64" count="0" type="stmt"/>
      <line num="65" count="0" type="stmt"/>
      <line num="66" count="0" type="stmt"/>
      <line num="67" count="0" type="stmt"/>
      <line num="68" count="0" type="stmt"/>
      <line num="71" count="0" type="stmt"/>
      <line num="75" count="3" type="stmt"/>
      <line num="76" count="3" type="stmt"/>
      <line num="78" count="3" type="stmt"/>
      <line num="79" count="3" type="cond" truecount="1" falsecount="1"/>
      <line num="81" count="3" type="cond" truecount="1" falsecount="1"/>
      <line num="82" count="3" type="stmt"/>
      <line num="84" count="3" type="stmt"/>
      <line num="85" count="3" type="stmt"/>
      <line num="87" count="3" type="cond" truecount="1" falsecount="1"/>
      <line num="88" count="0" type="stmt"/>
      <line num="89" count="0" type="stmt"/>
      <line num="90" count="3" type="cond" truecount="2" falsecount="0"/>
      <line num="91" count="2" type="stmt"/>
      <line num="92" count="1" type="cond" truecount="1" falsecount="1"/>
      <line num="95" count="0" type="stmt"/>
      <line num="97" count="1" type="stmt"/>
      <line num="100" count="3" type="stmt"/>
      <line num="101" count="3" type="cond" truecount="1" falsecount="1"/>
      <line num="103" count="3" type="stmt"/>
      <line num="104" count="3" type="stmt"/>
      <line num="107" count="3" type="stmt"/>
      <line num="110" count="3" type="stmt"/>
      <line num="111" count="3" type="stmt"/>
      <line num="113" count="3" type="stmt"/>
      <line num="114" count="3" type="stmt"/>
      <line num="115" count="3" type="stmt"/>
      <line num="118" count="3" type="cond" truecount="2" falsecount="0"/>
      <line num="119" count="3" type="stmt"/>
      <line num="120" count="3" type="stmt"/>
      <line num="121" count="3" type="stmt"/>
      <line num="122" count="3" type="cond" truecount="1" falsecount="1"/>
      <line num="123" count="3" type="cond" truecount="1" falsecount="1"/>
      <line num="124" count="3" type="cond" truecount="1" falsecount="1"/>
      <line num="127" count="3" type="cond" truecount="2" falsecount="0"/>
      <line num="128" count="3" type="stmt"/>
      <line num="129" count="3" type="cond" truecount="1" falsecount="1"/>
      <line num="132" count="3" type="stmt"/>
      <line num="133" count="3" type="cond" truecount="1" falsecount="1"/>
      <line num="135" count="3" type="stmt"/>
      <line num="136" count="3" type="cond" truecount="1" falsecount="1"/>
      <line num="139" count="3" type="cond" truecount="2" falsecount="0"/>
      <line num="140" count="3" type="stmt"/>
      <line num="141" count="3" type="cond" truecount="1" falsecount="1"/>
      <line num="143" count="3" type="stmt"/>
      <line num="147" count="4" type="stmt"/>
      <line num="148" count="4" type="cond" truecount="1" falsecount="1"/>
      <line num="149" count="4" type="cond" truecount="0" falsecount="2"/>
      <line num="153" count="4" type="stmt"/>
      <line num="154" count="4" type="cond" truecount="1" falsecount="1"/>
      <line num="155" count="4" type="cond" truecount="0" falsecount="2"/>
      <line num="159" count="4" type="cond" truecount="1" falsecount="1"/>
      <line num="160" count="4" type="stmt"/>
      <line num="161" count="4" type="stmt"/>
      <line num="162" count="4" type="stmt"/>
      <line num="163" count="4" type="stmt"/>
      <line num="165" count="4" type="cond" truecount="1" falsecount="1"/>
      <line num="166" count="0" type="cond" truecount="0" falsecount="2"/>
      <line num="167" count="0" type="cond" truecount="0" falsecount="2"/>
      <line num="168" count="0" type="cond" truecount="0" falsecount="2"/>
      <line num="170" count="0" type="cond" truecount="0" falsecount="2"/>
      <line num="171" count="0" type="cond" truecount="0" falsecount="4"/>
      <line num="172" count="0" type="stmt"/>
      <line num="173" count="0" type="stmt"/>
      <line num="175" count="4" type="cond" truecount="2" falsecount="0"/>
      <line num="176" count="2" type="cond" truecount="1" falsecount="1"/>
      <line num="177" count="2" type="cond" truecount="1" falsecount="1"/>
      <line num="178" count="2" type="cond" truecount="1" falsecount="1"/>
      <line num="180" count="2" type="cond" truecount="1" falsecount="1"/>
      <line num="181" count="2" type="cond" truecount="3" falsecount="1"/>
      <line num="182" count="2" type="stmt"/>
      <line num="186" count="2" type="stmt"/>
      <line num="187" count="2" type="cond" truecount="1" falsecount="1"/>
      <line num="188" count="2" type="stmt"/>
      <line num="189" count="12" type="stmt"/>
      <line num="190" count="12" type="stmt"/>
      <line num="191" count="12" type="stmt"/>
      <line num="195" count="2" type="stmt"/>
      <line num="196" count="2" type="cond" truecount="4" falsecount="1"/>
      <line num="197" count="0" type="stmt"/>
      <line num="200" count="2" type="cond" truecount="1" falsecount="1"/>
      <line num="201" count="0" type="cond" truecount="0" falsecount="2"/>
      <line num="202" count="0" type="cond" truecount="0" falsecount="2"/>
      <line num="203" count="0" type="cond" truecount="0" falsecount="2"/>
      <line num="205" count="2" type="cond" truecount="1" falsecount="1"/>
      <line num="206" count="2" type="cond" truecount="1" falsecount="1"/>
      <line num="207" count="2" type="cond" truecount="1" falsecount="1"/>
      <line num="210" count="2" type="stmt"/>
      <line num="211" count="2" type="cond" truecount="1" falsecount="1"/>
      <line num="212" count="2" type="cond" truecount="1" falsecount="1"/>
      <line num="213" count="2" type="cond" truecount="1" falsecount="1"/>
      <line num="214" count="2" type="stmt"/>
      <line num="216" count="2" type="stmt"/>
      <line num="217" count="12" type="cond" truecount="4" falsecount="0"/>
      <line num="219" count="6" type="stmt"/>
      <line num="220" count="6" type="stmt"/>
      <line num="221" count="6" type="stmt"/>
      <line num="223" count="6" type="stmt"/>
      <line num="224" count="6" type="stmt"/>
      <line num="229" count="2" type="stmt"/>
      <line num="230" count="2" type="cond" truecount="4" falsecount="1"/>
      <line num="231" count="0" type="stmt"/>
      <line num="238" count="4" type="stmt"/>
      <line num="239" count="0" type="stmt"/>
      <line num="240" count="0" type="stmt"/>
      <line num="241" count="0" type="stmt"/>
      <line num="247" count="4" type="stmt"/>
      <line num="248" count="0" type="stmt"/>
      <line num="249" count="0" type="cond" truecount="0" falsecount="2"/>
      <line num="250" count="0" type="stmt"/>
      <line num="251" count="0" type="stmt"/>
      <line num="253" count="0" type="stmt"/>
      <line num="254" count="0" type="stmt"/>
      <line num="255" count="0" type="stmt"/>
      <line num="256" count="0" type="stmt"/>
      <line num="259" count="4" type="stmt"/>
      <line num="260" count="0" type="stmt"/>
      <line num="262" count="0" type="cond" truecount="0" falsecount="3"/>
      <line num="264" count="0" type="stmt"/>
      <line num="265" count="0" type="stmt"/>
      <line num="266" count="0" type="stmt"/>
      <line num="269" count="4" type="stmt"/>
      <line num="270" count="0" type="stmt"/>
      <line num="271" count="0" type="cond" truecount="0" falsecount="2"/>
      <line num="273" count="0" type="stmt"/>
      <line num="274" count="0" type="cond" truecount="0" falsecount="2"/>
      <line num="275" count="0" type="stmt"/>
      <line num="276" count="0" type="stmt"/>
      <line num="278" count="0" type="stmt"/>
      <line num="279" count="0" type="stmt"/>
      <line num="280" count="0" type="stmt"/>
      <line num="283" count="4" type="stmt"/>
      <line num="284" count="0" type="stmt"/>
      <line num="285" count="0" type="cond" truecount="0" falsecount="2"/>
      <line num="286" count="0" type="stmt"/>
      <line num="287" count="0" type="stmt"/>
      <line num="288" count="0" type="stmt"/>
      <line num="292" count="4" type="stmt"/>
      <line num="293" count="0" type="stmt"/>
      <line num="297" count="4" type="stmt"/>
      <line num="298" count="0" type="stmt"/>
      <line num="302" count="4" type="stmt"/>
      <line num="303" count="0" type="stmt"/>
      <line num="307" count="4" type="stmt"/>
      <line num="308" count="0" type="stmt"/>
      <line num="310" count="4" type="stmt"/>
      <line num="311" count="0" type="stmt"/>
      <line num="315" count="4" type="stmt"/>
      <line num="316" count="0" type="stmt"/>
      <line num="318" count="4" type="stmt"/>
      <line num="319" count="0" type="stmt"/>
      <line num="321" count="4" type="stmt"/>
      <line num="326" count="12" type="stmt"/>
      <line num="327" count="0" type="stmt"/>
      <line num="334" count="4" type="stmt"/>
      <line num="348" count="48" type="stmt"/>
      <line num="349" count="48" type="cond" truecount="4" falsecount="0"/>
      <line num="350" count="8" type="stmt"/>
      <line num="351" count="1" type="stmt"/>
      <line num="352" count="1" type="stmt"/>
      <line num="354" count="8" type="stmt"/>
      <line num="355" count="8" type="stmt"/>
      <line num="356" count="0" type="cond" truecount="0" falsecount="2"/>
      <line num="357" count="0" type="stmt"/>
      <line num="358" count="0" type="stmt"/>
      <line num="362" count="40" type="stmt"/>
      <line num="363" count="0" type="stmt"/>
      <line num="371" count="4" type="stmt"/>
      <line num="372" count="0" type="stmt"/>
      <line num="373" count="0" type="cond" truecount="0" falsecount="2"/>
      <line num="374" count="0" type="stmt"/>
      <line num="375" count="0" type="cond" truecount="0" falsecount="2"/>
      <line num="378" count="0" type="stmt"/>
      <line num="379" count="0" type="cond" truecount="0" falsecount="2"/>
      <line num="382" count="0" type="stmt"/>
      <line num="383" count="0" type="stmt"/>
      <line num="386" count="0" type="stmt"/>
      <line num="389" count="4" type="stmt"/>
      <line num="390" count="20" type="stmt"/>
      <line num="391" count="3" type="cond" truecount="1" falsecount="1"/>
      <line num="392" count="3" type="stmt"/>
      <line num="397" count="4" type="stmt"/>
      <line num="398" count="0" type="stmt"/>
      <line num="400" count="4" type="stmt"/>
      <line num="401" count="0" type="stmt"/>
      <line num="405" count="4" type="stmt"/>
      <line num="406" count="0" type="stmt"/>
      <line num="410" count="4" type="stmt"/>
      <line num="411" count="0" type="stmt"/>
      <line num="412" count="0" type="cond" truecount="0" falsecount="4"/>
      <line num="413" count="0" type="stmt"/>
      <line num="415" count="4" type="stmt"/>
      <line num="416" count="0" type="stmt"/>
      <line num="417" count="0" type="cond" truecount="0" falsecount="4"/>
      <line num="418" count="0" type="stmt"/>
      <line num="420" count="4" type="stmt"/>
      <line num="421" count="0" type="stmt"/>
      <line num="422" count="0" type="cond" truecount="0" falsecount="4"/>
      <line num="423" count="0" type="stmt"/>
      <line num="425" count="4" type="stmt"/>
      <line num="426" count="0" type="stmt"/>
      <line num="427" count="0" type="cond" truecount="0" falsecount="4"/>
      <line num="428" count="0" type="stmt"/>
      <line num="432" count="4" type="stmt"/>
      <line num="433" count="0" type="cond" truecount="0" falsecount="2"/>
      <line num="435" count="4" type="stmt"/>
      <line num="436" count="0" type="cond" truecount="0" falsecount="2"/>
      <line num="438" count="4" type="stmt"/>
      <line num="441" count="4" type="stmt"/>
      <line num="442" count="4" type="stmt"/>
      <line num="443" count="4" type="stmt"/>
      <line num="444" count="4" type="stmt"/>
      <line num="445" count="4" type="stmt"/>
      <line num="448" count="4" type="stmt"/>
      <line num="449" count="0" type="stmt"/>
      <line num="451" count="4" type="stmt"/>
      <line num="452" count="0" type="stmt"/>
      <line num="456" count="4" type="stmt"/>
      <line num="457" count="0" type="stmt"/>
      <line num="458" count="0" type="cond" truecount="0" falsecount="2"/>
      <line num="462" count="0" type="stmt"/>
      <line num="466" count="4" type="stmt"/>
      <line num="467" count="0" type="stmt"/>
      <line num="470" count="4" type="stmt"/>
      <line num="471" count="0" type="stmt"/>
      <line num="472" count="0" type="cond" truecount="0" falsecount="2"/>
      <line num="473" count="0" type="stmt"/>
      <line num="476" count="0" type="stmt"/>
      <line num="478" count="0" type="stmt"/>
      <line num="482" count="4" type="stmt"/>
      <line num="483" count="0" type="stmt"/>
      <line num="484" count="0" type="stmt"/>
      <line num="485" count="0" type="stmt"/>
      <line num="486" count="0" type="stmt"/>
      <line num="488" count="0" type="stmt"/>
      <line num="493" count="4" type="stmt"/>
      <line num="494" count="0" type="cond" truecount="0" falsecount="2"/>
      <line num="495" count="0" type="stmt"/>
      <line num="496" count="0" type="stmt"/>
      <line num="499" count="4" type="stmt"/>
      <line num="500" count="4" type="stmt"/>
    </file>
    <file name="validation.js" path="/Users/feivel/WebstormProjects/fp/src/validation.js">
      <metrics statements="79" coveredstatements="78" conditionals="94" coveredconditionals="87" methods="3" coveredmethods="3"/>
      <line num="16" count="4" type="cond" truecount="1" falsecount="1"/>
      <line num="17" count="4" type="cond" truecount="2" falsecount="0"/>
      <line num="18" count="2" type="stmt"/>
      <line num="19" count="2" type="cond" truecount="2" falsecount="0"/>
      <line num="20" count="2" type="stmt"/>
      <line num="26" count="1" type="cond" truecount="1" falsecount="1"/>
      <line num="27" count="1" type="stmt"/>
      <line num="28" count="1" type="stmt"/>
      <line num="29" count="1" type="stmt"/>
      <line num="36" count="0" type="stmt"/>
      <line num="45" count="33" type="stmt"/>
      <line num="46" count="33" type="stmt"/>
      <line num="47" count="173" type="cond" truecount="2" falsecount="0"/>
      <line num="49" count="33" type="stmt"/>
      <line num="51" count="33" type="cond" truecount="2" falsecount="0"/>
      <line num="52" count="1" type="stmt"/>
      <line num="57" count="32" type="stmt"/>
      <line num="58" count="32" type="cond" truecount="2" falsecount="0"/>
      <line num="59" count="25" type="stmt"/>
      <line num="60" count="25" type="stmt"/>
      <line num="61" count="25" type="stmt"/>
      <line num="63" count="7" type="stmt"/>
      <line num="64" count="7" type="stmt"/>
      <line num="66" count="7" type="cond" truecount="4" falsecount="0"/>
      <line num="67" count="6" type="stmt"/>
      <line num="72" count="7" type="cond" truecount="4" falsecount="0"/>
      <line num="73" count="3" type="stmt"/>
      <line num="81" count="33" type="stmt"/>
      <line num="82" count="33" type="stmt"/>
      <line num="83" count="33" type="stmt"/>
      <line num="84" count="33" type="stmt"/>
      <line num="86" count="33" type="stmt"/>
      <line num="87" count="33" type="stmt"/>
      <line num="88" count="33" type="stmt"/>
      <line num="89" count="33" type="cond" truecount="4" falsecount="0"/>
      <line num="90" count="3" type="stmt"/>
      <line num="94" count="33" type="cond" truecount="4" falsecount="0"/>
      <line num="95" count="3" type="stmt"/>
      <line num="99" count="33" type="cond" truecount="4" falsecount="0"/>
      <line num="100" count="3" type="stmt"/>
      <line num="105" count="33" type="stmt"/>
      <line num="106" count="33" type="cond" truecount="5" falsecount="0"/>
      <line num="107" count="8" type="cond" truecount="5" falsecount="1"/>
      <line num="108" count="8" type="stmt"/>
      <line num="109" count="8" type="stmt"/>
      <line num="110" count="8" type="stmt"/>
      <line num="111" count="8" type="stmt"/>
      <line num="112" count="8" type="stmt"/>
      <line num="114" count="8" type="cond" truecount="2" falsecount="0"/>
      <line num="115" count="2" type="stmt"/>
      <line num="116" count="2" type="stmt"/>
      <line num="117" count="2" type="cond" truecount="2" falsecount="0"/>
      <line num="118" count="1" type="stmt"/>
      <line num="119" count="1" type="stmt"/>
      <line num="124" count="6" type="cond" truecount="2" falsecount="0"/>
      <line num="125" count="2" type="cond" truecount="2" falsecount="0"/>
      <line num="126" count="1" type="stmt"/>
      <line num="127" count="1" type="stmt"/>
      <line num="132" count="4" type="cond" truecount="2" falsecount="0"/>
      <line num="133" count="3" type="stmt"/>
      <line num="134" count="3" type="stmt"/>
      <line num="142" count="33" type="stmt"/>
      <line num="143" count="33" type="cond" truecount="6" falsecount="0"/>
      <line num="144" count="1" type="stmt"/>
      <line num="151" count="33" type="stmt"/>
      <line num="152" count="33" type="cond" truecount="2" falsecount="0"/>
      <line num="153" count="2" type="cond" truecount="4" falsecount="0"/>
      <line num="154" count="1" type="stmt"/>
      <line num="159" count="2" type="cond" truecount="2" falsecount="0"/>
      <line num="160" count="1" type="cond" truecount="3" falsecount="1"/>
      <line num="161" count="1" type="stmt"/>
      <line num="169" count="33" type="cond" truecount="4" falsecount="0"/>
      <line num="170" count="30" type="stmt"/>
      <line num="171" count="4" type="cond" truecount="3" falsecount="1"/>
      <line num="172" count="4" type="stmt"/>
      <line num="173" count="4" type="cond" truecount="4" falsecount="1"/>
      <line num="174" count="4" type="cond" truecount="2" falsecount="0"/>
      <line num="180" count="3" type="stmt"/>
      <line num="189" count="33" type="stmt"/>
    </file>
  </project>
</coverage>
