{"/Users/feivel/WebstormProjects/fp/src/calc.js": {"path":"/Users/feivel/WebstormProjects/fp/src/calc.js","statementMap":{"0":{"start":{"line":7,"column":2},"end":{"line":7,"column":null}},"1":{"start":{"line":11,"column":12},"end":{"line":11,"column":21}},"2":{"start":{"line":12,"column":2},"end":{"line":12,"column":null}},"3":{"start":{"line":16,"column":2},"end":{"line":19,"column":null}},"4":{"start":{"line":17,"column":19},"end":{"line":17,"column":36}},"5":{"start":{"line":18,"column":4},"end":{"line":18,"column":null}},"6":{"start":{"line":20,"column":2},"end":{"line":20,"column":null}},"7":{"start":{"line":24,"column":2},"end":{"line":24,"column":null}},"8":{"start":{"line":28,"column":15},"end":{"line":32,"column":38}},"9":{"start":{"line":31,"column":16},"end":{"line":31,"column":25}},"10":{"start":{"line":32,"column":19},"end":{"line":32,"column":37}},"11":{"start":{"line":34,"column":13},"end":{"line":34,"column":21}},"12":{"start":{"line":35,"column":11},"end":{"line":35,"column":19}},"13":{"start":{"line":36,"column":11},"end":{"line":36,"column":20}},"14":{"start":{"line":37,"column":11},"end":{"line":37,"column":20}},"15":{"start":{"line":39,"column":2},"end":{"line":47,"column":null}},"16":{"start":{"line":39,"column":15},"end":{"line":39,"column":16}},"17":{"start":{"line":40,"column":14},"end":{"line":40,"column":21}},"18":{"start":{"line":41,"column":14},"end":{"line":41,"column":25}},"19":{"start":{"line":42,"column":4},"end":{"line":42,"column":null}},"20":{"start":{"line":42,"column":52},"end":{"line":42,"column":null}},"21":{"start":{"line":43,"column":4},"end":{"line":43,"column":null}},"22":{"start":{"line":44,"column":4},"end":{"line":44,"column":null}},"23":{"start":{"line":45,"column":4},"end":{"line":45,"column":null}},"24":{"start":{"line":46,"column":4},"end":{"line":46,"column":null}},"25":{"start":{"line":48,"column":2},"end":{"line":48,"column":null}},"26":{"start":{"line":48,"column":30},"end":{"line":48,"column":null}},"27":{"start":{"line":49,"column":2},"end":{"line":49,"column":null}},"28":{"start":{"line":56,"column":19},"end":{"line":56,"column":46}},"29":{"start":{"line":57,"column":17},"end":{"line":57,"column":19}},"30":{"start":{"line":59,"column":2},"end":{"line":72,"column":null}},"31":{"start":{"line":60,"column":4},"end":{"line":60,"column":null}},"32":{"start":{"line":60,"column":21},"end":{"line":60,"column":null}},"33":{"start":{"line":61,"column":17},"end":{"line":61,"column":23}},"34":{"start":{"line":62,"column":17},"end":{"line":67,"column":40}},"35":{"start":{"line":66,"column":18},"end":{"line":66,"column":27}},"36":{"start":{"line":67,"column":21},"end":{"line":67,"column":39}},"37":{"start":{"line":69,"column":4},"end":{"line":71,"column":null}},"38":{"start":{"line":70,"column":6},"end":{"line":70,"column":null}},"39":{"start":{"line":74,"column":2},"end":{"line":74,"column":null}},"40":{"start":{"line":74,"column":25},"end":{"line":74,"column":null}},"41":{"start":{"line":77,"column":16},"end":{"line":77,"column":25}},"42":{"start":{"line":78,"column":15},"end":{"line":78,"column":40}},"43":{"start":{"line":79,"column":2},"end":{"line":81,"column":null}},"44":{"start":{"line":80,"column":4},"end":{"line":80,"column":null}},"45":{"start":{"line":83,"column":2},"end":{"line":83,"column":null}},"46":{"start":{"line":90,"column":13},"end":{"line":90,"column":34}},"47":{"start":{"line":91,"column":2},"end":{"line":93,"column":null}},"48":{"start":{"line":92,"column":4},"end":{"line":92,"column":null}},"49":{"start":{"line":95,"column":18},"end":{"line":95,"column":45}},"50":{"start":{"line":96,"column":19},"end":{"line":96,"column":30}},"51":{"start":{"line":97,"column":21},"end":{"line":97,"column":64}},"52":{"start":{"line":98,"column":20},"end":{"line":98,"column":60}},"53":{"start":{"line":99,"column":26},"end":{"line":99,"column":63}},"54":{"start":{"line":101,"column":2},"end":{"line":108,"column":null}},"55":{"start":{"line":116,"column":16},"end":{"line":116,"column":25}},"56":{"start":{"line":117,"column":22},"end":{"line":117,"column":29}},"57":{"start":{"line":118,"column":23},"end":{"line":118,"column":26}},"58":{"start":{"line":119,"column":18},"end":{"line":119,"column":37}},"59":{"start":{"line":121,"column":26},"end":{"line":121,"column":28}},"60":{"start":{"line":122,"column":2},"end":{"line":126,"column":null}},"61":{"start":{"line":122,"column":15},"end":{"line":122,"column":16}},"62":{"start":{"line":123,"column":4},"end":{"line":125,"column":null}},"63":{"start":{"line":124,"column":6},"end":{"line":124,"column":null}},"64":{"start":{"line":128,"column":2},"end":{"line":157,"column":null}},"65":{"start":{"line":128,"column":15},"end":{"line":128,"column":16}},"66":{"start":{"line":129,"column":17},"end":{"line":129,"column":35}},"67":{"start":{"line":130,"column":4},"end":{"line":130,"column":null}},"68":{"start":{"line":130,"column":25},"end":{"line":130,"column":null}},"69":{"start":{"line":132,"column":15},"end":{"line":132,"column":29}},"70":{"start":{"line":133,"column":4},"end":{"line":133,"column":null}},"71":{"start":{"line":133,"column":13},"end":{"line":133,"column":null}},"72":{"start":{"line":135,"column":4},"end":{"line":156,"column":null}},"73":{"start":{"line":135,"column":17},"end":{"line":135,"column":22}},"74":{"start":{"line":136,"column":19},"end":{"line":136,"column":37}},"75":{"start":{"line":137,"column":6},"end":{"line":137,"column":null}},"76":{"start":{"line":137,"column":27},"end":{"line":137,"column":null}},"77":{"start":{"line":139,"column":17},"end":{"line":139,"column":31}},"78":{"start":{"line":140,"column":6},"end":{"line":140,"column":null}},"79":{"start":{"line":140,"column":15},"end":{"line":140,"column":null}},"80":{"start":{"line":143,"column":8},"end":{"line":144,"column":50}},"81":{"start":{"line":146,"column":6},"end":{"line":146,"column":null}},"82":{"start":{"line":146,"column":21},"end":{"line":146,"column":null}},"83":{"start":{"line":148,"column":27},"end":{"line":148,"column":56}},"84":{"start":{"line":149,"column":28},"end":{"line":149,"column":100}},"85":{"start":{"line":151,"column":6},"end":{"line":155,"column":null}},"86":{"start":{"line":152,"column":8},"end":{"line":152,"column":null}},"87":{"start":{"line":153,"column":8},"end":{"line":153,"column":null}},"88":{"start":{"line":154,"column":8},"end":{"line":154,"column":null}},"89":{"start":{"line":159,"column":2},"end":{"line":159,"column":null}},"90":{"start":{"line":167,"column":18},"end":{"line":167,"column":20}},"91":{"start":{"line":168,"column":20},"end":{"line":168,"column":29}},"92":{"start":{"line":170,"column":2},"end":{"line":183,"column":null}},"93":{"start":{"line":170,"column":15},"end":{"line":170,"column":16}},"94":{"start":{"line":171,"column":4},"end":{"line":171,"column":null}},"95":{"start":{"line":171,"column":26},"end":{"line":171,"column":null}},"96":{"start":{"line":173,"column":23},"end":{"line":173,"column":35}},"97":{"start":{"line":174,"column":4},"end":{"line":182,"column":null}},"98":{"start":{"line":175,"column":6},"end":{"line":175,"column":null}},"99":{"start":{"line":176,"column":6},"end":{"line":176,"column":null}},"100":{"start":{"line":177,"column":6},"end":{"line":177,"column":null}},"101":{"start":{"line":178,"column":6},"end":{"line":178,"column":null}},"102":{"start":{"line":180,"column":6},"end":{"line":180,"column":null}},"103":{"start":{"line":181,"column":6},"end":{"line":181,"column":null}},"104":{"start":{"line":185,"column":2},"end":{"line":185,"column":null}},"105":{"start":{"line":189,"column":2},"end":{"line":189,"column":null}},"106":{"start":{"line":190,"column":2},"end":{"line":190,"column":null}},"107":{"start":{"line":191,"column":2},"end":{"line":191,"column":null}},"108":{"start":{"line":191,"column":24},"end":{"line":191,"column":null}},"109":{"start":{"line":192,"column":2},"end":{"line":192,"column":null}},"110":{"start":{"line":201,"column":12},"end":{"line":201,"column":32}},"111":{"start":{"line":202,"column":12},"end":{"line":202,"column":32}},"112":{"start":{"line":203,"column":13},"end":{"line":203,"column":28}},"113":{"start":{"line":204,"column":13},"end":{"line":204,"column":28}},"114":{"start":{"line":205,"column":12},"end":{"line":205,"column":28}},"115":{"start":{"line":207,"column":2},"end":{"line":207,"column":null}},"116":{"start":{"line":207,"column":45},"end":{"line":207,"column":null}},"117":{"start":{"line":208,"column":2},"end":{"line":208,"column":null}},"118":{"start":{"line":208,"column":24},"end":{"line":208,"column":null}},"119":{"start":{"line":210,"column":14},"end":{"line":210,"column":16}},"120":{"start":{"line":212,"column":19},"end":{"line":212,"column":25}},"121":{"start":{"line":213,"column":13},"end":{"line":213,"column":53}},"122":{"start":{"line":214,"column":13},"end":{"line":214,"column":28}},"123":{"start":{"line":215,"column":2},"end":{"line":215,"column":null}},"124":{"start":{"line":215,"column":10},"end":{"line":215,"column":null}},"125":{"start":{"line":217,"column":20},"end":{"line":217,"column":26}},"126":{"start":{"line":218,"column":13},"end":{"line":218,"column":54}},"127":{"start":{"line":219,"column":13},"end":{"line":219,"column":29}},"128":{"start":{"line":220,"column":2},"end":{"line":220,"column":null}},"129":{"start":{"line":220,"column":10},"end":{"line":220,"column":null}},"130":{"start":{"line":222,"column":2},"end":{"line":222,"column":null}},"131":{"start":{"line":231,"column":13},"end":{"line":231,"column":27}},"132":{"start":{"line":232,"column":13},"end":{"line":232,"column":27}},"133":{"start":{"line":233,"column":13},"end":{"line":233,"column":28}},"134":{"start":{"line":234,"column":13},"end":{"line":234,"column":28}},"135":{"start":{"line":235,"column":12},"end":{"line":235,"column":28}},"136":{"start":{"line":237,"column":2},"end":{"line":237,"column":null}},"137":{"start":{"line":237,"column":47},"end":{"line":237,"column":null}},"138":{"start":{"line":239,"column":2},"end":{"line":239,"column":null}},"139":{"start":{"line":239,"column":15},"end":{"line":239,"column":null}},"140":{"start":{"line":240,"column":2},"end":{"line":240,"column":null}},"141":{"start":{"line":240,"column":30},"end":{"line":240,"column":null}},"142":{"start":{"line":242,"column":2},"end":{"line":242,"column":null}},"143":{"start":{"line":242,"column":15},"end":{"line":242,"column":null}},"144":{"start":{"line":243,"column":2},"end":{"line":243,"column":null}},"145":{"start":{"line":243,"column":30},"end":{"line":243,"column":null}},"146":{"start":{"line":245,"column":2},"end":{"line":245,"column":null}},"147":{"start":{"line":252,"column":4},"end":{"line":252,"column":null}},"148":{"start":{"line":253,"column":4},"end":{"line":253,"column":null}},"149":{"start":{"line":256,"column":4},"end":{"line":256,"column":null}},"150":{"start":{"line":257,"column":4},"end":{"line":257,"column":null}},"151":{"start":{"line":260,"column":4},"end":{"line":260,"column":null}},"152":{"start":{"line":260,"column":12},"end":{"line":260,"column":null}},"153":{"start":{"line":261,"column":14},"end":{"line":261,"column":27}},"154":{"start":{"line":262,"column":14},"end":{"line":262,"column":27}},"155":{"start":{"line":263,"column":4},"end":{"line":263,"column":null}},"156":{"start":{"line":263,"column":26},"end":{"line":263,"column":null}},"157":{"start":{"line":264,"column":18},"end":{"line":264,"column":60}},"158":{"start":{"line":265,"column":4},"end":{"line":265,"column":null}},"159":{"start":{"line":266,"column":4},"end":{"line":266,"column":null}},"160":{"start":{"line":270,"column":14},"end":{"line":270,"column":29}},"161":{"start":{"line":271,"column":14},"end":{"line":271,"column":29}},"162":{"start":{"line":272,"column":14},"end":{"line":272,"column":30}},"163":{"start":{"line":274,"column":4},"end":{"line":274,"column":null}},"164":{"start":{"line":274,"column":26},"end":{"line":274,"column":null}},"165":{"start":{"line":276,"column":15},"end":{"line":276,"column":19}},"166":{"start":{"line":278,"column":4},"end":{"line":306,"column":null}},"167":{"start":{"line":278,"column":17},"end":{"line":278,"column":18}},"168":{"start":{"line":279,"column":16},"end":{"line":279,"column":29}},"169":{"start":{"line":282,"column":6},"end":{"line":291,"column":null}},"170":{"start":{"line":283,"column":25},"end":{"line":283,"column":44}},"171":{"start":{"line":284,"column":32},"end":{"line":284,"column":62}},"172":{"start":{"line":285,"column":21},"end":{"line":285,"column":120}},"173":{"start":{"line":287,"column":8},"end":{"line":290,"column":null}},"174":{"start":{"line":287,"column":19},"end":{"line":287,"column":null}},"175":{"start":{"line":288,"column":13},"end":{"line":290,"column":null}},"176":{"start":{"line":288,"column":59},"end":{"line":288,"column":71}},"177":{"start":{"line":289,"column":13},"end":{"line":290,"column":null}},"178":{"start":{"line":289,"column":72},"end":{"line":289,"column":null}},"179":{"start":{"line":290,"column":13},"end":{"line":290,"column":null}},"180":{"start":{"line":290,"column":32},"end":{"line":290,"column":null}},"181":{"start":{"line":294,"column":6},"end":{"line":305,"column":null}},"182":{"start":{"line":295,"column":8},"end":{"line":304,"column":null}},"183":{"start":{"line":296,"column":27},"end":{"line":296,"column":46}},"184":{"start":{"line":297,"column":34},"end":{"line":297,"column":64}},"185":{"start":{"line":298,"column":23},"end":{"line":298,"column":121}},"186":{"start":{"line":300,"column":10},"end":{"line":303,"column":null}},"187":{"start":{"line":300,"column":21},"end":{"line":300,"column":null}},"188":{"start":{"line":301,"column":15},"end":{"line":303,"column":null}},"189":{"start":{"line":301,"column":61},"end":{"line":301,"column":null}},"190":{"start":{"line":302,"column":15},"end":{"line":303,"column":null}},"191":{"start":{"line":302,"column":74},"end":{"line":302,"column":null}},"192":{"start":{"line":303,"column":15},"end":{"line":303,"column":null}},"193":{"start":{"line":303,"column":34},"end":{"line":303,"column":null}},"194":{"start":{"line":308,"column":4},"end":{"line":308,"column":null}},"195":{"start":{"line":308,"column":15},"end":{"line":308,"column":null}},"196":{"start":{"line":309,"column":4},"end":{"line":309,"column":null}},"197":{"start":{"line":313,"column":19},"end":{"line":313,"column":52}},"198":{"start":{"line":315,"column":22},"end":{"line":315,"column":50}},"199":{"start":{"line":316,"column":22},"end":{"line":316,"column":50}},"200":{"start":{"line":318,"column":23},"end":{"line":318,"column":25}},"201":{"start":{"line":319,"column":4},"end":{"line":325,"column":null}},"202":{"start":{"line":320,"column":18},"end":{"line":320,"column":88}},"203":{"start":{"line":321,"column":6},"end":{"line":324,"column":null}},"204":{"start":{"line":322,"column":22},"end":{"line":322,"column":44}},"205":{"start":{"line":323,"column":8},"end":{"line":323,"column":null}},"206":{"start":{"line":323,"column":19},"end":{"line":323,"column":null}},"207":{"start":{"line":327,"column":4},"end":{"line":330,"column":null}},"208":{"start":{"line":334,"column":4},"end":{"line":334,"column":null}},"209":{"start":{"line":334,"column":34},"end":{"line":334,"column":76}},"210":{"start":{"line":339,"column":21},"end":{"line":339,"column":43}},"211":{"start":{"line":340,"column":2},"end":{"line":342,"column":null}},"212":{"start":{"line":341,"column":4},"end":{"line":341,"column":null}},"213":{"start":{"line":344,"column":13},"end":{"line":344,"column":46}},"214":{"start":{"line":345,"column":13},"end":{"line":345,"column":47}},"215":{"start":{"line":346,"column":16},"end":{"line":346,"column":55}},"216":{"start":{"line":348,"column":2},"end":{"line":350,"column":null}},"217":{"start":{"line":349,"column":4},"end":{"line":349,"column":null}},"218":{"start":{"line":353,"column":22},"end":{"line":353,"column":57}},"219":{"start":{"line":354,"column":23},"end":{"line":354,"column":58}},"220":{"start":{"line":355,"column":17},"end":{"line":355,"column":47}},"221":{"start":{"line":358,"column":15},"end":{"line":358,"column":73}},"222":{"start":{"line":359,"column":2},"end":{"line":359,"column":null}},"223":{"start":{"line":359,"column":17},"end":{"line":359,"column":null}},"224":{"start":{"line":362,"column":11},"end":{"line":362,"column":44}},"225":{"start":{"line":363,"column":2},"end":{"line":363,"column":null}},"226":{"start":{"line":363,"column":15},"end":{"line":363,"column":null}},"227":{"start":{"line":365,"column":20},"end":{"line":365,"column":53}},"228":{"start":{"line":366,"column":22},"end":{"line":366,"column":58}},"229":{"start":{"line":368,"column":18},"end":{"line":368,"column":19}},"230":{"start":{"line":369,"column":17},"end":{"line":369,"column":18}},"231":{"start":{"line":370,"column":19},"end":{"line":370,"column":20}},"232":{"start":{"line":372,"column":15},"end":{"line":372,"column":31}},"233":{"start":{"line":374,"column":20},"end":{"line":374,"column":45}},"234":{"start":{"line":375,"column":19},"end":{"line":375,"column":44}},"235":{"start":{"line":376,"column":27},"end":{"line":376,"column":28}},"236":{"start":{"line":378,"column":19},"end":{"line":378,"column":55}},"237":{"start":{"line":379,"column":2},"end":{"line":384,"column":null}},"238":{"start":{"line":379,"column":15},"end":{"line":379,"column":16}},"239":{"start":{"line":380,"column":17},"end":{"line":380,"column":27}},"240":{"start":{"line":381,"column":4},"end":{"line":383,"column":null}},"241":{"start":{"line":382,"column":6},"end":{"line":382,"column":null}},"242":{"start":{"line":386,"column":16},"end":{"line":386,"column":65}},"243":{"start":{"line":387,"column":23},"end":{"line":387,"column":76}},"244":{"start":{"line":389,"column":22},"end":{"line":389,"column":31}},"245":{"start":{"line":391,"column":2},"end":{"line":504,"column":null}},"246":{"start":{"line":391,"column":17},"end":{"line":391,"column":18}},"247":{"start":{"line":392,"column":14},"end":{"line":392,"column":31}},"248":{"start":{"line":393,"column":17},"end":{"line":393,"column":27}},"249":{"start":{"line":395,"column":4},"end":{"line":400,"column":null}},"250":{"start":{"line":396,"column":6},"end":{"line":396,"column":null}},"251":{"start":{"line":397,"column":6},"end":{"line":397,"column":null}},"252":{"start":{"line":398,"column":6},"end":{"line":398,"column":null}},"253":{"start":{"line":399,"column":6},"end":{"line":399,"column":null}},"254":{"start":{"line":402,"column":21},"end":{"line":402,"column":32}},"255":{"start":{"line":403,"column":15},"end":{"line":403,"column":52}},"256":{"start":{"line":404,"column":17},"end":{"line":404,"column":67}},"257":{"start":{"line":405,"column":4},"end":{"line":405,"column":null}},"258":{"start":{"line":407,"column":23},"end":{"line":407,"column":48}},"259":{"start":{"line":408,"column":26},"end":{"line":408,"column":45}},"260":{"start":{"line":410,"column":4},"end":{"line":413,"column":null}},"261":{"start":{"line":411,"column":6},"end":{"line":411,"column":null}},"262":{"start":{"line":412,"column":6},"end":{"line":412,"column":null}},"263":{"start":{"line":415,"column":4},"end":{"line":415,"column":null}},"264":{"start":{"line":417,"column":4},"end":{"line":417,"column":null}},"265":{"start":{"line":417,"column":36},"end":{"line":417,"column":null}},"266":{"start":{"line":419,"column":20},"end":{"line":419,"column":68}},"267":{"start":{"line":420,"column":21},"end":{"line":420,"column":54}},"268":{"start":{"line":421,"column":22},"end":{"line":421,"column":87}},"269":{"start":{"line":422,"column":28},"end":{"line":422,"column":96}},"270":{"start":{"line":424,"column":23},"end":{"line":424,"column":35}},"271":{"start":{"line":425,"column":33},"end":{"line":425,"column":96}},"272":{"start":{"line":427,"column":21},"end":{"line":427,"column":25}},"273":{"start":{"line":428,"column":21},"end":{"line":428,"column":25}},"274":{"start":{"line":430,"column":4},"end":{"line":434,"column":null}},"275":{"start":{"line":431,"column":20},"end":{"line":431,"column":40}},"276":{"start":{"line":432,"column":6},"end":{"line":432,"column":null}},"277":{"start":{"line":433,"column":6},"end":{"line":433,"column":null}},"278":{"start":{"line":436,"column":4},"end":{"line":453,"column":null}},"279":{"start":{"line":437,"column":24},"end":{"line":437,"column":45}},"280":{"start":{"line":438,"column":6},"end":{"line":452,"column":null}},"281":{"start":{"line":439,"column":23},"end":{"line":439,"column":50}},"282":{"start":{"line":440,"column":8},"end":{"line":451,"column":null}},"283":{"start":{"line":441,"column":10},"end":{"line":441,"column":null}},"284":{"start":{"line":442,"column":10},"end":{"line":449,"column":null}},"285":{"start":{"line":450,"column":10},"end":{"line":450,"column":null}},"286":{"start":{"line":455,"column":20},"end":{"line":460,"column":6}},"287":{"start":{"line":462,"column":4},"end":{"line":473,"column":null}},"288":{"start":{"line":463,"column":6},"end":{"line":463,"column":null}},"289":{"start":{"line":464,"column":6},"end":{"line":471,"column":null}},"290":{"start":{"line":472,"column":6},"end":{"line":472,"column":null}},"291":{"start":{"line":475,"column":27},"end":{"line":475,"column":29}},"292":{"start":{"line":477,"column":4},"end":{"line":501,"column":null}},"293":{"start":{"line":478,"column":22},"end":{"line":478,"column":26}},"294":{"start":{"line":479,"column":22},"end":{"line":479,"column":26}},"295":{"start":{"line":480,"column":6},"end":{"line":480,"column":null}},"296":{"start":{"line":481,"column":11},"end":{"line":501,"column":null}},"297":{"start":{"line":482,"column":22},"end":{"line":482,"column":26}},"298":{"start":{"line":483,"column":22},"end":{"line":483,"column":26}},"299":{"start":{"line":484,"column":17},"end":{"line":484,"column":68}},"300":{"start":{"line":485,"column":6},"end":{"line":485,"column":null}},"301":{"start":{"line":485,"column":14},"end":{"line":485,"column":null}},"302":{"start":{"line":486,"column":11},"end":{"line":501,"column":null}},"303":{"start":{"line":487,"column":18},"end":{"line":487,"column":78}},"304":{"start":{"line":488,"column":6},"end":{"line":491,"column":null}},"305":{"start":{"line":489,"column":19},"end":{"line":489,"column":46}},"306":{"start":{"line":490,"column":8},"end":{"line":490,"column":null}},"307":{"start":{"line":490,"column":16},"end":{"line":490,"column":null}},"308":{"start":{"line":493,"column":27},"end":{"line":493,"column":64}},"309":{"start":{"line":494,"column":6},"end":{"line":500,"column":null}},"310":{"start":{"line":495,"column":24},"end":{"line":495,"column":40}},"311":{"start":{"line":496,"column":18},"end":{"line":496,"column":74}},"312":{"start":{"line":497,"column":18},"end":{"line":497,"column":34}},"313":{"start":{"line":498,"column":19},"end":{"line":498,"column":52}},"314":{"start":{"line":499,"column":8},"end":{"line":499,"column":null}},"315":{"start":{"line":499,"column":16},"end":{"line":499,"column":null}},"316":{"start":{"line":503,"column":4},"end":{"line":503,"column":null}},"317":{"start":{"line":507,"column":23},"end":{"line":507,"column":88}},"318":{"start":{"line":512,"column":26},"end":{"line":512,"column":60}},"319":{"start":{"line":513,"column":25},"end":{"line":513,"column":52}},"320":{"start":{"line":514,"column":36},"end":{"line":514,"column":65}},"321":{"start":{"line":517,"column":27},"end":{"line":517,"column":63}},"322":{"start":{"line":518,"column":26},"end":{"line":518,"column":51}},"323":{"start":{"line":520,"column":27},"end":{"line":520,"column":66}},"324":{"start":{"line":521,"column":26},"end":{"line":521,"column":51}},"325":{"start":{"line":523,"column":23},"end":{"line":523,"column":71}},"326":{"start":{"line":524,"column":22},"end":{"line":524,"column":43}},"327":{"start":{"line":525,"column":19},"end":{"line":525,"column":85}},"328":{"start":{"line":528,"column":31},"end":{"line":528,"column":83}},"329":{"start":{"line":529,"column":25},"end":{"line":529,"column":97}},"330":{"start":{"line":532,"column":27},"end":{"line":532,"column":47}},"331":{"start":{"line":533,"column":22},"end":{"line":533,"column":84}},"332":{"start":{"line":536,"column":16},"end":{"line":536,"column":43}},"333":{"start":{"line":537,"column":22},"end":{"line":537,"column":50}},"334":{"start":{"line":538,"column":26},"end":{"line":538,"column":46}},"335":{"start":{"line":541,"column":21},"end":{"line":541,"column":59}},"336":{"start":{"line":542,"column":17},"end":{"line":542,"column":51}},"337":{"start":{"line":544,"column":21},"end":{"line":544,"column":49}},"338":{"start":{"line":545,"column":16},"end":{"line":545,"column":71}},"339":{"start":{"line":547,"column":2},"end":{"line":606,"column":null}}},"fnMap":{"0":{"name":"cm2ToM2","decl":{"start":{"line":6,"column":9},"end":{"line":6,"column":16}},"loc":{"start":{"line":6,"column":23},"end":{"line":8,"column":null}},"line":6},"1":{"name":"clampPos","decl":{"start":{"line":10,"column":9},"end":{"line":10,"column":17}},"loc":{"start":{"line":10,"column":21},"end":{"line":13,"column":null}},"line":10},"2":{"name":"calculateTileArea","decl":{"start":{"line":15,"column":9},"end":{"line":15,"column":26}},"loc":{"start":{"line":15,"column":42},"end":{"line":21,"column":null}},"line":15},"3":{"name":"rectArea","decl":{"start":{"line":23,"column":9},"end":{"line":23,"column":17}},"loc":{"start":{"line":23,"column":21},"end":{"line":25,"column":null}},"line":23},"4":{"name":"bboxFromPathD","decl":{"start":{"line":27,"column":9},"end":{"line":27,"column":22}},"loc":{"start":{"line":27,"column":26},"end":{"line":50,"column":null}},"line":27},"5":{"name":"(anonymous_5)","decl":{"start":{"line":31,"column":9},"end":{"line":31,"column":10}},"loc":{"start":{"line":31,"column":16},"end":{"line":31,"column":25}},"line":31},"6":{"name":"(anonymous_6)","decl":{"start":{"line":32,"column":12},"end":{"line":32,"column":13}},"loc":{"start":{"line":32,"column":19},"end":{"line":32,"column":37}},"line":32},"7":{"name":"parsePathDToPolygon","decl":{"start":{"line":55,"column":9},"end":{"line":55,"column":28}},"loc":{"start":{"line":55,"column":32},"end":{"line":84,"column":null}},"line":55},"8":{"name":"(anonymous_8)","decl":{"start":{"line":66,"column":11},"end":{"line":66,"column":12}},"loc":{"start":{"line":66,"column":18},"end":{"line":66,"column":27}},"line":66},"9":{"name":"(anonymous_9)","decl":{"start":{"line":67,"column":14},"end":{"line":67,"column":15}},"loc":{"start":{"line":67,"column":21},"end":{"line":67,"column":39}},"line":67},"10":{"name":"analyzeCutTile","decl":{"start":{"line":89,"column":9},"end":{"line":89,"column":23}},"loc":{"start":{"line":89,"column":43},"end":{"line":109,"column":null}},"line":89},"11":{"name":"findComplementaryPairs","decl":{"start":{"line":115,"column":9},"end":{"line":115,"column":31}},"loc":{"start":{"line":115,"column":57},"end":{"line":160,"column":null}},"line":115},"12":{"name":"optimizeTileProcessingOrder","decl":{"start":{"line":166,"column":9},"end":{"line":166,"column":36}},"loc":{"start":{"line":166,"column":61},"end":{"line":186,"column":null}},"line":166},"13":{"name":"makeRect","decl":{"start":{"line":188,"column":9},"end":{"line":188,"column":17}},"loc":{"start":{"line":188,"column":24},"end":{"line":193,"column":null}},"line":188},"14":{"name":"guillotineRemainders","decl":{"start":{"line":200,"column":9},"end":{"line":200,"column":29}},"loc":{"start":{"line":200,"column":76},"end":{"line":223,"column":null}},"line":200},"15":{"name":"fitsWithKerf","decl":{"start":{"line":230,"column":9},"end":{"line":230,"column":21}},"loc":{"start":{"line":230,"column":56},"end":{"line":246,"column":null}},"line":230},"16":{"name":"(anonymous_16)","decl":{"start":{"line":250,"column":2},"end":{"line":250,"column":13}},"loc":{"start":{"line":250,"column":16},"end":{"line":254,"column":null}},"line":250},"17":{"name":"(anonymous_17)","decl":{"start":{"line":255,"column":2},"end":{"line":255,"column":5}},"loc":{"start":{"line":255,"column":8},"end":{"line":258,"column":null}},"line":255},"18":{"name":"(anonymous_18)","decl":{"start":{"line":259,"column":2},"end":{"line":259,"column":5}},"loc":{"start":{"line":259,"column":44},"end":{"line":267,"column":null}},"line":259},"19":{"name":"(anonymous_19)","decl":{"start":{"line":269,"column":2},"end":{"line":269,"column":6}},"loc":{"start":{"line":269,"column":84},"end":{"line":310,"column":null}},"line":269},"20":{"name":"(anonymous_20)","decl":{"start":{"line":312,"column":2},"end":{"line":312,"column":10}},"loc":{"start":{"line":312,"column":53},"end":{"line":331,"column":null}},"line":312},"21":{"name":"(anonymous_21)","decl":{"start":{"line":333,"column":2},"end":{"line":333,"column":10}},"loc":{"start":{"line":333,"column":13},"end":{"line":335,"column":null}},"line":333},"22":{"name":"(anonymous_22)","decl":{"start":{"line":334,"column":26},"end":{"line":334,"column":27}},"loc":{"start":{"line":334,"column":34},"end":{"line":334,"column":76}},"line":334},"23":{"name":"computePlanMetrics","decl":{"start":{"line":338,"column":16},"end":{"line":338,"column":34}},"loc":{"start":{"line":338,"column":42},"end":{"line":607,"column":null}},"line":338}},"branchMap":{"0":{"loc":{"start":{"line":12,"column":9},"end":{"line":12,"column":48}},"type":"cond-expr","locations":[{"start":{"line":12,"column":30},"end":{"line":12,"column":44}},{"start":{"line":12,"column":47},"end":{"line":12,"column":48}}],"line":12},"1":{"loc":{"start":{"line":16,"column":2},"end":{"line":19,"column":null}},"type":"if","locations":[{"start":{"line":16,"column":2},"end":{"line":19,"column":null}},{"start":{},"end":{}}],"line":16},"2":{"loc":{"start":{"line":42,"column":4},"end":{"line":42,"column":null}},"type":"if","locations":[{"start":{"line":42,"column":4},"end":{"line":42,"column":null}},{"start":{},"end":{}}],"line":42},"3":{"loc":{"start":{"line":42,"column":8},"end":{"line":42,"column":50}},"type":"binary-expr","locations":[{"start":{"line":42,"column":8},"end":{"line":42,"column":27}},{"start":{"line":42,"column":31},"end":{"line":42,"column":50}}],"line":42},"4":{"loc":{"start":{"line":48,"column":2},"end":{"line":48,"column":null}},"type":"if","locations":[{"start":{"line":48,"column":2},"end":{"line":48,"column":null}},{"start":{},"end":{}}],"line":48},"5":{"loc":{"start":{"line":60,"column":4},"end":{"line":60,"column":null}},"type":"if","locations":[{"start":{"line":60,"column":4},"end":{"line":60,"column":null}},{"start":{},"end":{}}],"line":60},"6":{"loc":{"start":{"line":69,"column":4},"end":{"line":71,"column":null}},"type":"if","locations":[{"start":{"line":69,"column":4},"end":{"line":71,"column":null}},{"start":{},"end":{}}],"line":69},"7":{"loc":{"start":{"line":69,"column":8},"end":{"line":69,"column":58}},"type":"binary-expr","locations":[{"start":{"line":69,"column":9},"end":{"line":69,"column":21}},{"start":{"line":69,"column":25},"end":{"line":69,"column":37}},{"start":{"line":69,"column":42},"end":{"line":69,"column":58}}],"line":69},"8":{"loc":{"start":{"line":74,"column":2},"end":{"line":74,"column":null}},"type":"if","locations":[{"start":{"line":74,"column":2},"end":{"line":74,"column":null}},{"start":{},"end":{}}],"line":74},"9":{"loc":{"start":{"line":79,"column":2},"end":{"line":81,"column":null}},"type":"if","locations":[{"start":{"line":79,"column":2},"end":{"line":81,"column":null}},{"start":{},"end":{}}],"line":79},"10":{"loc":{"start":{"line":79,"column":6},"end":{"line":79,"column":50}},"type":"binary-expr","locations":[{"start":{"line":79,"column":6},"end":{"line":79,"column":26}},{"start":{"line":79,"column":30},"end":{"line":79,"column":50}}],"line":79},"11":{"loc":{"start":{"line":91,"column":2},"end":{"line":93,"column":null}},"type":"if","locations":[{"start":{"line":91,"column":2},"end":{"line":93,"column":null}},{"start":{},"end":{}}],"line":91},"12":{"loc":{"start":{"line":91,"column":6},"end":{"line":91,"column":36}},"type":"binary-expr","locations":[{"start":{"line":91,"column":6},"end":{"line":91,"column":9}},{"start":{"line":91,"column":13},"end":{"line":91,"column":36}}],"line":91},"13":{"loc":{"start":{"line":91,"column":15},"end":{"line":91,"column":35}},"type":"binary-expr","locations":[{"start":{"line":91,"column":15},"end":{"line":91,"column":23}},{"start":{"line":91,"column":27},"end":{"line":91,"column":35}}],"line":91},"14":{"loc":{"start":{"line":97,"column":21},"end":{"line":97,"column":64}},"type":"cond-expr","locations":[{"start":{"line":97,"column":30},"end":{"line":97,"column":53}},{"start":{"line":97,"column":56},"end":{"line":97,"column":64}}],"line":97},"15":{"loc":{"start":{"line":98,"column":20},"end":{"line":98,"column":60}},"type":"cond-expr","locations":[{"start":{"line":98,"column":35},"end":{"line":98,"column":56}},{"start":{"line":98,"column":59},"end":{"line":98,"column":60}}],"line":98},"16":{"loc":{"start":{"line":99,"column":26},"end":{"line":99,"column":63}},"type":"binary-expr","locations":[{"start":{"line":99,"column":26},"end":{"line":99,"column":43}},{"start":{"line":99,"column":47},"end":{"line":99,"column":63}}],"line":99},"17":{"loc":{"start":{"line":123,"column":4},"end":{"line":125,"column":null}},"type":"if","locations":[{"start":{"line":123,"column":4},"end":{"line":125,"column":null}},{"start":{},"end":{}}],"line":123},"18":{"loc":{"start":{"line":123,"column":8},"end":{"line":123,"column":75}},"type":"binary-expr","locations":[{"start":{"line":123,"column":8},"end":{"line":123,"column":24}},{"start":{"line":123,"column":28},"end":{"line":123,"column":39}},{"start":{"line":123,"column":43},"end":{"line":123,"column":75}}],"line":123},"19":{"loc":{"start":{"line":130,"column":4},"end":{"line":130,"column":null}},"type":"if","locations":[{"start":{"line":130,"column":4},"end":{"line":130,"column":null}},{"start":{},"end":{}}],"line":130},"20":{"loc":{"start":{"line":133,"column":4},"end":{"line":133,"column":null}},"type":"if","locations":[{"start":{"line":133,"column":4},"end":{"line":133,"column":null}},{"start":{},"end":{}}],"line":133},"21":{"loc":{"start":{"line":137,"column":6},"end":{"line":137,"column":null}},"type":"if","locations":[{"start":{"line":137,"column":6},"end":{"line":137,"column":null}},{"start":{},"end":{}}],"line":137},"22":{"loc":{"start":{"line":140,"column":6},"end":{"line":140,"column":null}},"type":"if","locations":[{"start":{"line":140,"column":6},"end":{"line":140,"column":null}},{"start":{},"end":{}}],"line":140},"23":{"loc":{"start":{"line":143,"column":8},"end":{"line":144,"column":50}},"type":"binary-expr","locations":[{"start":{"line":143,"column":8},"end":{"line":143,"column":50}},{"start":{"line":144,"column":8},"end":{"line":144,"column":50}}],"line":143},"24":{"loc":{"start":{"line":146,"column":6},"end":{"line":146,"column":null}},"type":"if","locations":[{"start":{"line":146,"column":6},"end":{"line":146,"column":null}},{"start":{},"end":{}}],"line":146},"25":{"loc":{"start":{"line":149,"column":28},"end":{"line":149,"column":100}},"type":"binary-expr","locations":[{"start":{"line":149,"column":28},"end":{"line":149,"column":62}},{"start":{"line":149,"column":66},"end":{"line":149,"column":100}}],"line":149},"26":{"loc":{"start":{"line":151,"column":6},"end":{"line":155,"column":null}},"type":"if","locations":[{"start":{"line":151,"column":6},"end":{"line":155,"column":null}},{"start":{},"end":{}}],"line":151},"27":{"loc":{"start":{"line":171,"column":4},"end":{"line":171,"column":null}},"type":"if","locations":[{"start":{"line":171,"column":4},"end":{"line":171,"column":null}},{"start":{},"end":{}}],"line":171},"28":{"loc":{"start":{"line":174,"column":4},"end":{"line":182,"column":null}},"type":"if","locations":[{"start":{"line":174,"column":4},"end":{"line":182,"column":null}},{"start":{"line":179,"column":11},"end":{"line":182,"column":null}}],"line":174},"29":{"loc":{"start":{"line":174,"column":8},"end":{"line":174,"column":62}},"type":"binary-expr","locations":[{"start":{"line":174,"column":8},"end":{"line":174,"column":32}},{"start":{"line":174,"column":36},"end":{"line":174,"column":62}}],"line":174},"30":{"loc":{"start":{"line":191,"column":2},"end":{"line":191,"column":null}},"type":"if","locations":[{"start":{"line":191,"column":2},"end":{"line":191,"column":null}},{"start":{},"end":{}}],"line":191},"31":{"loc":{"start":{"line":191,"column":6},"end":{"line":191,"column":22}},"type":"binary-expr","locations":[{"start":{"line":191,"column":6},"end":{"line":191,"column":12}},{"start":{"line":191,"column":16},"end":{"line":191,"column":22}}],"line":191},"32":{"loc":{"start":{"line":207,"column":2},"end":{"line":207,"column":null}},"type":"if","locations":[{"start":{"line":207,"column":2},"end":{"line":207,"column":null}},{"start":{},"end":{}}],"line":207},"33":{"loc":{"start":{"line":207,"column":8},"end":{"line":207,"column":42}},"type":"binary-expr","locations":[{"start":{"line":207,"column":8},"end":{"line":207,"column":13}},{"start":{"line":207,"column":17},"end":{"line":207,"column":22}},{"start":{"line":207,"column":26},"end":{"line":207,"column":32}},{"start":{"line":207,"column":36},"end":{"line":207,"column":42}}],"line":207},"34":{"loc":{"start":{"line":208,"column":2},"end":{"line":208,"column":null}},"type":"if","locations":[{"start":{"line":208,"column":2},"end":{"line":208,"column":null}},{"start":{},"end":{}}],"line":208},"35":{"loc":{"start":{"line":208,"column":6},"end":{"line":208,"column":22}},"type":"binary-expr","locations":[{"start":{"line":208,"column":6},"end":{"line":208,"column":12}},{"start":{"line":208,"column":16},"end":{"line":208,"column":22}}],"line":208},"36":{"loc":{"start":{"line":213,"column":35},"end":{"line":213,"column":51}},"type":"cond-expr","locations":[{"start":{"line":213,"column":46},"end":{"line":213,"column":47}},{"start":{"line":213,"column":50},"end":{"line":213,"column":51}}],"line":213},"37":{"loc":{"start":{"line":215,"column":2},"end":{"line":215,"column":null}},"type":"if","locations":[{"start":{"line":215,"column":2},"end":{"line":215,"column":null}},{"start":{},"end":{}}],"line":215},"38":{"loc":{"start":{"line":218,"column":35},"end":{"line":218,"column":52}},"type":"cond-expr","locations":[{"start":{"line":218,"column":47},"end":{"line":218,"column":48}},{"start":{"line":218,"column":51},"end":{"line":218,"column":52}}],"line":218},"39":{"loc":{"start":{"line":220,"column":2},"end":{"line":220,"column":null}},"type":"if","locations":[{"start":{"line":220,"column":2},"end":{"line":220,"column":null}},{"start":{},"end":{}}],"line":220},"40":{"loc":{"start":{"line":237,"column":2},"end":{"line":237,"column":null}},"type":"if","locations":[{"start":{"line":237,"column":2},"end":{"line":237,"column":null}},{"start":{},"end":{}}],"line":237},"41":{"loc":{"start":{"line":237,"column":8},"end":{"line":237,"column":44}},"type":"binary-expr","locations":[{"start":{"line":237,"column":8},"end":{"line":237,"column":14}},{"start":{"line":237,"column":18},"end":{"line":237,"column":24}},{"start":{"line":237,"column":28},"end":{"line":237,"column":34}},{"start":{"line":237,"column":38},"end":{"line":237,"column":44}}],"line":237},"42":{"loc":{"start":{"line":239,"column":2},"end":{"line":239,"column":null}},"type":"if","locations":[{"start":{"line":239,"column":2},"end":{"line":239,"column":null}},{"start":{},"end":{}}],"line":239},"43":{"loc":{"start":{"line":240,"column":2},"end":{"line":240,"column":null}},"type":"if","locations":[{"start":{"line":240,"column":2},"end":{"line":240,"column":null}},{"start":{},"end":{}}],"line":240},"44":{"loc":{"start":{"line":240,"column":6},"end":{"line":240,"column":28}},"type":"binary-expr","locations":[{"start":{"line":240,"column":6},"end":{"line":240,"column":13}},{"start":{"line":240,"column":17},"end":{"line":240,"column":28}}],"line":240},"45":{"loc":{"start":{"line":242,"column":2},"end":{"line":242,"column":null}},"type":"if","locations":[{"start":{"line":242,"column":2},"end":{"line":242,"column":null}},{"start":{},"end":{}}],"line":242},"46":{"loc":{"start":{"line":243,"column":2},"end":{"line":243,"column":null}},"type":"if","locations":[{"start":{"line":243,"column":2},"end":{"line":243,"column":null}},{"start":{},"end":{}}],"line":243},"47":{"loc":{"start":{"line":243,"column":6},"end":{"line":243,"column":28}},"type":"binary-expr","locations":[{"start":{"line":243,"column":6},"end":{"line":243,"column":13}},{"start":{"line":243,"column":17},"end":{"line":243,"column":28}}],"line":243},"48":{"loc":{"start":{"line":259,"column":9},"end":{"line":259,"column":22}},"type":"default-arg","locations":[{"start":{"line":259,"column":16},"end":{"line":259,"column":22}}],"line":259},"49":{"loc":{"start":{"line":259,"column":24},"end":{"line":259,"column":42}},"type":"default-arg","locations":[{"start":{"line":259,"column":37},"end":{"line":259,"column":42}}],"line":259},"50":{"loc":{"start":{"line":260,"column":4},"end":{"line":260,"column":null}},"type":"if","locations":[{"start":{"line":260,"column":4},"end":{"line":260,"column":null}},{"start":{},"end":{}}],"line":260},"51":{"loc":{"start":{"line":263,"column":4},"end":{"line":263,"column":null}},"type":"if","locations":[{"start":{"line":263,"column":4},"end":{"line":263,"column":null}},{"start":{},"end":{}}],"line":263},"52":{"loc":{"start":{"line":263,"column":8},"end":{"line":263,"column":24}},"type":"binary-expr","locations":[{"start":{"line":263,"column":8},"end":{"line":263,"column":14}},{"start":{"line":263,"column":18},"end":{"line":263,"column":24}}],"line":263},"53":{"loc":{"start":{"line":269,"column":58},"end":{"line":269,"column":80}},"type":"default-arg","locations":[{"start":{"line":269,"column":75},"end":{"line":269,"column":80}}],"line":269},"54":{"loc":{"start":{"line":274,"column":4},"end":{"line":274,"column":null}},"type":"if","locations":[{"start":{"line":274,"column":4},"end":{"line":274,"column":null}},{"start":{},"end":{}}],"line":274},"55":{"loc":{"start":{"line":274,"column":8},"end":{"line":274,"column":24}},"type":"binary-expr","locations":[{"start":{"line":274,"column":8},"end":{"line":274,"column":14}},{"start":{"line":274,"column":18},"end":{"line":274,"column":24}}],"line":274},"56":{"loc":{"start":{"line":282,"column":6},"end":{"line":291,"column":null}},"type":"if","locations":[{"start":{"line":282,"column":6},"end":{"line":291,"column":null}},{"start":{},"end":{}}],"line":282},"57":{"loc":{"start":{"line":284,"column":32},"end":{"line":284,"column":62}},"type":"binary-expr","locations":[{"start":{"line":284,"column":32},"end":{"line":284,"column":46}},{"start":{"line":284,"column":50},"end":{"line":284,"column":62}}],"line":284},"58":{"loc":{"start":{"line":287,"column":8},"end":{"line":290,"column":null}},"type":"if","locations":[{"start":{"line":287,"column":8},"end":{"line":290,"column":null}},{"start":{"line":288,"column":13},"end":{"line":290,"column":null}}],"line":287},"59":{"loc":{"start":{"line":288,"column":13},"end":{"line":290,"column":null}},"type":"if","locations":[{"start":{"line":288,"column":13},"end":{"line":290,"column":null}},{"start":{"line":289,"column":13},"end":{"line":290,"column":null}}],"line":288},"60":{"loc":{"start":{"line":288,"column":17},"end":{"line":288,"column":57}},"type":"binary-expr","locations":[{"start":{"line":288,"column":17},"end":{"line":288,"column":32}},{"start":{"line":288,"column":36},"end":{"line":288,"column":57}}],"line":288},"61":{"loc":{"start":{"line":289,"column":13},"end":{"line":290,"column":null}},"type":"if","locations":[{"start":{"line":289,"column":13},"end":{"line":290,"column":null}},{"start":{"line":290,"column":13},"end":{"line":290,"column":null}}],"line":289},"62":{"loc":{"start":{"line":289,"column":17},"end":{"line":289,"column":70}},"type":"binary-expr","locations":[{"start":{"line":289,"column":17},"end":{"line":289,"column":29}},{"start":{"line":289,"column":33},"end":{"line":289,"column":70}}],"line":289},"63":{"loc":{"start":{"line":290,"column":13},"end":{"line":290,"column":null}},"type":"if","locations":[{"start":{"line":290,"column":13},"end":{"line":290,"column":null}},{"start":{},"end":{}}],"line":290},"64":{"loc":{"start":{"line":294,"column":6},"end":{"line":305,"column":null}},"type":"if","locations":[{"start":{"line":294,"column":6},"end":{"line":305,"column":null}},{"start":{},"end":{}}],"line":294},"65":{"loc":{"start":{"line":295,"column":8},"end":{"line":304,"column":null}},"type":"if","locations":[{"start":{"line":295,"column":8},"end":{"line":304,"column":null}},{"start":{},"end":{}}],"line":295},"66":{"loc":{"start":{"line":297,"column":34},"end":{"line":297,"column":64}},"type":"binary-expr","locations":[{"start":{"line":297,"column":34},"end":{"line":297,"column":48}},{"start":{"line":297,"column":52},"end":{"line":297,"column":64}}],"line":297},"67":{"loc":{"start":{"line":300,"column":10},"end":{"line":303,"column":null}},"type":"if","locations":[{"start":{"line":300,"column":10},"end":{"line":303,"column":null}},{"start":{"line":301,"column":15},"end":{"line":303,"column":null}}],"line":300},"68":{"loc":{"start":{"line":301,"column":15},"end":{"line":303,"column":null}},"type":"if","locations":[{"start":{"line":301,"column":15},"end":{"line":303,"column":null}},{"start":{"line":302,"column":15},"end":{"line":303,"column":null}}],"line":301},"69":{"loc":{"start":{"line":301,"column":19},"end":{"line":301,"column":59}},"type":"binary-expr","locations":[{"start":{"line":301,"column":19},"end":{"line":301,"column":34}},{"start":{"line":301,"column":38},"end":{"line":301,"column":59}}],"line":301},"70":{"loc":{"start":{"line":302,"column":15},"end":{"line":303,"column":null}},"type":"if","locations":[{"start":{"line":302,"column":15},"end":{"line":303,"column":null}},{"start":{"line":303,"column":15},"end":{"line":303,"column":null}}],"line":302},"71":{"loc":{"start":{"line":302,"column":19},"end":{"line":302,"column":72}},"type":"binary-expr","locations":[{"start":{"line":302,"column":19},"end":{"line":302,"column":31}},{"start":{"line":302,"column":35},"end":{"line":302,"column":72}}],"line":302},"72":{"loc":{"start":{"line":303,"column":15},"end":{"line":303,"column":null}},"type":"if","locations":[{"start":{"line":303,"column":15},"end":{"line":303,"column":null}},{"start":{},"end":{}}],"line":303},"73":{"loc":{"start":{"line":308,"column":4},"end":{"line":308,"column":null}},"type":"if","locations":[{"start":{"line":308,"column":4},"end":{"line":308,"column":null}},{"start":{},"end":{}}],"line":308},"74":{"loc":{"start":{"line":315,"column":22},"end":{"line":315,"column":50}},"type":"cond-expr","locations":[{"start":{"line":315,"column":37},"end":{"line":315,"column":42}},{"start":{"line":315,"column":45},"end":{"line":315,"column":50}}],"line":315},"75":{"loc":{"start":{"line":316,"column":22},"end":{"line":316,"column":50}},"type":"cond-expr","locations":[{"start":{"line":316,"column":37},"end":{"line":316,"column":42}},{"start":{"line":316,"column":45},"end":{"line":316,"column":50}}],"line":316},"76":{"loc":{"start":{"line":319,"column":4},"end":{"line":325,"column":null}},"type":"if","locations":[{"start":{"line":319,"column":4},"end":{"line":325,"column":null}},{"start":{},"end":{}}],"line":319},"77":{"loc":{"start":{"line":323,"column":8},"end":{"line":323,"column":null}},"type":"if","locations":[{"start":{"line":323,"column":8},"end":{"line":323,"column":null}},{"start":{},"end":{}}],"line":323},"78":{"loc":{"start":{"line":340,"column":2},"end":{"line":342,"column":null}},"type":"if","locations":[{"start":{"line":340,"column":2},"end":{"line":342,"column":null}},{"start":{},"end":{}}],"line":340},"79":{"loc":{"start":{"line":346,"column":16},"end":{"line":346,"column":55}},"type":"binary-expr","locations":[{"start":{"line":346,"column":16},"end":{"line":346,"column":50}},{"start":{"line":346,"column":54},"end":{"line":346,"column":55}}],"line":346},"80":{"loc":{"start":{"line":348,"column":2},"end":{"line":350,"column":null}},"type":"if","locations":[{"start":{"line":348,"column":2},"end":{"line":350,"column":null}},{"start":{},"end":{}}],"line":348},"81":{"loc":{"start":{"line":348,"column":6},"end":{"line":348,"column":41}},"type":"binary-expr","locations":[{"start":{"line":348,"column":6},"end":{"line":348,"column":15}},{"start":{"line":348,"column":19},"end":{"line":348,"column":28}},{"start":{"line":348,"column":32},"end":{"line":348,"column":41}}],"line":348},"82":{"loc":{"start":{"line":359,"column":2},"end":{"line":359,"column":null}},"type":"if","locations":[{"start":{"line":359,"column":2},"end":{"line":359,"column":null}},{"start":{},"end":{}}],"line":359},"83":{"loc":{"start":{"line":363,"column":2},"end":{"line":363,"column":null}},"type":"if","locations":[{"start":{"line":363,"column":2},"end":{"line":363,"column":null}},{"start":{},"end":{}}],"line":363},"84":{"loc":{"start":{"line":365,"column":20},"end":{"line":365,"column":53}},"type":"binary-expr","locations":[{"start":{"line":365,"column":20},"end":{"line":365,"column":43}},{"start":{"line":365,"column":47},"end":{"line":365,"column":53}}],"line":365},"85":{"loc":{"start":{"line":381,"column":4},"end":{"line":383,"column":null}},"type":"if","locations":[{"start":{"line":381,"column":4},"end":{"line":383,"column":null}},{"start":{},"end":{}}],"line":381},"86":{"loc":{"start":{"line":395,"column":4},"end":{"line":400,"column":null}},"type":"if","locations":[{"start":{"line":395,"column":4},"end":{"line":400,"column":null}},{"start":{},"end":{}}],"line":395},"87":{"loc":{"start":{"line":403,"column":15},"end":{"line":403,"column":52}},"type":"binary-expr","locations":[{"start":{"line":403,"column":15},"end":{"line":403,"column":27}},{"start":{"line":403,"column":31},"end":{"line":403,"column":52}}],"line":403},"88":{"loc":{"start":{"line":404,"column":17},"end":{"line":404,"column":67}},"type":"cond-expr","locations":[{"start":{"line":404,"column":22},"end":{"line":404,"column":60}},{"start":{"line":404,"column":63},"end":{"line":404,"column":67}}],"line":404},"89":{"loc":{"start":{"line":407,"column":23},"end":{"line":407,"column":48}},"type":"binary-expr","locations":[{"start":{"line":407,"column":23},"end":{"line":407,"column":43}},{"start":{"line":407,"column":47},"end":{"line":407,"column":48}}],"line":407},"90":{"loc":{"start":{"line":410,"column":4},"end":{"line":413,"column":null}},"type":"if","locations":[{"start":{"line":410,"column":4},"end":{"line":413,"column":null}},{"start":{},"end":{}}],"line":410},"91":{"loc":{"start":{"line":410,"column":8},"end":{"line":410,"column":68}},"type":"binary-expr","locations":[{"start":{"line":410,"column":8},"end":{"line":410,"column":11}},{"start":{"line":410,"column":15},"end":{"line":410,"column":38}},{"start":{"line":410,"column":42},"end":{"line":410,"column":68}}],"line":410},"92":{"loc":{"start":{"line":417,"column":4},"end":{"line":417,"column":null}},"type":"if","locations":[{"start":{"line":417,"column":4},"end":{"line":417,"column":null}},{"start":{},"end":{}}],"line":417},"93":{"loc":{"start":{"line":417,"column":8},"end":{"line":417,"column":34}},"type":"binary-expr","locations":[{"start":{"line":417,"column":8},"end":{"line":417,"column":10}},{"start":{"line":417,"column":14},"end":{"line":417,"column":22}},{"start":{"line":417,"column":26},"end":{"line":417,"column":34}}],"line":417},"94":{"loc":{"start":{"line":419,"column":20},"end":{"line":419,"column":68}},"type":"binary-expr","locations":[{"start":{"line":419,"column":20},"end":{"line":419,"column":37}},{"start":{"line":419,"column":41},"end":{"line":419,"column":68}}],"line":419},"95":{"loc":{"start":{"line":420,"column":21},"end":{"line":420,"column":54}},"type":"binary-expr","locations":[{"start":{"line":420,"column":21},"end":{"line":420,"column":39}},{"start":{"line":420,"column":43},"end":{"line":420,"column":54}}],"line":420},"96":{"loc":{"start":{"line":421,"column":22},"end":{"line":421,"column":87}},"type":"binary-expr","locations":[{"start":{"line":421,"column":22},"end":{"line":421,"column":41}},{"start":{"line":421,"column":46},"end":{"line":421,"column":86}}],"line":421},"97":{"loc":{"start":{"line":421,"column":46},"end":{"line":421,"column":86}},"type":"cond-expr","locations":[{"start":{"line":421,"column":61},"end":{"line":421,"column":82}},{"start":{"line":421,"column":85},"end":{"line":421,"column":86}}],"line":421},"98":{"loc":{"start":{"line":422,"column":28},"end":{"line":422,"column":96}},"type":"binary-expr","locations":[{"start":{"line":422,"column":28},"end":{"line":422,"column":53}},{"start":{"line":422,"column":58},"end":{"line":422,"column":75}},{"start":{"line":422,"column":79},"end":{"line":422,"column":95}}],"line":422},"99":{"loc":{"start":{"line":425,"column":33},"end":{"line":425,"column":96}},"type":"binary-expr","locations":[{"start":{"line":425,"column":33},"end":{"line":425,"column":57}},{"start":{"line":425,"column":61},"end":{"line":425,"column":96}}],"line":425},"100":{"loc":{"start":{"line":430,"column":4},"end":{"line":434,"column":null}},"type":"if","locations":[{"start":{"line":430,"column":4},"end":{"line":434,"column":null}},{"start":{},"end":{}}],"line":430},"101":{"loc":{"start":{"line":430,"column":8},"end":{"line":430,"column":44}},"type":"binary-expr","locations":[{"start":{"line":430,"column":8},"end":{"line":430,"column":24}},{"start":{"line":430,"column":28},"end":{"line":430,"column":44}}],"line":430},"102":{"loc":{"start":{"line":436,"column":4},"end":{"line":453,"column":null}},"type":"if","locations":[{"start":{"line":436,"column":4},"end":{"line":453,"column":null}},{"start":{},"end":{}}],"line":436},"103":{"loc":{"start":{"line":438,"column":6},"end":{"line":452,"column":null}},"type":"if","locations":[{"start":{"line":438,"column":6},"end":{"line":452,"column":null}},{"start":{},"end":{}}],"line":438},"104":{"loc":{"start":{"line":438,"column":10},"end":{"line":438,"column":94}},"type":"binary-expr","locations":[{"start":{"line":438,"column":10},"end":{"line":438,"column":27}},{"start":{"line":438,"column":31},"end":{"line":438,"column":55}},{"start":{"line":438,"column":59},"end":{"line":438,"column":94}}],"line":438},"105":{"loc":{"start":{"line":440,"column":8},"end":{"line":451,"column":null}},"type":"if","locations":[{"start":{"line":440,"column":8},"end":{"line":451,"column":null}},{"start":{},"end":{}}],"line":440},"106":{"loc":{"start":{"line":440,"column":12},"end":{"line":440,"column":64}},"type":"binary-expr","locations":[{"start":{"line":440,"column":12},"end":{"line":440,"column":18}},{"start":{"line":440,"column":22},"end":{"line":440,"column":31}},{"start":{"line":440,"column":35},"end":{"line":440,"column":64}}],"line":440},"107":{"loc":{"start":{"line":458,"column":14},"end":{"line":458,"column":39}},"type":"cond-expr","locations":[{"start":{"line":458,"column":29},"end":{"line":458,"column":35}},{"start":{"line":458,"column":38},"end":{"line":458,"column":39}}],"line":458},"108":{"loc":{"start":{"line":462,"column":4},"end":{"line":473,"column":null}},"type":"if","locations":[{"start":{"line":462,"column":4},"end":{"line":473,"column":null}},{"start":{},"end":{}}],"line":462},"109":{"loc":{"start":{"line":470,"column":24},"end":{"line":470,"column":54}},"type":"binary-expr","locations":[{"start":{"line":470,"column":24},"end":{"line":470,"column":48}},{"start":{"line":470,"column":52},"end":{"line":470,"column":54}}],"line":470},"110":{"loc":{"start":{"line":477,"column":4},"end":{"line":501,"column":null}},"type":"if","locations":[{"start":{"line":477,"column":4},"end":{"line":501,"column":null}},{"start":{"line":481,"column":11},"end":{"line":501,"column":null}}],"line":477},"111":{"loc":{"start":{"line":477,"column":8},"end":{"line":477,"column":57}},"type":"binary-expr","locations":[{"start":{"line":477,"column":8},"end":{"line":477,"column":32}},{"start":{"line":477,"column":36},"end":{"line":477,"column":57}}],"line":477},"112":{"loc":{"start":{"line":481,"column":11},"end":{"line":501,"column":null}},"type":"if","locations":[{"start":{"line":481,"column":11},"end":{"line":501,"column":null}},{"start":{"line":486,"column":11},"end":{"line":501,"column":null}}],"line":481},"113":{"loc":{"start":{"line":485,"column":6},"end":{"line":485,"column":null}},"type":"if","locations":[{"start":{"line":485,"column":6},"end":{"line":485,"column":null}},{"start":{},"end":{}}],"line":485},"114":{"loc":{"start":{"line":486,"column":11},"end":{"line":501,"column":null}},"type":"if","locations":[{"start":{"line":486,"column":11},"end":{"line":501,"column":null}},{"start":{"line":492,"column":11},"end":{"line":501,"column":null}}],"line":486},"115":{"loc":{"start":{"line":490,"column":8},"end":{"line":490,"column":null}},"type":"if","locations":[{"start":{"line":490,"column":8},"end":{"line":490,"column":null}},{"start":{},"end":{}}],"line":490},"116":{"loc":{"start":{"line":494,"column":6},"end":{"line":500,"column":null}},"type":"if","locations":[{"start":{"line":494,"column":6},"end":{"line":500,"column":null}},{"start":{},"end":{}}],"line":494},"117":{"loc":{"start":{"line":499,"column":8},"end":{"line":499,"column":null}},"type":"if","locations":[{"start":{"line":499,"column":8},"end":{"line":499,"column":null}},{"start":{},"end":{}}],"line":499},"118":{"loc":{"start":{"line":507,"column":46},"end":{"line":507,"column":86}},"type":"binary-expr","locations":[{"start":{"line":507,"column":46},"end":{"line":507,"column":81}},{"start":{"line":507,"column":85},"end":{"line":507,"column":86}}],"line":507},"119":{"loc":{"start":{"line":525,"column":19},"end":{"line":525,"column":85}},"type":"cond-expr","locations":[{"start":{"line":525,"column":42},"end":{"line":525,"column":81}},{"start":{"line":525,"column":84},"end":{"line":525,"column":85}}],"line":525},"120":{"loc":{"start":{"line":528,"column":31},"end":{"line":528,"column":83}},"type":"cond-expr","locations":[{"start":{"line":528,"column":49},"end":{"line":528,"column":79}},{"start":{"line":528,"column":82},"end":{"line":528,"column":83}}],"line":528},"121":{"loc":{"start":{"line":533,"column":22},"end":{"line":533,"column":84}},"type":"cond-expr","locations":[{"start":{"line":533,"column":45},"end":{"line":533,"column":80}},{"start":{"line":533,"column":83},"end":{"line":533,"column":84}}],"line":533},"122":{"loc":{"start":{"line":541,"column":21},"end":{"line":541,"column":59}},"type":"binary-expr","locations":[{"start":{"line":541,"column":21},"end":{"line":541,"column":54}},{"start":{"line":541,"column":58},"end":{"line":541,"column":59}}],"line":541},"123":{"loc":{"start":{"line":542,"column":17},"end":{"line":542,"column":51}},"type":"binary-expr","locations":[{"start":{"line":542,"column":17},"end":{"line":542,"column":46}},{"start":{"line":542,"column":50},"end":{"line":542,"column":51}}],"line":542},"124":{"loc":{"start":{"line":545,"column":16},"end":{"line":545,"column":71}},"type":"cond-expr","locations":[{"start":{"line":545,"column":29},"end":{"line":545,"column":64}},{"start":{"line":545,"column":67},"end":{"line":545,"column":71}}],"line":545}},"s":{"0":105,"1":5712,"2":5712,"3":21,"4":0,"5":0,"6":21,"7":65,"8":159,"9":2514,"10":2514,"11":159,"12":159,"13":159,"14":159,"15":159,"16":159,"17":785,"18":785,"19":785,"20":0,"21":785,"22":785,"23":785,"24":785,"25":159,"26":0,"27":159,"28":159,"29":159,"30":159,"31":944,"32":0,"33":944,"34":944,"35":1729,"36":1729,"37":944,"38":785,"39":159,"40":0,"41":159,"42":159,"43":159,"44":0,"45":159,"46":159,"47":159,"48":0,"49":159,"50":159,"51":159,"52":159,"53":159,"54":159,"55":21,"56":21,"57":21,"58":21,"59":21,"60":21,"61":21,"62":483,"63":149,"64":21,"65":21,"66":149,"67":149,"68":26,"69":123,"70":123,"71":0,"72":123,"73":123,"74":673,"75":673,"76":14,"77":659,"78":659,"79":0,"80":659,"81":673,"82":434,"83":225,"84":225,"85":673,"86":26,"87":26,"88":26,"89":21,"90":21,"91":21,"92":21,"93":21,"94":483,"95":26,"96":457,"97":457,"98":26,"99":26,"100":26,"101":26,"102":431,"103":431,"104":21,"105":28,"106":28,"107":28,"108":4,"109":24,"110":14,"111":14,"112":14,"113":14,"114":14,"115":14,"116":0,"117":14,"118":0,"119":14,"120":14,"121":14,"122":14,"123":14,"124":12,"125":14,"126":14,"127":14,"128":14,"129":12,"130":14,"131":997,"132":997,"133":997,"134":997,"135":997,"136":997,"137":0,"138":997,"139":924,"140":73,"141":6,"142":67,"143":2,"144":65,"145":0,"146":65,"147":21,"148":21,"149":101,"150":101,"151":101,"152":0,"153":101,"154":101,"155":101,"156":0,"157":101,"158":101,"159":101,"160":126,"161":126,"162":126,"163":126,"164":0,"165":126,"166":126,"167":126,"168":507,"169":507,"170":30,"171":30,"172":30,"173":30,"174":13,"175":17,"176":0,"177":17,"178":4,"179":13,"180":1,"181":506,"182":490,"183":35,"184":35,"185":35,"186":35,"187":11,"188":24,"189":0,"190":24,"191":1,"192":23,"193":1,"194":124,"195":124,"196":22,"197":24,"198":24,"199":24,"200":24,"201":24,"202":12,"203":12,"204":20,"205":20,"206":20,"207":24,"208":21,"209":77,"210":23,"211":23,"212":0,"213":23,"214":23,"215":23,"216":23,"217":2,"218":21,"219":23,"220":23,"221":23,"222":23,"223":0,"224":21,"225":21,"226":0,"227":21,"228":23,"229":23,"230":23,"231":23,"232":23,"233":23,"234":23,"235":23,"236":23,"237":23,"238":23,"239":483,"240":483,"241":159,"242":21,"243":21,"244":21,"245":21,"246":21,"247":483,"248":483,"249":483,"250":324,"251":324,"252":324,"253":324,"254":159,"255":159,"256":483,"257":483,"258":483,"259":483,"260":483,"261":10,"262":10,"263":149,"264":149,"265":149,"266":149,"267":483,"268":483,"269":483,"270":483,"271":483,"272":483,"273":483,"274":483,"275":0,"276":0,"277":0,"278":149,"279":26,"280":26,"281":23,"282":23,"283":23,"284":23,"285":23,"286":126,"287":483,"288":24,"289":24,"290":24,"291":102,"292":102,"293":23,"294":23,"295":23,"296":79,"297":12,"298":12,"299":12,"300":12,"301":12,"302":67,"303":2,"304":2,"305":4,"306":4,"307":4,"308":65,"309":65,"310":65,"311":65,"312":65,"313":65,"314":65,"315":65,"316":102,"317":21,"318":23,"319":23,"320":23,"321":23,"322":23,"323":23,"324":23,"325":23,"326":23,"327":23,"328":23,"329":23,"330":23,"331":23,"332":23,"333":23,"334":23,"335":23,"336":23,"337":23,"338":23,"339":23},"f":{"0":105,"1":5712,"2":21,"3":65,"4":159,"5":2514,"6":2514,"7":159,"8":1729,"9":1729,"10":159,"11":21,"12":21,"13":28,"14":14,"15":997,"16":21,"17":101,"18":101,"19":126,"20":24,"21":21,"22":77,"23":23},"b":{"0":[5702,10],"1":[0,21],"2":[0,785],"3":[785,785],"4":[0,159],"5":[0,944],"6":[785,159],"7":[944,785,785],"8":[0,159],"9":[0,159],"10":[159,159],"11":[0,159],"12":[159,159],"13":[159,159],"14":[159,0],"15":[159,0],"16":[159,159],"17":[149,334],"18":[483,159,159],"19":[26,123],"20":[0,123],"21":[14,659],"22":[0,659],"23":[659,265],"24":[434,239],"25":[225,145],"26":[26,647],"27":[26,457],"28":[26,431],"29":[457,26],"30":[4,24],"31":[28,26],"32":[0,14],"33":[14,14,14,14],"34":[0,14],"35":[14,14],"36":[12,2],"37":[12,2],"38":[12,2],"39":[12,2],"40":[0,997],"41":[997,997,997,997],"42":[924,73],"43":[6,67],"44":[73,71],"45":[2,65],"46":[0,65],"47":[65,61],"48":[101],"49":[101],"50":[0,101],"51":[0,101],"52":[101,101],"53":[126],"54":[0,126],"55":[126,126],"56":[30,477],"57":[30,0],"58":[13,17],"59":[0,17],"60":[17,0],"61":[4,13],"62":[17,16],"63":[1,12],"64":[490,16],"65":[35,455],"66":[35,0],"67":[11,24],"68":[0,24],"69":[24,0],"70":[1,23],"71":[24,23],"72":[1,22],"73":[102,22],"74":[12,12],"75":[12,12],"76":[12,12],"77":[20,0],"78":[0,23],"79":[23,10],"80":[2,21],"81":[23,22,22],"82":[0,23],"83":[0,21],"84":[21,20],"85":[159,324],"86":[324,159],"87":[159,0],"88":[159,0],"89":[483,0],"90":[10,473],"91":[483,159,159],"92":[149,0],"93":[149,149,149],"94":[149,0],"95":[483,0],"96":[483,0],"97":[0,0],"98":[483,97,97],"99":[483,52],"100":[0,483],"101":[483,52],"102":[26,123],"103":[23,3],"104":[26,23,23],"105":[23,0],"106":[23,23,23],"107":[42,84],"108":[24,459],"109":[24,0],"110":[23,79],"111":[102,26],"112":[12,67],"113":[12,0],"114":[2,65],"115":[4,0],"116":[65,0],"117":[65,0],"118":[21,18],"119":[21,0],"120":[21,0],"121":[21,0],"122":[23,15],"123":[23,15],"124":[6,15]},"meta":{"lastBranch":125,"lastFunction":24,"lastStatement":340,"seen":{"f:6:9:6:16":0,"s:7:2:7:Infinity":0,"f:10:9:10:17":1,"s:11:12:11:21":1,"s:12:2:12:Infinity":2,"b:12:30:12:44:12:47:12:48":0,"f:15:9:15:26":2,"b:16:2:19:Infinity:undefined:undefined:undefined:undefined":1,"s:16:2:19:Infinity":3,"s:17:19:17:36":4,"s:18:4:18:Infinity":5,"s:20:2:20:Infinity":6,"f:23:9:23:17":3,"s:24:2:24:Infinity":7,"f:27:9:27:22":4,"s:28:15:32:38":8,"f:31:9:31:10":5,"s:31:16:31:25":9,"f:32:12:32:13":6,"s:32:19:32:37":10,"s:34:13:34:21":11,"s:35:11:35:19":12,"s:36:11:36:20":13,"s:37:11:37:20":14,"s:39:2:47:Infinity":15,"s:39:15:39:16":16,"s:40:14:40:21":17,"s:41:14:41:25":18,"b:42:4:42:Infinity:undefined:undefined:undefined:undefined":2,"s:42:4:42:Infinity":19,"b:42:8:42:27:42:31:42:50":3,"s:42:52:42:Infinity":20,"s:43:4:43:Infinity":21,"s:44:4:44:Infinity":22,"s:45:4:45:Infinity":23,"s:46:4:46:Infinity":24,"b:48:2:48:Infinity:undefined:undefined:undefined:undefined":4,"s:48:2:48:Infinity":25,"s:48:30:48:Infinity":26,"s:49:2:49:Infinity":27,"f:55:9:55:28":7,"s:56:19:56:46":28,"s:57:17:57:19":29,"s:59:2:72:Infinity":30,"b:60:4:60:Infinity:undefined:undefined:undefined:undefined":5,"s:60:4:60:Infinity":31,"s:60:21:60:Infinity":32,"s:61:17:61:23":33,"s:62:17:67:40":34,"f:66:11:66:12":8,"s:66:18:66:27":35,"f:67:14:67:15":9,"s:67:21:67:39":36,"b:69:4:71:Infinity:undefined:undefined:undefined:undefined":6,"s:69:4:71:Infinity":37,"b:69:9:69:21:69:25:69:37:69:42:69:58":7,"s:70:6:70:Infinity":38,"b:74:2:74:Infinity:undefined:undefined:undefined:undefined":8,"s:74:2:74:Infinity":39,"s:74:25:74:Infinity":40,"s:77:16:77:25":41,"s:78:15:78:40":42,"b:79:2:81:Infinity:undefined:undefined:undefined:undefined":9,"s:79:2:81:Infinity":43,"b:79:6:79:26:79:30:79:50":10,"s:80:4:80:Infinity":44,"s:83:2:83:Infinity":45,"f:89:9:89:23":10,"s:90:13:90:34":46,"b:91:2:93:Infinity:undefined:undefined:undefined:undefined":11,"s:91:2:93:Infinity":47,"b:91:6:91:9:91:13:91:36":12,"b:91:15:91:23:91:27:91:35":13,"s:92:4:92:Infinity":48,"s:95:18:95:45":49,"s:96:19:96:30":50,"s:97:21:97:64":51,"b:97:30:97:53:97:56:97:64":14,"s:98:20:98:60":52,"b:98:35:98:56:98:59:98:60":15,"s:99:26:99:63":53,"b:99:26:99:43:99:47:99:63":16,"s:101:2:108:Infinity":54,"f:115:9:115:31":11,"s:116:16:116:25":55,"s:117:22:117:29":56,"s:118:23:118:26":57,"s:119:18:119:37":58,"s:121:26:121:28":59,"s:122:2:126:Infinity":60,"s:122:15:122:16":61,"b:123:4:125:Infinity:undefined:undefined:undefined:undefined":17,"s:123:4:125:Infinity":62,"b:123:8:123:24:123:28:123:39:123:43:123:75":18,"s:124:6:124:Infinity":63,"s:128:2:157:Infinity":64,"s:128:15:128:16":65,"s:129:17:129:35":66,"b:130:4:130:Infinity:undefined:undefined:undefined:undefined":19,"s:130:4:130:Infinity":67,"s:130:25:130:Infinity":68,"s:132:15:132:29":69,"b:133:4:133:Infinity:undefined:undefined:undefined:undefined":20,"s:133:4:133:Infinity":70,"s:133:13:133:Infinity":71,"s:135:4:156:Infinity":72,"s:135:17:135:22":73,"s:136:19:136:37":74,"b:137:6:137:Infinity:undefined:undefined:undefined:undefined":21,"s:137:6:137:Infinity":75,"s:137:27:137:Infinity":76,"s:139:17:139:31":77,"b:140:6:140:Infinity:undefined:undefined:undefined:undefined":22,"s:140:6:140:Infinity":78,"s:140:15:140:Infinity":79,"s:143:8:144:50":80,"b:143:8:143:50:144:8:144:50":23,"b:146:6:146:Infinity:undefined:undefined:undefined:undefined":24,"s:146:6:146:Infinity":81,"s:146:21:146:Infinity":82,"s:148:27:148:56":83,"s:149:28:149:100":84,"b:149:28:149:62:149:66:149:100":25,"b:151:6:155:Infinity:undefined:undefined:undefined:undefined":26,"s:151:6:155:Infinity":85,"s:152:8:152:Infinity":86,"s:153:8:153:Infinity":87,"s:154:8:154:Infinity":88,"s:159:2:159:Infinity":89,"f:166:9:166:36":12,"s:167:18:167:20":90,"s:168:20:168:29":91,"s:170:2:183:Infinity":92,"s:170:15:170:16":93,"b:171:4:171:Infinity:undefined:undefined:undefined:undefined":27,"s:171:4:171:Infinity":94,"s:171:26:171:Infinity":95,"s:173:23:173:35":96,"b:174:4:182:Infinity:179:11:182:Infinity":28,"s:174:4:182:Infinity":97,"b:174:8:174:32:174:36:174:62":29,"s:175:6:175:Infinity":98,"s:176:6:176:Infinity":99,"s:177:6:177:Infinity":100,"s:178:6:178:Infinity":101,"s:180:6:180:Infinity":102,"s:181:6:181:Infinity":103,"s:185:2:185:Infinity":104,"f:188:9:188:17":13,"s:189:2:189:Infinity":105,"s:190:2:190:Infinity":106,"b:191:2:191:Infinity:undefined:undefined:undefined:undefined":30,"s:191:2:191:Infinity":107,"b:191:6:191:12:191:16:191:22":31,"s:191:24:191:Infinity":108,"s:192:2:192:Infinity":109,"f:200:9:200:29":14,"s:201:12:201:32":110,"s:202:12:202:32":111,"s:203:13:203:28":112,"s:204:13:204:28":113,"s:205:12:205:28":114,"b:207:2:207:Infinity:undefined:undefined:undefined:undefined":32,"s:207:2:207:Infinity":115,"b:207:8:207:13:207:17:207:22:207:26:207:32:207:36:207:42":33,"s:207:45:207:Infinity":116,"b:208:2:208:Infinity:undefined:undefined:undefined:undefined":34,"s:208:2:208:Infinity":117,"b:208:6:208:12:208:16:208:22":35,"s:208:24:208:Infinity":118,"s:210:14:210:16":119,"s:212:19:212:25":120,"s:213:13:213:53":121,"b:213:46:213:47:213:50:213:51":36,"s:214:13:214:28":122,"b:215:2:215:Infinity:undefined:undefined:undefined:undefined":37,"s:215:2:215:Infinity":123,"s:215:10:215:Infinity":124,"s:217:20:217:26":125,"s:218:13:218:54":126,"b:218:47:218:48:218:51:218:52":38,"s:219:13:219:29":127,"b:220:2:220:Infinity:undefined:undefined:undefined:undefined":39,"s:220:2:220:Infinity":128,"s:220:10:220:Infinity":129,"s:222:2:222:Infinity":130,"f:230:9:230:21":15,"s:231:13:231:27":131,"s:232:13:232:27":132,"s:233:13:233:28":133,"s:234:13:234:28":134,"s:235:12:235:28":135,"b:237:2:237:Infinity:undefined:undefined:undefined:undefined":40,"s:237:2:237:Infinity":136,"b:237:8:237:14:237:18:237:24:237:28:237:34:237:38:237:44":41,"s:237:47:237:Infinity":137,"b:239:2:239:Infinity:undefined:undefined:undefined:undefined":42,"s:239:2:239:Infinity":138,"s:239:15:239:Infinity":139,"b:240:2:240:Infinity:undefined:undefined:undefined:undefined":43,"s:240:2:240:Infinity":140,"b:240:6:240:13:240:17:240:28":44,"s:240:30:240:Infinity":141,"b:242:2:242:Infinity:undefined:undefined:undefined:undefined":45,"s:242:2:242:Infinity":142,"s:242:15:242:Infinity":143,"b:243:2:243:Infinity:undefined:undefined:undefined:undefined":46,"s:243:2:243:Infinity":144,"b:243:6:243:13:243:17:243:28":47,"s:243:30:243:Infinity":145,"s:245:2:245:Infinity":146,"f:250:2:250:13":16,"s:252:4:252:Infinity":147,"s:253:4:253:Infinity":148,"f:255:2:255:5":17,"s:256:4:256:Infinity":149,"s:257:4:257:Infinity":150,"f:259:2:259:5":18,"b:259:16:259:22":48,"b:259:37:259:42":49,"b:260:4:260:Infinity:undefined:undefined:undefined:undefined":50,"s:260:4:260:Infinity":151,"s:260:12:260:Infinity":152,"s:261:14:261:27":153,"s:262:14:262:27":154,"b:263:4:263:Infinity:undefined:undefined:undefined:undefined":51,"s:263:4:263:Infinity":155,"b:263:8:263:14:263:18:263:24":52,"s:263:26:263:Infinity":156,"s:264:18:264:60":157,"s:265:4:265:Infinity":158,"s:266:4:266:Infinity":159,"f:269:2:269:6":19,"b:269:75:269:80":53,"s:270:14:270:29":160,"s:271:14:271:29":161,"s:272:14:272:30":162,"b:274:4:274:Infinity:undefined:undefined:undefined:undefined":54,"s:274:4:274:Infinity":163,"b:274:8:274:14:274:18:274:24":55,"s:274:26:274:Infinity":164,"s:276:15:276:19":165,"s:278:4:306:Infinity":166,"s:278:17:278:18":167,"s:279:16:279:29":168,"b:282:6:291:Infinity:undefined:undefined:undefined:undefined":56,"s:282:6:291:Infinity":169,"s:283:25:283:44":170,"s:284:32:284:62":171,"b:284:32:284:46:284:50:284:62":57,"s:285:21:285:120":172,"b:287:8:290:Infinity:288:13:290:Infinity":58,"s:287:8:290:Infinity":173,"s:287:19:287:Infinity":174,"b:288:13:290:Infinity:289:13:290:Infinity":59,"s:288:13:290:Infinity":175,"b:288:17:288:32:288:36:288:57":60,"s:288:59:288:71":176,"b:289:13:290:Infinity:290:13:290:Infinity":61,"s:289:13:290:Infinity":177,"b:289:17:289:29:289:33:289:70":62,"s:289:72:289:Infinity":178,"b:290:13:290:Infinity:undefined:undefined:undefined:undefined":63,"s:290:13:290:Infinity":179,"s:290:32:290:Infinity":180,"b:294:6:305:Infinity:undefined:undefined:undefined:undefined":64,"s:294:6:305:Infinity":181,"b:295:8:304:Infinity:undefined:undefined:undefined:undefined":65,"s:295:8:304:Infinity":182,"s:296:27:296:46":183,"s:297:34:297:64":184,"b:297:34:297:48:297:52:297:64":66,"s:298:23:298:121":185,"b:300:10:303:Infinity:301:15:303:Infinity":67,"s:300:10:303:Infinity":186,"s:300:21:300:Infinity":187,"b:301:15:303:Infinity:302:15:303:Infinity":68,"s:301:15:303:Infinity":188,"b:301:19:301:34:301:38:301:59":69,"s:301:61:301:Infinity":189,"b:302:15:303:Infinity:303:15:303:Infinity":70,"s:302:15:303:Infinity":190,"b:302:19:302:31:302:35:302:72":71,"s:302:74:302:Infinity":191,"b:303:15:303:Infinity:undefined:undefined:undefined:undefined":72,"s:303:15:303:Infinity":192,"s:303:34:303:Infinity":193,"b:308:4:308:Infinity:undefined:undefined:undefined:undefined":73,"s:308:4:308:Infinity":194,"s:308:15:308:Infinity":195,"s:309:4:309:Infinity":196,"f:312:2:312:10":20,"s:313:19:313:52":197,"s:315:22:315:50":198,"b:315:37:315:42:315:45:315:50":74,"s:316:22:316:50":199,"b:316:37:316:42:316:45:316:50":75,"s:318:23:318:25":200,"b:319:4:325:Infinity:undefined:undefined:undefined:undefined":76,"s:319:4:325:Infinity":201,"s:320:18:320:88":202,"s:321:6:324:Infinity":203,"s:322:22:322:44":204,"b:323:8:323:Infinity:undefined:undefined:undefined:undefined":77,"s:323:8:323:Infinity":205,"s:323:19:323:Infinity":206,"s:327:4:330:Infinity":207,"f:333:2:333:10":21,"s:334:4:334:Infinity":208,"f:334:26:334:27":22,"s:334:34:334:76":209,"f:338:16:338:34":23,"s:339:21:339:43":210,"b:340:2:342:Infinity:undefined:undefined:undefined:undefined":78,"s:340:2:342:Infinity":211,"s:341:4:341:Infinity":212,"s:344:13:344:46":213,"s:345:13:345:47":214,"s:346:16:346:55":215,"b:346:16:346:50:346:54:346:55":79,"b:348:2:350:Infinity:undefined:undefined:undefined:undefined":80,"s:348:2:350:Infinity":216,"b:348:6:348:15:348:19:348:28:348:32:348:41":81,"s:349:4:349:Infinity":217,"s:353:22:353:57":218,"s:354:23:354:58":219,"s:355:17:355:47":220,"s:358:15:358:73":221,"b:359:2:359:Infinity:undefined:undefined:undefined:undefined":82,"s:359:2:359:Infinity":222,"s:359:17:359:Infinity":223,"s:362:11:362:44":224,"b:363:2:363:Infinity:undefined:undefined:undefined:undefined":83,"s:363:2:363:Infinity":225,"s:363:15:363:Infinity":226,"s:365:20:365:53":227,"b:365:20:365:43:365:47:365:53":84,"s:366:22:366:58":228,"s:368:18:368:19":229,"s:369:17:369:18":230,"s:370:19:370:20":231,"s:372:15:372:31":232,"s:374:20:374:45":233,"s:375:19:375:44":234,"s:376:27:376:28":235,"s:378:19:378:55":236,"s:379:2:384:Infinity":237,"s:379:15:379:16":238,"s:380:17:380:27":239,"b:381:4:383:Infinity:undefined:undefined:undefined:undefined":85,"s:381:4:383:Infinity":240,"s:382:6:382:Infinity":241,"s:386:16:386:65":242,"s:387:23:387:76":243,"s:389:22:389:31":244,"s:391:2:504:Infinity":245,"s:391:17:391:18":246,"s:392:14:392:31":247,"s:393:17:393:27":248,"b:395:4:400:Infinity:undefined:undefined:undefined:undefined":86,"s:395:4:400:Infinity":249,"s:396:6:396:Infinity":250,"s:397:6:397:Infinity":251,"s:398:6:398:Infinity":252,"s:399:6:399:Infinity":253,"s:402:21:402:32":254,"s:403:15:403:52":255,"b:403:15:403:27:403:31:403:52":87,"s:404:17:404:67":256,"b:404:22:404:60:404:63:404:67":88,"s:405:4:405:Infinity":257,"s:407:23:407:48":258,"b:407:23:407:43:407:47:407:48":89,"s:408:26:408:45":259,"b:410:4:413:Infinity:undefined:undefined:undefined:undefined":90,"s:410:4:413:Infinity":260,"b:410:8:410:11:410:15:410:38:410:42:410:68":91,"s:411:6:411:Infinity":261,"s:412:6:412:Infinity":262,"s:415:4:415:Infinity":263,"b:417:4:417:Infinity:undefined:undefined:undefined:undefined":92,"s:417:4:417:Infinity":264,"b:417:8:417:10:417:14:417:22:417:26:417:34":93,"s:417:36:417:Infinity":265,"s:419:20:419:68":266,"b:419:20:419:37:419:41:419:68":94,"s:420:21:420:54":267,"b:420:21:420:39:420:43:420:54":95,"s:421:22:421:87":268,"b:421:22:421:41:421:46:421:86":96,"b:421:61:421:82:421:85:421:86":97,"s:422:28:422:96":269,"b:422:28:422:53:422:58:422:75:422:79:422:95":98,"s:424:23:424:35":270,"s:425:33:425:96":271,"b:425:33:425:57:425:61:425:96":99,"s:427:21:427:25":272,"s:428:21:428:25":273,"b:430:4:434:Infinity:undefined:undefined:undefined:undefined":100,"s:430:4:434:Infinity":274,"b:430:8:430:24:430:28:430:44":101,"s:431:20:431:40":275,"s:432:6:432:Infinity":276,"s:433:6:433:Infinity":277,"b:436:4:453:Infinity:undefined:undefined:undefined:undefined":102,"s:436:4:453:Infinity":278,"s:437:24:437:45":279,"b:438:6:452:Infinity:undefined:undefined:undefined:undefined":103,"s:438:6:452:Infinity":280,"b:438:10:438:27:438:31:438:55:438:59:438:94":104,"s:439:23:439:50":281,"b:440:8:451:Infinity:undefined:undefined:undefined:undefined":105,"s:440:8:451:Infinity":282,"b:440:12:440:18:440:22:440:31:440:35:440:64":106,"s:441:10:441:Infinity":283,"s:442:10:449:Infinity":284,"s:450:10:450:Infinity":285,"s:455:20:460:6":286,"b:458:29:458:35:458:38:458:39":107,"b:462:4:473:Infinity:undefined:undefined:undefined:undefined":108,"s:462:4:473:Infinity":287,"s:463:6:463:Infinity":288,"s:464:6:471:Infinity":289,"b:470:24:470:48:470:52:470:54":109,"s:472:6:472:Infinity":290,"s:475:27:475:29":291,"b:477:4:501:Infinity:481:11:501:Infinity":110,"s:477:4:501:Infinity":292,"b:477:8:477:32:477:36:477:57":111,"s:478:22:478:26":293,"s:479:22:479:26":294,"s:480:6:480:Infinity":295,"b:481:11:501:Infinity:486:11:501:Infinity":112,"s:481:11:501:Infinity":296,"s:482:22:482:26":297,"s:483:22:483:26":298,"s:484:17:484:68":299,"b:485:6:485:Infinity:undefined:undefined:undefined:undefined":113,"s:485:6:485:Infinity":300,"s:485:14:485:Infinity":301,"b:486:11:501:Infinity:492:11:501:Infinity":114,"s:486:11:501:Infinity":302,"s:487:18:487:78":303,"s:488:6:491:Infinity":304,"s:489:19:489:46":305,"b:490:8:490:Infinity:undefined:undefined:undefined:undefined":115,"s:490:8:490:Infinity":306,"s:490:16:490:Infinity":307,"s:493:27:493:64":308,"b:494:6:500:Infinity:undefined:undefined:undefined:undefined":116,"s:494:6:500:Infinity":309,"s:495:24:495:40":310,"s:496:18:496:74":311,"s:497:18:497:34":312,"s:498:19:498:52":313,"b:499:8:499:Infinity:undefined:undefined:undefined:undefined":117,"s:499:8:499:Infinity":314,"s:499:16:499:Infinity":315,"s:503:4:503:Infinity":316,"s:507:23:507:88":317,"b:507:46:507:81:507:85:507:86":118,"s:512:26:512:60":318,"s:513:25:513:52":319,"s:514:36:514:65":320,"s:517:27:517:63":321,"s:518:26:518:51":322,"s:520:27:520:66":323,"s:521:26:521:51":324,"s:523:23:523:71":325,"s:524:22:524:43":326,"s:525:19:525:85":327,"b:525:42:525:81:525:84:525:85":119,"s:528:31:528:83":328,"b:528:49:528:79:528:82:528:83":120,"s:529:25:529:97":329,"s:532:27:532:47":330,"s:533:22:533:84":331,"b:533:45:533:80:533:83:533:84":121,"s:536:16:536:43":332,"s:537:22:537:50":333,"s:538:26:538:46":334,"s:541:21:541:59":335,"b:541:21:541:54:541:58:541:59":122,"s:542:17:542:51":336,"b:542:17:542:46:542:50:542:51":123,"s:544:21:544:49":337,"s:545:16:545:71":338,"b:545:29:545:64:545:67:545:71":124,"s:547:2:606:Infinity":339}}}
[...]
,"/Users/feivel/WebstormProjects/fp/src/validation.js": {"path":"/Users/feivel/WebstormProjects/fp/src/validation.js","statementMap":{"0":{"start":{"line":16,"column":2},"end":{"line":16,"column":null}},"1":{"start":{"line":16,"column":11},"end":{"line":16,"column":null}},"2":{"start":{"line":17,"column":2},"end":{"line":18,"column":null}},"3":{"start":{"line":18,"column":4},"end":{"line":18,"column":null}},"4":{"start":{"line":19,"column":2},"end":{"line":25,"column":null}},"5":{"start":{"line":20,"column":4},"end":{"line":25,"column":null}},"6":{"start":{"line":26,"column":2},"end":{"line":35,"column":null}},"7":{"start":{"line":27,"column":15},"end":{"line":27,"column":42}},"8":{"start":{"line":28,"column":15},"end":{"line":28,"column":42}},"9":{"start":{"line":29,"column":4},"end":{"line":34,"column":null}},"10":{"start":{"line":36,"column":2},"end":{"line":36,"column":null}},"11":{"start":{"line":45,"column":17},"end":{"line":45,"column":19}},"12":{"start":{"line":46,"column":16},"end":{"line":46,"column":18}},"13":{"start":{"line":47,"column":12},"end":{"line":47,"column":62}},"14":{"start":{"line":47,"column":19},"end":{"line":47,"column":62}},"15":{"start":{"line":49,"column":21},"end":{"line":49,"column":39}},"16":{"start":{"line":51,"column":2},"end":{"line":79,"column":null}},"17":{"start":{"line":52,"column":4},"end":{"line":55,"column":null}},"18":{"start":{"line":57,"column":20},"end":{"line":57,"column":49}},"19":{"start":{"line":58,"column":4},"end":{"line":78,"column":null}},"20":{"start":{"line":59,"column":32},"end":{"line":59,"column":67}},"21":{"start":{"line":60,"column":6},"end":{"line":60,"column":null}},"22":{"start":{"line":61,"column":6},"end":{"line":61,"column":null}},"23":{"start":{"line":63,"column":20},"end":{"line":63,"column":40}},"24":{"start":{"line":64,"column":20},"end":{"line":64,"column":41}},"25":{"start":{"line":66,"column":6},"end":{"line":71,"column":null}},"26":{"start":{"line":67,"column":8},"end":{"line":70,"column":null}},"27":{"start":{"line":72,"column":6},"end":{"line":77,"column":null}},"28":{"start":{"line":73,"column":8},"end":{"line":76,"column":null}},"29":{"start":{"line":81,"column":18},"end":{"line":81,"column":47}},"30":{"start":{"line":82,"column":16},"end":{"line":82,"column":49}},"31":{"start":{"line":83,"column":16},"end":{"line":83,"column":28}},"32":{"start":{"line":84,"column":16},"end":{"line":84,"column":29}},"33":{"start":{"line":86,"column":16},"end":{"line":86,"column":42}},"34":{"start":{"line":87,"column":16},"end":{"line":87,"column":43}},"35":{"start":{"line":88,"column":16},"end":{"line":88,"column":43}},"36":{"start":{"line":89,"column":2},"end":{"line":93,"column":null}},"37":{"start":{"line":90,"column":4},"end":{"line":93,"column":null}},"38":{"start":{"line":94,"column":2},"end":{"line":98,"column":null}},"39":{"start":{"line":95,"column":4},"end":{"line":98,"column":null}},"40":{"start":{"line":99,"column":2},"end":{"line":103,"column":null}},"41":{"start":{"line":100,"column":4},"end":{"line":103,"column":null}},"42":{"start":{"line":105,"column":22},"end":{"line":105,"column":48}},"43":{"start":{"line":106,"column":2},"end":{"line":132,"column":null}},"44":{"start":{"line":107,"column":4},"end":{"line":131,"column":null}},"45":{"start":{"line":108,"column":16},"end":{"line":108,"column":38}},"46":{"start":{"line":109,"column":16},"end":{"line":109,"column":38}},"47":{"start":{"line":110,"column":20},"end":{"line":110,"column":25}},"48":{"start":{"line":111,"column":22},"end":{"line":111,"column":39}},"49":{"start":{"line":112,"column":23},"end":{"line":112,"column":27}},"50":{"start":{"line":114,"column":6},"end":{"line":130,"column":null}},"51":{"start":{"line":115,"column":28},"end":{"line":115,"column":39}},"52":{"start":{"line":116,"column":30},"end":{"line":116,"column":53}},"53":{"start":{"line":117,"column":8},"end":{"line":123,"column":null}},"54":{"start":{"line":118,"column":28},"end":{"line":118,"column":51}},"55":{"start":{"line":119,"column":10},"end":{"line":122,"column":null}},"56":{"start":{"line":124,"column":13},"end":{"line":130,"column":null}},"57":{"start":{"line":125,"column":26},"end":{"line":125,"column":49}},"58":{"start":{"line":126,"column":8},"end":{"line":129,"column":null}},"59":{"start":{"line":134,"column":14},"end":{"line":134,"column":47}},"60":{"start":{"line":135,"column":2},"end":{"line":140,"column":null}},"61":{"start":{"line":136,"column":4},"end":{"line":139,"column":null}},"62":{"start":{"line":142,"column":2},"end":{"line":160,"column":null}},"63":{"start":{"line":143,"column":4},"end":{"line":159,"column":null}},"64":{"start":{"line":144,"column":6},"end":{"line":144,"column":null}},"65":{"start":{"line":144,"column":32},"end":{"line":144,"column":null}},"66":{"start":{"line":145,"column":18},"end":{"line":145,"column":37}},"67":{"start":{"line":146,"column":6},"end":{"line":158,"column":null}},"68":{"start":{"line":147,"column":8},"end":{"line":157,"column":null}},"69":{"start":{"line":153,"column":10},"end":{"line":156,"column":null}},"70":{"start":{"line":162,"column":2},"end":{"line":162,"column":null}}},"fnMap":{"0":{"name":"exclusionBounds","decl":{"start":{"line":15,"column":9},"end":{"line":15,"column":24}},"loc":{"start":{"line":15,"column":29},"end":{"line":37,"column":null}},"line":15},"1":{"name":"validateState","decl":{"start":{"line":44,"column":16},"end":{"line":44,"column":29}},"loc":{"start":{"line":44,"column":33},"end":{"line":163,"column":null}},"line":44},"2":{"name":"(anonymous_2)","decl":{"start":{"line":47,"column":12},"end":{"line":47,"column":13}},"loc":{"start":{"line":47,"column":19},"end":{"line":47,"column":62}},"line":47}},"branchMap":{"0":{"loc":{"start":{"line":16,"column":2},"end":{"line":16,"column":null}},"type":"if","locations":[{"start":{"line":16,"column":2},"end":{"line":16,"column":null}},{"start":{},"end":{}}],"line":16},"1":{"loc":{"start":{"line":17,"column":2},"end":{"line":18,"column":null}},"type":"if","locations":[{"start":{"line":17,"column":2},"end":{"line":18,"column":null}},{"start":{},"end":{}}],"line":17},"2":{"loc":{"start":{"line":19,"column":2},"end":{"line":25,"column":null}},"type":"if","locations":[{"start":{"line":19,"column":2},"end":{"line":25,"column":null}},{"start":{},"end":{}}],"line":19},"3":{"loc":{"start":{"line":26,"column":2},"end":{"line":35,"column":null}},"type":"if","locations":[{"start":{"line":26,"column":2},"end":{"line":35,"column":null}},{"start":{},"end":{}}],"line":26},"4":{"loc":{"start":{"line":47,"column":19},"end":{"line":47,"column":62}},"type":"binary-expr","locations":[{"start":{"line":47,"column":19},"end":{"line":47,"column":40}},{"start":{"line":47,"column":44},"end":{"line":47,"column":62}}],"line":47},"5":{"loc":{"start":{"line":51,"column":2},"end":{"line":79,"column":null}},"type":"if","locations":[{"start":{"line":51,"column":2},"end":{"line":79,"column":null}},{"start":{"line":56,"column":9},"end":{"line":79,"column":null}}],"line":51},"6":{"loc":{"start":{"line":58,"column":4},"end":{"line":78,"column":null}},"type":"if","locations":[{"start":{"line":58,"column":4},"end":{"line":78,"column":null}},{"start":{"line":62,"column":11},"end":{"line":78,"column":null}}],"line":58},"7":{"loc":{"start":{"line":66,"column":6},"end":{"line":71,"column":null}},"type":"if","locations":[{"start":{"line":66,"column":6},"end":{"line":71,"column":null}},{"start":{},"end":{}}],"line":66},"8":{"loc":{"start":{"line":66,"column":10},"end":{"line":66,"column":33}},"type":"binary-expr","locations":[{"start":{"line":66,"column":10},"end":{"line":66,"column":19}},{"start":{"line":66,"column":23},"end":{"line":66,"column":33}}],"line":66},"9":{"loc":{"start":{"line":72,"column":6},"end":{"line":77,"column":null}},"type":"if","locations":[{"start":{"line":72,"column":6},"end":{"line":77,"column":null}},{"start":{},"end":{}}],"line":72},"10":{"loc":{"start":{"line":72,"column":10},"end":{"line":72,"column":33}},"type":"binary-expr","locations":[{"start":{"line":72,"column":10},"end":{"line":72,"column":19}},{"start":{"line":72,"column":23},"end":{"line":72,"column":33}}],"line":72},"11":{"loc":{"start":{"line":89,"column":2},"end":{"line":93,"column":null}},"type":"if","locations":[{"start":{"line":89,"column":2},"end":{"line":93,"column":null}},{"start":{},"end":{}}],"line":89},"12":{"loc":{"start":{"line":89,"column":6},"end":{"line":89,"column":29}},"type":"binary-expr","locations":[{"start":{"line":89,"column":6},"end":{"line":89,"column":15}},{"start":{"line":89,"column":19},"end":{"line":89,"column":29}}],"line":89},"13":{"loc":{"start":{"line":94,"column":2},"end":{"line":98,"column":null}},"type":"if","locations":[{"start":{"line":94,"column":2},"end":{"line":98,"column":null}},{"start":{},"end":{}}],"line":94},"14":{"loc":{"start":{"line":94,"column":6},"end":{"line":94,"column":29}},"type":"binary-expr","locations":[{"start":{"line":94,"column":6},"end":{"line":94,"column":15}},{"start":{"line":94,"column":19},"end":{"line":94,"column":29}}],"line":94},"15":{"loc":{"start":{"line":99,"column":2},"end":{"line":103,"column":null}},"type":"if","locations":[{"start":{"line":99,"column":2},"end":{"line":103,"column":null}},{"start":{},"end":{}}],"line":99},"16":{"loc":{"start":{"line":99,"column":6},"end":{"line":99,"column":28}},"type":"binary-expr","locations":[{"start":{"line":99,"column":6},"end":{"line":99,"column":15}},{"start":{"line":99,"column":19},"end":{"line":99,"column":28}}],"line":99},"17":{"loc":{"start":{"line":106,"column":2},"end":{"line":132,"column":null}},"type":"if","locations":[{"start":{"line":106,"column":2},"end":{"line":132,"column":null}},{"start":{},"end":{}}],"line":106},"18":{"loc":{"start":{"line":106,"column":6},"end":{"line":106,"column":74}},"type":"binary-expr","locations":[{"start":{"line":106,"column":6},"end":{"line":106,"column":35}},{"start":{"line":106,"column":39},"end":{"line":106,"column":74}}],"line":106},"19":{"loc":{"start":{"line":107,"column":4},"end":{"line":131,"column":null}},"type":"if","locations":[{"start":{"line":107,"column":4},"end":{"line":131,"column":null}},{"start":{},"end":{}}],"line":107},"20":{"loc":{"start":{"line":107,"column":8},"end":{"line":107,"column":54}},"type":"binary-expr","locations":[{"start":{"line":107,"column":8},"end":{"line":107,"column":16}},{"start":{"line":107,"column":20},"end":{"line":107,"column":28}},{"start":{"line":107,"column":32},"end":{"line":107,"column":41}},{"start":{"line":107,"column":45},"end":{"line":107,"column":54}}],"line":107},"21":{"loc":{"start":{"line":114,"column":6},"end":{"line":130,"column":null}},"type":"if","locations":[{"start":{"line":114,"column":6},"end":{"line":130,"column":null}},{"start":{"line":124,"column":13},"end":{"line":130,"column":null}}],"line":114},"22":{"loc":{"start":{"line":117,"column":8},"end":{"line":123,"column":null}},"type":"if","locations":[{"start":{"line":117,"column":8},"end":{"line":123,"column":null}},{"start":{},"end":{}}],"line":117},"23":{"loc":{"start":{"line":124,"column":13},"end":{"line":130,"column":null}},"type":"if","locations":[{"start":{"line":124,"column":13},"end":{"line":130,"column":null}},{"start":{},"end":{}}],"line":124},"24":{"loc":{"start":{"line":135,"column":2},"end":{"line":140,"column":null}},"type":"if","locations":[{"start":{"line":135,"column":2},"end":{"line":140,"column":null}},{"start":{},"end":{}}],"line":135},"25":{"loc":{"start":{"line":135,"column":6},"end":{"line":135,"column":57}},"type":"binary-expr","locations":[{"start":{"line":135,"column":6},"end":{"line":135,"column":12}},{"start":{"line":135,"column":17},"end":{"line":135,"column":31}},{"start":{"line":135,"column":35},"end":{"line":135,"column":42}},{"start":{"line":135,"column":46},"end":{"line":135,"column":56}}],"line":135},"26":{"loc":{"start":{"line":142,"column":2},"end":{"line":160,"column":null}},"type":"if","locations":[{"start":{"line":142,"column":2},"end":{"line":160,"column":null}},{"start":{},"end":{}}],"line":142},"27":{"loc":{"start":{"line":142,"column":6},"end":{"line":142,"column":58}},"type":"binary-expr","locations":[{"start":{"line":142,"column":6},"end":{"line":142,"column":17}},{"start":{"line":142,"column":21},"end":{"line":142,"column":58}}],"line":142},"28":{"loc":{"start":{"line":144,"column":6},"end":{"line":144,"column":null}},"type":"if","locations":[{"start":{"line":144,"column":6},"end":{"line":144,"column":null}},{"start":{},"end":{}}],"line":144},"29":{"loc":{"start":{"line":144,"column":10},"end":{"line":144,"column":30}},"type":"binary-expr","locations":[{"start":{"line":144,"column":10},"end":{"line":144,"column":17}},{"start":{"line":144,"column":21},"end":{"line":144,"column":30}}],"line":144},"30":{"loc":{"start":{"line":146,"column":6},"end":{"line":158,"column":null}},"type":"if","locations":[{"start":{"line":146,"column":6},"end":{"line":158,"column":null}},{"start":{},"end":{}}],"line":146},"31":{"loc":{"start":{"line":146,"column":10},"end":{"line":146,"column":37}},"type":"binary-expr","locations":[{"start":{"line":146,"column":10},"end":{"line":146,"column":13}},{"start":{"line":146,"column":17},"end":{"line":146,"column":25}},{"start":{"line":146,"column":29},"end":{"line":146,"column":37}}],"line":146},"32":{"loc":{"start":{"line":147,"column":8},"end":{"line":157,"column":null}},"type":"if","locations":[{"start":{"line":147,"column":8},"end":{"line":157,"column":null}},{"start":{},"end":{}}],"line":147},"33":{"loc":{"start":{"line":148,"column":10},"end":{"line":151,"column":null}},"type":"binary-expr","locations":[{"start":{"line":148,"column":10},"end":{"line":148,"column":22}},{"start":{"line":149,"column":10},"end":{"line":149,"column":22}},{"start":{"line":150,"column":10},"end":{"line":150,"column":26}},{"start":{"line":151,"column":10},"end":{"line":151,"column":null}}],"line":148},"34":{"loc":{"start":{"line":155,"column":21},"end":{"line":155,"column":40}},"type":"binary-expr","locations":[{"start":{"line":155,"column":21},"end":{"line":155,"column":29}},{"start":{"line":155,"column":33},"end":{"line":155,"column":40}}],"line":155}},"s":{"0":4,"1":0,"2":4,"3":2,"4":2,"5":2,"6":1,"7":1,"8":1,"9":1,"10":0,"11":26,"12":26,"13":26,"14":134,"15":26,"16":26,"17":1,"18":25,"19":25,"20":18,"21":18,"22":18,"23":7,"24":7,"25":7,"26":6,"27":7,"28":3,"29":26,"30":26,"31":26,"32":26,"33":26,"34":26,"35":26,"36":26,"37":3,"38":26,"39":3,"40":26,"41":3,"42":26,"43":26,"44":4,"45":4,"46":4,"47":4,"48":4,"49":4,"50":4,"51":2,"52":2,"53":2,"54":1,"55":1,"56":2,"57":1,"58":1,"59":26,"60":26,"61":1,"62":26,"63":23,"64":4,"65":0,"66":4,"67":4,"68":4,"69":3,"70":26},"f":{"0":4,"1":26,"2":134},"b":{"0":[0,4],"1":[2,2],"2":[1,1],"3":[1,0],"4":[134,127],"5":[1,25],"6":[18,7],"7":[6,1],"8":[7,4],"9":[3,4],"10":[7,6],"11":[3,23],"12":[26,25],"13":[3,23],"14":[26,25],"15":[3,23],"16":[26,25],"17":[4,22],"18":[26,24],"19":[4,0],"20":[4,4,4,4],"21":[2,2],"22":[1,1],"23":[1,1],"24":[1,25],"25":[26,25,24,24],"26":[23,3],"27":[26,25],"28":[0,4],"29":[4,4],"30":[4,0],"31":[4,4,4],"32":[3,1],"33":[4,4,4,1],"34":[3,0]},"meta":{"lastBranch":35,"lastFunction":3,"lastStatement":71,"seen":{"f:15:9:15:24":0,"b:16:2:16:Infinity:undefined:undefined:undefined:undefined":0,"s:16:2:16:Infinity":0,"s:16:11:16:Infinity":1,"b:17:2:18:Infinity:undefined:undefined:undefined:undefined":1,"s:17:2:18:Infinity":2,"s:18:4:18:Infinity":3,"b:19:2:25:Infinity:undefined:undefined:undefined:undefined":2,"s:19:2:25:Infinity":4,"s:20:4:25:Infinity":5,"b:26:2:35:Infinity:undefined:undefined:undefined:undefined":3,"s:26:2:35:Infinity":6,"s:27:15:27:42":7,"s:28:15:28:42":8,"s:29:4:34:Infinity":9,"s:36:2:36:Infinity":10,"f:44:16:44:29":1,"s:45:17:45:19":11,"s:46:16:46:18":12,"s:47:12:47:62":13,"f:47:12:47:13":2,"s:47:19:47:62":14,"b:47:19:47:40:47:44:47:62":4,"s:49:21:49:39":15,"b:51:2:79:Infinity:56:9:79:Infinity":5,"s:51:2:79:Infinity":16,"s:52:4:55:Infinity":17,"s:57:20:57:49":18,"b:58:4:78:Infinity:62:11:78:Infinity":6,"s:58:4:78:Infinity":19,"s:59:32:59:67":20,"s:60:6:60:Infinity":21,"s:61:6:61:Infinity":22,"s:63:20:63:40":23,"s:64:20:64:41":24,"b:66:6:71:Infinity:undefined:undefined:undefined:undefined":7,"s:66:6:71:Infinity":25,"b:66:10:66:19:66:23:66:33":8,"s:67:8:70:Infinity":26,"b:72:6:77:Infinity:undefined:undefined:undefined:undefined":9,"s:72:6:77:Infinity":27,"b:72:10:72:19:72:23:72:33":10,"s:73:8:76:Infinity":28,"s:81:18:81:47":29,"s:82:16:82:49":30,"s:83:16:83:28":31,"s:84:16:84:29":32,"s:86:16:86:42":33,"s:87:16:87:43":34,"s:88:16:88:43":35,"b:89:2:93:Infinity:undefined:undefined:undefined:undefined":11,"s:89:2:93:Infinity":36,"b:89:6:89:15:89:19:89:29":12,"s:90:4:93:Infinity":37,"b:94:2:98:Infinity:undefined:undefined:undefined:undefined":13,"s:94:2:98:Infinity":38,"b:94:6:94:15:94:19:94:29":14,"s:95:4:98:Infinity":39,"b:99:2:103:Infinity:undefined:undefined:undefined:undefined":15,"s:99:2:103:Infinity":40,"b:99:6:99:15:99:19:99:28":16,"s:100:4:103:Infinity":41,"s:105:22:105:48":42,"b:106:2:132:Infinity:undefined:undefined:undefined:undefined":17,"s:106:2:132:Infinity":43,"b:106:6:106:35:106:39:106:74":18,"b:107:4:131:Infinity:undefined:undefined:undefined:undefined":19,"s:107:4:131:Infinity":44,"b:107:8:107:16:107:20:107:28:107:32:107:41:107:45:107:54":20,"s:108:16:108:38":45,"s:109:16:109:38":46,"s:110:20:110:25":47,"s:111:22:111:39":48,"s:112:23:112:27":49,"b:114:6:130:Infinity:124:13:130:Infinity":21,"s:114:6:130:Infinity":50,"s:115:28:115:39":51,"s:116:30:116:53":52,"b:117:8:123:Infinity:undefined:undefined:undefined:undefined":22,"s:117:8:123:Infinity":53,"s:118:28:118:51":54,"s:119:10:122:Infinity":55,"b:124:13:130:Infinity:undefined:undefined:undefined:undefined":23,"s:124:13:130:Infinity":56,"s:125:26:125:49":57,"s:126:8:129:Infinity":58,"s:134:14:134:47":59,"b:135:2:140:Infinity:undefined:undefined:undefined:undefined":24,"s:135:2:140:Infinity":60,"b:135:6:135:12:135:17:135:31:135:35:135:42:135:46:135:56":25,"s:136:4:139:Infinity":61,"b:142:2:160:Infinity:undefined:undefined:undefined:undefined":26,"s:142:2:160:Infinity":62,"b:142:6:142:17:142:21:142:58":27,"s:143:4:159:Infinity":63,"b:144:6:144:Infinity:undefined:undefined:undefined:undefined":28,"s:144:6:144:Infinity":64,"b:144:10:144:17:144:21:144:30":29,"s:144:32:144:Infinity":65,"s:145:18:145:37":66,"b:146:6:158:Infinity:undefined:undefined:undefined:undefined":30,"s:146:6:158:Infinity":67,"b:146:10:146:13:146:17:146:25:146:29:146:37":31,"b:147:8:157:Infinity:undefined:undefined:undefined:undefined":32,"s:147:8:157:Infinity":68,"b:148:10:148:22:149:10:149:22:150:10:150:26:151:10:151:Infinity":33,"s:153:10:156:Infinity":69,"b:155:21:155:29:155:33:155:40":34,"s:162:2:162:Infinity":70}}}
}
