{"/Users/feivel/WebstormProjects/fp/src/calc.js": {"path":"/Users/feivel/WebstormProjects/fp/src/calc.js","statementMap":{"0":{"start":{"line":9,"column":14},"end":{"line":9,"column":36}},"1":{"start":{"line":10,"column":2},"end":{"line":19,"column":null}},"2":{"start":{"line":11,"column":4},"end":{"line":18,"column":null}},"3":{"start":{"line":21,"column":19},"end":{"line":21,"column":38}},"4":{"start":{"line":22,"column":23},"end":{"line":22,"column":54}},"5":{"start":{"line":24,"column":2},"end":{"line":33,"column":null}},"6":{"start":{"line":25,"column":4},"end":{"line":32,"column":null}},"7":{"start":{"line":36,"column":2},"end":{"line":50,"column":null}},"8":{"start":{"line":37,"column":24},"end":{"line":37,"column":59}},"9":{"start":{"line":38,"column":18},"end":{"line":38,"column":56}},"10":{"start":{"line":39,"column":22},"end":{"line":39,"column":73}},"11":{"start":{"line":41,"column":4},"end":{"line":49,"column":null}},"12":{"start":{"line":56,"column":13},"end":{"line":56,"column":44}},"13":{"start":{"line":57,"column":13},"end":{"line":57,"column":45}},"14":{"start":{"line":58,"column":12},"end":{"line":58,"column":42}},"15":{"start":{"line":69,"column":22},"end":{"line":69,"column":23}},"16":{"start":{"line":70,"column":2},"end":{"line":72,"column":null}},"17":{"start":{"line":71,"column":4},"end":{"line":71,"column":null}},"18":{"start":{"line":74,"column":16},"end":{"line":74,"column":87}},"19":{"start":{"line":75,"column":26},"end":{"line":75,"column":97}},"20":{"start":{"line":78,"column":21},"end":{"line":78,"column":59}},"21":{"start":{"line":79,"column":21},"end":{"line":79,"column":38}},"22":{"start":{"line":80,"column":23},"end":{"line":80,"column":46}},"23":{"start":{"line":81,"column":20},"end":{"line":81,"column":50}},"24":{"start":{"line":83,"column":2},"end":{"line":91,"column":null}},"25":{"start":{"line":96,"column":2},"end":{"line":96,"column":null}},"26":{"start":{"line":100,"column":12},"end":{"line":100,"column":21}},"27":{"start":{"line":101,"column":2},"end":{"line":101,"column":null}},"28":{"start":{"line":105,"column":2},"end":{"line":108,"column":null}},"29":{"start":{"line":106,"column":19},"end":{"line":106,"column":36}},"30":{"start":{"line":107,"column":4},"end":{"line":107,"column":null}},"31":{"start":{"line":109,"column":2},"end":{"line":111,"column":null}},"32":{"start":{"line":110,"column":4},"end":{"line":110,"column":null}},"33":{"start":{"line":112,"column":2},"end":{"line":114,"column":null}},"34":{"start":{"line":113,"column":4},"end":{"line":113,"column":null}},"35":{"start":{"line":115,"column":2},"end":{"line":115,"column":null}},"36":{"start":{"line":119,"column":2},"end":{"line":119,"column":null}},"37":{"start":{"line":123,"column":15},"end":{"line":127,"column":38}},"38":{"start":{"line":126,"column":16},"end":{"line":126,"column":25}},"39":{"start":{"line":127,"column":19},"end":{"line":127,"column":37}},"40":{"start":{"line":129,"column":13},"end":{"line":129,"column":21}},"41":{"start":{"line":130,"column":11},"end":{"line":130,"column":19}},"42":{"start":{"line":131,"column":11},"end":{"line":131,"column":20}},"43":{"start":{"line":132,"column":11},"end":{"line":132,"column":20}},"44":{"start":{"line":134,"column":2},"end":{"line":142,"column":null}},"45":{"start":{"line":134,"column":15},"end":{"line":134,"column":16}},"46":{"start":{"line":135,"column":14},"end":{"line":135,"column":21}},"47":{"start":{"line":136,"column":14},"end":{"line":136,"column":25}},"48":{"start":{"line":137,"column":4},"end":{"line":137,"column":null}},"49":{"start":{"line":137,"column":52},"end":{"line":137,"column":null}},"50":{"start":{"line":138,"column":4},"end":{"line":138,"column":null}},"51":{"start":{"line":139,"column":4},"end":{"line":139,"column":null}},"52":{"start":{"line":140,"column":4},"end":{"line":140,"column":null}},"53":{"start":{"line":141,"column":4},"end":{"line":141,"column":null}},"54":{"start":{"line":143,"column":2},"end":{"line":143,"column":null}},"55":{"start":{"line":143,"column":30},"end":{"line":143,"column":null}},"56":{"start":{"line":144,"column":2},"end":{"line":144,"column":null}},"57":{"start":{"line":151,"column":19},"end":{"line":151,"column":46}},"58":{"start":{"line":152,"column":17},"end":{"line":152,"column":19}},"59":{"start":{"line":154,"column":2},"end":{"line":167,"column":null}},"60":{"start":{"line":155,"column":4},"end":{"line":155,"column":null}},"61":{"start":{"line":155,"column":21},"end":{"line":155,"column":null}},"62":{"start":{"line":156,"column":17},"end":{"line":156,"column":23}},"63":{"start":{"line":157,"column":17},"end":{"line":162,"column":40}},"64":{"start":{"line":161,"column":18},"end":{"line":161,"column":27}},"65":{"start":{"line":162,"column":21},"end":{"line":162,"column":39}},"66":{"start":{"line":164,"column":4},"end":{"line":166,"column":null}},"67":{"start":{"line":165,"column":6},"end":{"line":165,"column":null}},"68":{"start":{"line":169,"column":2},"end":{"line":169,"column":null}},"69":{"start":{"line":169,"column":25},"end":{"line":169,"column":null}},"70":{"start":{"line":172,"column":16},"end":{"line":172,"column":25}},"71":{"start":{"line":173,"column":15},"end":{"line":173,"column":40}},"72":{"start":{"line":174,"column":2},"end":{"line":176,"column":null}},"73":{"start":{"line":175,"column":4},"end":{"line":175,"column":null}},"74":{"start":{"line":178,"column":2},"end":{"line":178,"column":null}},"75":{"start":{"line":185,"column":13},"end":{"line":185,"column":34}},"76":{"start":{"line":186,"column":2},"end":{"line":188,"column":null}},"77":{"start":{"line":187,"column":4},"end":{"line":187,"column":null}},"78":{"start":{"line":190,"column":18},"end":{"line":190,"column":45}},"79":{"start":{"line":191,"column":19},"end":{"line":191,"column":30}},"80":{"start":{"line":192,"column":21},"end":{"line":192,"column":64}},"81":{"start":{"line":193,"column":20},"end":{"line":193,"column":60}},"82":{"start":{"line":194,"column":26},"end":{"line":194,"column":63}},"83":{"start":{"line":196,"column":2},"end":{"line":203,"column":null}},"84":{"start":{"line":211,"column":16},"end":{"line":211,"column":25}},"85":{"start":{"line":212,"column":22},"end":{"line":212,"column":29}},"86":{"start":{"line":213,"column":23},"end":{"line":213,"column":26}},"87":{"start":{"line":214,"column":18},"end":{"line":214,"column":37}},"88":{"start":{"line":216,"column":26},"end":{"line":216,"column":28}},"89":{"start":{"line":217,"column":2},"end":{"line":221,"column":null}},"90":{"start":{"line":217,"column":15},"end":{"line":217,"column":16}},"91":{"start":{"line":218,"column":4},"end":{"line":220,"column":null}},"92":{"start":{"line":219,"column":6},"end":{"line":219,"column":null}},"93":{"start":{"line":223,"column":2},"end":{"line":252,"column":null}},"94":{"start":{"line":223,"column":15},"end":{"line":223,"column":16}},"95":{"start":{"line":224,"column":17},"end":{"line":224,"column":35}},"96":{"start":{"line":225,"column":4},"end":{"line":225,"column":null}},"97":{"start":{"line":225,"column":25},"end":{"line":225,"column":null}},"98":{"start":{"line":227,"column":15},"end":{"line":227,"column":29}},"99":{"start":{"line":228,"column":4},"end":{"line":228,"column":null}},"100":{"start":{"line":228,"column":13},"end":{"line":228,"column":null}},"101":{"start":{"line":230,"column":4},"end":{"line":251,"column":null}},"102":{"start":{"line":230,"column":17},"end":{"line":230,"column":22}},"103":{"start":{"line":231,"column":19},"end":{"line":231,"column":37}},"104":{"start":{"line":232,"column":6},"end":{"line":232,"column":null}},"105":{"start":{"line":232,"column":27},"end":{"line":232,"column":null}},"106":{"start":{"line":234,"column":17},"end":{"line":234,"column":31}},"107":{"start":{"line":235,"column":6},"end":{"line":235,"column":null}},"108":{"start":{"line":235,"column":15},"end":{"line":235,"column":null}},"109":{"start":{"line":238,"column":8},"end":{"line":239,"column":50}},"110":{"start":{"line":241,"column":6},"end":{"line":241,"column":null}},"111":{"start":{"line":241,"column":21},"end":{"line":241,"column":null}},"112":{"start":{"line":243,"column":27},"end":{"line":243,"column":56}},"113":{"start":{"line":244,"column":28},"end":{"line":244,"column":100}},"114":{"start":{"line":246,"column":6},"end":{"line":250,"column":null}},"115":{"start":{"line":247,"column":8},"end":{"line":247,"column":null}},"116":{"start":{"line":248,"column":8},"end":{"line":248,"column":null}},"117":{"start":{"line":249,"column":8},"end":{"line":249,"column":null}},"118":{"start":{"line":254,"column":2},"end":{"line":254,"column":null}},"119":{"start":{"line":262,"column":18},"end":{"line":262,"column":20}},"120":{"start":{"line":263,"column":20},"end":{"line":263,"column":29}},"121":{"start":{"line":265,"column":2},"end":{"line":278,"column":null}},"122":{"start":{"line":265,"column":15},"end":{"line":265,"column":16}},"123":{"start":{"line":266,"column":4},"end":{"line":266,"column":null}},"124":{"start":{"line":266,"column":26},"end":{"line":266,"column":null}},"125":{"start":{"line":268,"column":23},"end":{"line":268,"column":35}},"126":{"start":{"line":269,"column":4},"end":{"line":277,"column":null}},"127":{"start":{"line":270,"column":6},"end":{"line":270,"column":null}},"128":{"start":{"line":271,"column":6},"end":{"line":271,"column":null}},"129":{"start":{"line":272,"column":6},"end":{"line":272,"column":null}},"130":{"start":{"line":273,"column":6},"end":{"line":273,"column":null}},"131":{"start":{"line":275,"column":6},"end":{"line":275,"column":null}},"132":{"start":{"line":276,"column":6},"end":{"line":276,"column":null}},"133":{"start":{"line":280,"column":2},"end":{"line":280,"column":null}},"134":{"start":{"line":284,"column":2},"end":{"line":284,"column":null}},"135":{"start":{"line":285,"column":2},"end":{"line":285,"column":null}},"136":{"start":{"line":286,"column":2},"end":{"line":286,"column":null}},"137":{"start":{"line":286,"column":24},"end":{"line":286,"column":null}},"138":{"start":{"line":287,"column":2},"end":{"line":287,"column":null}},"139":{"start":{"line":296,"column":12},"end":{"line":296,"column":32}},"140":{"start":{"line":297,"column":12},"end":{"line":297,"column":32}},"141":{"start":{"line":298,"column":13},"end":{"line":298,"column":28}},"142":{"start":{"line":299,"column":13},"end":{"line":299,"column":28}},"143":{"start":{"line":300,"column":12},"end":{"line":300,"column":28}},"144":{"start":{"line":302,"column":2},"end":{"line":302,"column":null}},"145":{"start":{"line":302,"column":45},"end":{"line":302,"column":null}},"146":{"start":{"line":303,"column":2},"end":{"line":303,"column":null}},"147":{"start":{"line":303,"column":24},"end":{"line":303,"column":null}},"148":{"start":{"line":305,"column":14},"end":{"line":305,"column":16}},"149":{"start":{"line":307,"column":19},"end":{"line":307,"column":25}},"150":{"start":{"line":308,"column":13},"end":{"line":308,"column":53}},"151":{"start":{"line":309,"column":13},"end":{"line":309,"column":28}},"152":{"start":{"line":310,"column":2},"end":{"line":310,"column":null}},"153":{"start":{"line":310,"column":10},"end":{"line":310,"column":null}},"154":{"start":{"line":312,"column":20},"end":{"line":312,"column":26}},"155":{"start":{"line":313,"column":13},"end":{"line":313,"column":54}},"156":{"start":{"line":314,"column":13},"end":{"line":314,"column":29}},"157":{"start":{"line":315,"column":2},"end":{"line":315,"column":null}},"158":{"start":{"line":315,"column":10},"end":{"line":315,"column":null}},"159":{"start":{"line":317,"column":2},"end":{"line":317,"column":null}},"160":{"start":{"line":326,"column":13},"end":{"line":326,"column":27}},"161":{"start":{"line":327,"column":13},"end":{"line":327,"column":27}},"162":{"start":{"line":328,"column":13},"end":{"line":328,"column":28}},"163":{"start":{"line":329,"column":13},"end":{"line":329,"column":28}},"164":{"start":{"line":330,"column":12},"end":{"line":330,"column":28}},"165":{"start":{"line":332,"column":2},"end":{"line":332,"column":null}},"166":{"start":{"line":332,"column":47},"end":{"line":332,"column":null}},"167":{"start":{"line":334,"column":2},"end":{"line":334,"column":null}},"168":{"start":{"line":334,"column":15},"end":{"line":334,"column":null}},"169":{"start":{"line":335,"column":2},"end":{"line":335,"column":null}},"170":{"start":{"line":335,"column":30},"end":{"line":335,"column":null}},"171":{"start":{"line":337,"column":2},"end":{"line":337,"column":null}},"172":{"start":{"line":337,"column":15},"end":{"line":337,"column":null}},"173":{"start":{"line":338,"column":2},"end":{"line":338,"column":null}},"174":{"start":{"line":338,"column":30},"end":{"line":338,"column":null}},"175":{"start":{"line":340,"column":2},"end":{"line":340,"column":null}},"176":{"start":{"line":347,"column":4},"end":{"line":347,"column":null}},"177":{"start":{"line":348,"column":4},"end":{"line":348,"column":null}},"178":{"start":{"line":351,"column":4},"end":{"line":351,"column":null}},"179":{"start":{"line":352,"column":4},"end":{"line":352,"column":null}},"180":{"start":{"line":355,"column":4},"end":{"line":355,"column":null}},"181":{"start":{"line":355,"column":12},"end":{"line":355,"column":null}},"182":{"start":{"line":356,"column":14},"end":{"line":356,"column":27}},"183":{"start":{"line":357,"column":14},"end":{"line":357,"column":27}},"184":{"start":{"line":358,"column":4},"end":{"line":358,"column":null}},"185":{"start":{"line":358,"column":26},"end":{"line":358,"column":null}},"186":{"start":{"line":359,"column":18},"end":{"line":359,"column":60}},"187":{"start":{"line":360,"column":4},"end":{"line":360,"column":null}},"188":{"start":{"line":361,"column":4},"end":{"line":361,"column":null}},"189":{"start":{"line":365,"column":14},"end":{"line":365,"column":29}},"190":{"start":{"line":366,"column":14},"end":{"line":366,"column":29}},"191":{"start":{"line":367,"column":14},"end":{"line":367,"column":30}},"192":{"start":{"line":369,"column":4},"end":{"line":369,"column":null}},"193":{"start":{"line":369,"column":26},"end":{"line":369,"column":null}},"194":{"start":{"line":371,"column":15},"end":{"line":371,"column":19}},"195":{"start":{"line":373,"column":4},"end":{"line":401,"column":null}},"196":{"start":{"line":373,"column":17},"end":{"line":373,"column":18}},"197":{"start":{"line":374,"column":16},"end":{"line":374,"column":29}},"198":{"start":{"line":377,"column":6},"end":{"line":386,"column":null}},"199":{"start":{"line":378,"column":25},"end":{"line":378,"column":44}},"200":{"start":{"line":379,"column":32},"end":{"line":379,"column":62}},"201":{"start":{"line":380,"column":21},"end":{"line":380,"column":120}},"202":{"start":{"line":382,"column":8},"end":{"line":385,"column":null}},"203":{"start":{"line":382,"column":19},"end":{"line":382,"column":null}},"204":{"start":{"line":383,"column":13},"end":{"line":385,"column":null}},"205":{"start":{"line":383,"column":59},"end":{"line":383,"column":71}},"206":{"start":{"line":384,"column":13},"end":{"line":385,"column":null}},"207":{"start":{"line":384,"column":72},"end":{"line":384,"column":null}},"208":{"start":{"line":385,"column":13},"end":{"line":385,"column":null}},"209":{"start":{"line":385,"column":32},"end":{"line":385,"column":null}},"210":{"start":{"line":389,"column":6},"end":{"line":400,"column":null}},"211":{"start":{"line":390,"column":8},"end":{"line":399,"column":null}},"212":{"start":{"line":391,"column":27},"end":{"line":391,"column":46}},"213":{"start":{"line":392,"column":34},"end":{"line":392,"column":64}},"214":{"start":{"line":393,"column":23},"end":{"line":393,"column":121}},"215":{"start":{"line":395,"column":10},"end":{"line":398,"column":null}},"216":{"start":{"line":395,"column":21},"end":{"line":395,"column":null}},"217":{"start":{"line":396,"column":15},"end":{"line":398,"column":null}},"218":{"start":{"line":396,"column":61},"end":{"line":396,"column":null}},"219":{"start":{"line":397,"column":15},"end":{"line":398,"column":null}},"220":{"start":{"line":397,"column":74},"end":{"line":397,"column":null}},"221":{"start":{"line":398,"column":15},"end":{"line":398,"column":null}},"222":{"start":{"line":398,"column":34},"end":{"line":398,"column":null}},"223":{"start":{"line":403,"column":4},"end":{"line":403,"column":null}},"224":{"start":{"line":403,"column":15},"end":{"line":403,"column":null}},"225":{"start":{"line":404,"column":4},"end":{"line":404,"column":null}},"226":{"start":{"line":408,"column":19},"end":{"line":408,"column":52}},"227":{"start":{"line":410,"column":22},"end":{"line":410,"column":50}},"228":{"start":{"line":411,"column":22},"end":{"line":411,"column":50}},"229":{"start":{"line":413,"column":23},"end":{"line":413,"column":25}},"230":{"start":{"line":414,"column":4},"end":{"line":420,"column":null}},"231":{"start":{"line":415,"column":18},"end":{"line":415,"column":88}},"232":{"start":{"line":416,"column":6},"end":{"line":419,"column":null}},"233":{"start":{"line":417,"column":22},"end":{"line":417,"column":44}},"234":{"start":{"line":418,"column":8},"end":{"line":418,"column":null}},"235":{"start":{"line":418,"column":19},"end":{"line":418,"column":null}},"236":{"start":{"line":422,"column":4},"end":{"line":425,"column":null}},"237":{"start":{"line":429,"column":4},"end":{"line":429,"column":null}},"238":{"start":{"line":429,"column":34},"end":{"line":429,"column":76}},"239":{"start":{"line":434,"column":21},"end":{"line":434,"column":43}},"240":{"start":{"line":435,"column":2},"end":{"line":437,"column":null}},"241":{"start":{"line":436,"column":4},"end":{"line":436,"column":null}},"242":{"start":{"line":439,"column":13},"end":{"line":439,"column":46}},"243":{"start":{"line":440,"column":13},"end":{"line":440,"column":47}},"244":{"start":{"line":441,"column":16},"end":{"line":441,"column":55}},"245":{"start":{"line":443,"column":2},"end":{"line":445,"column":null}},"246":{"start":{"line":444,"column":4},"end":{"line":444,"column":null}},"247":{"start":{"line":448,"column":22},"end":{"line":448,"column":57}},"248":{"start":{"line":449,"column":23},"end":{"line":449,"column":58}},"249":{"start":{"line":450,"column":17},"end":{"line":450,"column":47}},"250":{"start":{"line":453,"column":15},"end":{"line":453,"column":73}},"251":{"start":{"line":454,"column":2},"end":{"line":454,"column":null}},"252":{"start":{"line":454,"column":17},"end":{"line":454,"column":null}},"253":{"start":{"line":457,"column":11},"end":{"line":457,"column":44}},"254":{"start":{"line":458,"column":2},"end":{"line":458,"column":null}},"255":{"start":{"line":458,"column":15},"end":{"line":458,"column":null}},"256":{"start":{"line":460,"column":20},"end":{"line":460,"column":53}},"257":{"start":{"line":461,"column":22},"end":{"line":461,"column":58}},"258":{"start":{"line":463,"column":18},"end":{"line":463,"column":19}},"259":{"start":{"line":464,"column":17},"end":{"line":464,"column":18}},"260":{"start":{"line":465,"column":19},"end":{"line":465,"column":20}},"261":{"start":{"line":467,"column":15},"end":{"line":467,"column":31}},"262":{"start":{"line":469,"column":20},"end":{"line":469,"column":45}},"263":{"start":{"line":470,"column":19},"end":{"line":470,"column":44}},"264":{"start":{"line":471,"column":27},"end":{"line":471,"column":28}},"265":{"start":{"line":473,"column":19},"end":{"line":473,"column":55}},"266":{"start":{"line":474,"column":2},"end":{"line":479,"column":null}},"267":{"start":{"line":474,"column":15},"end":{"line":474,"column":16}},"268":{"start":{"line":475,"column":17},"end":{"line":475,"column":27}},"269":{"start":{"line":476,"column":4},"end":{"line":478,"column":null}},"270":{"start":{"line":477,"column":6},"end":{"line":477,"column":null}},"271":{"start":{"line":481,"column":16},"end":{"line":481,"column":65}},"272":{"start":{"line":482,"column":23},"end":{"line":482,"column":76}},"273":{"start":{"line":484,"column":22},"end":{"line":484,"column":31}},"274":{"start":{"line":486,"column":2},"end":{"line":599,"column":null}},"275":{"start":{"line":486,"column":17},"end":{"line":486,"column":18}},"276":{"start":{"line":487,"column":14},"end":{"line":487,"column":31}},"277":{"start":{"line":488,"column":17},"end":{"line":488,"column":27}},"278":{"start":{"line":490,"column":4},"end":{"line":495,"column":null}},"279":{"start":{"line":491,"column":6},"end":{"line":491,"column":null}},"280":{"start":{"line":492,"column":6},"end":{"line":492,"column":null}},"281":{"start":{"line":493,"column":6},"end":{"line":493,"column":null}},"282":{"start":{"line":494,"column":6},"end":{"line":494,"column":null}},"283":{"start":{"line":497,"column":21},"end":{"line":497,"column":32}},"284":{"start":{"line":498,"column":15},"end":{"line":498,"column":52}},"285":{"start":{"line":499,"column":17},"end":{"line":499,"column":67}},"286":{"start":{"line":500,"column":4},"end":{"line":500,"column":null}},"287":{"start":{"line":502,"column":23},"end":{"line":502,"column":48}},"288":{"start":{"line":503,"column":26},"end":{"line":503,"column":45}},"289":{"start":{"line":505,"column":4},"end":{"line":508,"column":null}},"290":{"start":{"line":506,"column":6},"end":{"line":506,"column":null}},"291":{"start":{"line":507,"column":6},"end":{"line":507,"column":null}},"292":{"start":{"line":510,"column":4},"end":{"line":510,"column":null}},"293":{"start":{"line":512,"column":4},"end":{"line":512,"column":null}},"294":{"start":{"line":512,"column":36},"end":{"line":512,"column":null}},"295":{"start":{"line":514,"column":20},"end":{"line":514,"column":68}},"296":{"start":{"line":515,"column":21},"end":{"line":515,"column":54}},"297":{"start":{"line":516,"column":22},"end":{"line":516,"column":87}},"298":{"start":{"line":517,"column":28},"end":{"line":517,"column":96}},"299":{"start":{"line":519,"column":23},"end":{"line":519,"column":35}},"300":{"start":{"line":520,"column":33},"end":{"line":520,"column":96}},"301":{"start":{"line":522,"column":21},"end":{"line":522,"column":25}},"302":{"start":{"line":523,"column":21},"end":{"line":523,"column":25}},"303":{"start":{"line":525,"column":4},"end":{"line":529,"column":null}},"304":{"start":{"line":526,"column":20},"end":{"line":526,"column":40}},"305":{"start":{"line":527,"column":6},"end":{"line":527,"column":null}},"306":{"start":{"line":528,"column":6},"end":{"line":528,"column":null}},"307":{"start":{"line":531,"column":4},"end":{"line":548,"column":null}},"308":{"start":{"line":532,"column":24},"end":{"line":532,"column":45}},"309":{"start":{"line":533,"column":6},"end":{"line":547,"column":null}},"310":{"start":{"line":534,"column":23},"end":{"line":534,"column":50}},"311":{"start":{"line":535,"column":8},"end":{"line":546,"column":null}},"312":{"start":{"line":536,"column":10},"end":{"line":536,"column":null}},"313":{"start":{"line":537,"column":10},"end":{"line":544,"column":null}},"314":{"start":{"line":545,"column":10},"end":{"line":545,"column":null}},"315":{"start":{"line":550,"column":20},"end":{"line":555,"column":6}},"316":{"start":{"line":557,"column":4},"end":{"line":568,"column":null}},"317":{"start":{"line":558,"column":6},"end":{"line":558,"column":null}},"318":{"start":{"line":559,"column":6},"end":{"line":566,"column":null}},"319":{"start":{"line":567,"column":6},"end":{"line":567,"column":null}},"320":{"start":{"line":570,"column":27},"end":{"line":570,"column":29}},"321":{"start":{"line":572,"column":4},"end":{"line":596,"column":null}},"322":{"start":{"line":573,"column":22},"end":{"line":573,"column":26}},"323":{"start":{"line":574,"column":22},"end":{"line":574,"column":26}},"324":{"start":{"line":575,"column":6},"end":{"line":575,"column":null}},"325":{"start":{"line":576,"column":11},"end":{"line":596,"column":null}},"326":{"start":{"line":577,"column":22},"end":{"line":577,"column":26}},"327":{"start":{"line":578,"column":22},"end":{"line":578,"column":26}},"328":{"start":{"line":579,"column":17},"end":{"line":579,"column":68}},"329":{"start":{"line":580,"column":6},"end":{"line":580,"column":null}},"330":{"start":{"line":580,"column":14},"end":{"line":580,"column":null}},"331":{"start":{"line":581,"column":11},"end":{"line":596,"column":null}},"332":{"start":{"line":582,"column":18},"end":{"line":582,"column":78}},"333":{"start":{"line":583,"column":6},"end":{"line":586,"column":null}},"334":{"start":{"line":584,"column":19},"end":{"line":584,"column":46}},"335":{"start":{"line":585,"column":8},"end":{"line":585,"column":null}},"336":{"start":{"line":585,"column":16},"end":{"line":585,"column":null}},"337":{"start":{"line":588,"column":27},"end":{"line":588,"column":64}},"338":{"start":{"line":589,"column":6},"end":{"line":595,"column":null}},"339":{"start":{"line":590,"column":24},"end":{"line":590,"column":40}},"340":{"start":{"line":591,"column":18},"end":{"line":591,"column":74}},"341":{"start":{"line":592,"column":18},"end":{"line":592,"column":34}},"342":{"start":{"line":593,"column":19},"end":{"line":593,"column":52}},"343":{"start":{"line":594,"column":8},"end":{"line":594,"column":null}},"344":{"start":{"line":594,"column":16},"end":{"line":594,"column":null}},"345":{"start":{"line":598,"column":4},"end":{"line":598,"column":null}},"346":{"start":{"line":602,"column":23},"end":{"line":602,"column":88}},"347":{"start":{"line":607,"column":26},"end":{"line":607,"column":60}},"348":{"start":{"line":608,"column":25},"end":{"line":608,"column":52}},"349":{"start":{"line":609,"column":36},"end":{"line":609,"column":65}},"350":{"start":{"line":612,"column":27},"end":{"line":612,"column":63}},"351":{"start":{"line":613,"column":26},"end":{"line":613,"column":51}},"352":{"start":{"line":615,"column":27},"end":{"line":615,"column":66}},"353":{"start":{"line":616,"column":26},"end":{"line":616,"column":51}},"354":{"start":{"line":618,"column":23},"end":{"line":618,"column":71}},"355":{"start":{"line":619,"column":22},"end":{"line":619,"column":43}},"356":{"start":{"line":620,"column":19},"end":{"line":620,"column":85}},"357":{"start":{"line":623,"column":31},"end":{"line":623,"column":83}},"358":{"start":{"line":624,"column":25},"end":{"line":624,"column":97}},"359":{"start":{"line":627,"column":27},"end":{"line":627,"column":47}},"360":{"start":{"line":628,"column":22},"end":{"line":628,"column":84}},"361":{"start":{"line":631,"column":16},"end":{"line":631,"column":43}},"362":{"start":{"line":632,"column":22},"end":{"line":632,"column":50}},"363":{"start":{"line":633,"column":26},"end":{"line":633,"column":46}},"364":{"start":{"line":636,"column":21},"end":{"line":636,"column":59}},"365":{"start":{"line":637,"column":17},"end":{"line":637,"column":51}},"366":{"start":{"line":639,"column":21},"end":{"line":639,"column":49}},"367":{"start":{"line":640,"column":16},"end":{"line":640,"column":71}},"368":{"start":{"line":642,"column":2},"end":{"line":701,"column":null}}},"fnMap":{"0":{"name":"computeSkirtingNeeds","decl":{"start":{"line":8,"column":16},"end":{"line":8,"column":36}},"loc":{"start":{"line":8,"column":44},"end":{"line":92,"column":null}},"line":8},"1":{"name":"cm2ToM2","decl":{"start":{"line":95,"column":9},"end":{"line":95,"column":16}},"loc":{"start":{"line":95,"column":23},"end":{"line":97,"column":null}},"line":95},"2":{"name":"clampPos","decl":{"start":{"line":99,"column":9},"end":{"line":99,"column":17}},"loc":{"start":{"line":99,"column":21},"end":{"line":102,"column":null}},"line":99},"3":{"name":"calculateTileArea","decl":{"start":{"line":104,"column":9},"end":{"line":104,"column":26}},"loc":{"start":{"line":104,"column":42},"end":{"line":116,"column":null}},"line":104},"4":{"name":"rectArea","decl":{"start":{"line":118,"column":9},"end":{"line":118,"column":17}},"loc":{"start":{"line":118,"column":21},"end":{"line":120,"column":null}},"line":118},"5":{"name":"bboxFromPathD","decl":{"start":{"line":122,"column":9},"end":{"line":122,"column":22}},"loc":{"start":{"line":122,"column":26},"end":{"line":145,"column":null}},"line":122},"6":{"name":"(anonymous_6)","decl":{"start":{"line":126,"column":9},"end":{"line":126,"column":10}},"loc":{"start":{"line":126,"column":16},"end":{"line":126,"column":25}},"line":126},"7":{"name":"(anonymous_7)","decl":{"start":{"line":127,"column":12},"end":{"line":127,"column":13}},"loc":{"start":{"line":127,"column":19},"end":{"line":127,"column":37}},"line":127},"8":{"name":"parsePathDToPolygon","decl":{"start":{"line":150,"column":9},"end":{"line":150,"column":28}},"loc":{"start":{"line":150,"column":32},"end":{"line":179,"column":null}},"line":150},"9":{"name":"(anonymous_9)","decl":{"start":{"line":161,"column":11},"end":{"line":161,"column":12}},"loc":{"start":{"line":161,"column":18},"end":{"line":161,"column":27}},"line":161},"10":{"name":"(anonymous_10)","decl":{"start":{"line":162,"column":14},"end":{"line":162,"column":15}},"loc":{"start":{"line":162,"column":21},"end":{"line":162,"column":39}},"line":162},"11":{"name":"analyzeCutTile","decl":{"start":{"line":184,"column":9},"end":{"line":184,"column":23}},"loc":{"start":{"line":184,"column":43},"end":{"line":204,"column":null}},"line":184},"12":{"name":"findComplementaryPairs","decl":{"start":{"line":210,"column":9},"end":{"line":210,"column":31}},"loc":{"start":{"line":210,"column":57},"end":{"line":255,"column":null}},"line":210},"13":{"name":"optimizeTileProcessingOrder","decl":{"start":{"line":261,"column":9},"end":{"line":261,"column":36}},"loc":{"start":{"line":261,"column":61},"end":{"line":281,"column":null}},"line":261},"14":{"name":"makeRect","decl":{"start":{"line":283,"column":9},"end":{"line":283,"column":17}},"loc":{"start":{"line":283,"column":24},"end":{"line":288,"column":null}},"line":283},"15":{"name":"guillotineRemainders","decl":{"start":{"line":295,"column":9},"end":{"line":295,"column":29}},"loc":{"start":{"line":295,"column":76},"end":{"line":318,"column":null}},"line":295},"16":{"name":"fitsWithKerf","decl":{"start":{"line":325,"column":9},"end":{"line":325,"column":21}},"loc":{"start":{"line":325,"column":56},"end":{"line":341,"column":null}},"line":325},"17":{"name":"(anonymous_17)","decl":{"start":{"line":345,"column":2},"end":{"line":345,"column":13}},"loc":{"start":{"line":345,"column":16},"end":{"line":349,"column":null}},"line":345},"18":{"name":"(anonymous_18)","decl":{"start":{"line":350,"column":2},"end":{"line":350,"column":5}},"loc":{"start":{"line":350,"column":8},"end":{"line":353,"column":null}},"line":350},"19":{"name":"(anonymous_19)","decl":{"start":{"line":354,"column":2},"end":{"line":354,"column":5}},"loc":{"start":{"line":354,"column":44},"end":{"line":362,"column":null}},"line":354},"20":{"name":"(anonymous_20)","decl":{"start":{"line":364,"column":2},"end":{"line":364,"column":6}},"loc":{"start":{"line":364,"column":84},"end":{"line":405,"column":null}},"line":364},"21":{"name":"(anonymous_21)","decl":{"start":{"line":407,"column":2},"end":{"line":407,"column":10}},"loc":{"start":{"line":407,"column":53},"end":{"line":426,"column":null}},"line":407},"22":{"name":"(anonymous_22)","decl":{"start":{"line":428,"column":2},"end":{"line":428,"column":10}},"loc":{"start":{"line":428,"column":13},"end":{"line":430,"column":null}},"line":428},"23":{"name":"(anonymous_23)","decl":{"start":{"line":429,"column":26},"end":{"line":429,"column":27}},"loc":{"start":{"line":429,"column":34},"end":{"line":429,"column":76}},"line":429},"24":{"name":"computePlanMetrics","decl":{"start":{"line":433,"column":16},"end":{"line":433,"column":34}},"loc":{"start":{"line":433,"column":42},"end":{"line":702,"column":null}},"line":433}},"branchMap":{"0":{"loc":{"start":{"line":10,"column":2},"end":{"line":19,"column":null}},"type":"if","locations":[{"start":{"line":10,"column":2},"end":{"line":19,"column":null}},{"start":{},"end":{}}],"line":10},"1":{"loc":{"start":{"line":21,"column":19},"end":{"line":21,"column":38}},"type":"binary-expr","locations":[{"start":{"line":21,"column":19},"end":{"line":21,"column":32}},{"start":{"line":21,"column":36},"end":{"line":21,"column":38}}],"line":21},"2":{"loc":{"start":{"line":24,"column":2},"end":{"line":33,"column":null}},"type":"if","locations":[{"start":{"line":24,"column":2},"end":{"line":33,"column":null}},{"start":{},"end":{}}],"line":24},"3":{"loc":{"start":{"line":36,"column":2},"end":{"line":50,"column":null}},"type":"if","locations":[{"start":{"line":36,"column":2},"end":{"line":50,"column":null}},{"start":{},"end":{}}],"line":36},"4":{"loc":{"start":{"line":37,"column":24},"end":{"line":37,"column":59}},"type":"binary-expr","locations":[{"start":{"line":37,"column":24},"end":{"line":37,"column":54}},{"start":{"line":37,"column":58},"end":{"line":37,"column":59}}],"line":37},"5":{"loc":{"start":{"line":39,"column":31},"end":{"line":39,"column":72}},"type":"binary-expr","locations":[{"start":{"line":39,"column":31},"end":{"line":39,"column":67}},{"start":{"line":39,"column":71},"end":{"line":39,"column":72}}],"line":39},"6":{"loc":{"start":{"line":56,"column":13},"end":{"line":56,"column":44}},"type":"binary-expr","locations":[{"start":{"line":56,"column":13},"end":{"line":56,"column":39}},{"start":{"line":56,"column":43},"end":{"line":56,"column":44}}],"line":56},"7":{"loc":{"start":{"line":57,"column":13},"end":{"line":57,"column":45}},"type":"binary-expr","locations":[{"start":{"line":57,"column":13},"end":{"line":57,"column":40}},{"start":{"line":57,"column":44},"end":{"line":57,"column":45}}],"line":57},"8":{"loc":{"start":{"line":58,"column":12},"end":{"line":58,"column":42}},"type":"binary-expr","locations":[{"start":{"line":58,"column":12},"end":{"line":58,"column":37}},{"start":{"line":58,"column":41},"end":{"line":58,"column":42}}],"line":58},"9":{"loc":{"start":{"line":70,"column":2},"end":{"line":72,"column":null}},"type":"if","locations":[{"start":{"line":70,"column":2},"end":{"line":72,"column":null}},{"start":{},"end":{}}],"line":70},"10":{"loc":{"start":{"line":74,"column":16},"end":{"line":74,"column":87}},"type":"cond-expr","locations":[{"start":{"line":74,"column":36},"end":{"line":74,"column":83}},{"start":{"line":74,"column":86},"end":{"line":74,"column":87}}],"line":74},"11":{"loc":{"start":{"line":75,"column":26},"end":{"line":75,"column":97}},"type":"cond-expr","locations":[{"start":{"line":75,"column":46},"end":{"line":75,"column":93}},{"start":{"line":75,"column":96},"end":{"line":75,"column":97}}],"line":75},"12":{"loc":{"start":{"line":78,"column":21},"end":{"line":78,"column":59}},"type":"binary-expr","locations":[{"start":{"line":78,"column":21},"end":{"line":78,"column":54}},{"start":{"line":78,"column":58},"end":{"line":78,"column":59}}],"line":78},"13":{"loc":{"start":{"line":101,"column":9},"end":{"line":101,"column":48}},"type":"cond-expr","locations":[{"start":{"line":101,"column":30},"end":{"line":101,"column":44}},{"start":{"line":101,"column":47},"end":{"line":101,"column":48}}],"line":101},"14":{"loc":{"start":{"line":105,"column":2},"end":{"line":108,"column":null}},"type":"if","locations":[{"start":{"line":105,"column":2},"end":{"line":108,"column":null}},{"start":{},"end":{}}],"line":105},"15":{"loc":{"start":{"line":109,"column":2},"end":{"line":111,"column":null}},"type":"if","locations":[{"start":{"line":109,"column":2},"end":{"line":111,"column":null}},{"start":{},"end":{}}],"line":109},"16":{"loc":{"start":{"line":112,"column":2},"end":{"line":114,"column":null}},"type":"if","locations":[{"start":{"line":112,"column":2},"end":{"line":114,"column":null}},{"start":{},"end":{}}],"line":112},"17":{"loc":{"start":{"line":137,"column":4},"end":{"line":137,"column":null}},"type":"if","locations":[{"start":{"line":137,"column":4},"end":{"line":137,"column":null}},{"start":{},"end":{}}],"line":137},"18":{"loc":{"start":{"line":137,"column":8},"end":{"line":137,"column":50}},"type":"binary-expr","locations":[{"start":{"line":137,"column":8},"end":{"line":137,"column":27}},{"start":{"line":137,"column":31},"end":{"line":137,"column":50}}],"line":137},"19":{"loc":{"start":{"line":143,"column":2},"end":{"line":143,"column":null}},"type":"if","locations":[{"start":{"line":143,"column":2},"end":{"line":143,"column":null}},{"start":{},"end":{}}],"line":143},"20":{"loc":{"start":{"line":155,"column":4},"end":{"line":155,"column":null}},"type":"if","locations":[{"start":{"line":155,"column":4},"end":{"line":155,"column":null}},{"start":{},"end":{}}],"line":155},"21":{"loc":{"start":{"line":164,"column":4},"end":{"line":166,"column":null}},"type":"if","locations":[{"start":{"line":164,"column":4},"end":{"line":166,"column":null}},{"start":{},"end":{}}],"line":164},"22":{"loc":{"start":{"line":164,"column":8},"end":{"line":164,"column":58}},"type":"binary-expr","locations":[{"start":{"line":164,"column":9},"end":{"line":164,"column":21}},{"start":{"line":164,"column":25},"end":{"line":164,"column":37}},{"start":{"line":164,"column":42},"end":{"line":164,"column":58}}],"line":164},"23":{"loc":{"start":{"line":169,"column":2},"end":{"line":169,"column":null}},"type":"if","locations":[{"start":{"line":169,"column":2},"end":{"line":169,"column":null}},{"start":{},"end":{}}],"line":169},"24":{"loc":{"start":{"line":174,"column":2},"end":{"line":176,"column":null}},"type":"if","locations":[{"start":{"line":174,"column":2},"end":{"line":176,"column":null}},{"start":{},"end":{}}],"line":174},"25":{"loc":{"start":{"line":174,"column":6},"end":{"line":174,"column":50}},"type":"binary-expr","locations":[{"start":{"line":174,"column":6},"end":{"line":174,"column":26}},{"start":{"line":174,"column":30},"end":{"line":174,"column":50}}],"line":174},"26":{"loc":{"start":{"line":186,"column":2},"end":{"line":188,"column":null}},"type":"if","locations":[{"start":{"line":186,"column":2},"end":{"line":188,"column":null}},{"start":{},"end":{}}],"line":186},"27":{"loc":{"start":{"line":186,"column":6},"end":{"line":186,"column":36}},"type":"binary-expr","locations":[{"start":{"line":186,"column":6},"end":{"line":186,"column":9}},{"start":{"line":186,"column":13},"end":{"line":186,"column":36}}],"line":186},"28":{"loc":{"start":{"line":186,"column":15},"end":{"line":186,"column":35}},"type":"binary-expr","locations":[{"start":{"line":186,"column":15},"end":{"line":186,"column":23}},{"start":{"line":186,"column":27},"end":{"line":186,"column":35}}],"line":186},"29":{"loc":{"start":{"line":192,"column":21},"end":{"line":192,"column":64}},"type":"cond-expr","locations":[{"start":{"line":192,"column":30},"end":{"line":192,"column":53}},{"start":{"line":192,"column":56},"end":{"line":192,"column":64}}],"line":192},"30":{"loc":{"start":{"line":193,"column":20},"end":{"line":193,"column":60}},"type":"cond-expr","locations":[{"start":{"line":193,"column":35},"end":{"line":193,"column":56}},{"start":{"line":193,"column":59},"end":{"line":193,"column":60}}],"line":193},"31":{"loc":{"start":{"line":194,"column":26},"end":{"line":194,"column":63}},"type":"binary-expr","locations":[{"start":{"line":194,"column":26},"end":{"line":194,"column":43}},{"start":{"line":194,"column":47},"end":{"line":194,"column":63}}],"line":194},"32":{"loc":{"start":{"line":218,"column":4},"end":{"line":220,"column":null}},"type":"if","locations":[{"start":{"line":218,"column":4},"end":{"line":220,"column":null}},{"start":{},"end":{}}],"line":218},"33":{"loc":{"start":{"line":218,"column":8},"end":{"line":218,"column":75}},"type":"binary-expr","locations":[{"start":{"line":218,"column":8},"end":{"line":218,"column":24}},{"start":{"line":218,"column":28},"end":{"line":218,"column":39}},{"start":{"line":218,"column":43},"end":{"line":218,"column":75}}],"line":218},"34":{"loc":{"start":{"line":225,"column":4},"end":{"line":225,"column":null}},"type":"if","locations":[{"start":{"line":225,"column":4},"end":{"line":225,"column":null}},{"start":{},"end":{}}],"line":225},"35":{"loc":{"start":{"line":228,"column":4},"end":{"line":228,"column":null}},"type":"if","locations":[{"start":{"line":228,"column":4},"end":{"line":228,"column":null}},{"start":{},"end":{}}],"line":228},"36":{"loc":{"start":{"line":232,"column":6},"end":{"line":232,"column":null}},"type":"if","locations":[{"start":{"line":232,"column":6},"end":{"line":232,"column":null}},{"start":{},"end":{}}],"line":232},"37":{"loc":{"start":{"line":235,"column":6},"end":{"line":235,"column":null}},"type":"if","locations":[{"start":{"line":235,"column":6},"end":{"line":235,"column":null}},{"start":{},"end":{}}],"line":235},"38":{"loc":{"start":{"line":238,"column":8},"end":{"line":239,"column":50}},"type":"binary-expr","locations":[{"start":{"line":238,"column":8},"end":{"line":238,"column":50}},{"start":{"line":239,"column":8},"end":{"line":239,"column":50}}],"line":238},"39":{"loc":{"start":{"line":241,"column":6},"end":{"line":241,"column":null}},"type":"if","locations":[{"start":{"line":241,"column":6},"end":{"line":241,"column":null}},{"start":{},"end":{}}],"line":241},"40":{"loc":{"start":{"line":244,"column":28},"end":{"line":244,"column":100}},"type":"binary-expr","locations":[{"start":{"line":244,"column":28},"end":{"line":244,"column":62}},{"start":{"line":244,"column":66},"end":{"line":244,"column":100}}],"line":244},"41":{"loc":{"start":{"line":246,"column":6},"end":{"line":250,"column":null}},"type":"if","locations":[{"start":{"line":246,"column":6},"end":{"line":250,"column":null}},{"start":{},"end":{}}],"line":246},"42":{"loc":{"start":{"line":266,"column":4},"end":{"line":266,"column":null}},"type":"if","locations":[{"start":{"line":266,"column":4},"end":{"line":266,"column":null}},{"start":{},"end":{}}],"line":266},"43":{"loc":{"start":{"line":269,"column":4},"end":{"line":277,"column":null}},"type":"if","locations":[{"start":{"line":269,"column":4},"end":{"line":277,"column":null}},{"start":{"line":274,"column":11},"end":{"line":277,"column":null}}],"line":269},"44":{"loc":{"start":{"line":269,"column":8},"end":{"line":269,"column":62}},"type":"binary-expr","locations":[{"start":{"line":269,"column":8},"end":{"line":269,"column":32}},{"start":{"line":269,"column":36},"end":{"line":269,"column":62}}],"line":269},"45":{"loc":{"start":{"line":286,"column":2},"end":{"line":286,"column":null}},"type":"if","locations":[{"start":{"line":286,"column":2},"end":{"line":286,"column":null}},{"start":{},"end":{}}],"line":286},"46":{"loc":{"start":{"line":286,"column":6},"end":{"line":286,"column":22}},"type":"binary-expr","locations":[{"start":{"line":286,"column":6},"end":{"line":286,"column":12}},{"start":{"line":286,"column":16},"end":{"line":286,"column":22}}],"line":286},"47":{"loc":{"start":{"line":302,"column":2},"end":{"line":302,"column":null}},"type":"if","locations":[{"start":{"line":302,"column":2},"end":{"line":302,"column":null}},{"start":{},"end":{}}],"line":302},"48":{"loc":{"start":{"line":302,"column":8},"end":{"line":302,"column":42}},"type":"binary-expr","locations":[{"start":{"line":302,"column":8},"end":{"line":302,"column":13}},{"start":{"line":302,"column":17},"end":{"line":302,"column":22}},{"start":{"line":302,"column":26},"end":{"line":302,"column":32}},{"start":{"line":302,"column":36},"end":{"line":302,"column":42}}],"line":302},"49":{"loc":{"start":{"line":303,"column":2},"end":{"line":303,"column":null}},"type":"if","locations":[{"start":{"line":303,"column":2},"end":{"line":303,"column":null}},{"start":{},"end":{}}],"line":303},"50":{"loc":{"start":{"line":303,"column":6},"end":{"line":303,"column":22}},"type":"binary-expr","locations":[{"start":{"line":303,"column":6},"end":{"line":303,"column":12}},{"start":{"line":303,"column":16},"end":{"line":303,"column":22}}],"line":303},"51":{"loc":{"start":{"line":308,"column":35},"end":{"line":308,"column":51}},"type":"cond-expr","locations":[{"start":{"line":308,"column":46},"end":{"line":308,"column":47}},{"start":{"line":308,"column":50},"end":{"line":308,"column":51}}],"line":308},"52":{"loc":{"start":{"line":310,"column":2},"end":{"line":310,"column":null}},"type":"if","locations":[{"start":{"line":310,"column":2},"end":{"line":310,"column":null}},{"start":{},"end":{}}],"line":310},"53":{"loc":{"start":{"line":313,"column":35},"end":{"line":313,"column":52}},"type":"cond-expr","locations":[{"start":{"line":313,"column":47},"end":{"line":313,"column":48}},{"start":{"line":313,"column":51},"end":{"line":313,"column":52}}],"line":313},"54":{"loc":{"start":{"line":315,"column":2},"end":{"line":315,"column":null}},"type":"if","locations":[{"start":{"line":315,"column":2},"end":{"line":315,"column":null}},{"start":{},"end":{}}],"line":315},"55":{"loc":{"start":{"line":332,"column":2},"end":{"line":332,"column":null}},"type":"if","locations":[{"start":{"line":332,"column":2},"end":{"line":332,"column":null}},{"start":{},"end":{}}],"line":332},"56":{"loc":{"start":{"line":332,"column":8},"end":{"line":332,"column":44}},"type":"binary-expr","locations":[{"start":{"line":332,"column":8},"end":{"line":332,"column":14}},{"start":{"line":332,"column":18},"end":{"line":332,"column":24}},{"start":{"line":332,"column":28},"end":{"line":332,"column":34}},{"start":{"line":332,"column":38},"end":{"line":332,"column":44}}],"line":332},"57":{"loc":{"start":{"line":334,"column":2},"end":{"line":334,"column":null}},"type":"if","locations":[{"start":{"line":334,"column":2},"end":{"line":334,"column":null}},{"start":{},"end":{}}],"line":334},"58":{"loc":{"start":{"line":335,"column":2},"end":{"line":335,"column":null}},"type":"if","locations":[{"start":{"line":335,"column":2},"end":{"line":335,"column":null}},{"start":{},"end":{}}],"line":335},"59":{"loc":{"start":{"line":335,"column":6},"end":{"line":335,"column":28}},"type":"binary-expr","locations":[{"start":{"line":335,"column":6},"end":{"line":335,"column":13}},{"start":{"line":335,"column":17},"end":{"line":335,"column":28}}],"line":335},"60":{"loc":{"start":{"line":337,"column":2},"end":{"line":337,"column":null}},"type":"if","locations":[{"start":{"line":337,"column":2},"end":{"line":337,"column":null}},{"start":{},"end":{}}],"line":337},"61":{"loc":{"start":{"line":338,"column":2},"end":{"line":338,"column":null}},"type":"if","locations":[{"start":{"line":338,"column":2},"end":{"line":338,"column":null}},{"start":{},"end":{}}],"line":338},"62":{"loc":{"start":{"line":338,"column":6},"end":{"line":338,"column":28}},"type":"binary-expr","locations":[{"start":{"line":338,"column":6},"end":{"line":338,"column":13}},{"start":{"line":338,"column":17},"end":{"line":338,"column":28}}],"line":338},"63":{"loc":{"start":{"line":354,"column":9},"end":{"line":354,"column":22}},"type":"default-arg","locations":[{"start":{"line":354,"column":16},"end":{"line":354,"column":22}}],"line":354},"64":{"loc":{"start":{"line":354,"column":24},"end":{"line":354,"column":42}},"type":"default-arg","locations":[{"start":{"line":354,"column":37},"end":{"line":354,"column":42}}],"line":354},"65":{"loc":{"start":{"line":355,"column":4},"end":{"line":355,"column":null}},"type":"if","locations":[{"start":{"line":355,"column":4},"end":{"line":355,"column":null}},{"start":{},"end":{}}],"line":355},"66":{"loc":{"start":{"line":358,"column":4},"end":{"line":358,"column":null}},"type":"if","locations":[{"start":{"line":358,"column":4},"end":{"line":358,"column":null}},{"start":{},"end":{}}],"line":358},"67":{"loc":{"start":{"line":358,"column":8},"end":{"line":358,"column":24}},"type":"binary-expr","locations":[{"start":{"line":358,"column":8},"end":{"line":358,"column":14}},{"start":{"line":358,"column":18},"end":{"line":358,"column":24}}],"line":358},"68":{"loc":{"start":{"line":364,"column":58},"end":{"line":364,"column":80}},"type":"default-arg","locations":[{"start":{"line":364,"column":75},"end":{"line":364,"column":80}}],"line":364},"69":{"loc":{"start":{"line":369,"column":4},"end":{"line":369,"column":null}},"type":"if","locations":[{"start":{"line":369,"column":4},"end":{"line":369,"column":null}},{"start":{},"end":{}}],"line":369},"70":{"loc":{"start":{"line":369,"column":8},"end":{"line":369,"column":24}},"type":"binary-expr","locations":[{"start":{"line":369,"column":8},"end":{"line":369,"column":14}},{"start":{"line":369,"column":18},"end":{"line":369,"column":24}}],"line":369},"71":{"loc":{"start":{"line":377,"column":6},"end":{"line":386,"column":null}},"type":"if","locations":[{"start":{"line":377,"column":6},"end":{"line":386,"column":null}},{"start":{},"end":{}}],"line":377},"72":{"loc":{"start":{"line":379,"column":32},"end":{"line":379,"column":62}},"type":"binary-expr","locations":[{"start":{"line":379,"column":32},"end":{"line":379,"column":46}},{"start":{"line":379,"column":50},"end":{"line":379,"column":62}}],"line":379},"73":{"loc":{"start":{"line":382,"column":8},"end":{"line":385,"column":null}},"type":"if","locations":[{"start":{"line":382,"column":8},"end":{"line":385,"column":null}},{"start":{"line":383,"column":13},"end":{"line":385,"column":null}}],"line":382},"74":{"loc":{"start":{"line":383,"column":13},"end":{"line":385,"column":null}},"type":"if","locations":[{"start":{"line":383,"column":13},"end":{"line":385,"column":null}},{"start":{"line":384,"column":13},"end":{"line":385,"column":null}}],"line":383},"75":{"loc":{"start":{"line":383,"column":17},"end":{"line":383,"column":57}},"type":"binary-expr","locations":[{"start":{"line":383,"column":17},"end":{"line":383,"column":32}},{"start":{"line":383,"column":36},"end":{"line":383,"column":57}}],"line":383},"76":{"loc":{"start":{"line":384,"column":13},"end":{"line":385,"column":null}},"type":"if","locations":[{"start":{"line":384,"column":13},"end":{"line":385,"column":null}},{"start":{"line":385,"column":13},"end":{"line":385,"column":null}}],"line":384},"77":{"loc":{"start":{"line":384,"column":17},"end":{"line":384,"column":70}},"type":"binary-expr","locations":[{"start":{"line":384,"column":17},"end":{"line":384,"column":29}},{"start":{"line":384,"column":33},"end":{"line":384,"column":70}}],"line":384},"78":{"loc":{"start":{"line":385,"column":13},"end":{"line":385,"column":null}},"type":"if","locations":[{"start":{"line":385,"column":13},"end":{"line":385,"column":null}},{"start":{},"end":{}}],"line":385},"79":{"loc":{"start":{"line":389,"column":6},"end":{"line":400,"column":null}},"type":"if","locations":[{"start":{"line":389,"column":6},"end":{"line":400,"column":null}},{"start":{},"end":{}}],"line":389},"80":{"loc":{"start":{"line":390,"column":8},"end":{"line":399,"column":null}},"type":"if","locations":[{"start":{"line":390,"column":8},"end":{"line":399,"column":null}},{"start":{},"end":{}}],"line":390},"81":{"loc":{"start":{"line":392,"column":34},"end":{"line":392,"column":64}},"type":"binary-expr","locations":[{"start":{"line":392,"column":34},"end":{"line":392,"column":48}},{"start":{"line":392,"column":52},"end":{"line":392,"column":64}}],"line":392},"82":{"loc":{"start":{"line":395,"column":10},"end":{"line":398,"column":null}},"type":"if","locations":[{"start":{"line":395,"column":10},"end":{"line":398,"column":null}},{"start":{"line":396,"column":15},"end":{"line":398,"column":null}}],"line":395},"83":{"loc":{"start":{"line":396,"column":15},"end":{"line":398,"column":null}},"type":"if","locations":[{"start":{"line":396,"column":15},"end":{"line":398,"column":null}},{"start":{"line":397,"column":15},"end":{"line":398,"column":null}}],"line":396},"84":{"loc":{"start":{"line":396,"column":19},"end":{"line":396,"column":59}},"type":"binary-expr","locations":[{"start":{"line":396,"column":19},"end":{"line":396,"column":34}},{"start":{"line":396,"column":38},"end":{"line":396,"column":59}}],"line":396},"85":{"loc":{"start":{"line":397,"column":15},"end":{"line":398,"column":null}},"type":"if","locations":[{"start":{"line":397,"column":15},"end":{"line":398,"column":null}},{"start":{"line":398,"column":15},"end":{"line":398,"column":null}}],"line":397},"86":{"loc":{"start":{"line":397,"column":19},"end":{"line":397,"column":72}},"type":"binary-expr","locations":[{"start":{"line":397,"column":19},"end":{"line":397,"column":31}},{"start":{"line":397,"column":35},"end":{"line":397,"column":72}}],"line":397},"87":{"loc":{"start":{"line":398,"column":15},"end":{"line":398,"column":null}},"type":"if","locations":[{"start":{"line":398,"column":15},"end":{"line":398,"column":null}},{"start":{},"end":{}}],"line":398},"88":{"loc":{"start":{"line":403,"column":4},"end":{"line":403,"column":null}},"type":"if","locations":[{"start":{"line":403,"column":4},"end":{"line":403,"column":null}},{"start":{},"end":{}}],"line":403},"89":{"loc":{"start":{"line":410,"column":22},"end":{"line":410,"column":50}},"type":"cond-expr","locations":[{"start":{"line":410,"column":37},"end":{"line":410,"column":42}},{"start":{"line":410,"column":45},"end":{"line":410,"column":50}}],"line":410},"90":{"loc":{"start":{"line":411,"column":22},"end":{"line":411,"column":50}},"type":"cond-expr","locations":[{"start":{"line":411,"column":37},"end":{"line":411,"column":42}},{"start":{"line":411,"column":45},"end":{"line":411,"column":50}}],"line":411},"91":{"loc":{"start":{"line":414,"column":4},"end":{"line":420,"column":null}},"type":"if","locations":[{"start":{"line":414,"column":4},"end":{"line":420,"column":null}},{"start":{},"end":{}}],"line":414},"92":{"loc":{"start":{"line":418,"column":8},"end":{"line":418,"column":null}},"type":"if","locations":[{"start":{"line":418,"column":8},"end":{"line":418,"column":null}},{"start":{},"end":{}}],"line":418},"93":{"loc":{"start":{"line":435,"column":2},"end":{"line":437,"column":null}},"type":"if","locations":[{"start":{"line":435,"column":2},"end":{"line":437,"column":null}},{"start":{},"end":{}}],"line":435},"94":{"loc":{"start":{"line":441,"column":16},"end":{"line":441,"column":55}},"type":"binary-expr","locations":[{"start":{"line":441,"column":16},"end":{"line":441,"column":50}},{"start":{"line":441,"column":54},"end":{"line":441,"column":55}}],"line":441},"95":{"loc":{"start":{"line":443,"column":2},"end":{"line":445,"column":null}},"type":"if","locations":[{"start":{"line":443,"column":2},"end":{"line":445,"column":null}},{"start":{},"end":{}}],"line":443},"96":{"loc":{"start":{"line":443,"column":6},"end":{"line":443,"column":41}},"type":"binary-expr","locations":[{"start":{"line":443,"column":6},"end":{"line":443,"column":15}},{"start":{"line":443,"column":19},"end":{"line":443,"column":28}},{"start":{"line":443,"column":32},"end":{"line":443,"column":41}}],"line":443},"97":{"loc":{"start":{"line":454,"column":2},"end":{"line":454,"column":null}},"type":"if","locations":[{"start":{"line":454,"column":2},"end":{"line":454,"column":null}},{"start":{},"end":{}}],"line":454},"98":{"loc":{"start":{"line":458,"column":2},"end":{"line":458,"column":null}},"type":"if","locations":[{"start":{"line":458,"column":2},"end":{"line":458,"column":null}},{"start":{},"end":{}}],"line":458},"99":{"loc":{"start":{"line":460,"column":20},"end":{"line":460,"column":53}},"type":"binary-expr","locations":[{"start":{"line":460,"column":20},"end":{"line":460,"column":43}},{"start":{"line":460,"column":47},"end":{"line":460,"column":53}}],"line":460},"100":{"loc":{"start":{"line":476,"column":4},"end":{"line":478,"column":null}},"type":"if","locations":[{"start":{"line":476,"column":4},"end":{"line":478,"column":null}},{"start":{},"end":{}}],"line":476},"101":{"loc":{"start":{"line":490,"column":4},"end":{"line":495,"column":null}},"type":"if","locations":[{"start":{"line":490,"column":4},"end":{"line":495,"column":null}},{"start":{},"end":{}}],"line":490},"102":{"loc":{"start":{"line":498,"column":15},"end":{"line":498,"column":52}},"type":"binary-expr","locations":[{"start":{"line":498,"column":15},"end":{"line":498,"column":27}},{"start":{"line":498,"column":31},"end":{"line":498,"column":52}}],"line":498},"103":{"loc":{"start":{"line":499,"column":17},"end":{"line":499,"column":67}},"type":"cond-expr","locations":[{"start":{"line":499,"column":22},"end":{"line":499,"column":60}},{"start":{"line":499,"column":63},"end":{"line":499,"column":67}}],"line":499},"104":{"loc":{"start":{"line":502,"column":23},"end":{"line":502,"column":48}},"type":"binary-expr","locations":[{"start":{"line":502,"column":23},"end":{"line":502,"column":43}},{"start":{"line":502,"column":47},"end":{"line":502,"column":48}}],"line":502},"105":{"loc":{"start":{"line":505,"column":4},"end":{"line":508,"column":null}},"type":"if","locations":[{"start":{"line":505,"column":4},"end":{"line":508,"column":null}},{"start":{},"end":{}}],"line":505},"106":{"loc":{"start":{"line":505,"column":8},"end":{"line":505,"column":68}},"type":"binary-expr","locations":[{"start":{"line":505,"column":8},"end":{"line":505,"column":11}},{"start":{"line":505,"column":15},"end":{"line":505,"column":38}},{"start":{"line":505,"column":42},"end":{"line":505,"column":68}}],"line":505},"107":{"loc":{"start":{"line":512,"column":4},"end":{"line":512,"column":null}},"type":"if","locations":[{"start":{"line":512,"column":4},"end":{"line":512,"column":null}},{"start":{},"end":{}}],"line":512},"108":{"loc":{"start":{"line":512,"column":8},"end":{"line":512,"column":34}},"type":"binary-expr","locations":[{"start":{"line":512,"column":8},"end":{"line":512,"column":10}},{"start":{"line":512,"column":14},"end":{"line":512,"column":22}},{"start":{"line":512,"column":26},"end":{"line":512,"column":34}}],"line":512},"109":{"loc":{"start":{"line":514,"column":20},"end":{"line":514,"column":68}},"type":"binary-expr","locations":[{"start":{"line":514,"column":20},"end":{"line":514,"column":37}},{"start":{"line":514,"column":41},"end":{"line":514,"column":68}}],"line":514},"110":{"loc":{"start":{"line":515,"column":21},"end":{"line":515,"column":54}},"type":"binary-expr","locations":[{"start":{"line":515,"column":21},"end":{"line":515,"column":39}},{"start":{"line":515,"column":43},"end":{"line":515,"column":54}}],"line":515},"111":{"loc":{"start":{"line":516,"column":22},"end":{"line":516,"column":87}},"type":"binary-expr","locations":[{"start":{"line":516,"column":22},"end":{"line":516,"column":41}},{"start":{"line":516,"column":46},"end":{"line":516,"column":86}}],"line":516},"112":{"loc":{"start":{"line":516,"column":46},"end":{"line":516,"column":86}},"type":"cond-expr","locations":[{"start":{"line":516,"column":61},"end":{"line":516,"column":82}},{"start":{"line":516,"column":85},"end":{"line":516,"column":86}}],"line":516},"113":{"loc":{"start":{"line":517,"column":28},"end":{"line":517,"column":96}},"type":"binary-expr","locations":[{"start":{"line":517,"column":28},"end":{"line":517,"column":53}},{"start":{"line":517,"column":58},"end":{"line":517,"column":75}},{"start":{"line":517,"column":79},"end":{"line":517,"column":95}}],"line":517},"114":{"loc":{"start":{"line":520,"column":33},"end":{"line":520,"column":96}},"type":"binary-expr","locations":[{"start":{"line":520,"column":33},"end":{"line":520,"column":57}},{"start":{"line":520,"column":61},"end":{"line":520,"column":96}}],"line":520},"115":{"loc":{"start":{"line":525,"column":4},"end":{"line":529,"column":null}},"type":"if","locations":[{"start":{"line":525,"column":4},"end":{"line":529,"column":null}},{"start":{},"end":{}}],"line":525},"116":{"loc":{"start":{"line":525,"column":8},"end":{"line":525,"column":44}},"type":"binary-expr","locations":[{"start":{"line":525,"column":8},"end":{"line":525,"column":24}},{"start":{"line":525,"column":28},"end":{"line":525,"column":44}}],"line":525},"117":{"loc":{"start":{"line":531,"column":4},"end":{"line":548,"column":null}},"type":"if","locations":[{"start":{"line":531,"column":4},"end":{"line":548,"column":null}},{"start":{},"end":{}}],"line":531},"118":{"loc":{"start":{"line":533,"column":6},"end":{"line":547,"column":null}},"type":"if","locations":[{"start":{"line":533,"column":6},"end":{"line":547,"column":null}},{"start":{},"end":{}}],"line":533},"119":{"loc":{"start":{"line":533,"column":10},"end":{"line":533,"column":94}},"type":"binary-expr","locations":[{"start":{"line":533,"column":10},"end":{"line":533,"column":27}},{"start":{"line":533,"column":31},"end":{"line":533,"column":55}},{"start":{"line":533,"column":59},"end":{"line":533,"column":94}}],"line":533},"120":{"loc":{"start":{"line":535,"column":8},"end":{"line":546,"column":null}},"type":"if","locations":[{"start":{"line":535,"column":8},"end":{"line":546,"column":null}},{"start":{},"end":{}}],"line":535},"121":{"loc":{"start":{"line":535,"column":12},"end":{"line":535,"column":64}},"type":"binary-expr","locations":[{"start":{"line":535,"column":12},"end":{"line":535,"column":18}},{"start":{"line":535,"column":22},"end":{"line":535,"column":31}},{"start":{"line":535,"column":35},"end":{"line":535,"column":64}}],"line":535},"122":{"loc":{"start":{"line":553,"column":14},"end":{"line":553,"column":39}},"type":"cond-expr","locations":[{"start":{"line":553,"column":29},"end":{"line":553,"column":35}},{"start":{"line":553,"column":38},"end":{"line":553,"column":39}}],"line":553},"123":{"loc":{"start":{"line":557,"column":4},"end":{"line":568,"column":null}},"type":"if","locations":[{"start":{"line":557,"column":4},"end":{"line":568,"column":null}},{"start":{},"end":{}}],"line":557},"124":{"loc":{"start":{"line":565,"column":24},"end":{"line":565,"column":54}},"type":"binary-expr","locations":[{"start":{"line":565,"column":24},"end":{"line":565,"column":48}},{"start":{"line":565,"column":52},"end":{"line":565,"column":54}}],"line":565},"125":{"loc":{"start":{"line":572,"column":4},"end":{"line":596,"column":null}},"type":"if","locations":[{"start":{"line":572,"column":4},"end":{"line":596,"column":null}},{"start":{"line":576,"column":11},"end":{"line":596,"column":null}}],"line":572},"126":{"loc":{"start":{"line":572,"column":8},"end":{"line":572,"column":57}},"type":"binary-expr","locations":[{"start":{"line":572,"column":8},"end":{"line":572,"column":32}},{"start":{"line":572,"column":36},"end":{"line":572,"column":57}}],"line":572},"127":{"loc":{"start":{"line":576,"column":11},"end":{"line":596,"column":null}},"type":"if","locations":[{"start":{"line":576,"column":11},"end":{"line":596,"column":null}},{"start":{"line":581,"column":11},"end":{"line":596,"column":null}}],"line":576},"128":{"loc":{"start":{"line":580,"column":6},"end":{"line":580,"column":null}},"type":"if","locations":[{"start":{"line":580,"column":6},"end":{"line":580,"column":null}},{"start":{},"end":{}}],"line":580},"129":{"loc":{"start":{"line":581,"column":11},"end":{"line":596,"column":null}},"type":"if","locations":[{"start":{"line":581,"column":11},"end":{"line":596,"column":null}},{"start":{"line":587,"column":11},"end":{"line":596,"column":null}}],"line":581},"130":{"loc":{"start":{"line":585,"column":8},"end":{"line":585,"column":null}},"type":"if","locations":[{"start":{"line":585,"column":8},"end":{"line":585,"column":null}},{"start":{},"end":{}}],"line":585},"131":{"loc":{"start":{"line":589,"column":6},"end":{"line":595,"column":null}},"type":"if","locations":[{"start":{"line":589,"column":6},"end":{"line":595,"column":null}},{"start":{},"end":{}}],"line":589},"132":{"loc":{"start":{"line":594,"column":8},"end":{"line":594,"column":null}},"type":"if","locations":[{"start":{"line":594,"column":8},"end":{"line":594,"column":null}},{"start":{},"end":{}}],"line":594},"133":{"loc":{"start":{"line":602,"column":46},"end":{"line":602,"column":86}},"type":"binary-expr","locations":[{"start":{"line":602,"column":46},"end":{"line":602,"column":81}},{"start":{"line":602,"column":85},"end":{"line":602,"column":86}}],"line":602},"134":{"loc":{"start":{"line":620,"column":19},"end":{"line":620,"column":85}},"type":"cond-expr","locations":[{"start":{"line":620,"column":42},"end":{"line":620,"column":81}},{"start":{"line":620,"column":84},"end":{"line":620,"column":85}}],"line":620},"135":{"loc":{"start":{"line":623,"column":31},"end":{"line":623,"column":83}},"type":"cond-expr","locations":[{"start":{"line":623,"column":49},"end":{"line":623,"column":79}},{"start":{"line":623,"column":82},"end":{"line":623,"column":83}}],"line":623},"136":{"loc":{"start":{"line":628,"column":22},"end":{"line":628,"column":84}},"type":"cond-expr","locations":[{"start":{"line":628,"column":45},"end":{"line":628,"column":80}},{"start":{"line":628,"column":83},"end":{"line":628,"column":84}}],"line":628},"137":{"loc":{"start":{"line":636,"column":21},"end":{"line":636,"column":59}},"type":"binary-expr","locations":[{"start":{"line":636,"column":21},"end":{"line":636,"column":54}},{"start":{"line":636,"column":58},"end":{"line":636,"column":59}}],"line":636},"138":{"loc":{"start":{"line":637,"column":17},"end":{"line":637,"column":51}},"type":"binary-expr","locations":[{"start":{"line":637,"column":17},"end":{"line":637,"column":46}},{"start":{"line":637,"column":50},"end":{"line":637,"column":51}}],"line":637},"139":{"loc":{"start":{"line":640,"column":16},"end":{"line":640,"column":71}},"type":"cond-expr","locations":[{"start":{"line":640,"column":29},"end":{"line":640,"column":64}},{"start":{"line":640,"column":67},"end":{"line":640,"column":71}}],"line":640}},"s":{"0":3,"1":3,"2":0,"3":3,"4":3,"5":3,"6":0,"7":3,"8":1,"9":1,"10":1,"11":1,"12":2,"13":3,"14":3,"15":3,"16":3,"17":1,"18":2,"19":3,"20":3,"21":3,"22":3,"23":3,"24":3,"25":100,"26":4431,"27":4431,"28":20,"29":0,"30":0,"31":20,"32":0,"33":20,"34":0,"35":20,"36":65,"37":143,"38":2258,"39":2258,"40":143,"41":143,"42":143,"43":143,"44":143,"45":143,"46":705,"47":705,"48":705,"49":0,"50":705,"51":705,"52":705,"53":705,"54":143,"55":0,"56":143,"57":143,"58":143,"59":143,"60":848,"61":0,"62":848,"63":848,"64":1553,"65":1553,"66":848,"67":705,"68":143,"69":0,"70":143,"71":143,"72":143,"73":0,"74":143,"75":143,"76":143,"77":0,"78":143,"79":143,"80":143,"81":143,"82":143,"83":143,"84":20,"85":20,"86":20,"87":20,"88":20,"89":20,"90":20,"91":413,"92":133,"93":20,"94":20,"95":133,"96":133,"97":26,"98":107,"99":107,"100":0,"101":107,"102":107,"103":553,"104":553,"105":14,"106":539,"107":539,"108":0,"109":539,"110":553,"111":365,"112":174,"113":174,"114":553,"115":26,"116":26,"117":26,"118":20,"119":20,"120":20,"121":20,"122":20,"123":413,"124":26,"125":387,"126":387,"127":26,"128":26,"129":26,"130":26,"131":361,"132":361,"133":20,"134":28,"135":28,"136":28,"137":4,"138":24,"139":14,"140":14,"141":14,"142":14,"143":14,"144":14,"145":0,"146":14,"147":0,"148":14,"149":14,"150":14,"151":14,"152":14,"153":12,"154":14,"155":14,"156":14,"157":14,"158":12,"159":14,"160":757,"161":757,"162":757,"163":757,"164":757,"165":757,"166":0,"167":757,"168":684,"169":73,"170":6,"171":67,"172":2,"173":65,"174":0,"175":65,"176":20,"177":20,"178":85,"179":85,"180":85,"181":0,"182":85,"183":85,"184":85,"185":0,"186":85,"187":85,"188":85,"189":110,"190":110,"191":110,"192":110,"193":0,"194":110,"195":110,"196":110,"197":387,"198":387,"199":30,"200":30,"201":30,"202":30,"203":13,"204":17,"205":0,"206":17,"207":4,"208":13,"209":1,"210":386,"211":370,"212":35,"213":35,"214":35,"215":35,"216":11,"217":24,"218":0,"219":24,"220":1,"221":23,"222":1,"223":108,"224":108,"225":22,"226":24,"227":24,"228":24,"229":24,"230":24,"231":12,"232":12,"233":20,"234":20,"235":20,"236":24,"237":20,"238":61,"239":22,"240":22,"241":0,"242":22,"243":22,"244":22,"245":22,"246":2,"247":20,"248":22,"249":22,"250":22,"251":22,"252":0,"253":20,"254":20,"255":0,"256":20,"257":22,"258":22,"259":22,"260":22,"261":22,"262":22,"263":22,"264":22,"265":22,"266":22,"267":22,"268":413,"269":413,"270":143,"271":20,"272":20,"273":20,"274":20,"275":20,"276":413,"277":413,"278":413,"279":270,"280":270,"281":270,"282":270,"283":143,"284":143,"285":413,"286":413,"287":413,"288":413,"289":413,"290":10,"291":10,"292":133,"293":133,"294":133,"295":133,"296":413,"297":413,"298":413,"299":413,"300":413,"301":413,"302":413,"303":413,"304":0,"305":0,"306":0,"307":133,"308":26,"309":26,"310":23,"311":23,"312":23,"313":23,"314":23,"315":110,"316":413,"317":24,"318":24,"319":24,"320":86,"321":86,"322":23,"323":23,"324":23,"325":63,"326":12,"327":12,"328":12,"329":12,"330":12,"331":51,"332":2,"333":2,"334":4,"335":4,"336":4,"337":49,"338":49,"339":49,"340":49,"341":49,"342":49,"343":49,"344":49,"345":86,"346":20,"347":22,"348":22,"349":22,"350":22,"351":22,"352":22,"353":22,"354":22,"355":22,"356":22,"357":22,"358":22,"359":22,"360":22,"361":22,"362":22,"363":22,"364":22,"365":22,"366":22,"367":22,"368":22},"f":{"0":3,"1":100,"2":4431,"3":20,"4":65,"5":143,"6":2258,"7":2258,"8":143,"9":1553,"10":1553,"11":143,"12":20,"13":20,"14":28,"15":14,"16":757,"17":20,"18":85,"19":85,"20":110,"21":24,"22":20,"23":61,"24":22},"b":{"0":[0,3],"1":[3,0],"2":[0,3],"3":[1,2],"4":[1,0],"5":[1,0],"6":[2,0],"7":[3,0],"8":[3,0],"9":[1,2],"10":[1,1],"11":[1,1],"12":[3,0],"13":[4422,9],"14":[0,20],"15":[0,20],"16":[0,20],"17":[0,705],"18":[705,705],"19":[0,143],"20":[0,848],"21":[705,143],"22":[848,705,705],"23":[0,143],"24":[0,143],"25":[143,143],"26":[0,143],"27":[143,143],"28":[143,143],"29":[143,0],"30":[143,0],"31":[143,143],"32":[133,280],"33":[413,143,143],"34":[26,107],"35":[0,107],"36":[14,539],"37":[0,539],"38":[539,208],"39":[365,188],"40":[174,94],"41":[26,527],"42":[26,387],"43":[26,361],"44":[387,26],"45":[4,24],"46":[28,26],"47":[0,14],"48":[14,14,14,14],"49":[0,14],"50":[14,14],"51":[12,2],"52":[12,2],"53":[12,2],"54":[12,2],"55":[0,757],"56":[757,757,757,757],"57":[684,73],"58":[6,67],"59":[73,71],"60":[2,65],"61":[0,65],"62":[65,61],"63":[85],"64":[85],"65":[0,85],"66":[0,85],"67":[85,85],"68":[110],"69":[0,110],"70":[110,110],"71":[30,357],"72":[30,0],"73":[13,17],"74":[0,17],"75":[17,0],"76":[4,13],"77":[17,16],"78":[1,12],"79":[370,16],"80":[35,335],"81":[35,0],"82":[11,24],"83":[0,24],"84":[24,0],"85":[1,23],"86":[24,23],"87":[1,22],"88":[86,22],"89":[12,12],"90":[12,12],"91":[12,12],"92":[20,0],"93":[0,22],"94":[22,10],"95":[2,20],"96":[22,21,21],"97":[0,22],"98":[0,20],"99":[20,20],"100":[143,270],"101":[270,143],"102":[143,0],"103":[143,0],"104":[413,0],"105":[10,403],"106":[413,143,143],"107":[133,0],"108":[133,133,133],"109":[133,0],"110":[413,0],"111":[413,0],"112":[0,0],"113":[413,81,81],"114":[413,52],"115":[0,413],"116":[413,52],"117":[26,107],"118":[23,3],"119":[26,23,23],"120":[23,0],"121":[23,23,23],"122":[42,68],"123":[24,389],"124":[24,0],"125":[23,63],"126":[86,26],"127":[12,51],"128":[12,0],"129":[2,49],"130":[4,0],"131":[49,0],"132":[49,0],"133":[20,17],"134":[20,0],"135":[20,0],"136":[20,0],"137":[22,15],"138":[22,15],"139":[5,15]},"meta":{"lastBranch":140,"lastFunction":25,"lastStatement":369,"seen":{"f:8:16:8:36":0,"s:9:14:9:36":0,"b:10:2:19:Infinity:undefined:undefined:undefined:undefined":0,"s:10:2:19:Infinity":1,"s:11:4:18:Infinity":2,"s:21:19:21:38":3,"b:21:19:21:32:21:36:21:38":1,"s:22:23:22:54":4,"b:24:2:33:Infinity:undefined:undefined:undefined:undefined":2,"s:24:2:33:Infinity":5,"s:25:4:32:Infinity":6,"b:36:2:50:Infinity:undefined:undefined:undefined:undefined":3,"s:36:2:50:Infinity":7,"s:37:24:37:59":8,"b:37:24:37:54:37:58:37:59":4,"s:38:18:38:56":9,"s:39:22:39:73":10,"b:39:31:39:67:39:71:39:72":5,"s:41:4:49:Infinity":11,"s:56:13:56:44":12,"b:56:13:56:39:56:43:56:44":6,"s:57:13:57:45":13,"b:57:13:57:40:57:44:57:45":7,"s:58:12:58:42":14,"b:58:12:58:37:58:41:58:42":8,"s:69:22:69:23":15,"b:70:2:72:Infinity:undefined:undefined:undefined:undefined":9,"s:70:2:72:Infinity":16,"s:71:4:71:Infinity":17,"s:74:16:74:87":18,"b:74:36:74:83:74:86:74:87":10,"s:75:26:75:97":19,"b:75:46:75:93:75:96:75:97":11,"s:78:21:78:59":20,"b:78:21:78:54:78:58:78:59":12,"s:79:21:79:38":21,"s:80:23:80:46":22,"s:81:20:81:50":23,"s:83:2:91:Infinity":24,"f:95:9:95:16":1,"s:96:2:96:Infinity":25,"f:99:9:99:17":2,"s:100:12:100:21":26,"s:101:2:101:Infinity":27,"b:101:30:101:44:101:47:101:48":13,"f:104:9:104:26":3,"b:105:2:108:Infinity:undefined:undefined:undefined:undefined":14,"s:105:2:108:Infinity":28,"s:106:19:106:36":29,"s:107:4:107:Infinity":30,"b:109:2:111:Infinity:undefined:undefined:undefined:undefined":15,"s:109:2:111:Infinity":31,"s:110:4:110:Infinity":32,"b:112:2:114:Infinity:undefined:undefined:undefined:undefined":16,"s:112:2:114:Infinity":33,"s:113:4:113:Infinity":34,"s:115:2:115:Infinity":35,"f:118:9:118:17":4,"s:119:2:119:Infinity":36,"f:122:9:122:22":5,"s:123:15:127:38":37,"f:126:9:126:10":6,"s:126:16:126:25":38,"f:127:12:127:13":7,"s:127:19:127:37":39,"s:129:13:129:21":40,"s:130:11:130:19":41,"s:131:11:131:20":42,"s:132:11:132:20":43,"s:134:2:142:Infinity":44,"s:134:15:134:16":45,"s:135:14:135:21":46,"s:136:14:136:25":47,"b:137:4:137:Infinity:undefined:undefined:undefined:undefined":17,"s:137:4:137:Infinity":48,"b:137:8:137:27:137:31:137:50":18,"s:137:52:137:Infinity":49,"s:138:4:138:Infinity":50,"s:139:4:139:Infinity":51,"s:140:4:140:Infinity":52,"s:141:4:141:Infinity":53,"b:143:2:143:Infinity:undefined:undefined:undefined:undefined":19,"s:143:2:143:Infinity":54,"s:143:30:143:Infinity":55,"s:144:2:144:Infinity":56,"f:150:9:150:28":8,"s:151:19:151:46":57,"s:152:17:152:19":58,"s:154:2:167:Infinity":59,"b:155:4:155:Infinity:undefined:undefined:undefined:undefined":20,"s:155:4:155:Infinity":60,"s:155:21:155:Infinity":61,"s:156:17:156:23":62,"s:157:17:162:40":63,"f:161:11:161:12":9,"s:161:18:161:27":64,"f:162:14:162:15":10,"s:162:21:162:39":65,"b:164:4:166:Infinity:undefined:undefined:undefined:undefined":21,"s:164:4:166:Infinity":66,"b:164:9:164:21:164:25:164:37:164:42:164:58":22,"s:165:6:165:Infinity":67,"b:169:2:169:Infinity:undefined:undefined:undefined:undefined":23,"s:169:2:169:Infinity":68,"s:169:25:169:Infinity":69,"s:172:16:172:25":70,"s:173:15:173:40":71,"b:174:2:176:Infinity:undefined:undefined:undefined:undefined":24,"s:174:2:176:Infinity":72,"b:174:6:174:26:174:30:174:50":25,"s:175:4:175:Infinity":73,"s:178:2:178:Infinity":74,"f:184:9:184:23":11,"s:185:13:185:34":75,"b:186:2:188:Infinity:undefined:undefined:undefined:undefined":26,"s:186:2:188:Infinity":76,"b:186:6:186:9:186:13:186:36":27,"b:186:15:186:23:186:27:186:35":28,"s:187:4:187:Infinity":77,"s:190:18:190:45":78,"s:191:19:191:30":79,"s:192:21:192:64":80,"b:192:30:192:53:192:56:192:64":29,"s:193:20:193:60":81,"b:193:35:193:56:193:59:193:60":30,"s:194:26:194:63":82,"b:194:26:194:43:194:47:194:63":31,"s:196:2:203:Infinity":83,"f:210:9:210:31":12,"s:211:16:211:25":84,"s:212:22:212:29":85,"s:213:23:213:26":86,"s:214:18:214:37":87,"s:216:26:216:28":88,"s:217:2:221:Infinity":89,"s:217:15:217:16":90,"b:218:4:220:Infinity:undefined:undefined:undefined:undefined":32,"s:218:4:220:Infinity":91,"b:218:8:218:24:218:28:218:39:218:43:218:75":33,"s:219:6:219:Infinity":92,"s:223:2:252:Infinity":93,"s:223:15:223:16":94,"s:224:17:224:35":95,"b:225:4:225:Infinity:undefined:undefined:undefined:undefined":34,"s:225:4:225:Infinity":96,"s:225:25:225:Infinity":97,"s:227:15:227:29":98,"b:228:4:228:Infinity:undefined:undefined:undefined:undefined":35,"s:228:4:228:Infinity":99,"s:228:13:228:Infinity":100,"s:230:4:251:Infinity":101,"s:230:17:230:22":102,"s:231:19:231:37":103,"b:232:6:232:Infinity:undefined:undefined:undefined:undefined":36,"s:232:6:232:Infinity":104,"s:232:27:232:Infinity":105,"s:234:17:234:31":106,"b:235:6:235:Infinity:undefined:undefined:undefined:undefined":37,"s:235:6:235:Infinity":107,"s:235:15:235:Infinity":108,"s:238:8:239:50":109,"b:238:8:238:50:239:8:239:50":38,"b:241:6:241:Infinity:undefined:undefined:undefined:undefined":39,"s:241:6:241:Infinity":110,"s:241:21:241:Infinity":111,"s:243:27:243:56":112,"s:244:28:244:100":113,"b:244:28:244:62:244:66:244:100":40,"b:246:6:250:Infinity:undefined:undefined:undefined:undefined":41,"s:246:6:250:Infinity":114,"s:247:8:247:Infinity":115,"s:248:8:248:Infinity":116,"s:249:8:249:Infinity":117,"s:254:2:254:Infinity":118,"f:261:9:261:36":13,"s:262:18:262:20":119,"s:263:20:263:29":120,"s:265:2:278:Infinity":121,"s:265:15:265:16":122,"b:266:4:266:Infinity:undefined:undefined:undefined:undefined":42,"s:266:4:266:Infinity":123,"s:266:26:266:Infinity":124,"s:268:23:268:35":125,"b:269:4:277:Infinity:274:11:277:Infinity":43,"s:269:4:277:Infinity":126,"b:269:8:269:32:269:36:269:62":44,"s:270:6:270:Infinity":127,"s:271:6:271:Infinity":128,"s:272:6:272:Infinity":129,"s:273:6:273:Infinity":130,"s:275:6:275:Infinity":131,"s:276:6:276:Infinity":132,"s:280:2:280:Infinity":133,"f:283:9:283:17":14,"s:284:2:284:Infinity":134,"s:285:2:285:Infinity":135,"b:286:2:286:Infinity:undefined:undefined:undefined:undefined":45,"s:286:2:286:Infinity":136,"b:286:6:286:12:286:16:286:22":46,"s:286:24:286:Infinity":137,"s:287:2:287:Infinity":138,"f:295:9:295:29":15,"s:296:12:296:32":139,"s:297:12:297:32":140,"s:298:13:298:28":141,"s:299:13:299:28":142,"s:300:12:300:28":143,"b:302:2:302:Infinity:undefined:undefined:undefined:undefined":47,"s:302:2:302:Infinity":144,"b:302:8:302:13:302:17:302:22:302:26:302:32:302:36:302:42":48,"s:302:45:302:Infinity":145,"b:303:2:303:Infinity:undefined:undefined:undefined:undefined":49,"s:303:2:303:Infinity":146,"b:303:6:303:12:303:16:303:22":50,"s:303:24:303:Infinity":147,"s:305:14:305:16":148,"s:307:19:307:25":149,"s:308:13:308:53":150,"b:308:46:308:47:308:50:308:51":51,"s:309:13:309:28":151,"b:310:2:310:Infinity:undefined:undefined:undefined:undefined":52,"s:310:2:310:Infinity":152,"s:310:10:310:Infinity":153,"s:312:20:312:26":154,"s:313:13:313:54":155,"b:313:47:313:48:313:51:313:52":53,"s:314:13:314:29":156,"b:315:2:315:Infinity:undefined:undefined:undefined:undefined":54,"s:315:2:315:Infinity":157,"s:315:10:315:Infinity":158,"s:317:2:317:Infinity":159,"f:325:9:325:21":16,"s:326:13:326:27":160,"s:327:13:327:27":161,"s:328:13:328:28":162,"s:329:13:329:28":163,"s:330:12:330:28":164,"b:332:2:332:Infinity:undefined:undefined:undefined:undefined":55,"s:332:2:332:Infinity":165,"b:332:8:332:14:332:18:332:24:332:28:332:34:332:38:332:44":56,"s:332:47:332:Infinity":166,"b:334:2:334:Infinity:undefined:undefined:undefined:undefined":57,"s:334:2:334:Infinity":167,"s:334:15:334:Infinity":168,"b:335:2:335:Infinity:undefined:undefined:undefined:undefined":58,"s:335:2:335:Infinity":169,"b:335:6:335:13:335:17:335:28":59,"s:335:30:335:Infinity":170,"b:337:2:337:Infinity:undefined:undefined:undefined:undefined":60,"s:337:2:337:Infinity":171,"s:337:15:337:Infinity":172,"b:338:2:338:Infinity:undefined:undefined:undefined:undefined":61,"s:338:2:338:Infinity":173,"b:338:6:338:13:338:17:338:28":62,"s:338:30:338:Infinity":174,"s:340:2:340:Infinity":175,"f:345:2:345:13":17,"s:347:4:347:Infinity":176,"s:348:4:348:Infinity":177,"f:350:2:350:5":18,"s:351:4:351:Infinity":178,"s:352:4:352:Infinity":179,"f:354:2:354:5":19,"b:354:16:354:22":63,"b:354:37:354:42":64,"b:355:4:355:Infinity:undefined:undefined:undefined:undefined":65,"s:355:4:355:Infinity":180,"s:355:12:355:Infinity":181,"s:356:14:356:27":182,"s:357:14:357:27":183,"b:358:4:358:Infinity:undefined:undefined:undefined:undefined":66,"s:358:4:358:Infinity":184,"b:358:8:358:14:358:18:358:24":67,"s:358:26:358:Infinity":185,"s:359:18:359:60":186,"s:360:4:360:Infinity":187,"s:361:4:361:Infinity":188,"f:364:2:364:6":20,"b:364:75:364:80":68,"s:365:14:365:29":189,"s:366:14:366:29":190,"s:367:14:367:30":191,"b:369:4:369:Infinity:undefined:undefined:undefined:undefined":69,"s:369:4:369:Infinity":192,"b:369:8:369:14:369:18:369:24":70,"s:369:26:369:Infinity":193,"s:371:15:371:19":194,"s:373:4:401:Infinity":195,"s:373:17:373:18":196,"s:374:16:374:29":197,"b:377:6:386:Infinity:undefined:undefined:undefined:undefined":71,"s:377:6:386:Infinity":198,"s:378:25:378:44":199,"s:379:32:379:62":200,"b:379:32:379:46:379:50:379:62":72,"s:380:21:380:120":201,"b:382:8:385:Infinity:383:13:385:Infinity":73,"s:382:8:385:Infinity":202,"s:382:19:382:Infinity":203,"b:383:13:385:Infinity:384:13:385:Infinity":74,"s:383:13:385:Infinity":204,"b:383:17:383:32:383:36:383:57":75,"s:383:59:383:71":205,"b:384:13:385:Infinity:385:13:385:Infinity":76,"s:384:13:385:Infinity":206,"b:384:17:384:29:384:33:384:70":77,"s:384:72:384:Infinity":207,"b:385:13:385:Infinity:undefined:undefined:undefined:undefined":78,"s:385:13:385:Infinity":208,"s:385:32:385:Infinity":209,"b:389:6:400:Infinity:undefined:undefined:undefined:undefined":79,"s:389:6:400:Infinity":210,"b:390:8:399:Infinity:undefined:undefined:undefined:undefined":80,"s:390:8:399:Infinity":211,"s:391:27:391:46":212,"s:392:34:392:64":213,"b:392:34:392:48:392:52:392:64":81,"s:393:23:393:121":214,"b:395:10:398:Infinity:396:15:398:Infinity
[...]
":82,"column":16},"end":{"line":82,"column":49}},"31":{"start":{"line":83,"column":16},"end":{"line":83,"column":28}},"32":{"start":{"line":84,"column":16},"end":{"line":84,"column":29}},"33":{"start":{"line":86,"column":16},"end":{"line":86,"column":42}},"34":{"start":{"line":87,"column":16},"end":{"line":87,"column":43}},"35":{"start":{"line":88,"column":16},"end":{"line":88,"column":43}},"36":{"start":{"line":89,"column":2},"end":{"line":93,"column":null}},"37":{"start":{"line":90,"column":4},"end":{"line":93,"column":null}},"38":{"start":{"line":94,"column":2},"end":{"line":98,"column":null}},"39":{"start":{"line":95,"column":4},"end":{"line":98,"column":null}},"40":{"start":{"line":99,"column":2},"end":{"line":103,"column":null}},"41":{"start":{"line":100,"column":4},"end":{"line":103,"column":null}},"42":{"start":{"line":105,"column":22},"end":{"line":105,"column":48}},"43":{"start":{"line":106,"column":2},"end":{"line":140,"column":null}},"44":{"start":{"line":107,"column":4},"end":{"line":139,"column":null}},"45":{"start":{"line":108,"column":16},"end":{"line":108,"column":38}},"46":{"start":{"line":109,"column":16},"end":{"line":109,"column":38}},"47":{"start":{"line":110,"column":20},"end":{"line":110,"column":25}},"48":{"start":{"line":111,"column":22},"end":{"line":111,"column":39}},"49":{"start":{"line":112,"column":23},"end":{"line":112,"column":27}},"50":{"start":{"line":114,"column":6},"end":{"line":138,"column":null}},"51":{"start":{"line":115,"column":28},"end":{"line":115,"column":39}},"52":{"start":{"line":116,"column":30},"end":{"line":116,"column":53}},"53":{"start":{"line":117,"column":8},"end":{"line":123,"column":null}},"54":{"start":{"line":118,"column":28},"end":{"line":118,"column":51}},"55":{"start":{"line":119,"column":10},"end":{"line":122,"column":null}},"56":{"start":{"line":124,"column":13},"end":{"line":138,"column":null}},"57":{"start":{"line":125,"column":8},"end":{"line":131,"column":null}},"58":{"start":{"line":126,"column":28},"end":{"line":126,"column":51}},"59":{"start":{"line":127,"column":10},"end":{"line":130,"column":null}},"60":{"start":{"line":132,"column":13},"end":{"line":138,"column":null}},"61":{"start":{"line":133,"column":26},"end":{"line":133,"column":49}},"62":{"start":{"line":134,"column":8},"end":{"line":137,"column":null}},"63":{"start":{"line":142,"column":14},"end":{"line":142,"column":47}},"64":{"start":{"line":143,"column":2},"end":{"line":148,"column":null}},"65":{"start":{"line":144,"column":4},"end":{"line":147,"column":null}},"66":{"start":{"line":151,"column":19},"end":{"line":151,"column":40}},"67":{"start":{"line":152,"column":2},"end":{"line":167,"column":null}},"68":{"start":{"line":153,"column":4},"end":{"line":158,"column":null}},"69":{"start":{"line":154,"column":6},"end":{"line":157,"column":null}},"70":{"start":{"line":159,"column":4},"end":{"line":166,"column":null}},"71":{"start":{"line":160,"column":6},"end":{"line":165,"column":null}},"72":{"start":{"line":161,"column":8},"end":{"line":164,"column":null}},"73":{"start":{"line":169,"column":2},"end":{"line":187,"column":null}},"74":{"start":{"line":170,"column":4},"end":{"line":186,"column":null}},"75":{"start":{"line":171,"column":6},"end":{"line":171,"column":null}},"76":{"start":{"line":171,"column":32},"end":{"line":171,"column":null}},"77":{"start":{"line":172,"column":18},"end":{"line":172,"column":37}},"78":{"start":{"line":173,"column":6},"end":{"line":185,"column":null}},"79":{"start":{"line":174,"column":8},"end":{"line":184,"column":null}},"80":{"start":{"line":180,"column":10},"end":{"line":183,"column":null}},"81":{"start":{"line":189,"column":2},"end":{"line":189,"column":null}}},"fnMap":{"0":{"name":"exclusionBounds","decl":{"start":{"line":15,"column":9},"end":{"line":15,"column":24}},"loc":{"start":{"line":15,"column":29},"end":{"line":37,"column":null}},"line":15},"1":{"name":"validateState","decl":{"start":{"line":44,"column":16},"end":{"line":44,"column":29}},"loc":{"start":{"line":44,"column":33},"end":{"line":190,"column":null}},"line":44},"2":{"name":"(anonymous_2)","decl":{"start":{"line":47,"column":12},"end":{"line":47,"column":13}},"loc":{"start":{"line":47,"column":19},"end":{"line":47,"column":62}},"line":47}},"branchMap":{"0":{"loc":{"start":{"line":16,"column":2},"end":{"line":16,"column":null}},"type":"if","locations":[{"start":{"line":16,"column":2},"end":{"line":16,"column":null}},{"start":{},"end":{}}],"line":16},"1":{"loc":{"start":{"line":17,"column":2},"end":{"line":18,"column":null}},"type":"if","locations":[{"start":{"line":17,"column":2},"end":{"line":18,"column":null}},{"start":{},"end":{}}],"line":17},"2":{"loc":{"start":{"line":19,"column":2},"end":{"line":25,"column":null}},"type":"if","locations":[{"start":{"line":19,"column":2},"end":{"line":25,"column":null}},{"start":{},"end":{}}],"line":19},"3":{"loc":{"start":{"line":26,"column":2},"end":{"line":35,"column":null}},"type":"if","locations":[{"start":{"line":26,"column":2},"end":{"line":35,"column":null}},{"start":{},"end":{}}],"line":26},"4":{"loc":{"start":{"line":47,"column":19},"end":{"line":47,"column":62}},"type":"binary-expr","locations":[{"start":{"line":47,"column":19},"end":{"line":47,"column":40}},{"start":{"line":47,"column":44},"end":{"line":47,"column":62}}],"line":47},"5":{"loc":{"start":{"line":51,"column":2},"end":{"line":79,"column":null}},"type":"if","locations":[{"start":{"line":51,"column":2},"end":{"line":79,"column":null}},{"start":{"line":56,"column":9},"end":{"line":79,"column":null}}],"line":51},"6":{"loc":{"start":{"line":58,"column":4},"end":{"line":78,"column":null}},"type":"if","locations":[{"start":{"line":58,"column":4},"end":{"line":78,"column":null}},{"start":{"line":62,"column":11},"end":{"line":78,"column":null}}],"line":58},"7":{"loc":{"start":{"line":66,"column":6},"end":{"line":71,"column":null}},"type":"if","locations":[{"start":{"line":66,"column":6},"end":{"line":71,"column":null}},{"start":{},"end":{}}],"line":66},"8":{"loc":{"start":{"line":66,"column":10},"end":{"line":66,"column":33}},"type":"binary-expr","locations":[{"start":{"line":66,"column":10},"end":{"line":66,"column":19}},{"start":{"line":66,"column":23},"end":{"line":66,"column":33}}],"line":66},"9":{"loc":{"start":{"line":72,"column":6},"end":{"line":77,"column":null}},"type":"if","locations":[{"start":{"line":72,"column":6},"end":{"line":77,"column":null}},{"start":{},"end":{}}],"line":72},"10":{"loc":{"start":{"line":72,"column":10},"end":{"line":72,"column":33}},"type":"binary-expr","locations":[{"start":{"line":72,"column":10},"end":{"line":72,"column":19}},{"start":{"line":72,"column":23},"end":{"line":72,"column":33}}],"line":72},"11":{"loc":{"start":{"line":89,"column":2},"end":{"line":93,"column":null}},"type":"if","locations":[{"start":{"line":89,"column":2},"end":{"line":93,"column":null}},{"start":{},"end":{}}],"line":89},"12":{"loc":{"start":{"line":89,"column":6},"end":{"line":89,"column":29}},"type":"binary-expr","locations":[{"start":{"line":89,"column":6},"end":{"line":89,"column":15}},{"start":{"line":89,"column":19},"end":{"line":89,"column":29}}],"line":89},"13":{"loc":{"start":{"line":94,"column":2},"end":{"line":98,"column":null}},"type":"if","locations":[{"start":{"line":94,"column":2},"end":{"line":98,"column":null}},{"start":{},"end":{}}],"line":94},"14":{"loc":{"start":{"line":94,"column":6},"end":{"line":94,"column":29}},"type":"binary-expr","locations":[{"start":{"line":94,"column":6},"end":{"line":94,"column":15}},{"start":{"line":94,"column":19},"end":{"line":94,"column":29}}],"line":94},"15":{"loc":{"start":{"line":99,"column":2},"end":{"line":103,"column":null}},"type":"if","locations":[{"start":{"line":99,"column":2},"end":{"line":103,"column":null}},{"start":{},"end":{}}],"line":99},"16":{"loc":{"start":{"line":99,"column":6},"end":{"line":99,"column":28}},"type":"binary-expr","locations":[{"start":{"line":99,"column":6},"end":{"line":99,"column":15}},{"start":{"line":99,"column":19},"end":{"line":99,"column":28}}],"line":99},"17":{"loc":{"start":{"line":106,"column":2},"end":{"line":140,"column":null}},"type":"if","locations":[{"start":{"line":106,"column":2},"end":{"line":140,"column":null}},{"start":{},"end":{}}],"line":106},"18":{"loc":{"start":{"line":106,"column":6},"end":{"line":106,"column":107}},"type":"binary-expr","locations":[{"start":{"line":106,"column":6},"end":{"line":106,"column":35}},{"start":{"line":106,"column":39},"end":{"line":106,"column":74}},{"start":{"line":106,"column":78},"end":{"line":106,"column":107}}],"line":106},"19":{"loc":{"start":{"line":107,"column":4},"end":{"line":139,"column":null}},"type":"if","locations":[{"start":{"line":107,"column":4},"end":{"line":139,"column":null}},{"start":{},"end":{}}],"line":107},"20":{"loc":{"start":{"line":107,"column":8},"end":{"line":107,"column":54}},"type":"binary-expr","locations":[{"start":{"line":107,"column":8},"end":{"line":107,"column":16}},{"start":{"line":107,"column":20},"end":{"line":107,"column":28}},{"start":{"line":107,"column":32},"end":{"line":107,"column":41}},{"start":{"line":107,"column":45},"end":{"line":107,"column":54}}],"line":107},"21":{"loc":{"start":{"line":114,"column":6},"end":{"line":138,"column":null}},"type":"if","locations":[{"start":{"line":114,"column":6},"end":{"line":138,"column":null}},{"start":{"line":124,"column":13},"end":{"line":138,"column":null}}],"line":114},"22":{"loc":{"start":{"line":117,"column":8},"end":{"line":123,"column":null}},"type":"if","locations":[{"start":{"line":117,"column":8},"end":{"line":123,"column":null}},{"start":{},"end":{}}],"line":117},"23":{"loc":{"start":{"line":124,"column":13},"end":{"line":138,"column":null}},"type":"if","locations":[{"start":{"line":124,"column":13},"end":{"line":138,"column":null}},{"start":{"line":132,"column":13},"end":{"line":138,"column":null}}],"line":124},"24":{"loc":{"start":{"line":125,"column":8},"end":{"line":131,"column":null}},"type":"if","locations":[{"start":{"line":125,"column":8},"end":{"line":131,"column":null}},{"start":{},"end":{}}],"line":125},"25":{"loc":{"start":{"line":132,"column":13},"end":{"line":138,"column":null}},"type":"if","locations":[{"start":{"line":132,"column":13},"end":{"line":138,"column":null}},{"start":{},"end":{}}],"line":132},"26":{"loc":{"start":{"line":143,"column":2},"end":{"line":148,"column":null}},"type":"if","locations":[{"start":{"line":143,"column":2},"end":{"line":148,"column":null}},{"start":{},"end":{}}],"line":143},"27":{"loc":{"start":{"line":143,"column":6},"end":{"line":143,"column":57}},"type":"binary-expr","locations":[{"start":{"line":143,"column":6},"end":{"line":143,"column":12}},{"start":{"line":143,"column":17},"end":{"line":143,"column":31}},{"start":{"line":143,"column":35},"end":{"line":143,"column":42}},{"start":{"line":143,"column":46},"end":{"line":143,"column":56}}],"line":143},"28":{"loc":{"start":{"line":152,"column":2},"end":{"line":167,"column":null}},"type":"if","locations":[{"start":{"line":152,"column":2},"end":{"line":167,"column":null}},{"start":{},"end":{}}],"line":152},"29":{"loc":{"start":{"line":153,"column":4},"end":{"line":158,"column":null}},"type":"if","locations":[{"start":{"line":153,"column":4},"end":{"line":158,"column":null}},{"start":{},"end":{}}],"line":153},"30":{"loc":{"start":{"line":153,"column":8},"end":{"line":153,"column":55}},"type":"binary-expr","locations":[{"start":{"line":153,"column":8},"end":{"line":153,"column":29}},{"start":{"line":153,"column":33},"end":{"line":153,"column":55}}],"line":153},"31":{"loc":{"start":{"line":159,"column":4},"end":{"line":166,"column":null}},"type":"if","locations":[{"start":{"line":159,"column":4},"end":{"line":166,"column":null}},{"start":{},"end":{}}],"line":159},"32":{"loc":{"start":{"line":160,"column":6},"end":{"line":165,"column":null}},"type":"if","locations":[{"start":{"line":160,"column":6},"end":{"line":165,"column":null}},{"start":{},"end":{}}],"line":160},"33":{"loc":{"start":{"line":160,"column":10},"end":{"line":160,"column":67}},"type":"binary-expr","locations":[{"start":{"line":160,"column":10},"end":{"line":160,"column":36}},{"start":{"line":160,"column":40},"end":{"line":160,"column":67}}],"line":160},"34":{"loc":{"start":{"line":169,"column":2},"end":{"line":187,"column":null}},"type":"if","locations":[{"start":{"line":169,"column":2},"end":{"line":187,"column":null}},{"start":{},"end":{}}],"line":169},"35":{"loc":{"start":{"line":169,"column":6},"end":{"line":169,"column":58}},"type":"binary-expr","locations":[{"start":{"line":169,"column":6},"end":{"line":169,"column":17}},{"start":{"line":169,"column":21},"end":{"line":169,"column":58}}],"line":169},"36":{"loc":{"start":{"line":171,"column":6},"end":{"line":171,"column":null}},"type":"if","locations":[{"start":{"line":171,"column":6},"end":{"line":171,"column":null}},{"start":{},"end":{}}],"line":171},"37":{"loc":{"start":{"line":171,"column":10},"end":{"line":171,"column":30}},"type":"binary-expr","locations":[{"start":{"line":171,"column":10},"end":{"line":171,"column":17}},{"start":{"line":171,"column":21},"end":{"line":171,"column":30}}],"line":171},"38":{"loc":{"start":{"line":173,"column":6},"end":{"line":185,"column":null}},"type":"if","locations":[{"start":{"line":173,"column":6},"end":{"line":185,"column":null}},{"start":{},"end":{}}],"line":173},"39":{"loc":{"start":{"line":173,"column":10},"end":{"line":173,"column":37}},"type":"binary-expr","locations":[{"start":{"line":173,"column":10},"end":{"line":173,"column":13}},{"start":{"line":173,"column":17},"end":{"line":173,"column":25}},{"start":{"line":173,"column":29},"end":{"line":173,"column":37}}],"line":173},"40":{"loc":{"start":{"line":174,"column":8},"end":{"line":184,"column":null}},"type":"if","locations":[{"start":{"line":174,"column":8},"end":{"line":184,"column":null}},{"start":{},"end":{}}],"line":174},"41":{"loc":{"start":{"line":175,"column":10},"end":{"line":178,"column":null}},"type":"binary-expr","locations":[{"start":{"line":175,"column":10},"end":{"line":175,"column":22}},{"start":{"line":176,"column":10},"end":{"line":176,"column":22}},{"start":{"line":177,"column":10},"end":{"line":177,"column":26}},{"start":{"line":178,"column":10},"end":{"line":178,"column":null}}],"line":175},"42":{"loc":{"start":{"line":182,"column":21},"end":{"line":182,"column":40}},"type":"binary-expr","locations":[{"start":{"line":182,"column":21},"end":{"line":182,"column":29}},{"start":{"line":182,"column":33},"end":{"line":182,"column":40}}],"line":182}},"s":{"0":4,"1":0,"2":4,"3":2,"4":2,"5":2,"6":1,"7":1,"8":1,"9":1,"10":0,"11":33,"12":33,"13":33,"14":173,"15":33,"16":33,"17":1,"18":32,"19":32,"20":25,"21":25,"22":25,"23":7,"24":7,"25":7,"26":6,"27":7,"28":3,"29":33,"30":33,"31":33,"32":33,"33":33,"34":33,"35":33,"36":33,"37":3,"38":33,"39":3,"40":33,"41":3,"42":33,"43":33,"44":8,"45":8,"46":8,"47":8,"48":8,"49":8,"50":8,"51":2,"52":2,"53":2,"54":1,"55":1,"56":6,"57":2,"58":1,"59":1,"60":4,"61":3,"62":3,"63":33,"64":33,"65":1,"66":33,"67":33,"68":2,"69":1,"70":2,"71":1,"72":1,"73":33,"74":30,"75":4,"76":0,"77":4,"78":4,"79":4,"80":3,"81":33},"f":{"0":4,"1":33,"2":173},"b":{"0":[0,4],"1":[2,2],"2":[1,1],"3":[1,0],"4":[173,166],"5":[1,32],"6":[25,7],"7":[6,1],"8":[7,4],"9":[3,4],"10":[7,6],"11":[3,30],"12":[33,32],"13":[3,30],"14":[33,32],"15":[3,30],"16":[33,32],"17":[8,25],"18":[33,29,27],"19":[8,0],"20":[8,8,8,8],"21":[2,6],"22":[1,1],"23":[2,4],"24":[1,1],"25":[3,1],"26":[1,32],"27":[33,32,31,31],"28":[2,31],"29":[1,1],"30":[2,2],"31":[1,1],"32":[1,0],"33":[1,1],"34":[30,3],"35":[33,32],"36":[0,4],"37":[4,4],"38":[4,0],"39":[4,4,4],"40":[3,1],"41":[4,4,4,1],"42":[3,0]},"meta":{"lastBranch":43,"lastFunction":3,"lastStatement":82,"seen":{"f:15:9:15:24":0,"b:16:2:16:Infinity:undefined:undefined:undefined:undefined":0,"s:16:2:16:Infinity":0,"s:16:11:16:Infinity":1,"b:17:2:18:Infinity:undefined:undefined:undefined:undefined":1,"s:17:2:18:Infinity":2,"s:18:4:18:Infinity":3,"b:19:2:25:Infinity:undefined:undefined:undefined:undefined":2,"s:19:2:25:Infinity":4,"s:20:4:25:Infinity":5,"b:26:2:35:Infinity:undefined:undefined:undefined:undefined":3,"s:26:2:35:Infinity":6,"s:27:15:27:42":7,"s:28:15:28:42":8,"s:29:4:34:Infinity":9,"s:36:2:36:Infinity":10,"f:44:16:44:29":1,"s:45:17:45:19":11,"s:46:16:46:18":12,"s:47:12:47:62":13,"f:47:12:47:13":2,"s:47:19:47:62":14,"b:47:19:47:40:47:44:47:62":4,"s:49:21:49:39":15,"b:51:2:79:Infinity:56:9:79:Infinity":5,"s:51:2:79:Infinity":16,"s:52:4:55:Infinity":17,"s:57:20:57:49":18,"b:58:4:78:Infinity:62:11:78:Infinity":6,"s:58:4:78:Infinity":19,"s:59:32:59:67":20,"s:60:6:60:Infinity":21,"s:61:6:61:Infinity":22,"s:63:20:63:40":23,"s:64:20:64:41":24,"b:66:6:71:Infinity:undefined:undefined:undefined:undefined":7,"s:66:6:71:Infinity":25,"b:66:10:66:19:66:23:66:33":8,"s:67:8:70:Infinity":26,"b:72:6:77:Infinity:undefined:undefined:undefined:undefined":9,"s:72:6:77:Infinity":27,"b:72:10:72:19:72:23:72:33":10,"s:73:8:76:Infinity":28,"s:81:18:81:47":29,"s:82:16:82:49":30,"s:83:16:83:28":31,"s:84:16:84:29":32,"s:86:16:86:42":33,"s:87:16:87:43":34,"s:88:16:88:43":35,"b:89:2:93:Infinity:undefined:undefined:undefined:undefined":11,"s:89:2:93:Infinity":36,"b:89:6:89:15:89:19:89:29":12,"s:90:4:93:Infinity":37,"b:94:2:98:Infinity:undefined:undefined:undefined:undefined":13,"s:94:2:98:Infinity":38,"b:94:6:94:15:94:19:94:29":14,"s:95:4:98:Infinity":39,"b:99:2:103:Infinity:undefined:undefined:undefined:undefined":15,"s:99:2:103:Infinity":40,"b:99:6:99:15:99:19:99:28":16,"s:100:4:103:Infinity":41,"s:105:22:105:48":42,"b:106:2:140:Infinity:undefined:undefined:undefined:undefined":17,"s:106:2:140:Infinity":43,"b:106:6:106:35:106:39:106:74:106:78:106:107":18,"b:107:4:139:Infinity:undefined:undefined:undefined:undefined":19,"s:107:4:139:Infinity":44,"b:107:8:107:16:107:20:107:28:107:32:107:41:107:45:107:54":20,"s:108:16:108:38":45,"s:109:16:109:38":46,"s:110:20:110:25":47,"s:111:22:111:39":48,"s:112:23:112:27":49,"b:114:6:138:Infinity:124:13:138:Infinity":21,"s:114:6:138:Infinity":50,"s:115:28:115:39":51,"s:116:30:116:53":52,"b:117:8:123:Infinity:undefined:undefined:undefined:undefined":22,"s:117:8:123:Infinity":53,"s:118:28:118:51":54,"s:119:10:122:Infinity":55,"b:124:13:138:Infinity:132:13:138:Infinity":23,"s:124:13:138:Infinity":56,"b:125:8:131:Infinity:undefined:undefined:undefined:undefined":24,"s:125:8:131:Infinity":57,"s:126:28:126:51":58,"s:127:10:130:Infinity":59,"b:132:13:138:Infinity:undefined:undefined:undefined:undefined":25,"s:132:13:138:Infinity":60,"s:133:26:133:49":61,"s:134:8:137:Infinity":62,"s:142:14:142:47":63,"b:143:2:148:Infinity:undefined:undefined:undefined:undefined":26,"s:143:2:148:Infinity":64,"b:143:6:143:12:143:17:143:31:143:35:143:42:143:46:143:56":27,"s:144:4:147:Infinity":65,"s:151:19:151:40":66,"b:152:2:167:Infinity:undefined:undefined:undefined:undefined":28,"s:152:2:167:Infinity":67,"b:153:4:158:Infinity:undefined:undefined:undefined:undefined":29,"s:153:4:158:Infinity":68,"b:153:8:153:29:153:33:153:55":30,"s:154:6:157:Infinity":69,"b:159:4:166:Infinity:undefined:undefined:undefined:undefined":31,"s:159:4:166:Infinity":70,"b:160:6:165:Infinity:undefined:undefined:undefined:undefined":32,"s:160:6:165:Infinity":71,"b:160:10:160:36:160:40:160:67":33,"s:161:8:164:Infinity":72,"b:169:2:187:Infinity:undefined:undefined:undefined:undefined":34,"s:169:2:187:Infinity":73,"b:169:6:169:17:169:21:169:58":35,"s:170:4:186:Infinity":74,"b:171:6:171:Infinity:undefined:undefined:undefined:undefined":36,"s:171:6:171:Infinity":75,"b:171:10:171:17:171:21:171:30":37,"s:171:32:171:Infinity":76,"s:172:18:172:37":77,"b:173:6:185:Infinity:undefined:undefined:undefined:undefined":38,"s:173:6:185:Infinity":78,"b:173:10:173:13:173:17:173:25:173:29:173:37":39,"b:174:8:184:Infinity:undefined:undefined:undefined:undefined":40,"s:174:8:184:Infinity":79,"b:175:10:175:22:176:10:176:22:177:10:177:26:178:10:178:Infinity":41,"s:180:10:183:Infinity":80,"b:182:21:182:29:182:33:182:40":42,"s:189:2:189:Infinity":81}}}
}
